Test (3A): initial election ...
2024/08/06 14:33:34 [term 1]: Raft[0] start election
2024/08/06 14:33:34 [term 0]: Raft[1] state[0] receive requestVote from Raft[0]
2024/08/06 14:33:34 [term 0]: Raft[2] state[0] receive requestVote from Raft[0]
2024/08/06 14:33:34 [term 1]: Raft[0] receive vote from Raft[1]
2024/08/06 14:33:34 [term 1]: Raft[0] become leader
2024/08/06 14:33:34 [term 1]: Raft[0] send Hearbeats to all peers
2024/08/06 14:33:34 [term 1]: Raft[0] [state 2] receive AppendEntries from Raft[0]
2024/08/06 14:33:34 [term 1]: Raft[1] [state 0] receive AppendEntries from Raft[0]
2024/08/06 14:33:34 [term 1]: Raft[2] [state 0] receive AppendEntries from Raft[0]
2024/08/06 14:33:34 [term 2]: Raft[2] start election
2024/08/06 14:33:34 [term 1]: Raft[1] state[0] receive requestVote from Raft[2]
2024/08/06 14:33:34 [term 1]: Raft[0] state[2] receive requestVote from Raft[2]
2024/08/06 14:33:34 [term 2]: Raft[2] receive vote from Raft[1]
2024/08/06 14:33:34 [term 2]: Raft[2] become leader
2024/08/06 14:33:34 [term 2]: Raft[2] send Hearbeats to all peers
2024/08/06 14:33:34 [term 2]: Raft[0] [state 0] receive AppendEntries from Raft[2]
2024/08/06 14:33:34 [term 2]: Raft[2] [state 2] receive AppendEntries from Raft[2]
2024/08/06 14:33:34 [term 2]: Raft[1] [state 0] receive AppendEntries from Raft[2]
2024/08/06 14:33:34 [term 3]: Raft[1] start election
--- FAIL: TestInitialElection3A (0.51s)
    config.go:467: servers disagree on term
Test (3A): election after network failure ...
2024/08/06 14:33:34 [term 1]: Raft[0] start election
2024/08/06 14:33:34 [term 0]: Raft[2] state[0] receive requestVote from Raft[0]
2024/08/06 14:33:34 [term 0]: Raft[1] state[0] receive requestVote from Raft[0]
2024/08/06 14:33:34 [term 1]: Raft[0] receive vote from Raft[2]
2024/08/06 14:33:34 [term 1]: Raft[0] become leader
2024/08/06 14:33:34 [term 1]: Raft[0] send Hearbeats to all peers
2024/08/06 14:33:34 [term 2]: Raft[1] start election
2024/08/06 14:33:34 [term 1]: Raft[2] state[0] receive requestVote from Raft[1]
2024/08/06 14:33:34 [term 2]: Raft[1] receive vote from Raft[2]
2024/08/06 14:33:34 [term 2]: Raft[1] become leader
2024/08/06 14:33:34 [term 2]: Raft[1] send Hearbeats to all peers
2024/08/06 14:33:34 [term 1]: Raft[0] state[2] receive requestVote from Raft[1]
2024/08/06 14:33:34 [term 2]: Raft[0] [state 0] receive AppendEntries from Raft[0]
2024/08/06 14:33:34 [term 2]: Raft[2] [state 0] receive AppendEntries from Raft[0]
2024/08/06 14:33:34 [term 3]: Raft[1] start election
2024/08/06 14:33:34 [term 2]: Raft[1] [state 2] receive AppendEntries from Raft[0]
2024/08/06 14:33:34 [term 2]: Raft[0] [state 0] receive AppendEntries from Raft[1]
2024/08/06 14:33:34 [term 2]: Raft[1] [state 2] receive AppendEntries from Raft[1]
2024/08/06 14:33:34 [term 2]: Raft[2] [state 0] receive AppendEntries from Raft[1]
2024/08/06 14:33:34 [term 3]: Raft[2] start election
2024/08/06 14:33:34 [term 2]: Raft[0] state[0] receive requestVote from Raft[2]
2024/08/06 14:33:34 [term 2]: Raft[1] state[2] receive requestVote from Raft[2]
2024/08/06 14:33:34 [term 3]: Raft[2] receive vote from Raft[0]
2024/08/06 14:33:34 [term 3]: Raft[2] become leader
2024/08/06 14:33:34 [term 3]: Raft[2] send Hearbeats to all peers
2024/08/06 14:33:34 [term 3]: Raft[1] [state 0] receive AppendEntries from Raft[2]
2024/08/06 14:33:34 [term 3]: Raft[2] [state 2] receive AppendEntries from Raft[2]
2024/08/06 14:33:34 [term 3]: Raft[0] [state 0] receive AppendEntries from Raft[2]
2024/08/06 14:33:35 [term 3]: Raft[1] start election
2024/08/06 14:33:35 [term 4]: Raft[2] start election
2024/08/06 14:33:35 [term 4]: Raft[0] start election
2024/08/06 14:33:35 [term 3]: Raft[1] state[0] receive requestVote from Raft[0]
2024/08/06 14:33:35 [term 4]: Raft[0] receive vote from Raft[1]
2024/08/06 14:33:35 [term 4]: Raft[0] become leader
2024/08/06 14:33:35 [term 4]: Raft[0] send Hearbeats to all peers
2024/08/06 14:33:35 [term 4]: Raft[0] [state 2] receive AppendEntries from Raft[0]
2024/08/06 14:33:35 [term 4]: Raft[1] [state 0] receive AppendEntries from Raft[0]
2024/08/06 14:33:35 [term 5]: Raft[1] start election
2024/08/06 14:33:35 [term 4]: Raft[0] state[2] receive requestVote from Raft[1]
2024/08/06 14:33:35 [term 5]: Raft[1] receive vote from Raft[0]
2024/08/06 14:33:35 [term 5]: Raft[1] become leader
2024/08/06 14:33:35 [term 5]: Raft[1] send Hearbeats to all peers
2024/08/06 14:33:35 [term 3]: Raft[1] start election
2024/08/06 14:33:35 [term 5]: Raft[0] [state 0] receive AppendEntries from Raft[1]
2024/08/06 14:33:35 [term 5]: Raft[1] [state 2] receive AppendEntries from Raft[1]
2024/08/06 14:33:35 [term 4]: Raft[2] start election
2024/08/06 14:33:35 [term 5]: Raft[0] state[0] receive requestVote from Raft[2]
2024/08/06 14:33:35 [term 5]: Raft[1] state[2] receive requestVote from Raft[2]
2024/08/06 14:33:35 [term 5]: Raft[1] send Hearbeats to all peers
2024/08/06 14:33:35 [term 5]: Raft[0] [state 0] receive AppendEntries from Raft[1]
2024/08/06 14:33:35 [term 5]: Raft[1] [state 2] receive AppendEntries from Raft[1]
2024/08/06 14:33:35 [term 5]: Raft[2] [state 0] receive AppendEntries from Raft[1]
2024/08/06 14:33:35 [term 6]: Raft[0] start election
2024/08/06 14:33:35 [term 5]: Raft[2] state[0] receive requestVote from Raft[0]
2024/08/06 14:33:35 [term 5]: Raft[1] state[2] receive requestVote from Raft[0]
2024/08/06 14:33:35 [term 6]: Raft[0] receive vote from Raft[1]
2024/08/06 14:33:35 [term 6]: Raft[0] become leader
2024/08/06 14:33:35 [term 6]: Raft[0] send Hearbeats to all peers
2024/08/06 14:33:35 [term 3]: Raft[1] start election
2024/08/06 14:33:35 [term 6]: Raft[0] [state 2] receive AppendEntries from Raft[0]
2024/08/06 14:33:35 [term 6]: Raft[1] [state 0] receive AppendEntries from Raft[0]
2024/08/06 14:33:35 [term 6]: Raft[2] [state 0] receive AppendEntries from Raft[0]
2024/08/06 14:33:35 [term 7]: Raft[2] start election
2024/08/06 14:33:35 [term 6]: Raft[0] state[2] receive requestVote from Raft[2]
2024/08/06 14:33:35 [term 6]: Raft[1] state[0] receive requestVote from Raft[2]
2024/08/06 14:33:35 [term 7]: Raft[2] receive vote from Raft[0]
2024/08/06 14:33:35 [term 7]: Raft[2] become leader
2024/08/06 14:33:35 [term 7]: Raft[2] send Hearbeats to all peers
2024/08/06 14:33:36 [term 3]: Raft[1] start election
2024/08/06 14:33:36 [term 8]: Raft[1] start election
2024/08/06 14:33:36 [term 7]: Raft[2] send Hearbeats to all peers
2024/08/06 14:33:36 [term 3]: Raft[1] start election
2024/08/06 14:33:36 [term 8]: Raft[0] start election
2024/08/06 14:33:36 [term 8]: Raft[1] start election
2024/08/06 14:33:36 [term 8]: Raft[2] start election
2024/08/06 14:33:36 [term 3]: Raft[1] start election
2024/08/06 14:33:36 [term 8]: Raft[0] start election
2024/08/06 14:33:36 [term 8]: Raft[1] start election
2024/08/06 14:33:36 [term 8]: Raft[2] start election
2024/08/06 14:33:36 [term 9]: Raft[1] start election
2024/08/06 14:33:36 [term 3]: Raft[1] start election
2024/08/06 14:33:37 [term 9]: Raft[0] start election
2024/08/06 14:33:37 [term 9]: Raft[0] start election
2024/08/06 14:33:37 [term 9]: Raft[1] start election
2024/08/06 14:33:37 [term 8]: Raft[2] start election
2024/08/06 14:33:37 [term 9]: Raft[1] start election
2024/08/06 14:33:37 [term 9]: Raft[2] start election
2024/08/06 14:33:37 [term 3]: Raft[1] start election
2024/08/06 14:33:37 [term 9]: Raft[0] start election
2024/08/06 14:33:37 [term 9]: Raft[0] start election
2024/08/06 14:33:37 [term 10]: Raft[1] start election
2024/08/06 14:33:37 [term 10]: Raft[1] start election
2024/08/06 14:33:37 [term 9]: Raft[2] start election
2024/08/06 14:33:37 [term 10]: Raft[1] start election
2024/08/06 14:33:37 [term 9]: Raft[2] start election
2024/08/06 14:33:37 [term 3]: Raft[1] start election
2024/08/06 14:33:37 [term 10]: Raft[0] start election
2024/08/06 14:33:37 [term 10]: Raft[0] start election
2024/08/06 14:33:37 [term 10]: Raft[0] start election
2024/08/06 14:33:37 [term 10]: Raft[2] start election
2024/08/06 14:33:37 [term 10]: Raft[1] start election
2024/08/06 14:33:37 [term 10]: Raft[1] start election
2024/08/06 14:33:37 [term 10]: Raft[2] start election
2024/08/06 14:33:37 [term 10]: Raft[1] start election
2024/08/06 14:33:37 [term 10]: Raft[2] start election
2024/08/06 14:33:37 [term 3]: Raft[1] start election
2024/08/06 14:33:37 [term 11]: Raft[1] start election
2024/08/06 14:33:37 [term 10]: Raft[0] start election
2024/08/06 14:33:37 [term 10]: Raft[0] start election
2024/08/06 14:33:37 [term 10]: Raft[0] start election
2024/08/06 14:33:37 [term 10]: Raft[2] start election
2024/08/06 14:33:37 [term 11]: Raft[1] start election
2024/08/06 14:33:38 [term 11]: Raft[1] start election
2024/08/06 14:33:38 [term 10]: Raft[0] state[1] receive requestVote from Raft[1]
2024/08/06 14:33:38 [term 11]: Raft[1] receive vote from Raft[0]
2024/08/06 14:33:38 [term 11]: Raft[1] become leader
2024/08/06 14:33:38 [term 11]: Raft[1] send Hearbeats to all peers
2024/08/06 14:33:38 [term 10]: Raft[2] start election
2024/08/06 14:33:38 [term 10]: Raft[2] start election
2024/08/06 14:33:38 [term 3]: Raft[1] start election
2024/08/06 14:33:38 [term 11]: Raft[0] [state 0] receive AppendEntries from Raft[1]
2024/08/06 14:33:38 [term 11]: Raft[1] [state 2] receive AppendEntries from Raft[1]
2024/08/06 14:33:38 [term 11]: Raft[2] start election
2024/08/06 14:33:38 [term 11]: Raft[2] start election
2024/08/06 14:33:38 [term 11]: Raft[2] start election
2024/08/06 14:33:38 [term 12]: Raft[0] start election
2024/08/06 14:33:38 [term 11]: Raft[2] start election
2024/08/06 14:33:38 [term 11]: Raft[1] state[2] receive requestVote from Raft[0]
2024/08/06 14:33:38 [term 12]: Raft[0] receive vote from Raft[1]
2024/08/06 14:33:38 [term 12]: Raft[0] become leader
2024/08/06 14:33:38 [term 12]: Raft[0] send Hearbeats to all peers
2024/08/06 14:33:38 [term 12]: Raft[0] [state 2] receive AppendEntries from Raft[0]
2024/08/06 14:33:38 [term 12]: Raft[1] [state 0] receive AppendEntries from Raft[0]
2024/08/06 14:33:38 [term 3]: Raft[1] start election
2024/08/06 14:33:38 [term 12]: Raft[0] send Hearbeats to all peers
2024/08/06 14:33:38 [term 11]: Raft[2] start election
2024/08/06 14:33:38 [term 12]: Raft[0] [state 2] receive AppendEntries from Raft[0]
2024/08/06 14:33:38 [term 12]: Raft[1] [state 0] receive AppendEntries from Raft[0]
2024/08/06 14:33:38 [term 12]: Raft[0] state[2] receive requestVote from Raft[2]
2024/08/06 14:33:38 [term 11]: Raft[2] [state 1] receive AppendEntries from Raft[0]
2024/08/06 14:33:38 [term 12]: Raft[1] state[0] receive requestVote from Raft[2]
2024/08/06 14:33:38 [term 13]: Raft[1] start election
2024/08/06 14:33:38 [term 12]: Raft[0] state[2] receive requestVote from Raft[1]
2024/08/06 14:33:38 [term 12]: Raft[2] state[0] receive requestVote from Raft[1]
2024/08/06 14:33:38 [term 13]: Raft[1] receive vote from Raft[0]
2024/08/06 14:33:38 [term 13]: Raft[1] become leader
2024/08/06 14:33:38 [term 13]: Raft[1] send Hearbeats to all peers
2024/08/06 14:33:38 [term 3]: Raft[1] start election
2024/08/06 14:33:38 [term 13]: Raft[1] [state 2] receive AppendEntries from Raft[1]
2024/08/06 14:33:38 [term 13]: Raft[2] [state 0] receive AppendEntries from Raft[1]
2024/08/06 14:33:38 [term 13]: Raft[0] [state 0] receive AppendEntries from Raft[1]
  ... Passed --   4.4  3  149   21244    0
Test (3A): multiple elections ...
2024/08/06 14:33:39 [term 14]: Raft[2] start election
2024/08/06 14:33:39 [term 3]: Raft[1] start election
2024/08/06 14:33:39 [term 1]: Raft[2] start election
2024/08/06 14:33:39 [term 0]: Raft[3] state[0] receive requestVote from Raft[2]
2024/08/06 14:33:39 [term 0]: Raft[5] state[0] receive requestVote from Raft[2]
2024/08/06 14:33:39 [term 1]: Raft[2] receive vote from Raft[3]
2024/08/06 14:33:39 [term 0]: Raft[1] state[0] receive requestVote from Raft[2]
2024/08/06 14:33:39 [term 0]: Raft[6] state[0] receive requestVote from Raft[2]
2024/08/06 14:33:39 [term 0]: Raft[0] state[0] receive requestVote from Raft[2]
2024/08/06 14:33:39 [term 0]: Raft[4] state[0] receive requestVote from Raft[2]
2024/08/06 14:33:39 [term 1]: Raft[2] receive vote from Raft[5]
2024/08/06 14:33:39 [term 1]: Raft[2] receive vote from Raft[1]
2024/08/06 14:33:39 [term 1]: Raft[2] become leader
2024/08/06 14:33:39 [term 1]: Raft[2] send Hearbeats to all peers
2024/08/06 14:33:39 [term 2]: Raft[0] start election
2024/08/06 14:33:39 [term 1]: Raft[3] state[0] receive requestVote from Raft[0]
2024/08/06 14:33:39 [term 1]: Raft[4] state[0] receive requestVote from Raft[0]
2024/08/06 14:33:39 [term 1]: Raft[5] state[0] receive requestVote from Raft[0]
2024/08/06 14:33:39 [term 1]: Raft[1] state[0] receive requestVote from Raft[0]
2024/08/06 14:33:39 [term 1]: Raft[6] state[0] receive requestVote from Raft[0]
2024/08/06 14:33:39 [term 2]: Raft[0] receive vote from Raft[3]
2024/08/06 14:33:39 [term 2]: Raft[0] receive vote from Raft[4]
2024/08/06 14:33:39 [term 2]: Raft[0] receive vote from Raft[5]
2024/08/06 14:33:39 [term 2]: Raft[0] become leader
2024/08/06 14:33:39 [term 2]: Raft[0] send Hearbeats to all peers
2024/08/06 14:33:39 [term 1]: Raft[2] state[2] receive requestVote from Raft[0]
2024/08/06 14:33:39 [term 2]: Raft[1] [state 0] receive AppendEntries from Raft[2]
2024/08/06 14:33:39 [term 2]: Raft[2] [state 0] receive AppendEntries from Raft[2]
2024/08/06 14:33:39 [term 2]: Raft[6] [state 0] receive AppendEntries from Raft[2]
2024/08/06 14:33:39 [term 2]: Raft[3] [state 0] receive AppendEntries from Raft[2]
2024/08/06 14:33:39 [term 2]: Raft[4] [state 0] receive AppendEntries from Raft[2]
2024/08/06 14:33:39 [term 2]: Raft[5] [state 0] receive AppendEntries from Raft[2]
2024/08/06 14:33:39 [term 2]: Raft[0] [state 2] receive AppendEntries from Raft[0]
2024/08/06 14:33:39 [term 2]: Raft[0] [state 2] receive AppendEntries from Raft[2]
2024/08/06 14:33:39 [term 2]: Raft[2] [state 0] receive AppendEntries from Raft[0]
2024/08/06 14:33:39 [term 2]: Raft[6] [state 0] receive AppendEntries from Raft[0]
2024/08/06 14:33:39 [term 2]: Raft[1] [state 0] receive AppendEntries from Raft[0]
2024/08/06 14:33:39 [term 2]: Raft[4] [state 0] receive AppendEntries from Raft[0]
2024/08/06 14:33:39 [term 2]: Raft[3] [state 0] receive AppendEntries from Raft[0]
2024/08/06 14:33:39 [term 2]: Raft[5] [state 0] receive AppendEntries from Raft[0]
2024/08/06 14:33:39 [term 14]: Raft[2] start election
2024/08/06 14:33:39 [term 3]: Raft[1] start election
2024/08/06 14:33:39 [term 3]: Raft[1] start election
2024/08/06 14:33:39 [term 2]: Raft[6] state[0] receive requestVote from Raft[1]
2024/08/06 14:33:39 [term 2]: Raft[2] state[0] receive requestVote from Raft[1]
2024/08/06 14:33:39 [term 2]: Raft[0] state[2] receive requestVote from Raft[1]
2024/08/06 14:33:39 [term 3]: Raft[1] receive vote from Raft[6]
2024/08/06 14:33:39 [term 2]: Raft[4] state[0] receive requestVote from Raft[1]
2024/08/06 14:33:39 [term 3]: Raft[1] receive vote from Raft[2]
2024/08/06 14:33:39 [term 2]: Raft[3] state[0] receive requestVote from Raft[1]
2024/08/06 14:33:39 [term 3]: Raft[1] receive vote from Raft[0]
2024/08/06 14:33:39 [term 3]: Raft[1] become leader
2024/08/06 14:33:39 [term 3]: Raft[1] send Hearbeats to all peers
2024/08/06 14:33:39 [term 2]: Raft[5] state[0] receive requestVote from Raft[1]
2024/08/06 14:33:39 [term 3]: Raft[0] [state 0] receive AppendEntries from Raft[1]
2024/08/06 14:33:39 [term 3]: Raft[1] [state 2] receive AppendEntries from Raft[1]
2024/08/06 14:33:39 [term 3]: Raft[3] [state 0] receive AppendEntries from Raft[1]
2024/08/06 14:33:39 [term 3]: Raft[4] [state 0] receive AppendEntries from Raft[1]
2024/08/06 14:33:39 [term 3]: Raft[5] [state 0] receive AppendEntries from Raft[1]
2024/08/06 14:33:39 [term 3]: Raft[6] [state 0] receive AppendEntries from Raft[1]
2024/08/06 14:33:39 [term 14]: Raft[2] start election
2024/08/06 14:33:39 [term 3]: Raft[1] start election
2024/08/06 14:33:39 [term 4]: Raft[6] start election
2024/08/06 14:33:39 [term 3]: Raft[5] state[0] receive requestVote from Raft[6]
2024/08/06 14:33:39 [term 3]: Raft[0] state[0] receive requestVote from Raft[6]
2024/08/06 14:33:39 [term 4]: Raft[6] receive vote from Raft[5]
2024/08/06 14:33:39 [term 3]: Raft[3] state[0] receive requestVote from Raft[6]
2024/08/06 14:33:39 [term 3]: Raft[1] state[2] receive requestVote from Raft[6]
2024/08/06 14:33:39 [term 4]: Raft[6] receive vote from Raft[0]
2024/08/06 14:33:39 [term 3]: Raft[4] state[0] receive requestVote from Raft[6]
2024/08/06 14:33:39 [term 4]: Raft[6] receive vote from Raft[3]
2024/08/06 14:33:39 [term 4]: Raft[6] become leader
2024/08/06 14:33:39 [term 4]: Raft[6] send Hearbeats to all peers
2024/08/06 14:33:39 [term 4]: Raft[2] start election
2024/08/06 14:33:39 [term 4]: Raft[1] [state 0] receive AppendEntries from Raft[6]
2024/08/06 14:33:39 [term 4]: Raft[0] [state 0] receive AppendEntries from Raft[6]
2024/08/06 14:33:39 [term 4]: Raft[3] [state 0] receive AppendEntries from Raft[6]
2024/08/06 14:33:39 [term 4]: Raft[4] [state 0] receive AppendEntries from Raft[6]
2024/08/06 14:33:39 [term 4]: Raft[6] [state 2] receive AppendEntries from Raft[6]
2024/08/06 14:33:39 [term 4]: Raft[5] [state 0] receive AppendEntries from Raft[6]
2024/08/06 14:33:39 [term 14]: Raft[2] start election
2024/08/06 14:33:39 [term 5]: Raft[4] start election
2024/08/06 14:33:39 [term 4]: Raft[6] state[2] receive requestVote from Raft[4]
2024/08/06 14:33:39 [term 4]: Raft[1] state[0] receive requestVote from Raft[4]
2024/08/06 14:33:39 [term 4]: Raft[3] state[0] receive requestVote from Raft[4]
2024/08/06 14:33:39 [term 5]: Raft[4] receive vote from Raft[6]
2024/08/06 14:33:39 [term 4]: Raft[5] state[0] receive requestVote from Raft[4]
2024/08/06 14:33:39 [term 5]: Raft[4] receive vote from Raft[1]
2024/08/06 14:33:39 [term 5]: Raft[4] receive vote from Raft[3]
2024/08/06 14:33:39 [term 5]: Raft[4] become leader
2024/08/06 14:33:39 [term 5]: Raft[4] send Hearbeats to all peers
2024/08/06 14:33:39 [term 4]: Raft[0] state[0] receive requestVote from Raft[4]
2024/08/06 14:33:39 [term 3]: Raft[1] start election
2024/08/06 14:33:40 [term 4]: Raft[2] start election
2024/08/06 14:33:40 [term 5]: Raft[0] state[0] receive requestVote from Raft[2]
2024/08/06 14:33:40 [term 5]: Raft[1] state[0] receive requestVote from Raft[2]
2024/08/06 14:33:40 [term 5]: Raft[5] state[0] receive requestVote from Raft[2]
2024/08/06 14:33:40 [term 6]: Raft[3] start election
2024/08/06 14:33:40 [term 6]: Raft[1] start election
2024/08/06 14:33:40 [term 5]: Raft[0] state[0] receive requestVote from Raft[1]
2024/08/06 14:33:40 [term 5]: Raft[5] state[0] receive requestVote from Raft[1]
2024/08/06 14:33:40 [term 6]: Raft[1] receive vote from Raft[0]
2024/08/06 14:33:40 [term 5]: Raft[2] state[0] receive requestVote from Raft[1]
2024/08/06 14:33:40 [term 6]: Raft[1] receive vote from Raft[5]
2024/08/06 14:33:40 [term 6]: Raft[1] receive vote from Raft[2]
2024/08/06 14:33:40 [term 6]: Raft[1] become leader
2024/08/06 14:33:40 [term 6]: Raft[1] send Hearbeats to all peers
2024/08/06 14:33:40 [term 5]: Raft[4] send Hearbeats to all peers
2024/08/06 14:33:40 [term 14]: Raft[2] start election
2024/08/06 14:33:40 [term 6]: Raft[0] [state 0] receive AppendEntries from Raft[1]
2024/08/06 14:33:40 [term 6]: Raft[2] [state 0] receive AppendEntries from Raft[1]
2024/08/06 14:33:40 [term 6]: Raft[1] [state 2] receive AppendEntries from Raft[1]
2024/08/06 14:33:40 [term 6]: Raft[5] [state 0] receive AppendEntries from Raft[1]
2024/08/06 14:33:40 [term 3]: Raft[1] start election
2024/08/06 14:33:40 [term 6]: Raft[6] start election
2024/08/06 14:33:40 [term 7]: Raft[2] start election
2024/08/06 14:33:40 [term 6]: Raft[0] state[0] receive requestVote from Raft[2]
2024/08/06 14:33:40 [term 6]: Raft[5] state[0] receive requestVote from Raft[2]
2024/08/06 14:33:40 [term 6]: Raft[1] state[2] receive requestVote from Raft[2]
2024/08/06 14:33:40 [term 7]: Raft[2] receive vote from Raft[0]
2024/08/06 14:33:40 [term 7]: Raft[2] receive vote from Raft[5]
2024/08/06 14:33:40 [term 7]: Raft[2] receive vote from Raft[1]
2024/08/06 14:33:40 [term 7]: Raft[2] become leader
2024/08/06 14:33:40 [term 7]: Raft[2] send Hearbeats to all peers
2024/08/06 14:33:40 [term 6]: Raft[3] start election
2024/08/06 14:33:40 [term 7]: Raft[0] [state 0] receive AppendEntries from Raft[2]
2024/08/06 14:33:40 [term 7]: Raft[2] [state 2] receive AppendEntries from Raft[2]
2024/08/06 14:33:40 [term 7]: Raft[5] [state 0] receive AppendEntries from Raft[2]
2024/08/06 14:33:40 [term 7]: Raft[1] [state 0] receive AppendEntries from Raft[2]
2024/08/06 14:33:40 [term 14]: Raft[2] start election
2024/08/06 14:33:40 [term 7]: Raft[3] start election
2024/08/06 14:33:40 [term 3]: Raft[1] start election
2024/08/06 14:33:40 [term 6]: Raft[6] start election
2024/08/06 14:33:40 [term 6]: Raft[4] start election
2024/08/06 14:33:40 [term 7]: Raft[2] state[2] receive requestVote from Raft[4]
2024/08/06 14:33:40 [term 7]: Raft[1] state[0] receive requestVote from Raft[4]
2024/08/06 14:33:40 [term 7]: Raft[0] state[0] receive requestVote from Raft[4]
2024/08/06 14:33:40 [term 8]: Raft[0] start election
2024/08/06 14:33:40 [term 7]: Raft[1] state[0] receive requestVote from Raft[0]
2024/08/06 14:33:40 [term 7]: Raft[4] state[0] receive requestVote from Raft[0]
2024/08/06 14:33:40 [term 7]: Raft[2] state[2] receive requestVote from Raft[0]
2024/08/06 14:33:40 [term 8]: Raft[0] receive vote from Raft[1]
2024/08/06 14:33:40 [term 8]: Raft[0] receive vote from Raft[4]
2024/08/06 14:33:40 [term 8]: Raft[0] receive vote from Raft[2]
2024/08/06 14:33:40 [term 8]: Raft[0] become leader
2024/08/06 14:33:40 [term 8]: Raft[0] send Hearbeats to all peers
2024/08/06 14:33:40 [term 8]: Raft[5] start election
2024/08/06 14:33:40 [term 8]: Raft[0] [state 2] receive AppendEntries from Raft[0]
2024/08/06 14:33:40 [term 8]: Raft[1] [state 0] receive AppendEntries from Raft[0]
2024/08/06 14:33:40 [term 8]: Raft[2] [state 0] receive AppendEntries from Raft[0]
2024/08/06 14:33:40 [term 8]: Raft[4] [state 0] receive AppendEntries from Raft[0]
2024/08/06 14:33:40 [term 7]: Raft[3] start election
2024/08/06 14:33:40 [term 14]: Raft[2] start election
2024/08/06 14:33:40 [term 7]: Raft[6] start election
2024/08/06 14:33:40 [term 7]: Raft[3] start election
2024/08/06 14:33:40 [term 3]: Raft[1] start election
2024/08/06 14:33:40 [term 7]: Raft[6] start election
2024/08/06 14:33:40 [term 8]: Raft[5] start election
2024/08/06 14:33:40 [term 9]: Raft[4] start election
2024/08/06 14:33:40 [term 8]: Raft[5] state[1] receive requestVote from Raft[4]
2024/08/06 14:33:40 [term 7]: Raft[3] state[1] receive requestVote from Raft[4]
2024/08/06 14:33:40 [term 8]: Raft[0] state[2] receive requestVote from Raft[4]
2024/08/06 14:33:40 [term 9]: Raft[4] receive vote from Raft[5]
2024/08/06 14:33:40 [term 9]: Raft[4] receive vote from Raft[0]
2024/08/06 14:33:40 [term 9]: Raft[4] receive vote from Raft[3]
2024/08/06 14:33:40 [term 9]: Raft[4] become leader
2024/08/06 14:33:40 [term 9]: Raft[4] send Hearbeats to all peers
2024/08/06 14:33:40 [term 9]: Raft[1] start election
2024/08/06 14:33:41 [term 9]: Raft[2] start election
2024/08/06 14:33:41 [term 10]: Raft[0] start election
2024/08/06 14:33:41 [term 9]: Raft[5] state[0] receive requestVote from Raft[0]
2024/08/06 14:33:41 [term 9]: Raft[3] state[0] receive requestVote from Raft[0]
2024/08/06 14:33:41 [term 10]: Raft[0] receive vote from Raft[5]
2024/08/06 14:33:41 [term 10]: Raft[0] receive vote from Raft[3]
2024/08/06 14:33:41 [term 9]: Raft[4] state[2] receive requestVote from Raft[0]
2024/08/06 14:33:41 [term 10]: Raft[3] [state 0] receive AppendEntries from Raft[4]
2024/08/06 14:33:41 [term 10]: Raft[5] [state 0] receive AppendEntries from Raft[4]
2024/08/06 14:33:41 [term 10]: Raft[4] [state 0] receive AppendEntries from Raft[4]
2024/08/06 14:33:41 [term 10]: Raft[0] receive vote from Raft[4]
2024/08/06 14:33:41 [term 10]: Raft[0] become leader
2024/08/06 14:33:41 [term 10]: Raft[0] send Hearbeats to all peers
2024/08/06 14:33:41 [term 10]: Raft[0] [state 2] receive AppendEntries from Raft[4]
2024/08/06 14:33:41 [term 10]: Raft[0] [state 2] receive AppendEntries from Raft[0]
2024/08/06 14:33:41 [term 10]: Raft[3] [state 0] receive AppendEntries from Raft[0]
2024/08/06 14:33:41 [term 10]: Raft[5] [state 0] receive AppendEntries from Raft[0]
2024/08/06 14:33:41 [term 10]: Raft[4] [state 0] receive AppendEntries from Raft[0]
2024/08/06 14:33:41 [term 14]: Raft[2] start election
2024/08/06 14:33:41 [term 7]: Raft[6] start election
2024/08/06 14:33:41 [term 3]: Raft[1] start election
2024/08/06 14:33:41 [term 7]: Raft[6] start election
2024/08/06 14:33:41 [term 10]: Raft[0] send Hearbeats to all peers
2024/08/06 14:33:41 [term 9]: Raft[1] start election
2024/08/06 14:33:41 [term 9]: Raft[2] start election
2024/08/06 14:33:41 [term 10]: Raft[0] [state 2] receive AppendEntries from Raft[0]
2024/08/06 14:33:41 [term 10]: Raft[3] [state 0] receive AppendEntries from Raft[0]
2024/08/06 14:33:41 [term 10]: Raft[4] [state 0] receive AppendEntries from Raft[0]
2024/08/06 14:33:41 [term 10]: Raft[5] [state 0] receive AppendEntries from Raft[0]
2024/08/06 14:33:41 [term 10]: Raft[0] send Hearbeats to all peers
2024/08/06 14:33:41 [term 14]: Raft[2] start election
2024/08/06 14:33:41 [term 8]: Raft[6] start election
2024/08/06 14:33:41 [term 10]: Raft[4] state[0] receive requestVote from Raft[6]
2024/08/06 14:33:41 [term 9]: Raft[1] state[1] receive requestVote from Raft[6]
2024/08/06 14:33:41 [term 3]: Raft[1] start election
2024/08/06 14:33:41 [term 9]: Raft[1] [state 1] receive AppendEntries from Raft[0]
2024/08/06 14:33:41 [term 10]: Raft[0] [state 2] receive AppendEntries from Raft[0]
2024/08/06 14:33:41 [term 10]: Raft[0] state[2] receive requestVote from Raft[6]
2024/08/06 14:33:41 [term 10]: Raft[4] [state 0] receive AppendEntries from Raft[0]
2024/08/06 14:33:41 [term 10]: Raft[6] [state 0] receive AppendEntries from Raft[0]
2024/08/06 14:33:41 [term 11]: Raft[5] start election
2024/08/06 14:33:41 [term 10]: Raft[2] start election
2024/08/06 14:33:41 [term 11]: Raft[3] start election
2024/08/06 14:33:41 [term 10]: Raft[2] start election
2024/08/06 14:33:41 [term 10]: Raft[0] send Hearbeats to all peers
2024/08/06 14:33:41 [term 10]: Raft[1] [state 0] receive AppendEntries from Raft[0]
2024/08/06 14:33:41 [term 10]: Raft[0] [state 2] receive AppendEntries from Raft[0]
2024/08/06 14:33:41 [term 10]: Raft[4] [state 0] receive AppendEntries from Raft[0]
2024/08/06 14:33:41 [term 10]: Raft[6] [state 0] receive AppendEntries from Raft[0]
2024/08/06 14:33:41 [term 14]: Raft[2] start election
2024/08/06 14:33:41 [term 3]: Raft[1] start election
2024/08/06 14:33:41 [term 11]: Raft[5] start election
2024/08/06 14:33:41 [term 10]: Raft[2] start election
2024/08/06 14:33:41 [term 11]: Raft[4] start election
2024/08/06 14:33:41 [term 10]: Raft[1] state[0] receive requestVote from Raft[4]
2024/08/06 14:33:41 [term 10]: Raft[6] state[0] receive requestVote from Raft[4]
2024/08/06 14:33:41 [term 10]: Raft[0] state[2] receive requestVote from Raft[4]
2024/08/06 14:33:41 [term 11]: Raft[4] receive vote from Raft[1]
2024/08/06 14:33:41 [term 11]: Raft[4] receive vote from Raft[6]
2024/08/06 14:33:41 [term 11]: Raft[4] receive vote from Raft[0]
2024/08/06 14:33:41 [term 11]: Raft[4] become leader
2024/08/06 14:33:41 [term 11]: Raft[4] send Hearbeats to all peers
2024/08/06 14:33:41 [term 11]: Raft[3] start election
2024/08/06 14:33:41 [term 10]: Raft[2] start election
2024/08/06 14:33:41 [term 11]: Raft[1] [state 0] receive AppendEntries from Raft[4]
2024/08/06 14:33:41 [term 11]: Raft[0] [state 0] receive AppendEntries from Raft[4]
2024/08/06 14:33:41 [term 11]: Raft[4] [state 2] receive AppendEntries from Raft[4]
2024/08/06 14:33:41 [term 11]: Raft[6] [state 0] receive AppendEntries from Raft[4]
2024/08/06 14:33:42 [term 14]: Raft[2] start election
2024/08/06 14:33:42 [term 3]: Raft[1] start election
2024/08/06 14:33:42 [term 11]: Raft[4] send Hearbeats to all peers
2024/08/06 14:33:42 [term 12]: Raft[5] start election
2024/08/06 14:33:42 [term 10]: Raft[2] state[1] receive requestVote from Raft[5]
2024/08/06 14:33:42 [term 11]: Raft[0] state[0] receive requestVote from Raft[5]
2024/08/06 14:33:42 [term 12]: Raft[5] receive vote from Raft[2]
2024/08/06 14:33:42 [term 12]: Raft[5] receive vote from Raft[0]
2024/08/06 14:33:42 [term 13]: Raft[2] start election
2024/08/06 14:33:42 [term 12]: Raft[0] state[0] receive requestVote from Raft[2]
2024/08/06 14:33:42 [term 13]: Raft[2] receive vote from Raft[0]
2024/08/06 14:33:42 [term 12]: Raft[5] start election
2024/08/06 14:33:42 [term 13]: Raft[0] state[0] receive requestVote from Raft[5]
2024/08/06 14:33:42 [term 12]: Raft[6] start election
2024/08/06 14:33:42 [term 13]: Raft[2] start election
2024/08/06 14:33:42 [term 13]: Raft[0] state[0] receive requestVote from Raft[2]
2024/08/06 14:33:42 [term 13]: Raft[2] receive vote from Raft[0]
2024/08/06 14:33:42 [term 12]: Raft[3] start election
2024/08/06 14:33:42 [term 12]: Raft[3] start election
2024/08/06 14:33:42 [term 11]: Raft[4] state[2] receive requestVote from Raft[5]
2024/08/06 14:33:42 [term 12]: Raft[4] state[0] receive requestVote from Raft[2]
2024/08/06 14:33:42 [term 13]: Raft[0] [state 0] receive AppendEntries from Raft[4]
2024/08/06 14:33:42 [term 13]: Raft[4] state[0] receive requestVote from Raft[5]
2024/08/06 14:33:42 [term 13]: Raft[5] receive vote from Raft[4]
2024/08/06 14:33:42 [term 13]: Raft[5] become leader
2024/08/06 14:33:42 [term 13]: Raft[5] send Hearbeats to all peers
2024/08/06 14:33:42 [term 13]: Raft[2] receive vote from Raft[4]
2024/08/06 14:33:42 [term 13]: Raft[4] state[0] receive requestVote from Raft[2]
2024/08/06 14:33:42 [term 13]: Raft[2] receive vote from Raft[4]
2024/08/06 14:33:42 [term 13]: Raft[4] [state 0] receive AppendEntries from Raft[4]
2024/08/06 14:33:42 [term 12]: Raft[1] start election
2024/08/06 14:33:42 [term 13]: Raft[2] start election
2024/08/06 14:33:42 [term 13]: Raft[0] state[0] receive requestVote from Raft[2]
2024/08/06 14:33:42 [term 13]: Raft[4] state[0] receive requestVote from Raft[2]
2024/08/06 14:33:42 [term 13]: Raft[2] receive vote from Raft[4]
2024/08/06 14:33:42 [term 13]: Raft[2] receive vote from Raft[0]
2024/08/06 14:33:42 [term 14]: Raft[0] start election
2024/08/06 14:33:42 [term 13]: Raft[4] state[0] receive requestVote from Raft[0]
2024/08/06 14:33:42 [term 14]: Raft[0] receive vote from Raft[4]
2024/08/06 14:33:42 [term 13]: Raft[5] state[2] receive requestVote from Raft[2]
2024/08/06 14:33:42 [term 13]: Raft[5] state[2] receive requestVote from Raft[2]
2024/08/06 14:33:42 [term 13]: Raft[2] receive vote from Raft[5]
2024/08/06 14:33:42 [term 13]: Raft[5] [state 2] receive AppendEntries from Raft[4]
2024/08/06 14:33:42 [term 13]: Raft[2] become leader
2024/08/06 14:33:42 [term 13]: Raft[2] send Hearbeats to all peers
2024/08/06 14:33:42 [term 13]: Raft[2] receive vote from Raft[5]
2024/08/06 14:33:42 [term 13]: Raft[2] become leader
2024/08/06 14:33:42 [term 13]: Raft[2] send Hearbeats to all peers
2024/08/06 14:33:42 [term 13]: Raft[5] state[2] receive requestVote from Raft[2]
2024/08/06 14:33:42 [term 13]: Raft[5] state[2] receive requestVote from Raft[0]
2024/08/06 14:33:42 [term 14]: Raft[4] [state 0] receive AppendEntries from Raft[5]
2024/08/06 14:33:42 [term 13]: Raft[2] receive vote from Raft[5]
2024/08/06 14:33:42 [term 13]: Raft[2] become leader
2024/08/06 14:33:42 [term 13]: Raft[2] send Hearbeats to all peers
2024/08/06 14:33:42 [term 14]: Raft[5] [state 0] receive AppendEntries from Raft[5]
2024/08/06 14:33:42 [term 14]: Raft[0] receive vote from Raft[5]
2024/08/06 14:33:42 [term 13]: Raft[2] state[2] receive requestVote from Raft[5]
2024/08/06 14:33:42 [term 13]: Raft[2] [state 2] receive AppendEntries from Raft[4]
2024/08/06 14:33:42 [term 13]: Raft[2] state[2] receive requestVote from Raft[0]
2024/08/06 14:33:42 [term 14]: Raft[2] [state 0] receive AppendEntries from Raft[5]
2024/08/06 14:33:42 [term 14]: Raft[0] receive vote from Raft[2]
2024/08/06 14:33:42 [term 14]: Raft[0] become leader
2024/08/06 14:33:42 [term 14]: Raft[0] send Hearbeats to all peers
2024/08/06 14:33:42 [term 14]: Raft[2] [state 0] receive AppendEntries from Raft[2]
2024/08/06 14:33:42 [term 14]: Raft[2] [state 0] receive AppendEntries from Raft[2]
2024/08/06 14:33:42 [term 14]: Raft[2] [state 0] receive AppendEntries from Raft[2]
2024/08/06 14:33:42 [term 14]: Raft[4] [state 0] receive AppendEntries from Raft[2]
2024/08/06 14:33:42 [term 14]: Raft[4] [state 0] receive AppendEntries from Raft[2]
2024/08/06 14:33:42 [term 14]: Raft[4] [state 0] receive AppendEntries from Raft[2]
2024/08/06 14:33:42 [term 14]: Raft[5] [state 0] receive AppendEntries from Raft[2]
2024/08/06 14:33:42 [term 14]: Raft[5] [state 0] receive AppendEntries from Raft[2]
2024/08/06 14:33:42 [term 14]: Raft[5] [state 0] receive AppendEntries from Raft[2]
2024/08/06 14:33:42 [term 14]: Raft[2] start election
2024/08/06 14:33:42 [term 3]: Raft[1] start election
2024/08/06 14:33:42 [term 14]: Raft[0] [state 2] receive AppendEntries from Raft[5]
2024/08/06 14:33:42 [term 14]: Raft[0] [state 2] receive AppendEntries from Raft[2]
2024/08/06 14:33:42 [term 14]: Raft[0] [state 2] receive AppendEntries from Raft[2]
2024/08/06 14:33:42 [term 14]: Raft[0] [state 2] receive AppendEntries from Raft[2]
2024/08/06 14:33:42 [term 14]: Raft[0] [state 2] receive AppendEntries from Raft[0]
2024/08/06 14:33:42 [term 14]: Raft[2] [state 0] receive AppendEntries from Raft[0]
2024/08/06 14:33:42 [term 14]: Raft[4] [state 0] receive AppendEntries from Raft[0]
2024/08/06 14:33:42 [term 14]: Raft[5] [state 0] receive AppendEntries from Raft[0]
2024/08/06 14:33:42 [term 12]: Raft[6] start election
2024/08/06 14:33:42 [term 12]: Raft[3] start election
2024/08/06 14:33:42 [term 12]: Raft[3] start election
2024/08/06 14:33:42 [term 12]: Raft[1] start election
2024/08/06 14:33:42 [term 15]: Raft[4] start election
2024/08/06 14:33:42 [term 15]: Raft[0] start election
2024/08/06 14:33:42 [term 12]: Raft[1] state[1] receive requestVote from Raft[0]
2024/08/06 14:33:42 [term 14]: Raft[2] state[0] receive requestVote from Raft[0]
2024/08/06 14:33:42 [term 14]: Raft[5] state[0] receive requestVote from Raft[0]
2024/08/06 14:33:42 [term 15]: Raft[0] receive vote from Raft[1]
2024/08/06 14:33:42 [term 12]: Raft[6] state[1] receive requestVote from Raft[0]
2024/08/06 14:33:42 [term 15]: Raft[0] receive vote from Raft[2]
2024/08/06 14:33:42 [term 15]: Raft[0] receive vote from Raft[5]
2024/08/06 14:33:42 [term 15]: Raft[0] become leader
2024/08/06 14:33:42 [term 15]: Raft[0] send Hearbeats to all peers
2024/08/06 14:33:42 [term 14]: Raft[2] start election
2024/08/06 14:33:42 [term 15]: Raft[0] [state 2] receive AppendEntries from Raft[0]
2024/08/06 14:33:42 [term 15]: Raft[2] [state 0] receive AppendEntries from Raft[0]
2024/08/06 14:33:42 [term 15]: Raft[1] [state 0] receive AppendEntries from Raft[0]
2024/08/06 14:33:42 [term 15]: Raft[6] [state 0] receive AppendEntries from Raft[0]
2024/08/06 14:33:42 [term 15]: Raft[5] [state 0] receive AppendEntries from Raft[0]
2024/08/06 14:33:42 [term 3]: Raft[1] start election
2024/08/06 14:33:42 [term 16]: Raft[0] start election
2024/08/06 14:33:42 [term 15]: Raft[6] state[0] receive requestVote from Raft[0]
2024/08/06 14:33:42 [term 15]: Raft[1] state[0] receive requestVote from Raft[0]
2024/08/06 14:33:42 [term 15]: Raft[5] state[0] receive requestVote from Raft[0]
2024/08/06 14:33:42 [term 16]: Raft[0] receive vote from Raft[6]
2024/08/06 14:33:42 [term 15]: Raft[2] state[0] receive requestVote from Raft[0]
2024/08/06 14:33:42 [term 16]: Raft[0] receive vote from Raft[1]
2024/08/06 14:33:42 [term 16]: Raft[0] receive vote from Raft[5]
2024/08/06 14:33:42 [term 16]: Raft[0] become leader
2024/08/06 14:33:42 [term 16]: Raft[0] send Hearbeats to all peers
2024/08/06 14:33:42 [term 13]: Raft[3] start election
2024/08/06 14:33:42 [term 13]: Raft[3] start election
2024/08/06 14:33:42 [term 13]: Raft[3] start election
2024/08/06 14:33:42 [term 15]: Raft[4] start election
2024/08/06 14:33:42 [term 16]: Raft[1] [state 0] receive AppendEntries from Raft[0]
2024/08/06 14:33:42 [term 16]: Raft[2] [state 0] receive AppendEntries from Raft[0]
2024/08/06 14:33:42 [term 16]: Raft[0] [state 2] receive AppendEntries from Raft[0]
2024/08/06 14:33:42 [term 16]: Raft[5] [state 0] receive AppendEntries from Raft[0]
2024/08/06 14:33:42 [term 16]: Raft[6] [state 0] receive AppendEntries from Raft[0]
2024/08/06 14:33:42 [term 17]: Raft[2] start election
2024/08/06 14:33:42 [term 16]: Raft[6] state[0] receive requestVote from Raft[2]
2024/08/06 14:33:42 [term 16]: Raft[5] state[0] receive requestVote from Raft[2]
2024/08/06 14:33:42 [term 16]: Raft[0] state[2] receive requestVote from Raft[2]
2024/08/06 14:33:42 [term 16]: Raft[1] state[0] receive requestVote from Raft[2]
2024/08/06 14:33:42 [term 17]: Raft[2] receive vote from Raft[6]
2024/08/06 14:33:42 [term 17]: Raft[2] receive vote from Raft[5]
2024/08/06 14:33:42 [term 17]: Raft[2] receive vote from Raft[0]
2024/08/06 14:33:42 [term 17]: Raft[2] become leader
2024/08/06 14:33:42 [term 17]: Raft[2] send Hearbeats to all peers
2024/08/06 14:33:42 [term 16]: Raft[4] start election
2024/08/06 14:33:42 [term 17]: Raft[0] [state 0] receive AppendEntries from Raft[2]
2024/08/06 14:33:42 [term 17]: Raft[1] [state 0] receive AppendEntries from Raft[2]
2024/08/06 14:33:42 [term 17]: Raft[2] [state 2] receive AppendEntries from Raft[2]
2024/08/06 14:33:42 [term 17]: Raft[6] [state 0] receive AppendEntries from Raft[2]
2024/08/06 14:33:42 [term 14]: Raft[2] start election
2024/08/06 14:33:42 [term 17]: Raft[5] [state 0] receive AppendEntries from Raft[2]
2024/08/06 14:33:42 [term 3]: Raft[1] start election
2024/08/06 14:33:43 [term 17]: Raft[2] send Hearbeats to all peers
2024/08/06 14:33:43 [term 13]: Raft[3] start election
2024/08/06 14:33:43 [term 13]: Raft[3] start election
2024/08/06 14:33:43 [term 13]: Raft[3] start election
2024/08/06 14:33:43 [term 16]: Raft[4] start election
2024/08/06 14:33:43 [term 17]: Raft[5] state[0] receive requestVote from Raft[4]
2024/08/06 14:33:43 [term 17]: Raft[0] state[0] receive requestVote from Raft[4]
2024/08/06 14:33:43 [term 17]: Raft[1] state[0] receive requestVote from Raft[4]
2024/08/06 14:33:43 [term 17]: Raft[0] [state 0] receive AppendEntries from Raft[2]
2024/08/06 14:33:43 [term 17]: Raft[2] [state 2] receive AppendEntries from Raft[2]
2024/08/06 14:33:43 [term 17]: Raft[5] [state 0] receive AppendEntries from Raft[2]
2024/08/06 14:33:43 [term 17]: Raft[2] state[2] receive requestVote from Raft[4]
2024/08/06 14:33:43 [term 17]: Raft[1] [state 0] receive AppendEntries from Raft[2]
2024/08/06 14:33:43 [term 17]: Raft[2] send Hearbeats to all peers
2024/08/06 14:33:43 [term 18]: Raft[6] start election
2024/08/06 14:33:43 [term 17]: Raft[4] [state 0] receive AppendEntries from Raft[2]
2024/08/06 14:33:43 [term 14]: Raft[2] start election
2024/08/06 14:33:43 [term 18]: Raft[1] start election
2024/08/06 14:33:43 [term 17]: Raft[4] state[0] receive requestVote from Raft[1]
2024/08/06 14:33:43 [term 17]: Raft[5] state[0] receive requestVote from Raft[1]
2024/08/06 14:33:43 [term 17]: Raft[0] state[0] receive requestVote from Raft[1]
2024/08/06 14:33:43 [term 18]: Raft[1] receive vote from Raft[4]
2024/08/06 14:33:43 [term 18]: Raft[1] receive vote from Raft[5]
2024/08/06 14:33:43 [term 18]: Raft[1] receive vote from Raft[0]
2024/08/06 14:33:43 [term 18]: Raft[1] become leader
2024/08/06 14:33:43 [term 18]: Raft[1] send Hearbeats to all peers
2024/08/06 14:33:43 [term 18]: Raft[0] [state 0] receive AppendEntries from Raft[2]
2024/08/06 14:33:43 [term 17]: Raft[2] [state 2] receive AppendEntries from Raft[2]
2024/08/06 14:33:43 [term 17]: Raft[2] state[2] receive requestVote from Raft[1]
2024/08/06 14:33:43 [term 18]: Raft[4] [state 0] receive AppendEntries from Raft[2]
2024/08/06 14:33:43 [term 18]: Raft[5] [state 0] receive AppendEntries from Raft[2]
2024/08/06 14:33:43 [term 3]: Raft[1] start election
2024/08/06 14:33:43 [term 18]: Raft[1] [state 2] receive AppendEntries from Raft[2]
2024/08/06 14:33:43 [term 18]: Raft[0] [state 0] receive AppendEntries from Raft[1]
2024/08/06 14:33:43 [term 18]: Raft[2] [state 0] receive AppendEntries from Raft[1]
2024/08/06 14:33:43 [term 18]: Raft[1] [state 2] receive AppendEntries from Raft[1]
2024/08/06 14:33:43 [term 18]: Raft[4] [state 0] receive AppendEntries from Raft[1]
2024/08/06 14:33:43 [term 18]: Raft[5] [state 0] receive AppendEntries from Raft[1]
2024/08/06 14:33:43 [term 14]: Raft[3] start election
2024/08/06 14:33:43 [term 14]: Raft[3] start election
2024/08/06 14:33:43 [term 14]: Raft[3] start election
2024/08/06 14:33:43 [term 14]: Raft[3] start election
2024/08/06 14:33:43 [term 19]: Raft[4] start election
2024/08/06 14:33:43 [term 18]: Raft[2] state[0] receive requestVote from Raft[4]
2024/08/06 14:33:43 [term 18]: Raft[5] state[0] receive requestVote from Raft[4]
2024/08/06 14:33:43 [term 18]: Raft[0] state[0] receive requestVote from Raft[4]
2024/08/06 14:33:43 [term 19]: Raft[4] receive vote from Raft[2]
2024/08/06 14:33:43 [term 18]: Raft[1] state[2] receive requestVote from Raft[4]
2024/08/06 14:33:43 [term 19]: Raft[4] receive vote from Raft[5]
2024/08/06 14:33:43 [term 19]: Raft[4] receive vote from Raft[1]
2024/08/06 14:33:43 [term 19]: Raft[4] become leader
2024/08/06 14:33:43 [term 19]: Raft[4] send Hearbeats to all peers
2024/08/06 14:33:43 [term 18]: Raft[6] start election
2024/08/06 14:33:43 [term 19]: Raft[0] state[0] receive requestVote from Raft[6]
2024/08/06 14:33:43 [term 19]: Raft[2] state[0] receive requestVote from Raft[6]
2024/08/06 14:33:43 [term 19]: Raft[1] state[0] receive requestVote from Raft[6]
2024/08/06 14:33:43 [term 14]: Raft[2] start election
2024/08/06 14:33:43 [term 3]: Raft[1] start election
2024/08/06 14:33:43 [term 20]: Raft[0] start election
2024/08/06 14:33:43 [term 19]: Raft[6] state[0] receive requestVote from Raft[0]
2024/08/06 14:33:43 [term 19]: Raft[1] state[0] receive requestVote from Raft[0]
2024/08/06 14:33:43 [term 20]: Raft[0] receive vote from Raft[6]
2024/08/06 14:33:43 [term 19]: Raft[2] state[0] receive requestVote from Raft[0]
2024/08/06 14:33:43 [term 20]: Raft[0] receive vote from Raft[1]
2024/08/06 14:33:43 [term 20]: Raft[0] receive vote from Raft[2]
2024/08/06 14:33:43 [term 20]: Raft[0] become leader
2024/08/06 14:33:43 [term 20]: Raft[0] send Hearbeats to all peers
2024/08/06 14:33:43 [term 19]: Raft[4] send Hearbeats to all peers
2024/08/06 14:33:43 [term 14]: Raft[3] start election
2024/08/06 14:33:43 [term 14]: Raft[3] start election
2024/08/06 14:33:43 [term 14]: Raft[3] start election
2024/08/06 14:33:43 [term 20]: Raft[5] start election
2024/08/06 14:33:43 [term 14]: Raft[3] start election
2024/08/06 14:33:43 [term 20]: Raft[0] [state 2] receive AppendEntries from Raft[0]
2024/08/06 14:33:43 [term 20]: Raft[1] [state 0] receive AppendEntries from Raft[0]
2024/08/06 14:33:43 [term 20]: Raft[2] [state 0] receive AppendEntries from Raft[0]
2024/08/06 14:33:43 [term 20]: Raft[6] [state 0] receive AppendEntries from Raft[0]
2024/08/06 14:33:43 [term 20]: Raft[4] start election
2024/08/06 14:33:43 [term 21]: Raft[2] start election
2024/08/06 14:33:43 [term 20]: Raft[1] state[0] receive requestVote from Raft[2]
2024/08/06 14:33:43 [term 20]: Raft[0] state[2] receive requestVote from Raft[2]
2024/08/06 14:33:43 [term 20]: Raft[6] state[0] receive requestVote from Raft[2]
2024/08/06 14:33:43 [term 21]: Raft[2] receive vote from Raft[1]
2024/08/06 14:33:43 [term 21]: Raft[2] receive vote from Raft[0]
2024/08/06 14:33:43 [term 21]: Raft[2] receive vote from Raft[6]
2024/08/06 14:33:43 [term 21]: Raft[2] become leader
2024/08/06 14:33:43 [term 21]: Raft[2] send Hearbeats to all peers
2024/08/06 14:33:43 [term 15]: Raft[3] start election
2024/08/06 14:33:43 [term 14]: Raft[2] start election
2024/08/06 14:33:43 [term 21]: Raft[0] [state 0] receive AppendEntries from Raft[2]
2024/08/06 14:33:43 [term 21]: Raft[2] [state 2] receive AppendEntries from Raft[2]
2024/08/06 14:33:43 [term 21]: Raft[1] [state 0] receive AppendEntries from Raft[2]
2024/08/06 14:33:43 [term 21]: Raft[6] [state 0] receive AppendEntries from Raft[2]
2024/08/06 14:33:43 [term 3]: Raft[1] start election
2024/08/06 14:33:43 [term 15]: Raft[3] start election
2024/08/06 14:33:43 [term 15]: Raft[3] start election
2024/08/06 14:33:43 [term 15]: Raft[3] start election
2024/08/06 14:33:43 [term 20]: Raft[5] start election
2024/08/06 14:33:43 [term 15]: Raft[3] start election
2024/08/06 14:33:44 [term 22]: Raft[6] start election
2024/08/06 14:33:44 [term 21]: Raft[2] state[2] receive requestVote from Raft[6]
2024/08/06 14:33:44 [term 21]: Raft[1] state[0] receive requestVote from Raft[6]
2024/08/06 14:33:44 [term 22]: Raft[6] receive vote from Raft[2]
2024/08/06 14:33:44 [term 21]: Raft[0] state[0] receive requestVote from Raft[6]
2024/08/06 14:33:44 [term 20]: Raft[5] state[1] receive requestVote from Raft[6]
2024/08/06 14:33:44 [term 22]: Raft[6] receive vote from Raft[1]
2024/08/06 14:33:44 [term 22]: Raft[6] receive vote from Raft[0]
2024/08/06 14:33:44 [term 22]: Raft[6] become leader
2024/08/06 14:33:44 [term 22]: Raft[6] send Hearbeats to all peers
2024/08/06 14:33:44 [term 20]: Raft[4] state[1] receive requestVote from Raft[6]
2024/08/06 14:33:44 [term 20]: Raft[4] start election
2024/08/06 14:33:44 [term 22]: Raft[2] state[0] receive requestVote from Raft[4]
2024/08/06 14:33:44 [term 22]: Raft[0] state[0] receive requestVote from Raft[4]
2024/08/06 14:33:44 [term 22]: Raft[5] state[0] receive requestVote from Raft[4]
2024/08/06 14:33:44 [term 22]: Raft[1] state[0] receive requestVote from Raft[4]
2024/08/06 14:33:44 [term 15]: Raft[3] state[1] receive requestVote from Raft[6]
2024/08/06 14:33:44 [term 15]: Raft[3] start election
2024/08/06 14:33:44 [term 22]: Raft[3] state[0] receive requestVote from Raft[4]
2024/08/06 14:33:44 [term 22]: Raft[2] state[0] receive requestVote from Raft[3]
2024/08/06 14:33:44 [term 22]: Raft[0] state[0] receive requestVote from Raft[3]
2024/08/06 14:33:44 [term 22]: Raft[5] state[0] receive requestVote from Raft[3]
2024/08/06 14:33:44 [term 22]: Raft[1] state[0] receive requestVote from Raft[3]
2024/08/06 14:33:44 [term 22]: Raft[4] state[0] receive requestVote from Raft[3]
2024/08/06 14:33:44 [term 14]: Raft[2] start election
2024/08/06 14:33:44 [term 22]: Raft[6] state[2] receive requestVote from Raft[4]
2024/08/06 14:33:44 [term 22]: Raft[1] [state 0] receive AppendEntries from Raft[6]
2024/08/06 14:33:44 [term 22]: Raft[0] [state 0] receive AppendEntries from Raft[6]
2024/08/06 14:33:44 [term 22]: Raft[6] state[2] receive requestVote from Raft[3]
2024/08/06 14:33:44 [term 22]: Raft[2] [state 0] receive AppendEntries from Raft[6]
2024/08/06 14:33:44 [term 22]: Raft[3] [state 0] receive AppendEntries from Raft[6]
2024/08/06 14:33:44 [term 22]: Raft[4] [state 0] receive AppendEntries from Raft[6]
2024/08/06 14:33:44 [term 22]: Raft[5] [state 0] receive AppendEntries from Raft[6]
2024/08/06 14:33:44 [term 22]: Raft[6] [state 2] receive AppendEntries from Raft[6]
2024/08/06 14:33:44 [term 3]: Raft[1] start election
2024/08/06 14:33:44 [term 23]: Raft[0] start election
2024/08/06 14:33:44 [term 22]: Raft[6] state[2] receive requestVote from Raft[0]
2024/08/06 14:33:44 [term 22]: Raft[2] state[0] receive requestVote from Raft[0]
2024/08/06 14:33:44 [term 22]: Raft[5] state[0] receive requestVote from Raft[0]
2024/08/06 14:33:44 [term 22]: Raft[4] state[0] receive requestVote from Raft[0]
2024/08/06 14:33:44 [term 23]: Raft[0] receive vote from Raft[6]
2024/08/06 14:33:44 [term 23]: Raft[0] receive vote from Raft[2]
2024/08/06 14:33:44 [term 22]: Raft[3] state[0] receive requestVote from Raft[0]
2024/08/06 14:33:44 [term 22]: Raft[1] state[0] receive requestVote from Raft[0]
2024/08/06 14:33:44 [term 23]: Raft[0] receive vote from Raft[5]
2024/08/06 14:33:44 [term 23]: Raft[0] become leader
2024/08/06 14:33:44 [term 23]: Raft[0] send Hearbeats to all peers
2024/08/06 14:33:44 [term 23]: Raft[0] [state 2] receive AppendEntries from Raft[0]
2024/08/06 14:33:44 [term 23]: Raft[2] [state 0] receive AppendEntries from Raft[0]
2024/08/06 14:33:44 [term 23]: Raft[1] [state 0] receive AppendEntries from Raft[0]
2024/08/06 14:33:44 [term 23]: Raft[3] [state 0] receive AppendEntries from Raft[0]
2024/08/06 14:33:44 [term 23]: Raft[6] [state 0] receive AppendEntries from Raft[0]
2024/08/06 14:33:44 [term 23]: Raft[5] [state 0] receive AppendEntries from Raft[0]
2024/08/06 14:33:44 [term 23]: Raft[4] [state 0] receive AppendEntries from Raft[0]
2024/08/06 14:33:44 [term 23]: Raft[0] send Hearbeats to all peers
2024/08/06 14:33:44 [term 14]: Raft[2] start election
2024/08/06 14:33:44 [term 24]: Raft[1] start election
2024/08/06 14:33:44 [term 23]: Raft[2] state[0] receive requestVote from Raft[1]
2024/08/06 14:33:44 [term 23]: Raft[6] state[0] receive requestVote from Raft[1]
2024/08/06 14:33:44 [term 23]: Raft[4] state[0] receive requestVote from Raft[1]
2024/08/06 14:33:44 [term 23]: Raft[3] state[0] receive requestVote from Raft[1]
2024/08/06 14:33:44 [term 24]: Raft[1] receive vote from Raft[2]
2024/08/06 14:33:44 [term 23]: Raft[5] state[0] receive requestVote from Raft[1]
2024/08/06 14:33:44 [term 24]: Raft[1] receive vote from Raft[6]
2024/08/06 14:33:44 [term 24]: Raft[1] receive vote from Raft[3]
2024/08/06 14:33:44 [term 24]: Raft[1] become leader
2024/08/06 14:33:44 [term 24]: Raft[1] send Hearbeats to all peers
2024/08/06 14:33:44 [term 23]: Raft[0] [state 2] receive AppendEntries from Raft[0]
2024/08/06 14:33:44 [term 23]: Raft[0] state[2] receive requestVote from Raft[1]
2024/08/06 14:33:44 [term 24]: Raft[2] [state 0] receive AppendEntries from Raft[0]
2024/08/06 14:33:44 [term 24]: Raft[6] [state 0] receive AppendEntries from Raft[0]
2024/08/06 14:33:44 [term 24]: Raft[4] [state 0] receive AppendEntries from Raft[0]
2024/08/06 14:33:44 [term 24]: Raft[3] [state 0] receive AppendEntries from Raft[0]
2024/08/06 14:33:44 [term 24]: Raft[5] [state 0] receive AppendEntries from Raft[0]
2024/08/06 14:33:44 [term 3]: Raft[1] start election
  ... Passed --   5.5  7  802  118808    0
FAIL
exit status 1
FAIL	6.5840/raft	11.005s
