Test (3A): initial election ...
2024/08/07 15:23:49 [term 0]: Raft[0] start election
2024/08/07 15:23:49 [term 0]: Raft[1] start election
2024/08/07 15:23:49 [term 0]: Raft[2] state[0] receive requestVote from Raft[1]
2024/08/07 15:23:49 [term 1]: Raft[2] state[0] receive requestVote from Raft[0]
2024/08/07 15:23:49 [term 1]: Raft[1] become leader
2024/08/07 15:23:49 [term 1]: Raft[1] send Hearbeats to all peers
2024/08/07 15:23:49 [term 1]: Raft[1] state[2] receive requestVote from Raft[0]
2024/08/07 15:23:50 [term 1]: Raft[2] start election
2024/08/07 15:23:50 [term 1]: Raft[1] state[2] receive requestVote from Raft[2]
2024/08/07 15:23:50 [term 2]: Raft[2] become leader
2024/08/07 15:23:50 [term 2]: Raft[2] send Hearbeats to all peers
--- FAIL: TestInitialElection3A (0.56s)
    config.go:467: servers disagree on term
Test (3A): election after network failure ...
2024/08/07 15:23:50 [term 1]: Raft[0] new election
2024/08/07 15:23:50 [term 1]: Raft[0] state[1] receive requestVote from Raft[1]
2024/08/07 15:23:50 [term 1]: Raft[0] start election
2024/08/07 15:23:50 [term 2]: Raft[0] state[1] receive requestVote from Raft[2]
2024/08/07 15:23:50 [term 0]: Raft[1] start election
2024/08/07 15:23:50 [term 0]: Raft[0] state[0] receive requestVote from Raft[1]
2024/08/07 15:23:50 [term 0]: Raft[2] state[0] receive requestVote from Raft[1]
2024/08/07 15:23:50 [term 1]: Raft[1] become leader
2024/08/07 15:23:50 [term 1]: Raft[1] send Hearbeats to all peers
2024/08/07 15:23:50 [term 2]: Raft[0] new election
2024/08/07 15:23:50 [term 2]: Raft[0] start election
2024/08/07 15:23:50 [term 1]: Raft[2] start election
2024/08/07 15:23:50 [term 1]: Raft[1] state[2] receive requestVote from Raft[2]
2024/08/07 15:23:50 [term 1]: Raft[0] state[0] receive requestVote from Raft[2]
2024/08/07 15:23:50 [term 2]: Raft[2] become leader
2024/08/07 15:23:50 [term 2]: Raft[2] send Hearbeats to all peers
2024/08/07 15:23:50 [term 2]: Raft[0] start election
2024/08/07 15:23:50 [term 2]: Raft[1] state[0] receive requestVote from Raft[0]
2024/08/07 15:23:50 [term 2]: Raft[2] state[2] receive requestVote from Raft[0]
2024/08/07 15:23:50 [term 3]: Raft[0] become leader
2024/08/07 15:23:50 [term 3]: Raft[0] send Hearbeats to all peers
2024/08/07 15:23:50 [term 3]: Raft[0] new election
2024/08/07 15:23:50 [term 3]: Raft[0] start election
2024/08/07 15:23:50 [term 3]: Raft[2] start election
2024/08/07 15:23:50 [term 3]: Raft[1] state[0] receive requestVote from Raft[2]
2024/08/07 15:23:50 [term 4]: Raft[2] become leader
2024/08/07 15:23:50 [term 4]: Raft[2] send Hearbeats to all peers
2024/08/07 15:23:50 [term 3]: Raft[0] send Hearbeats to all peers
2024/08/07 15:23:51 [term 4]: Raft[1] start election
2024/08/07 15:23:51 [term 4]: Raft[2] state[2] receive requestVote from Raft[1]
2024/08/07 15:23:51 [term 5]: Raft[1] become leader
2024/08/07 15:23:51 [term 5]: Raft[1] send Hearbeats to all peers
2024/08/07 15:23:51 [term 4]: Raft[0] new election
2024/08/07 15:23:51 [term 4]: Raft[0] start election
2024/08/07 15:23:51 [term 5]: Raft[1] send Hearbeats to all peers
2024/08/07 15:23:51 [term 3]: Raft[0] send Hearbeats to all peers
2024/08/07 15:23:51 [term 5]: Raft[1] start election
2024/08/07 15:23:51 [term 3]: Raft[0] state[2] receive requestVote from Raft[1]
2024/08/07 15:23:51 [term 5]: Raft[2] state[0] receive requestVote from Raft[1]
2024/08/07 15:23:51 [term 6]: Raft[1] become leader
2024/08/07 15:23:51 [term 6]: Raft[1] send Hearbeats to all peers
2024/08/07 15:23:51 [term 5]: Raft[0] new election
2024/08/07 15:23:51 [term 5]: Raft[0] start election
2024/08/07 15:23:51 [term 6]: Raft[1] send Hearbeats to all peers
2024/08/07 15:23:51 [term 6]: Raft[0] start election
2024/08/07 15:23:51 [term 6]: Raft[1] state[2] receive requestVote from Raft[0]
2024/08/07 15:23:51 [term 6]: Raft[2] state[0] receive requestVote from Raft[0]
2024/08/07 15:23:51 [term 7]: Raft[0] become leader
2024/08/07 15:23:51 [term 7]: Raft[0] send Hearbeats to all peers
2024/08/07 15:23:51 [term 6]: Raft[0] new election
2024/08/07 15:23:51 [term 6]: Raft[0] start election
2024/08/07 15:23:51 [term 7]: Raft[1] start election
2024/08/07 15:23:51 [term 7]: Raft[2] start election
2024/08/07 15:23:51 [term 7]: Raft[0] send Hearbeats to all peers
2024/08/07 15:23:52 [term 7]: Raft[0] new election
2024/08/07 15:23:52 [term 7]: Raft[0] start election
2024/08/07 15:23:52 [term 8]: Raft[1] new election
2024/08/07 15:23:52 [term 8]: Raft[1] start election
2024/08/07 15:23:52 [term 7]: Raft[0] send Hearbeats to all peers
2024/08/07 15:23:52 [term 8]: Raft[2] new election
2024/08/07 15:23:52 [term 8]: Raft[2] start election
2024/08/07 15:23:52 [term 7]: Raft[0] start election
2024/08/07 15:23:52 [term 8]: Raft[0] new election
2024/08/07 15:23:52 [term 8]: Raft[0] start election
2024/08/07 15:23:52 [term 9]: Raft[1] new election
2024/08/07 15:23:52 [term 9]: Raft[1] start election
2024/08/07 15:23:52 [term 9]: Raft[2] start election
2024/08/07 15:23:52 [term 10]: Raft[1] start election
2024/08/07 15:23:52 [term 10]: Raft[2] new election
2024/08/07 15:23:52 [term 10]: Raft[2] start election
2024/08/07 15:23:52 [term 8]: Raft[0] new election
2024/08/07 15:23:52 [term 8]: Raft[0] start election
2024/08/07 15:23:52 [term 9]: Raft[0] new election
2024/08/07 15:23:52 [term 9]: Raft[0] start election
2024/08/07 15:23:52 [term 11]: Raft[1] new election
2024/08/07 15:23:52 [term 11]: Raft[1] start election
2024/08/07 15:23:52 [term 11]: Raft[2] new election
2024/08/07 15:23:52 [term 11]: Raft[2] start election
2024/08/07 15:23:52 [term 12]: Raft[1] new election
2024/08/07 15:23:52 [term 12]: Raft[1] start election
2024/08/07 15:23:52 [term 12]: Raft[2] new election
2024/08/07 15:23:52 [term 12]: Raft[2] start election
2024/08/07 15:23:52 [term 9]: Raft[0] new election
2024/08/07 15:23:52 [term 9]: Raft[0] start election
2024/08/07 15:23:52 [term 13]: Raft[2] start election
2024/08/07 15:23:52 [term 10]: Raft[0] new election
2024/08/07 15:23:52 [term 10]: Raft[0] start election
2024/08/07 15:23:52 [term 13]: Raft[1] new election
2024/08/07 15:23:52 [term 13]: Raft[1] start election
2024/08/07 15:23:52 [term 14]: Raft[2] new election
2024/08/07 15:23:52 [term 14]: Raft[2] start election
2024/08/07 15:23:52 [term 14]: Raft[1] start election
2024/08/07 15:23:52 [term 15]: Raft[1] new election
2024/08/07 15:23:52 [term 15]: Raft[1] start election
2024/08/07 15:23:53 [term 15]: Raft[2] new election
2024/08/07 15:23:53 [term 15]: Raft[2] start election
2024/08/07 15:23:53 [term 10]: Raft[0] start election
2024/08/07 15:23:53 [term 11]: Raft[0] new election
2024/08/07 15:23:53 [term 11]: Raft[0] start election
2024/08/07 15:23:53 [term 16]: Raft[2] new election
2024/08/07 15:23:53 [term 16]: Raft[2] start election
2024/08/07 15:23:53 [term 11]: Raft[0] new election
2024/08/07 15:23:53 [term 11]: Raft[0] start election
2024/08/07 15:23:53 [term 16]: Raft[1] new election
2024/08/07 15:23:53 [term 16]: Raft[1] start election
2024/08/07 15:23:53 [term 17]: Raft[2] new election
2024/08/07 15:23:53 [term 17]: Raft[2] start election
2024/08/07 15:23:53 [term 17]: Raft[1] new election
2024/08/07 15:23:53 [term 17]: Raft[1] start election
2024/08/07 15:23:53 [term 18]: Raft[1] new election
2024/08/07 15:23:53 [term 18]: Raft[1] start election
2024/08/07 15:23:53 [term 18]: Raft[2] new election
2024/08/07 15:23:53 [term 18]: Raft[2] start election
2024/08/07 15:23:53 [term 12]: Raft[0] new election
2024/08/07 15:23:53 [term 12]: Raft[0] start election
2024/08/07 15:23:53 [term 19]: Raft[2] start election
2024/08/07 15:23:53 [term 13]: Raft[0] new election
2024/08/07 15:23:53 [term 13]: Raft[0] start election
2024/08/07 15:23:53 [term 19]: Raft[1] start election
2024/08/07 15:23:53 [term 20]: Raft[2] new election
2024/08/07 15:23:53 [term 20]: Raft[2] start election
2024/08/07 15:23:53 [term 12]: Raft[0] new election
2024/08/07 15:23:53 [term 12]: Raft[0] start election
2024/08/07 15:23:53 [term 20]: Raft[1] new election
2024/08/07 15:23:53 [term 20]: Raft[1] start election
2024/08/07 15:23:53 [term 21]: Raft[2] new election
2024/08/07 15:23:53 [term 21]: Raft[2] start election
2024/08/07 15:23:53 [term 21]: Raft[1] new election
2024/08/07 15:23:53 [term 21]: Raft[1] start election
2024/08/07 15:23:53 [term 22]: Raft[1] new election
2024/08/07 15:23:53 [term 22]: Raft[1] start election
2024/08/07 15:23:53 [term 22]: Raft[2] new election
2024/08/07 15:23:53 [term 22]: Raft[2] start election
2024/08/07 15:23:53 [term 14]: Raft[0] new election
2024/08/07 15:23:53 [term 14]: Raft[0] start election
2024/08/07 15:23:53 [term 15]: Raft[0] start election
2024/08/07 15:23:53 [term 23]: Raft[2] new election
2024/08/07 15:23:53 [term 23]: Raft[2] start election
2024/08/07 15:23:53 [term 16]: Raft[0] new election
2024/08/07 15:23:53 [term 16]: Raft[0] start election
2024/08/07 15:23:53 [term 23]: Raft[1] new election
2024/08/07 15:23:53 [term 23]: Raft[1] start election
2024/08/07 15:23:53 [term 24]: Raft[2] state[1] receive requestVote from Raft[1]
2024/08/07 15:23:53 [term 24]: Raft[2] new election
2024/08/07 15:23:53 [term 24]: Raft[2] start election
2024/08/07 15:23:53 [term 24]: Raft[1] state[1] receive requestVote from Raft[2]
2024/08/07 15:23:53 [term 25]: Raft[2] become leader
2024/08/07 15:23:53 [term 25]: Raft[2] send Hearbeats to all peers
2024/08/07 15:23:53 [term 13]: Raft[0] new election
2024/08/07 15:23:53 [term 13]: Raft[0] start election
2024/08/07 15:23:53 [term 25]: Raft[2] send Hearbeats to all peers
2024/08/07 15:23:53 [term 17]: Raft[0] new election
2024/08/07 15:23:53 [term 17]: Raft[0] start election
2024/08/07 15:23:54 [term 18]: Raft[0] new election
2024/08/07 15:23:54 [term 18]: Raft[0] start election
2024/08/07 15:23:54 [term 25]: Raft[2] send Hearbeats to all peers
2024/08/07 15:23:54 [term 19]: Raft[0] new election
2024/08/07 15:23:54 [term 19]: Raft[0] start election
2024/08/07 15:23:54 [term 25]: Raft[2] send Hearbeats to all peers
2024/08/07 15:23:54 [term 14]: Raft[0] new election
2024/08/07 15:23:54 [term 14]: Raft[0] start election
2024/08/07 15:23:54 [term 25]: Raft[2] send Hearbeats to all peers
2024/08/07 15:23:54 [term 25]: Raft[0] start election
2024/08/07 15:23:54 [term 25]: Raft[1] state[0] receive requestVote from Raft[0]
2024/08/07 15:23:54 [term 25]: Raft[2] state[2] receive requestVote from Raft[0]
2024/08/07 15:23:54 [term 26]: Raft[0] become leader
2024/08/07 15:23:54 [term 26]: Raft[0] send Hearbeats to all peers
2024/08/07 15:23:54 [term 15]: Raft[0] new election
2024/08/07 15:23:54 [term 15]: Raft[0] start election
2024/08/07 15:23:54 [term 26]: Raft[1] start election
2024/08/07 15:23:54 [term 26]: Raft[0] state[2] receive requestVote from Raft[1]
2024/08/07 15:23:54 [term 26]: Raft[2] state[0] receive requestVote from Raft[1]
2024/08/07 15:23:54 [term 27]: Raft[1] become leader
2024/08/07 15:23:54 [term 27]: Raft[1] send Hearbeats to all peers
  ... Passed --   4.4  3  174   26542    0
Test (3A): multiple elections ...
2024/08/07 15:23:54 [term 16]: Raft[0] new election
2024/08/07 15:23:54 [term 16]: Raft[0] start election
2024/08/07 15:23:54 [term 0]: Raft[2] start election
2024/08/07 15:23:54 [term 0]: Raft[6] state[0] receive requestVote from Raft[2]
2024/08/07 15:23:54 [term 0]: Raft[3] state[0] receive requestVote from Raft[2]
2024/08/07 15:23:54 [term 0]: Raft[0] state[0] receive requestVote from Raft[2]
2024/08/07 15:23:54 [term 0]: Raft[4] state[0] receive requestVote from Raft[2]
2024/08/07 15:23:54 [term 1]: Raft[2] become leader
2024/08/07 15:23:54 [term 0]: Raft[5] state[0] receive requestVote from Raft[2]
2024/08/07 15:23:54 [term 0]: Raft[1] state[0] receive requestVote from Raft[2]
2024/08/07 15:23:54 [term 1]: Raft[2] send Hearbeats to all peers
2024/08/07 15:23:54 [term 1]: Raft[3] start election
2024/08/07 15:23:54 [term 1]: Raft[6] state[0] receive requestVote from Raft[3]
2024/08/07 15:23:54 [term 1]: Raft[2] state[2] receive requestVote from Raft[3]
2024/08/07 15:23:54 [term 1]: Raft[0] state[0] receive requestVote from Raft[3]
2024/08/07 15:23:54 [term 1]: Raft[4] state[0] receive requestVote from Raft[3]
2024/08/07 15:23:54 [term 1]: Raft[5] state[0] receive requestVote from Raft[3]
2024/08/07 15:23:54 [term 2]: Raft[3] become leader
2024/08/07 15:23:54 [term 2]: Raft[3] send Hearbeats to all peers
2024/08/07 15:23:54 [term 1]: Raft[1] state[0] receive requestVote from Raft[3]
2024/08/07 15:23:54 [term 2]: Raft[5] start election
2024/08/07 15:23:54 [term 2]: Raft[6] state[0] receive requestVote from Raft[5]
2024/08/07 15:23:54 [term 2]: Raft[2] state[0] receive requestVote from Raft[5]
2024/08/07 15:23:54 [term 2]: Raft[4] state[0] receive requestVote from Raft[5]
2024/08/07 15:23:54 [term 2]: Raft[3] state[2] receive requestVote from Raft[5]
2024/08/07 15:23:54 [term 2]: Raft[0] state[0] receive requestVote from Raft[5]
2024/08/07 15:23:54 [term 2]: Raft[1] state[0] receive requestVote from Raft[5]
2024/08/07 15:23:54 [term 3]: Raft[5] become leader
2024/08/07 15:23:54 [term 3]: Raft[5] send Hearbeats to all peers
2024/08/07 15:23:55 [term 17]: Raft[0] new election
2024/08/07 15:23:55 [term 17]: Raft[0] start election
2024/08/07 15:23:55 [term 3]: Raft[0] start election
2024/08/07 15:23:55 [term 3]: Raft[6] state[0] receive requestVote from Raft[0]
2024/08/07 15:23:55 [term 3]: Raft[2] state[0] receive requestVote from Raft[0]
2024/08/07 15:23:55 [term 3]: Raft[5] state[2] receive requestVote from Raft[0]
2024/08/07 15:23:55 [term 3]: Raft[1] state[0] receive requestVote from Raft[0]
2024/08/07 15:23:55 [term 3]: Raft[4] state[0] receive requestVote from Raft[0]
2024/08/07 15:23:55 [term 3]: Raft[3] state[0] receive requestVote from Raft[0]
2024/08/07 15:23:55 [term 4]: Raft[0] become leader
2024/08/07 15:23:55 [term 4]: Raft[0] send Hearbeats to all peers
2024/08/07 15:23:55 [term 4]: Raft[1] start election
2024/08/07 15:23:55 [term 4]: Raft[6] state[0] receive requestVote from Raft[1]
2024/08/07 15:23:55 [term 4]: Raft[4] state[0] receive requestVote from Raft[1]
2024/08/07 15:23:55 [term 4]: Raft[3] state[0] receive requestVote from Raft[1]
2024/08/07 15:23:55 [term 4]: Raft[5] state[0] receive requestVote from Raft[1]
2024/08/07 15:23:55 [term 4]: Raft[0] state[2] receive requestVote from Raft[1]
2024/08/07 15:23:55 [term 5]: Raft[1] become leader
2024/08/07 15:23:55 [term 4]: Raft[2] state[0] receive requestVote from Raft[1]
2024/08/07 15:23:55 [term 5]: Raft[1] send Hearbeats to all peers
2024/08/07 15:23:55 [term 5]: Raft[1] send Hearbeats to all peers
2024/08/07 15:23:55 [term 5]: Raft[4] start election
2024/08/07 15:23:55 [term 18]: Raft[0] new election
2024/08/07 15:23:55 [term 18]: Raft[0] start election
2024/08/07 15:23:55 [term 5]: Raft[1] send Hearbeats to all peers
2024/08/07 15:23:55 [term 5]: Raft[3] start election
2024/08/07 15:23:55 [term 5]: Raft[2] start election
2024/08/07 15:23:55 [term 5]: Raft[5] start election
2024/08/07 15:23:55 [term 5]: Raft[6] state[0] receive requestVote from Raft[5]
2024/08/07 15:23:55 [term 5]: Raft[1] state[2] receive requestVote from Raft[5]
2024/08/07 15:23:55 [term 5]: Raft[0] state[0] receive requestVote from Raft[5]
2024/08/07 15:23:55 [term 6]: Raft[6] start election
2024/08/07 15:23:55 [term 6]: Raft[5] become leader
2024/08/07 15:23:55 [term 6]: Raft[5] send Hearbeats to all peers
2024/08/07 15:23:55 [term 6]: Raft[0] state[0] receive requestVote from Raft[6]
2024/08/07 15:23:55 [term 6]: Raft[5] state[2] receive requestVote from Raft[6]
2024/08/07 15:23:55 [term 6]: Raft[1] state[0] receive requestVote from Raft[6]
2024/08/07 15:23:55 [term 7]: Raft[6] become leader
2024/08/07 15:23:55 [term 7]: Raft[6] send Hearbeats to all peers
2024/08/07 15:23:55 [term 6]: Raft[4] new election
2024/08/07 15:23:55 [term 6]: Raft[4] start election
2024/08/07 15:23:55 [term 19]: Raft[0] new election
2024/08/07 15:23:55 [term 19]: Raft[0] start election
2024/08/07 15:23:55 [term 6]: Raft[3] new election
2024/08/07 15:23:55 [term 6]: Raft[3] start election
2024/08/07 15:23:55 [term 6]: Raft[2] new election
2024/08/07 15:23:55 [term 6]: Raft[2] start election
2024/08/07 15:23:55 [term 7]: Raft[1] state[0] receive requestVote from Raft[2]
2024/08/07 15:23:55 [term 7]: Raft[5] state[0] receive requestVote from Raft[2]
2024/08/07 15:23:55 [term 7]: Raft[0] state[0] receive requestVote from Raft[2]
2024/08/07 15:23:55 [term 7]: Raft[6] send Hearbeats to all peers
2024/08/07 15:23:55 [term 7]: Raft[1] start election
2024/08/07 15:23:55 [term 7]: Raft[5] state[0] receive requestVote from Raft[1]
2024/08/07 15:23:55 [term 7]: Raft[0] state[0] receive requestVote from Raft[1]
2024/08/07 15:23:55 [term 7]: Raft[2] state[1] receive requestVote from Raft[1]
2024/08/07 15:23:55 [term 8]: Raft[1] become leader
2024/08/07 15:23:55 [term 8]: Raft[1] send Hearbeats to all peers
2024/08/07 15:23:55 [term 7]: Raft[4] new election
2024/08/07 15:23:55 [term 7]: Raft[4] start election
2024/08/07 15:23:55 [term 20]: Raft[0] new election
2024/08/07 15:23:55 [term 20]: Raft[0] start election
2024/08/07 15:23:55 [term 7]: Raft[3] start election
2024/08/07 15:23:55 [term 8]: Raft[3] new election
2024/08/07 15:23:55 [term 8]: Raft[3] start election
2024/08/07 15:23:55 [term 8]: Raft[4] start election
2024/08/07 15:23:56 [term 8]: Raft[2] start election
2024/08/07 15:23:56 [term 8]: Raft[0] start election
2024/08/07 15:23:56 [term 8]: Raft[1] state[2] receive requestVote from Raft[2]
2024/08/07 15:23:56 [term 8]: Raft[5] state[0] receive requestVote from Raft[2]
2024/08/07 15:23:56 [term 9]: Raft[1] state[0] receive requestVote from Raft[0]
2024/08/07 15:23:56 [term 9]: Raft[5] state[0] receive requestVote from Raft[0]
2024/08/07 15:23:56 [term 7]: Raft[6] start election
2024/08/07 15:23:56 [term 9]: Raft[4] new election
2024/08/07 15:23:56 [term 9]: Raft[4] start election
2024/08/07 15:23:56 [term 9]: Raft[5] start election
2024/08/07 15:23:56 [term 9]: Raft[1] state[0] receive requestVote from Raft[5]
2024/08/07 15:23:56 [term 21]: Raft[0] new election
2024/08/07 15:23:56 [term 21]: Raft[0] start election
2024/08/07 15:23:56 [term 9]: Raft[3] new election
2024/08/07 15:23:56 [term 9]: Raft[3] start election
2024/08/07 15:23:56 [term 10]: Raft[3] new election
2024/08/07 15:23:56 [term 10]: Raft[4] new election
2024/08/07 15:23:56 [term 10]: Raft[3] start election
2024/08/07 15:23:56 [term 10]: Raft[4] start election
2024/08/07 15:23:56 [term 9]: Raft[0] new election
2024/08/07 15:23:56 [term 9]: Raft[0] state[1] receive requestVote from Raft[2]
2024/08/07 15:23:56 [term 9]: Raft[2] new election
2024/08/07 15:23:56 [term 9]: Raft[0] start election
2024/08/07 15:23:56 [term 9]: Raft[0] state[1] receive requestVote from Raft[5]
2024/08/07 15:23:56 [term 9]: Raft[2] state[1] receive requestVote from Raft[0]
2024/08/07 15:23:56 [term 9]: Raft[2] start election
2024/08/07 15:23:56 [term 9]: Raft[2] state[1] receive requestVote from Raft[0]
2024/08/07 15:23:56 [term 10]: Raft[2] state[1] receive requestVote from Raft[5]
2024/08/07 15:23:56 [term 10]: Raft[0] state[1] receive requestVote from Raft[2]
2024/08/07 15:23:56 [term 10]: Raft[1] state[0] receive requestVote from Raft[0]
2024/08/07 15:23:56 [term 10]: Raft[1] state[0] receive requestVote from Raft[2]
2024/08/07 15:23:56 [term 8]: Raft[6] new election
2024/08/07 15:23:56 [term 8]: Raft[6] start election
2024/08/07 15:23:56 [term 10]: Raft[1] start election
2024/08/07 15:23:56 [term 10]: Raft[0] state[1] receive requestVote from Raft[1]
2024/08/07 15:23:56 [term 10]: Raft[2] state[1] receive requestVote from Raft[1]
2024/08/07 15:23:56 [term 11]: Raft[3] start election
2024/08/07 15:23:56 [term 11]: Raft[4] new election
2024/08/07 15:23:56 [term 11]: Raft[4] start election
2024/08/07 15:23:56 [term 9]: Raft[6] start election
2024/08/07 15:23:56 [term 22]: Raft[0] new election
2024/08/07 15:23:56 [term 22]: Raft[0] start election
2024/08/07 15:23:56 [term 12]: Raft[3] new election
2024/08/07 15:23:56 [term 12]: Raft[3] start election
2024/08/07 15:23:56 [term 12]: Raft[4] start election
2024/08/07 15:23:56 [term 13]: Raft[3] new election
2024/08/07 15:23:56 [term 13]: Raft[4] new election
2024/08/07 15:23:56 [term 13]: Raft[4] start election
2024/08/07 15:23:56 [term 13]: Raft[3] start election
2024/08/07 15:23:56 [term 11]: Raft[2] start election
2024/08/07 15:23:56 [term 11]: Raft[0] state[0] receive requestVote from Raft[2]
2024/08/07 15:23:56 [term 10]: Raft[5] new election
2024/08/07 15:23:56 [term 10]: Raft[5] state[1] receive requestVote from Raft[0]
2024/08/07 15:23:56 [term 12]: Raft[2] new election
2024/08/07 15:23:56 [term 10]: Raft[5] state[1] receive requestVote from Raft[2]
2024/08/07 15:23:56 [term 10]: Raft[5] start election
2024/08/07 15:23:56 [term 12]: Raft[2] start election
2024/08/07 15:23:56 [term 10]: Raft[5] state[1] receive requestVote from Raft[1]
2024/08/07 15:23:56 [term 11]: Raft[5] state[1] receive requestVote from Raft[2]
2024/08/07 15:23:56 [term 12]: Raft[0] state[0] receive requestVote from Raft[5]
2024/08/07 15:23:56 [term 12]: Raft[5] state[0] receive requestVote from Raft[2]
2024/08/07 15:23:56 [term 12]: Raft[0] state[0] receive requestVote from Raft[2]
2024/08/07 15:23:56 [term 10]: Raft[6] new election
2024/08/07 15:23:56 [term 10]: Raft[6] start election
2024/08/07 15:23:56 [term 14]: Raft[3] new election
2024/08/07 15:23:56 [term 14]: Raft[3] start election
2024/08/07 15:23:56 [term 14]: Raft[4] new election
2024/08/07 15:23:56 [term 14]: Raft[4] start election
2024/08/07 15:23:56 [term 11]: Raft[6] new election
2024/08/07 15:23:56 [term 11]: Raft[6] start election
2024/08/07 15:23:56 [term 23]: Raft[0] new election
2024/08/07 15:23:56 [term 23]: Raft[0] start election
2024/08/07 15:23:56 [term 15]: Raft[3] new election
2024/08/07 15:23:56 [term 15]: Raft[3] start election
2024/08/07 15:23:56 [term 15]: Raft[4] new election
2024/08/07 15:23:56 [term 15]: Raft[4] start election
2024/08/07 15:23:56 [term 13]: Raft[5] start election
2024/08/07 15:23:56 [term 13]: Raft[0] state[0] receive requestVote from Raft[5]
2024/08/07 15:23:56 [term 16]: Raft[3] new election
2024/08/07 15:23:56 [term 16]: Raft[4] new election
2024/08/07 15:23:56 [term 16]: Raft[4] start election
2024/08/07 15:23:56 [term 16]: Raft[3] start election
2024/08/07 15:23:56 [term 13]: Raft[2] new election
2024/08/07 15:23:56 [term 13]: Raft[2] start election
2024/08/07 15:23:56 [term 14]: Raft[5] new election
2024/08/07 15:23:56 [term 14]: Raft[5] start election
2024/08/07 15:23:56 [term 13]: Raft[2] new election
2024/08/07 15:23:56 [term 14]: Raft[2] state[1] receive requestVote from Raft[5]
2024/08/07 15:23:56 [term 11]: Raft[1] new election
2024/08/07 15:23:56 [term 14]: Raft[0] state[0] receive requestVote from Raft[5]
2024/08/07 15:23:56 [term 14]: Raft[2] state[1] receive requestVote from Raft[5]
2024/08/07 15:23:56 [term 15]: Raft[0] state[0] receive requestVote from Raft[2]
2024/08/07 15:23:56 [term 11]: Raft[1] state[1] receive requestVote from Raft[2]
2024/08/07 15:23:56 [term 14]: Raft[2] start election
2024/08/07 15:23:56 [term 12]: Raft[1] state[0] receive requestVote from Raft[5]
2024/08/07 15:23:56 [term 11]: Raft[1] start election
2024/08/07 15:23:56 [term 16]: Raft[2] state[1] receive requestVote from Raft[5]
2024/08/07 15:23:56 [term 15]: Raft[1] state[0] receive requestVote from Raft[5]
2024/08/07 15:23:56 [term 16]: Raft[1] state[1] receive requestVote from Raft[2]
2024/08/07 15:23:56 [term 15]: Raft[0] state[0] receive requestVote from Raft[2]
2024/08/07 15:23:56 [term 16]: Raft[1] state[1] receive requestVote from Raft[5]
2024/08/07 15:23:56 [term 16]: Raft[2] state[1] receive requestVote from Raft[1]
2024/08/07 15:23:56 [term 16]: Raft[1] state[1] receive requestVote from Raft[2]
2024/08/07 15:23:56 [term 16]: Raft[0] state[0] receive requestVote from Raft[1]
2024/08/07 15:23:56 [term 16]: Raft[1] state[1] receive requestVote from Raft[2]
2024/08/07 15:23:56 [term 12]: Raft[6] new election
2024/08/07 15:23:56 [term 12]: Raft[6] start election
2024/08/07 15:23:56 [term 17]: Raft[3] start election
2024/08/07 15:23:57 [term 18]: Raft[3] new election
2024/08/07 15:23:57 [term 18]: Raft[3] start election
2024/08/07 15:23:57 [term 17]: Raft[4] new election
2024/08/07 15:23:57 [term 17]: Raft[4] start election
2024/08/07 15:23:57 [term 18]: Raft[4] start election
2024/08/07 15:23:57 [term 13]: Raft[6] new election
2024/08/07 15:23:57 [term 13]: Raft[6] start election
2024/08/07 15:23:57 [term 24]: Raft[0] new election
2024/08/07 15:23:57 [term 24]: Raft[0] start election
2024/08/07 15:23:57 [term 19]: Raft[3] new election
2024/08/07 15:23:57 [term 19]: Raft[3] start election
2024/08/07 15:23:57 [term 19]: Raft[4] new election
2024/08/07 15:23:57 [term 19]: Raft[4] start election
2024/08/07 15:23:57 [term 16]: Raft[2] start election
2024/08/07 15:23:57 [term 16]: Raft[1] state[1] receive requestVote from Raft[2]
2024/08/07 15:23:57 [term 16]: Raft[0] state[0] receive requestVote from Raft[2]
2024/08/07 15:23:57 [term 14]: Raft[6] start election
2024/08/07 15:23:57 [term 20]: Raft[3] new election
2024/08/07 15:23:57 [term 20]: Raft[3] start election
2024/08/07 15:23:57 [term 20]: Raft[4] new election
2024/08/07 15:23:57 [term 20]: Raft[4] start election
2024/08/07 15:23:57 [term 17]: Raft[1] start election
2024/08/07 15:23:57 [term 17]: Raft[0] state[0] receive requestVote from Raft[1]
2024/08/07 15:23:57 [term 16]: Raft[5] state[0] receive requestVote from Raft[2]
2024/08/07 15:23:57 [term 18]: Raft[1] new election
2024/08/07 15:23:57 [term 16]: Raft[5] state[0] receive requestVote from Raft[2]
2024/08/07 15:23:57 [term 17]: Raft[2] new election
2024/08/07 15:23:57 [term 18]: Raft[1] start election
2024/08/07 15:23:57 [term 17]: Raft[2] start election
2024/08/07 15:23:57 [term 16]: Raft[5] state[0] receive requestVote from Raft[1]
2024/08/07 15:23:57 [term 18]: Raft[0] state[0] receive requestVote from Raft[1]
2024/08/07 15:23:57 [term 16]: Raft[5] state[0] receive requestVote from Raft[2]
2024/08/07 15:23:57 [term 19]: Raft[0] state[0] receive requestVote from Raft[2]
2024/08/07 15:23:57 [term 18]: Raft[5] state[0] receive requestVote from Raft[2]
2024/08/07 15:23:57 [term 18]: Raft[5] state[0] receive requestVote from Raft[1]
2024/08/07 15:23:57 [term 18]: Raft[5] state[0] receive requestVote from Raft[1]
2024/08/07 15:23:57 [term 15]: Raft[6] new election
2024/08/07 15:23:57 [term 15]: Raft[6] start election
2024/08/07 15:23:57 [term 21]: Raft[3] new election
2024/08/07 15:23:57 [term 21]: Raft[3] start election
2024/08/07 15:23:57 [term 22]: Raft[3] new election
2024/08/07 15:23:57 [term 22]: Raft[3] start election
2024/08/07 15:23:57 [term 21]: Raft[4] new election
2024/08/07 15:23:57 [term 21]: Raft[4] start election
2024/08/07 15:23:57 [term 19]: Raft[5] start election
2024/08/07 15:23:57 [term 19]: Raft[0] state[0] receive requestVote from Raft[5]
2024/08/07 15:23:57 [term 22]: Raft[4] new election
2024/08/07 15:23:57 [term 22]: Raft[4] start election
2024/08/07 15:23:57 [term 16]: Raft[6] new election
2024/08/07 15:23:57 [term 16]: Raft[6] start election
2024/08/07 15:23:57 [term 25]: Raft[0] new election
2024/08/07 15:23:57 [term 25]: Raft[0] start election
2024/08/07 15:23:57 [term 23]: Raft[3] new election
2024/08/07 15:23:57 [term 23]: Raft[3] start election
2024/08/07 15:23:57 [term 23]: Raft[4] new election
2024/08/07 15:23:57 [term 23]: Raft[4] start election
2024/08/07 15:23:57 [term 17]: Raft[6] new election
2024/08/07 15:23:57 [term 17]: Raft[6] start election
2024/08/07 15:23:57 [term 24]: Raft[4] new election
2024/08/07 15:23:57 [term 24]: Raft[3] new election
2024/08/07 15:23:57 [term 24]: Raft[3] start election
2024/08/07 15:23:57 [term 24]: Raft[4] start election
2024/08/07 15:23:57 [term 19]: Raft[1] new election
2024/08/07 15:23:57 [term 19]: Raft[2] state[0] receive requestVote from Raft[1]
2024/08/07 15:23:57 [term 19]: Raft[1] start election
2024/08/07 15:23:57 [term 19]: Raft[2] state[0] receive requestVote from Raft[1]
2024/08/07 15:23:57 [term 19]: Raft[1] state[1] receive requestVote from Raft[2]
2024/08/07 15:23:57 [term 19]: Raft[2] state[0] receive requestVote from Raft[5]
2024/08/07 15:23:57 [term 20]: Raft[2] state[0] receive requestVote from Raft[1]
2024/08/07 15:23:57 [term 20]: Raft[1] state[1] receive requestVote from Raft[5]
2024/08/07 15:23:57 [term 19]: Raft[1] new election
2024/08/07 15:23:57 [term 20]: Raft[1] start election
2024/08/07 15:23:57 [term 20]: Raft[0] state[0] receive requestVote from Raft[1]
2024/08/07 15:23:57 [term 20]: Raft[2] state[0] receive requestVote from Raft[1]
2024/08/07 15:23:57 [term 20]: Raft[0] state[0] receive requestVote from Raft[1]
2024/08/07 15:23:57 [term 18]: Raft[6] new election
2024/08/07 15:23:57 [term 18]: Raft[6] start election
2024/08/07 15:23:57 [term 25]: Raft[3] start election
2024/08/07 15:23:57 [term 26]: Raft[3] new election
2024/08/07 15:23:57 [term 26]: Raft[3] start election
2024/08/07 15:23:57 [term 19]: Raft[6] start election
2024/08/07 15:23:57 [term 27]: Raft[3] new election
2024/08/07 15:23:57 [term 27]: Raft[3] start election
2024/08/07 15:23:57 [term 21]: Raft[1] start election
2024/08/07 15:23:57 [term 21]: Raft[0] state[0] receive requestVote from Raft[1]
2024/08/07 15:23:57 [term 21]: Raft[2] state[0] receive requestVote from Raft[1]
2024/08/07 15:23:57 [term 25]: Raft[4] new election
2024/08/07 15:23:57 [term 25]: Raft[4] start election
2024/08/07 15:23:57 [term 26]: Raft[4] start election
2024/08/07 15:23:57 [term 20]: Raft[6] new election
2024/08/07 15:23:57 [term 27]: Raft[4] new election
2024/08/07 15:23:57 [term 20]: Raft[6] start election
2024/08/07 15:23:57 [term 27]: Raft[4] start election
2024/08/07 15:23:57 [term 26]: Raft[0] new election
2024/08/07 15:23:57 [term 28]: Raft[4] new election
2024/08/07 15:23:57 [term 28]: Raft[3] new election
2024/08/07 15:23:57 [term 28]: Raft[3] start election
2024/08/07 15:23:57 [term 26]: Raft[0] start election
2024/08/07 15:23:57 [term 28]: Raft[4] start election
2024/08/07 15:23:57 [term 21]: Raft[6] new election
2024/08/07 15:23:57 [term 21]: Raft[6] start election
2024/08/07 15:23:57 [term 29]: Raft[4] new election
2024/08/07 15:23:57 [term 29]: Raft[3] new election
2024/08/07 15:23:57 [term 29]: Raft[3] start election
2024/08/07 15:23:57 [term 29]: Raft[4] start election
2024/08/07 15:23:57 [term 20]: Raft[5] new election
2024/08/07 15:23:57 [term 20]: Raft[5] state[1] receive requestVote from Raft[1]
2024/08/07 15:23:57 [term 20]: Raft[5] start election
2024/08/07 15:23:57 [term 20]: Raft[5] state[1] receive requestVote from Raft[1]
2024/08/07 15:23:57 [term 22]: Raft[1] new election
2024/08/07 15:23:57 [term 22]: Raft[1] start election
2024/08/07 15:23:57 [term 21]: Raft[5] state[1] receive requestVote from Raft[1]
2024/08/07 15:23:57 [term 22]: Raft[0] state[0] receive requestVote from Raft[5]
2024/08/07 15:23:57 [term 23]: Raft[1] become leader
2024/08/07 15:23:57 [term 23]: Raft[1] send Hearbeats to all peers
2024/08/07 15:23:57 [term 22]: Raft[5] state[0] receive requestVote from Raft[1]
2024/08/07 15:23:57 [term 22]: Raft[0] state[0] receive requestVote from Raft[1]
2024/08/07 15:23:57 [term 23]: Raft[1] state[2] receive requestVote from Raft[5]
2024/08/07 15:23:57 [term 22]: Raft[2] state[0] receive requestVote from Raft[5]
2024/08/07 15:23:57 [term 22]: Raft[2] state[0] receive requestVote from Raft[1]
2024/08/07 15:23:57 [term 23]: Raft[1] become leader
2024/08/07 15:23:57 [term 23]: Raft[1] send Hearbeats to all peers
2024/08/07 15:23:57 [term 22]: Raft[6] new election
2024/08/07 15:23:57 [term 22]: Raft[6] start election
2024/08/07 15:23:57 [term 30]: Raft[3] new election
2024/08/07 15:23:57 [term 30]: Raft[3] start election
2024/08/07 15:23:57 [term 31]: Raft[3] new election
2024/08/07 15:23:57 [term 31]: Raft[3] start election
2024/08/07 15:23:57 [term 23]: Raft[6] new election
2024/08/07 15:23:57 [term 23]: Raft[6] start election
2024/08/07 15:23:57 [term 23]: Raft[5] start election
2024/08/07 15:23:57 [term 23]: Raft[2] state[0] receive requestVote from Raft[5]
2024/08/07 15:23:57 [term 23]: Raft[1] state[2] receive requestVote from Raft[5]
2024/08/07 15:23:57 [term 23]: Raft[0] state[0] receive requestVote from Raft[5]
2024/08/07 15:23:57 [term 24]: Raft[5] become leader
2024/08/07 15:23:57 [term 24]: Raft[5] send Hearbeats to all peers
2024/08/07 15:23:57 [term 32]: Raft[3] new election
2024/08/07 15:23:57 [term 32]: Raft[3] start election
2024/08/07 15:23:58 [term 30]: Raft[4] new election
2024/08/07 15:23:58 [term 30]: Raft[4] start election
2024/08/07 15:23:58 [term 31]: Raft[4] new election
2024/08/07 15:23:58 [term 31]: Raft[4] start election
2024/08/07 15:23:58 [term 32]: Raft[4] new election
2024/08/07 15:23:58 [term 32]: Raft[4] start election
2024/08/07 15:23:58 [term 24]: Raft[6] new election
2024/08/07 15:23:58 [term 24]: Raft[6] start election
2024/08/07 15:23:58 [term 33]: Raft[3] new election
2024/08/07 15:23:58 [term 33]: Raft[4] new election
2024/08/07 15:23:58 [term 33]: Raft[4] start election
2024/08/07 15:23:58 [term 27]: Raft[0] new election
2024/08/07 15:23:58 [term 27]: Raft[0] start election
2024/08/07 15:23:58 [term 33]: Raft[3] start election
2024/08/07 15:23:58 [term 25]: Raft[6] new election
2024/08/07 15:23:58 [term 25]: Raft[6] start election
2024/08/07 15:23:58 [term 34]: Raft[3] new election
2024/08/07 15:23:58 [term 34]: Raft[4] new election
2024/08/07 15:23:58 [term 34]: Raft[3] start election
2024/08/07 15:23:58 [term 34]: Raft[4] start election
2024/08/07 15:23:58 [term 24]: Raft[1] start election
2024/08/07 15:23:58 [term 25]: Raft[1] new election
2024/08/07 15:23:58 [term 25]: Raft[1] start election
2024/08/07 15:23:58 [term 26]: Raft[6] new election
2024/08/07 15:23:58 [term 26]: Raft[6] start election
2024/08/07 15:23:58 [term 35]: Raft[3] state[1] receive requestVote from Raft[6]
2024/08/07 15:23:58 [term 24]: Raft[2] state[0] receive requestVote from Raft[6]
2024/08/07 15:23:58 [term 35]: Raft[4] state[1] receive requestVote from Raft[6]
2024/08/07 15:23:58 [term 24]: Raft[0] start election
2024/08/07 15:23:58 [term 35]: Raft[3] new election
2024/08/07 15:23:58 [term 35]: Raft[3] start election
2024/08/07 15:23:58 [term 35]: Raft[6] state[0] receive requestVote from Raft[3]
2024/08/07 15:23:58 [term 27]: Raft[2] state[0] receive requestVote from Raft[3]
2024/08/07 15:23:58 [term 35]: Raft[4] state[1] receive requestVote from Raft[3]
2024/08/07 15:23:58 [term 36]: Raft[3] become leader
2024/08/07 15:23:58 [term 36]: Raft[3] send Hearbeats to all peers
2024/08/07 15:23:58 [term 36]: Raft[3] start election
2024/08/07 15:23:58 [term 36]: Raft[6] state[0] receive requestVote from Raft[3]
2024/08/07 15:23:58 [term 36]: Raft[2] state[0] receive requestVote from Raft[3]
2024/08/07 15:23:58 [term 36]: Raft[4] state[0] receive requestVote from Raft[3]
2024/08/07 15:23:58 [term 37]: Raft[3] become leader
2024/08/07 15:23:58 [term 37]: Raft[3] send Hearbeats to all peers
2024/08/07 15:23:58 [term 37]: Raft[6] start election
2024/08/07 15:23:58 [term 37]: Raft[2] state[0] receive requestVote from Raft[6]
2024/08/07 15:23:58 [term 37]: Raft[3] state[2] receive requestVote from Raft[6]
2024/08/07 15:23:58 [term 37]: Raft[4] state[0] receive requestVote from Raft[6]
2024/08/07 15:23:58 [term 38]: Raft[6] become leader
2024/08/07 15:23:58 [term 38]: Raft[6] send Hearbeats to all peers
2024/08/07 15:23:58 [term 24]: Raft[5] start election
2024/08/07 15:23:58 [term 28]: Raft[0] new election
2024/08/07 15:23:58 [term 28]: Raft[0] start election
2024/08/07 15:23:58 [term 26]: Raft[1] new election
2024/08/07 15:23:58 [term 26]: Raft[1] start election
2024/08/07 15:23:58 [term 27]: Raft[1] new election
2024/08/07 15:23:58 [term 27]: Raft[1] start election
2024/08/07 15:23:58 [term 25]: Raft[0] new election
2024/08/07 15:23:58 [term 25]: Raft[0] start election
2024/08/07 15:23:58 [term 38]: Raft[6] send Hearbeats to all peers
2024/08/07 15:23:58 [term 25]: Raft[5] new election
2024/08/07 15:23:58 [term 25]: Raft[5] start election
2024/08/07 15:23:58 [term 38]: Raft[6] send Hearbeats to all peers
2024/08/07 15:23:58 [term 29]: Raft[0] new election
2024/08/07 15:23:58 [term 29]: Raft[0] start election
2024/08/07 15:23:58 [term 38]: Raft[6] start election
2024/08/07 15:23:58 [term 38]: Raft[2] state[0] receive requestVote from Raft[6]
2024/08/07 15:23:58 [term 26]: Raft[0] state[1] receive requestVote from Raft[6]
2024/08/07 15:23:58 [term 38]: Raft[3] state[0] receive requestVote from Raft[6]
2024/08/07 15:23:58 [term 38]: Raft[4] state[0] receive requestVote from Raft[6]
2024/08/07 15:23:58 [term 39]: Raft[6] become leader
2024/08/07 15:23:58 [term 39]: Raft[6] send Hearbeats to all peers
2024/08/07 15:23:58 [term 28]: Raft[1] start election
2024/08/07 15:23:58 [term 29]: Raft[1] new election
2024/08/07 15:23:58 [term 29]: Raft[1] start election
2024/08/07 15:23:58 [term 39]: Raft[0] start election
2024/08/07 15:23:58 [term 39]: Raft[3] state[0] receive requestVote from Raft[0]
2024/08/07 15:23:58 [term 39]: Raft[6] state[2] receive requestVote from Raft[0]
2024/08/07 15:23:58 [term 39]: Raft[2] state[0] receive requestVote from Raft[0]
2024/08/07 15:23:58 [term 39]: Raft[4] state[0] receive requestVote from Raft[0]
2024/08/07 15:23:58 [term 40]: Raft[0] become leader
2024/08/07 15:23:58 [term 40]: Raft[0] send Hearbeats to all peers
2024/08/07 15:23:58 [term 30]: Raft[1] new election
2024/08/07 15:23:58 [term 30]: Raft[1] start election
2024/08/07 15:23:58 [term 40]: Raft[0] send Hearbeats to all peers
2024/08/07 15:23:58 [term 26]: Raft[5] new election
2024/08/07 15:23:58 [term 26]: Raft[5] start election
2024/08/07 15:23:58 [term 27]: Raft[5] start election
2024/08/07 15:23:58 [term 30]: Raft[0] new election
2024/08/07 15:23:58 [term 30]: Raft[0] start election
2024/08/07 15:23:59 [term 40]: Raft[4] start election
2024/08/07 15:23:59 [term 40]: Raft[2] state[0] receive requestVote from Raft[4]
2024/08/07 15:23:59 [term 40]: Raft[3] state[0] receive requestVote from Raft[4]
2024/08/07 15:23:59 [term 40]: Raft[0] state[2] receive requestVote from Raft[4]
2024/08/07 15:23:59 [term 40]: Raft[6] state[0] receive requestVote from Raft[4]
2024/08/07 15:23:59 [term 41]: Raft[4] become leader
2024/08/07 15:23:59 [term 41]: Raft[4] send Hearbeats to all peers
2024/08/07 15:23:59 [term 31]: Raft[1] new election
2024/08/07 15:23:59 [term 31]: Raft[1] start election
2024/08/07 15:23:59 [term 32]: Raft[1] new election
2024/08/07 15:23:59 [term 32]: Raft[1] start election
2024/08/07 15:23:59 [term 33]: Raft[1] new election
2024/08/07 15:23:59 [term 33]: Raft[1] start election
2024/08/07 15:23:59 [term 41]: Raft[4] send Hearbeats to all peers
2024/08/07 15:23:59 [term 28]: Raft[5] new election
2024/08/07 15:23:59 [term 28]: Raft[5] start election
2024/08/07 15:23:59 [term 41]: Raft[6] state[0] receive requestVote from Raft[5]
2024/08/07 15:23:59 [term 41]: Raft[2] state[0] receive requestVote from Raft[5]
2024/08/07 15:23:59 [term 34]: Raft[1] state[1] receive requestVote from Raft[5]
2024/08/07 15:23:59 [term 41]: Raft[0] state[0] receive requestVote from Raft[5]
2024/08/07 15:23:59 [term 41]: Raft[4] send Hearbeats to all peers
2024/08/07 15:23:59 [term 31]: Raft[0] new election
2024/08/07 15:23:59 [term 31]: Raft[0] start election
2024/08/07 15:23:59 [term 34]: Raft[1] new election
2024/08/07 15:23:59 [term 34]: Raft[1] start election
2024/08/07 15:23:59 [term 41]: Raft[6] state[0] receive requestVote from Raft[1]
2024/08/07 15:23:59 [term 41]: Raft[0] state[0] receive requestVote from Raft[1]
2024/08/07 15:23:59 [term 41]: Raft[2] state[0] receive requestVote from Raft[1]
2024/08/07 15:23:59 [term 41]: Raft[5] state[0] receive requestVote from Raft[1]
2024/08/07 15:23:59 [term 41]: Raft[4] send Hearbeats to all peers
2024/08/07 15:23:59 [term 41]: Raft[6] start election
2024/08/07 15:23:59 [term 41]: Raft[5] state[0] receive requestVote from Raft[6]
2024/08/07 15:23:59 [term 41]: Raft[0] state[0] receive requestVote from Raft[6]
2024/08/07 15:23:59 [term 41]: Raft[1] state[0] receive requestVote from Raft[6]
2024/08/07 15:23:59 [term 41]: Raft[2] state[0] receive requestVote from Raft[6]
2024/08/07 15:23:59 [term 42]: Raft[6] become leader
2024/08/07 15:23:59 [term 42]: Raft[6] send Hearbeats to all peers
2024/08/07 15:23:59 [term 41]: Raft[3] start election
2024/08/07 15:23:59 [term 42]: Raft[1] start election
2024/08/07 15:23:59 [term 42]: Raft[6] state[2] receive requestVote from Raft[1]
2024/08/07 15:23:59 [term 42]: Raft[2] state[0] receive requestVote from Raft[1]
2024/08/07 15:23:59 [term 42]: Raft[5] state[0] receive requestVote from Raft[1]
2024/08/07 15:23:59 [term 42]: Raft[0] state[0] receive requestVote from Raft[1]
2024/08/07 15:23:59 [term 43]: Raft[1] become leader
2024/08/07 15:23:59 [term 43]: Raft[1] send Hearbeats to all peers
2024/08/07 15:23:59 [term 41]: Raft[4] start election
2024/08/07 15:23:59 [term 32]: Raft[0] new election
2024/08/07 15:23:59 [term 32]: Raft[0] start election
2024/08/07 15:23:59 [term 43]: Raft[0] start election
2024/08/07 15:23:59 [term 43]: Raft[1] state[2] receive requestVote from Raft[0]
2024/08/07 15:23:59 [term 43]: Raft[6] state[0] receive requestVote from Raft[0]
2024/08/07 15:23:59 [term 43]: Raft[5] state[0] receive requestVote from Raft[0]
2024/08/07 15:23:59 [term 43]: Raft[2] state[0] receive requestVote from Raft[0]
2024/08/07 15:23:59 [term 44]: Raft[0] become leader
2024/08/07 15:23:59 [term 44]: Raft[0] send Hearbeats to all peers
2024/08/07 15:23:59 [term 44]: Raft[6] start election
2024/08/07 15:23:59 [term 44]: Raft[5] state[0] receive requestVote from Raft[6]
2024/08/07 15:23:59 [term 44]: Raft[2] state[0] receive requestVote from Raft[6]
2024/08/07 15:23:59 [term 44]: Raft[1] state[0] receive requestVote from Raft[6]
2024/08/07 15:23:59 [term 44]: Raft[0] state[2] receive requestVote from Raft[6]
2024/08/07 15:23:59 [term 45]: Raft[6] become leader
2024/08/07 15:23:59 [term 45]: Raft[6] send Hearbeats to all peers
2024/08/07 15:23:59 [term 42]: Raft[3] new election
2024/08/07 15:23:59 [term 42]: Raft[3] start election
2024/08/07 15:23:59 [term 45]: Raft[5] state[0] receive requestVote from Raft[3]
2024/08/07 15:23:59 [term 45]: Raft[0] state[0] receive requestVote from Raft[3]
2024/08/07 15:23:59 [term 45]: Raft[2] state[0] receive requestVote from Raft[3]
2024/08/07 15:23:59 [term 42]: Raft[4] new election
2024/08/07 15:23:59 [term 42]: Raft[4] start election
2024/08/07 15:23:59 [term 42]: Raft[4] state[1] receive requestVote from Raft[3]
2024/08/07 15:23:59 [term 45]: Raft[2] state[0] receive requestVote from Raft[4]
2024/08/07 15:23:59 [term 45]: Raft[3] state[0] receive requestVote from Raft[4]
2024/08/07 15:23:59 [term 45]: Raft[0] state[0] receive requestVote from Raft[4]
2024/08/07 15:23:59 [term 45]: Raft[5] state[0] receive requestVote from Raft[4]
2024/08/07 15:23:59 [term 45]: Raft[6] send Hearbeats to all peers
2024/08/07 15:23:59 [term 45]: Raft[5] start election
2024/08/07 15:23:59 [term 45]: Raft[0] state[0] receive requestVote from Raft[5]
2024/08/07 15:23:59 [term 45]: Raft[2] state[0] receive requestVote from Raft[5]
2024/08/07 15:23:59 [term 45]: Raft[3] state[0] receive requestVote from Raft[5]
2024/08/07 15:23:59 [term 45]: Raft[4] state[0] receive requestVote from Raft[5]
2024/08/07 15:23:59 [term 46]: Raft[5] become leader
2024/08/07 15:23:59 [term 46]: Raft[5] send Hearbeats to all peers
2024/08/07 15:23:59 [term 33]: Raft[0] new election
2024/08/07 15:23:59 [term 33]: Raft[0] start election
2024/08/07 15:23:59 [term 45]: Raft[1] start election
2024/08/07 15:23:59 [term 46]: Raft[0] start election
2024/08/07 15:23:59 [term 46]: Raft[4] state[0] receive requestVote from Raft[0]
2024/08/07 15:23:59 [term 46]: Raft[3] state[0] receive requestVote from Raft[0]
2024/08/07 15:23:59 [term 46]: Raft[2] state[0] receive requestVote from Raft[0]
2024/08/07 15:23:59 [term 46]: Raft[5] state[2] receive requestVote from Raft[0]
2024/08/07 15:23:59 [term 47]: Raft[0] become leader
2024/08/07 15:23:59 [term 47]: Raft[0] send Hearbeats to all peers
2024/08/07 15:24:00 [term 45]: Raft[6] send Hearbeats to all peers
2024/08/07 15:24:00 [term 47]: Raft[0] send Hearbeats to all peers
2024/08/07 15:24:00 [term 34]: Raft[0] new election
2024/08/07 15:24:00 [term 34]: Raft[0] start election
2024/08/07 15:24:00 [term 46]: Raft[1] new election
2024/08/07 15:24:00 [term 46]: Raft[1] start election
2024/08/07 15:24:00 [term 45]: Raft[6] send Hearbeats to all peers
2024/08/07 15:24:00 [term 47]: Raft[5] start election
2024/08/07 15:24:00 [term 45]: Raft[6] state[2] receive requestVote from Raft[5]
2024/08/07 15:24:00 [term 47]: Raft[2] state[0] receive requestVote from Raft[5]
2024/08/07 15:24:00 [term 47]: Raft[0] state[2] receive requestVote from Raft[5]
2024/08/07 15:24:00 [term 47]: Raft[1] state[1] receive requestVote from Raft[5]
2024/08/07 15:24:00 [term 48]: Raft[5] become leader
2024/08/07 15:24:00 [term 48]: Raft[5] send Hearbeats to all peers
2024/08/07 15:24:00 [term 47]: Raft[4] start election
2024/08/07 15:24:00 [term 47]: Raft[3] start election
2024/08/07 15:24:00 [term 48]: Raft[2] start election
2024/08/07 15:24:00 [term 48]: Raft[6] state[0] receive requestVote from Raft[2]
2024/08/07 15:24:00 [term 48]: Raft[0] state[0] receive requestVote from Raft[2]
2024/08/07 15:24:00 [term 48]: Raft[5] state[2] receive requestVote from Raft[2]
2024/08/07 15:24:00 [term 48]: Raft[1] state[0] receive requestVote from Raft[2]
2024/08/07 15:24:00 [term 49]: Raft[2] become leader
2024/08/07 15:24:00 [term 49]: Raft[2] send Hearbeats to all peers
2024/08/07 15:24:00 [term 35]: Raft[0] new election
2024/08/07 15:24:00 [term 35]: Raft[0] start election
2024/08/07 15:24:00 [term 49]: Raft[6] start election
2024/08/07 15:24:00 [term 49]: Raft[5] state[0] receive requestVote from Raft[6]
2024/08/07 15:24:00 [term 49]: Raft[1] state[0] receive requestVote from Raft[6]
2024/08/07 15:24:00 [term 49]: Raft[0] state[0] receive requestVote from Raft[6]
2024/08/07 15:24:00 [term 49]: Raft[2] state[2] receive requestVote from Raft[6]
2024/08/07 15:24:00 [term 50]: Raft[6] become leader
2024/08/07 15:24:00 [term 50]: Raft[6] send Hearbeats to all peers
2024/08/07 15:24:00 [term 48]: Raft[4] new election
2024/08/07 15:24:00 [term 48]: Raft[4] start election
2024/08/07 15:24:00 [term 48]: Raft[3] new election
2024/08/07 15:24:00 [term 48]: Raft[3] start election
2024/08/07 15:24:00 [term 36]: Raft[0] new election
2024/08/07 15:24:00 [term 36]: Raft[0] start election
2024/08/07 15:24:00 [term 50]: Raft[0] start election
2024/08/07 15:24:00 [term 50]: Raft[1] start election
2024/08/07 15:24:00 [term 50]: Raft[5] state[0] receive requestVote from Raft[1]
2024/08/07 15:24:00 [term 50]: Raft[6] state[2] receive requestVote from Raft[1]
2024/08/07 15:24:00 [term 50]: Raft[2] state[0] receive requestVote from Raft[1]
2024/08/07 15:24:00 [term 51]: Raft[1] become leader
2024/08/07 15:24:00 [term 51]: Raft[1] send Hearbeats to all peers
2024/08/07 15:24:00 [term 51]: Raft[2] start election
2024/08/07 15:24:00 [term 51]: Raft[6] state[0] receive requestVote from Raft[2]
2024/08/07 15:24:00 [term 51]: Raft[1] state[2] receive requestVote from Raft[2]
2024/08/07 15:24:00 [term 51]: Raft[5] state[0] receive requestVote from Raft[2]
2024/08/07 15:24:00 [term 52]: Raft[2] become leader
2024/08/07 15:24:00 [term 52]: Raft[2] send Hearbeats to all peers
2024/08/07 15:24:00 [term 49]: Raft[4] start election
2024/08/07 15:24:00 [term 50]: Raft[4] new election
2024/08/07 15:24:00 [term 50]: Raft[4] start election
2024/08/07 15:24:00 [term 49]: Raft[3] start election
2024/08/07 15:24:00 [term 50]: Raft[3] new election
2024/08/07 15:24:00 [term 50]: Raft[3] start election
2024/08/07 15:24:00 [term 52]: Raft[5] start election
2024/08/07 15:24:00 [term 52]: Raft[6] state[0] receive requestVote from Raft[5]
2024/08/07 15:24:00 [term 52]: Raft[2] state[2] receive requestVote from Raft[5]
2024/08/07 15:24:00 [term 52]: Raft[1] state[0] receive requestVote from Raft[5]
2024/08/07 15:24:00 [term 53]: Raft[5] become leader
2024/08/07 15:24:00 [term 53]: Raft[5] send Hearbeats to all peers
2024/08/07 15:24:01 [term 37]: Raft[0] new election
2024/08/07 15:24:01 [term 37]: Raft[0] start election
2024/08/07 15:24:01 [term 51]: Raft[0] new election
2024/08/07 15:24:01 [term 51]: Raft[0] start election
2024/08/07 15:24:01 [term 51]: Raft[4] new election
2024/08/07 15:24:01 [term 51]: Raft[4] start election
2024/08/07 15:24:01 [term 53]: Raft[2] start election
2024/08/07 15:24:01 [term 53]: Raft[6] state[0] receive requestVote from Raft[2]
2024/08/07 15:24:01 [term 53]: Raft[5] state[2] receive requestVote from Raft[2]
2024/08/07 15:24:01 [term 53]: Raft[1] state[0] receive requestVote from Raft[2]
2024/08/07 15:24:01 [term 54]: Raft[2] become leader
2024/08/07 15:24:01 [term 54]: Raft[2] send Hearbeats to all peers
2024/08/07 15:24:01 [term 52]: Raft[4] new election
2024/08/07 15:24:01 [term 52]: Raft[4] start election
2024/08/07 15:24:01 [term 51]: Raft[3] new election
2024/08/07 15:24:01 [term 51]: Raft[3] start election
2024/08/07 15:24:01 [term 52]: Raft[3] new election
2024/08/07 15:24:01 [term 52]: Raft[3] start election
2024/08/07 15:24:01 [term 52]: Raft[0] start election
2024/08/07 15:24:01 [term 54]: Raft[2] state[2] receive requestVote from Raft[0]
2024/08/07 15:24:01 [term 53]: Raft[4] state[1] receive requestVote from Raft[0]
2024/08/07 15:24:01 [term 54]: Raft[1] state[0] receive requestVote from Raft[0]
2024/08/07 15:24:01 [term 54]: Raft[1] start election
2024/08/07 15:24:01 [term 53]: Raft[4] state[1] receive requestVote from Raft[1]
2024/08/07 15:24:01 [term 54]: Raft[2] state[2] receive requestVote from Raft[1]
2024/08/07 15:24:01 [term 54]: Raft[0] state[0] receive requestVote from Raft[1]
2024/08/07 15:24:01 [term 55]: Raft[1] become leader
2024/08/07 15:24:01 [term 55]: Raft[1] send Hearbeats to all peers
2024/08/07 15:24:01 [term 38]: Raft[0] new election
2024/08/07 15:24:01 [term 38]: Raft[0] start election
2024/08/07 15:24:01 [term 54]: Raft[6] start election
2024/08/07 15:24:01 [term 55]: Raft[0] start election
2024/08/07 15:24:01 [term 55]: Raft[4] state[0] receive requestVote from Raft[0]
2024/08/07 15:24:01 [term 55]: Raft[2] state[0] receive requestVote from Raft[0]
2024/08/07 15:24:01 [term 55]: Raft[1] state[2] receive requestVote from Raft[0]
2024/08/07 15:24:01 [term 56]: Raft[0] become leader
2024/08/07 15:24:01 [term 56]: Raft[0] send Hearbeats to all peers
2024/08/07 15:24:01 [term 53]: Raft[3] start election
2024/08/07 15:24:01 [term 54]: Raft[3] new election
2024/08/07 15:24:01 [term 54]: Raft[3] start election
2024/08/07 15:24:01 [term 55]: Raft[3] new election
2024/08/07 15:24:01 [term 55]: Raft[3] start election
2024/08/07 15:24:01 [term 54]: Raft[5] start election
2024/08/07 15:24:01 [term 39]: Raft[0] new election
2024/08/07 15:24:01 [term 39]: Raft[0] start election
2024/08/07 15:24:01 [term 56]: Raft[2] start election
2024/08/07 15:24:01 [term 56]: Raft[0] state[2] receive requestVote from Raft[2]
2024/08/07 15:24:01 [term 56]: Raft[1] state[0] receive requestVote from Raft[2]
2024/08/07 15:24:01 [term 56]: Raft[4] state[0] receive requestVote from Raft[2]
2024/08/07 15:24:01 [term 57]: Raft[2] become leader
2024/08/07 15:24:01 [term 57]: Raft[2] send Hearbeats to all peers
2024/08/07 15:24:01 [term 55]: Raft[6] new election
2024/08/07 15:24:01 [term 55]: Raft[6] start election
2024/08/07 15:24:01 [term 57]: Raft[2] state[2] receive requestVote from Raft[6]
2024/08/07 15:24:01 [term 57]: Raft[4] state[0] receive requestVote from Raft[6]
2024/08/07 15:24:01 [term 57]: Raft[1] state[0] receive requestVote from Raft[6]
2024/08/07 15:24:01 [term 57]: Raft[0] state[0] receive requestVote from Raft[6]
2024/08/07 15:24:01 [term 56]: Raft[3] new election
2024/08/07 15:24:01 [term 56]: Raft[3] start election
2024/08/07 15:24:01 [term 56]: Raft[3] state[1] receive requestVote from Raft[6]
2024/08/07 15:24:01 [term 57]: Raft[4] state[0] receive requestVote from Raft[3]
2024/08/07 15:24:01 [term 57]: Raft[0] state[0] receive requestVote from Raft[3]
2024/08/07 15:24:01 [term 57]: Raft[1] state[0] receive requestVote from Raft[3]
2024/08/07 15:24:01 [term 57]: Raft[2] state[2] receive requestVote from Raft[3]
2024/08/07 15:24:01 [term 57]: Raft[6] state[0] receive requestVote from Raft[3]
2024/08/07 15:24:01 [term 57]: Raft[3] new election
2024/08/07 15:24:01 [term 57]: Raft[3] start election
2024/08/07 15:24:01 [term 57]: Raft[6] state[0] receive requestVote from Raft[3]
2024/08/07 15:24:01 [term 57]: Raft[0] state[0] receive requestVote from Raft[3]
2024/08/07 15:24:01 [term 57]: Raft[1] state[0] receive requestVote from Raft[3]
2024/08/07 15:24:01 [term 57]: Raft[4] state[0] receive requestVote from Raft[3]
2024/08/07 15:24:01 [term 57]: Raft[2] state[2] receive requestVote from Raft[3]
2024/08/07 15:24:01 [term 58]: Raft[3] become leader
2024/08/07 15:24:01 [term 58]: Raft[3] send Hearbeats to all peers
2024/08/07 15:24:01 [term 58]: Raft[1] start election
2024/08/07 15:24:01 [term 58]: Raft[6] state[0] receive requestVote from Raft[1]
2024/08/07 15:24:01 [term 58]: Raft[0] state[0] receive requestVote from Raft[1]
2024/08/07 15:24:01 [term 58]: Raft[2] state[0] receive requestVote from Raft[1]
2024/08/07 15:24:01 [term 58]: Raft[3] state[2] receive requestVote from Raft[1]
2024/08/07 15:24:01 [term 58]: Raft[4] state[0] receive requestVote from Raft[1]
2024/08/07 15:24:01 [term 59]: Raft[1] become leader
2024/08/07 15:24:01 [term 59]: Raft[1] send Hearbeats to all peers
2024/08/07 15:24:01 [term 55]: Raft[5] new election
2024/08/07 15:24:01 [term 55]: Raft[5] state[1] receive requestVote from Raft[6]
2024/08/07 15:24:01 [term 56]: Raft[5] start election
2024/08/07 15:24:01 [term 56]: Raft[5] state[0] receive requestVote from Raft[3]
2024/08/07 15:24:01 [term 59]: Raft[2] state[0] receive requestVote from Raft[5]
2024/08/07 15:24:01 [term 59]: Raft[0] state[0] receive requestVote from Raft[5]
2024/08/07 15:24:01 [term 57]: Raft[5] state[1] receive requestVote from Raft[3]
2024/08/07 15:24:01 [term 59]: Raft[6] state[0] receive requestVote from Raft[5]
2024/08/07 15:24:01 [term 59]: Raft[1] state[2] receive requestVote from Raft[5]
2024/08/07 15:24:01 [term 59]: Raft[5] state[0] receive requestVote from Raft[1]
2024/08/07 15:24:01 [term 59]: Raft[3] state[0] receive requestVote from Raft[5]
2024/08/07 15:24:01 [term 59]: Raft[4] state[0] receive requestVote from Raft[5]
2024/08/07 15:24:01 [term 40]: Raft[0] new election
2024/08/07 15:24:01 [term 40]: Raft[0] start election
2024/08/07 15:24:02 [term 59]: Raft[4] start election
2024/08/07 15:24:02 [term 59]: Raft[6] state[0] receive requestVote from Raft[4]
2024/08/07 15:24:02 [term 59]: Raft[2] state[0] receive requestVote from Raft[4]
2024/08/07 15:24:02 [term 59]: Raft[0] state[0] receive requestVote from Raft[4]
2024/08/07 15:24:02 [term 59]: Raft[1] state[2] receive requestVote from Raft[4]
2024/08/07 15:24:02 [term 59]: Raft[5] state[0] receive requestVote from Raft[4]
2024/08/07 15:24:02 [term 60]: Raft[4] become leader
2024/08/07 15:24:02 [term 60]: Raft[4] send Hearbeats to all peers
2024/08/07 15:24:02 [term 59]: Raft[3] state[0] receive requestVote from Raft[4]
2024/08/07 15:24:02 [term 60]: Raft[5] start election
2024/08/07 15:24:02 [term 60]: Raft[6] state[0] receive requestVote from Raft[5]
2024/08/07 15:24:02 [term 60]: Raft[0] state[0] receive requestVote from Raft[5]
2024/08/07 15:24:02 [term 60]: Raft[3] state[0] receive requestVote from Raft[5]
2024/08/07 15:24:02 [term 60]: Raft[1] state[0] receive requestVote from Raft[5]
2024/08/07 15:24:02 [term 60]: Raft[2] state[0] receive requestVote from Raft[5]
2024/08/07 15:24:02 [term 61]: Raft[5] become leader
2024/08/07 15:24:02 [term 60]: Raft[4] state[2] receive requestVote from Raft[5]
2024/08/07 15:24:02 [term 61]: Raft[5] send Hearbeats to all peers
2024/08/07 15:24:02 [term 41]: Raft[0] new election
2024/08/07 15:24:02 [term 41]: Raft[0] start election
  ... Passed --   7.6  7 1478  208101    0
FAIL
exit status 1
FAIL	6.5840/raft	13.285s
