Test (3A): initial election ...
2024/08/07 15:28:48 [term 0]: Raft[0] start election
2024/08/07 15:28:48 [term 1]: Raft[0] receive vote from Raft[2]
2024/08/07 15:28:48 [term 1]: Raft[0] become leader
2024/08/07 15:28:48 [term 1]: Raft[0] send Hearbeats to all peers
2024/08/07 15:28:48 [term 1]: Raft[0] send Hearbeats to all peers
2024/08/07 15:28:48 [term 1]: Raft[2] start election
2024/08/07 15:28:48 [term 2]: Raft[2] receive vote from Raft[0]
2024/08/07 15:28:48 [term 2]: Raft[2] become leader
2024/08/07 15:28:48 [term 2]: Raft[2] send Hearbeats to all peers
2024/08/07 15:28:48 [term 2]: Raft[1] start election
2024/08/07 15:28:48 [term 3]: Raft[1] receive vote from Raft[2]
2024/08/07 15:28:48 [term 3]: Raft[1] become leader
2024/08/07 15:28:48 [term 3]: Raft[1] send Hearbeats to all peers
2024/08/07 15:28:48 [term 3]: Raft[1] send Hearbeats to all peers
2024/08/07 15:28:48 [term 3]: Raft[2] start election
2024/08/07 15:28:48 [term 4]: Raft[2] receive vote from Raft[1]
2024/08/07 15:28:48 [term 4]: Raft[2] become leader
2024/08/07 15:28:48 [term 4]: Raft[2] send Hearbeats to all peers
2024/08/07 15:28:48 [term 4]: Raft[2] send Hearbeats to all peers
2024/08/07 15:28:49 [term 4]: Raft[2] send Hearbeats to all peers
2024/08/07 15:28:49 [term 4]: Raft[2] send Hearbeats to all peers
2024/08/07 15:28:49 [term 4]: Raft[1] start election
2024/08/07 15:28:49 [term 5]: Raft[1] receive vote from Raft[0]
2024/08/07 15:28:49 [term 5]: Raft[1] become leader
2024/08/07 15:28:49 [term 5]: Raft[1] send Hearbeats to all peers
2024/08/07 15:28:49 [term 5]: Raft[0] start election
2024/08/07 15:28:49 [term 6]: Raft[0] receive vote from Raft[1]
2024/08/07 15:28:49 [term 6]: Raft[0] become leader
2024/08/07 15:28:49 [term 6]: Raft[0] send Hearbeats to all peers
2024/08/07 15:28:49 [term 6]: Raft[1] start election
2024/08/07 15:28:49 [term 7]: Raft[1] receive vote from Raft[0]
2024/08/07 15:28:49 [term 7]: Raft[1] become leader
2024/08/07 15:28:49 [term 7]: Raft[1] send Hearbeats to all peers
2024/08/07 15:28:49 [term 7]: Raft[2] start election
2024/08/07 15:28:49 [term 8]: Raft[2] receive vote from Raft[0]
2024/08/07 15:28:49 [term 8]: Raft[2] become leader
2024/08/07 15:28:49 [term 8]: Raft[2] send Hearbeats to all peers
2024/08/07 15:28:50 [term 8]: Raft[2] send Hearbeats to all peers
2024/08/07 15:28:50 [term 8]: Raft[2] send Hearbeats to all peers
2024/08/07 15:28:50 [term 8]: Raft[1] start election
2024/08/07 15:28:50 [term 9]: Raft[1] receive vote from Raft[2]
2024/08/07 15:28:50 [term 9]: Raft[1] become leader
2024/08/07 15:28:50 [term 9]: Raft[1] send Hearbeats to all peers
2024/08/07 15:28:50 [term 9]: Raft[1] send Hearbeats to all peers
warning: term changed even though there were no failures2024/08/07 15:28:50 [term 9]: Raft[0] start election
2024/08/07 15:28:50 [term 10]: Raft[0] receive vote from Raft[2]
2024/08/07 15:28:50 [term 10]: Raft[0] become leader
2024/08/07 15:28:50 [term 10]: Raft[0] send Hearbeats to all peers
2024/08/07 15:28:50 [term 10]: Raft[0] send Hearbeats to all peers
2024/08/07 15:28:51 [term 10]: Raft[2] start election
2024/08/07 15:28:51 [term 11]: Raft[2] receive vote from Raft[0]
2024/08/07 15:28:51 [term 11]: Raft[2] become leader
2024/08/07 15:28:51 [term 11]: Raft[2] send Hearbeats to all peers
  ... Passed --   3.0  3   82   19118    0
Test (3A): election after network failure ...
2024/08/07 15:28:51 [term 11]: Raft[1] start election
2024/08/07 15:28:51 [term 0]: Raft[1] start election
2024/08/07 15:28:51 [term 1]: Raft[1] receive vote from Raft[0]
2024/08/07 15:28:51 [term 1]: Raft[1] become leader
2024/08/07 15:28:51 [term 1]: Raft[1] send Hearbeats to all peers
2024/08/07 15:28:51 [term 1]: Raft[2] start election
2024/08/07 15:28:51 [term 2]: Raft[2] receive vote from Raft[1]
2024/08/07 15:28:51 [term 2]: Raft[2] become leader
2024/08/07 15:28:51 [term 2]: Raft[2] send Hearbeats to all peers
2024/08/07 15:28:51 [term 2]: Raft[0] start election
2024/08/07 15:28:51 [term 3]: Raft[0] receive vote from Raft[1]
2024/08/07 15:28:51 [term 3]: Raft[0] become leader
2024/08/07 15:28:51 [term 3]: Raft[0] send Hearbeats to all peers
2024/08/07 15:28:51 [term 12]: Raft[1] new election
2024/08/07 15:28:51 [term 12]: Raft[1] start election
2024/08/07 15:28:51 [term 3]: Raft[0] send Hearbeats to all peers
2024/08/07 15:28:51 [term 3]: Raft[2] start election
2024/08/07 15:28:51 [term 4]: Raft[2] receive vote from Raft[1]
2024/08/07 15:28:51 [term 4]: Raft[2] become leader
2024/08/07 15:28:51 [term 4]: Raft[2] send Hearbeats to all peers
2024/08/07 15:28:51 [term 4]: Raft[1] start election
2024/08/07 15:28:51 [term 5]: Raft[1] receive vote from Raft[2]
2024/08/07 15:28:51 [term 5]: Raft[1] become leader
2024/08/07 15:28:51 [term 5]: Raft[1] send Hearbeats to all peers
2024/08/07 15:28:51 [term 3]: Raft[0] send Hearbeats to all peers
2024/08/07 15:28:51 [term 13]: Raft[1] new election
2024/08/07 15:28:51 [term 13]: Raft[1] start election
2024/08/07 15:28:51 [term 3]: Raft[0] start election
2024/08/07 15:28:52 [term 5]: Raft[1] send Hearbeats to all peers
2024/08/07 15:28:52 [term 14]: Raft[1] new election
2024/08/07 15:28:52 [term 14]: Raft[1] start election
2024/08/07 15:28:52 [term 5]: Raft[1] send Hearbeats to all peers
2024/08/07 15:28:52 [term 4]: Raft[0] new election
2024/08/07 15:28:52 [term 5]: Raft[0] start election
2024/08/07 15:28:52 [term 6]: Raft[0] receive vote from Raft[2]
2024/08/07 15:28:52 [term 6]: Raft[0] become leader
2024/08/07 15:28:52 [term 6]: Raft[0] send Hearbeats to all peers
2024/08/07 15:28:52 [term 6]: Raft[0] send Hearbeats to all peers
2024/08/07 15:28:52 [term 15]: Raft[1] new election
2024/08/07 15:28:52 [term 15]: Raft[1] start election
2024/08/07 15:28:52 [term 6]: Raft[1] start election
2024/08/07 15:28:52 [term 6]: Raft[2] start election
2024/08/07 15:28:52 [term 6]: Raft[0] start election
2024/08/07 15:28:52 [term 16]: Raft[1] new election
2024/08/07 15:28:52 [term 16]: Raft[1] start election
2024/08/07 15:28:52 [term 7]: Raft[1] new election
2024/08/07 15:28:52 [term 7]: Raft[1] start election
2024/08/07 15:28:52 [term 7]: Raft[2] new election
2024/08/07 15:28:52 [term 7]: Raft[2] start election
2024/08/07 15:28:52 [term 7]: Raft[0] new election
2024/08/07 15:28:52 [term 7]: Raft[0] start election
2024/08/07 15:28:53 [term 17]: Raft[1] new election
2024/08/07 15:28:53 [term 17]: Raft[1] start election
2024/08/07 15:28:53 [term 8]: Raft[1] start election
2024/08/07 15:28:53 [term 9]: Raft[1] new election
2024/08/07 15:28:53 [term 9]: Raft[1] start election
2024/08/07 15:28:53 [term 8]: Raft[2] new election
2024/08/07 15:28:53 [term 8]: Raft[2] start election
2024/08/07 15:28:53 [term 8]: Raft[0] new election
2024/08/07 15:28:53 [term 8]: Raft[0] start election
2024/08/07 15:28:53 [term 9]: Raft[2] start election
2024/08/07 15:28:53 [term 9]: Raft[0] start election
2024/08/07 15:28:53 [term 18]: Raft[1] new election
2024/08/07 15:28:53 [term 18]: Raft[1] start election
2024/08/07 15:28:53 [term 10]: Raft[1] new election
2024/08/07 15:28:53 [term 10]: Raft[1] start election
2024/08/07 15:28:53 [term 11]: Raft[1] new election
2024/08/07 15:28:53 [term 11]: Raft[1] start election
2024/08/07 15:28:53 [term 10]: Raft[2] new election
2024/08/07 15:28:53 [term 10]: Raft[2] start election
2024/08/07 15:28:53 [term 12]: Raft[1] start election
2024/08/07 15:28:53 [term 11]: Raft[2] new election
2024/08/07 15:28:53 [term 11]: Raft[2] start election
2024/08/07 15:28:53 [term 10]: Raft[0] new election
2024/08/07 15:28:53 [term 10]: Raft[0] start election
2024/08/07 15:28:53 [term 11]: Raft[0] new election
2024/08/07 15:28:53 [term 11]: Raft[0] start election
2024/08/07 15:28:53 [term 19]: Raft[1] new election
2024/08/07 15:28:53 [term 19]: Raft[1] start election
2024/08/07 15:28:53 [term 13]: Raft[1] new election
2024/08/07 15:28:53 [term 13]: Raft[1] start election
2024/08/07 15:28:53 [term 14]: Raft[1] new election
2024/08/07 15:28:53 [term 14]: Raft[1] start election
2024/08/07 15:28:53 [term 12]: Raft[2] new election
2024/08/07 15:28:53 [term 12]: Raft[2] start election
2024/08/07 15:28:53 [term 12]: Raft[0] start election
2024/08/07 15:28:53 [term 13]: Raft[2] start election
2024/08/07 15:28:53 [term 15]: Raft[1] new election
2024/08/07 15:28:53 [term 15]: Raft[1] start election
2024/08/07 15:28:53 [term 14]: Raft[2] new election
2024/08/07 15:28:53 [term 14]: Raft[2] start election
2024/08/07 15:28:53 [term 13]: Raft[0] new election
2024/08/07 15:28:53 [term 13]: Raft[0] start election
2024/08/07 15:28:53 [term 14]: Raft[0] new election
2024/08/07 15:28:53 [term 14]: Raft[0] start election
2024/08/07 15:28:53 [term 20]: Raft[1] new election
2024/08/07 15:28:53 [term 20]: Raft[1] start election
2024/08/07 15:28:54 [term 16]: Raft[1] new election
2024/08/07 15:28:54 [term 16]: Raft[1] start election
2024/08/07 15:28:54 [term 17]: Raft[1] new election
2024/08/07 15:28:54 [term 17]: Raft[1] start election
2024/08/07 15:28:54 [term 15]: Raft[2] new election
2024/08/07 15:28:54 [term 15]: Raft[2] start election
2024/08/07 15:28:54 [term 18]: Raft[1] start election
2024/08/07 15:28:54 [term 15]: Raft[0] new election
2024/08/07 15:28:54 [term 15]: Raft[0] start election
2024/08/07 15:28:54 [term 16]: Raft[2] new election
2024/08/07 15:28:54 [term 16]: Raft[2] start election
2024/08/07 15:28:54 [term 19]: Raft[1] new election
2024/08/07 15:28:54 [term 19]: Raft[1] start election
2024/08/07 15:28:54 [term 16]: Raft[0] new election
2024/08/07 15:28:54 [term 17]: Raft[2] new election
2024/08/07 15:28:54 [term 17]: Raft[2] start election
2024/08/07 15:28:54 [term 16]: Raft[0] start election
2024/08/07 15:28:54 [term 17]: Raft[0] new election
2024/08/07 15:28:54 [term 17]: Raft[0] start election
2024/08/07 15:28:54 [term 21]: Raft[1] new election
2024/08/07 15:28:54 [term 21]: Raft[1] start election
2024/08/07 15:28:54 [term 20]: Raft[1] new election
2024/08/07 15:28:54 [term 20]: Raft[1] start election
2024/08/07 15:28:54 [term 18]: Raft[0] start election
2024/08/07 15:28:54 [term 21]: Raft[1] new election
2024/08/07 15:28:54 [term 21]: Raft[1] start election
2024/08/07 15:28:54 [term 18]: Raft[2] start election
2024/08/07 15:28:54 [term 19]: Raft[2] new election
2024/08/07 15:28:54 [term 19]: Raft[2] start election
2024/08/07 15:28:54 [term 22]: Raft[1] new election
2024/08/07 15:28:54 [term 19]: Raft[0] new election
2024/08/07 15:28:54 [term 22]: Raft[1] start election
2024/08/07 15:28:54 [term 19]: Raft[0] start election
2024/08/07 15:28:54 [term 20]: Raft[2] new election
2024/08/07 15:28:54 [term 20]: Raft[2] start election
2024/08/07 15:28:54 [term 23]: Raft[1] new election
2024/08/07 15:28:54 [term 23]: Raft[1] start election
2024/08/07 15:28:54 [term 21]: Raft[2] new election
2024/08/07 15:28:54 [term 21]: Raft[2] start election
2024/08/07 15:28:54 [term 20]: Raft[0] new election
2024/08/07 15:28:54 [term 20]: Raft[0] start election
2024/08/07 15:28:54 [term 21]: Raft[0] new election
2024/08/07 15:28:54 [term 21]: Raft[0] start election
2024/08/07 15:28:54 [term 22]: Raft[1] new election
2024/08/07 15:28:54 [term 22]: Raft[1] start election
2024/08/07 15:28:54 [term 24]: Raft[1] new election
2024/08/07 15:28:54 [term 24]: Raft[1] start election
2024/08/07 15:28:54 [term 22]: Raft[0] new election
2024/08/07 15:28:54 [term 22]: Raft[0] start election
2024/08/07 15:28:54 [term 25]: Raft[1] new election
2024/08/07 15:28:54 [term 25]: Raft[1] start election
2024/08/07 15:28:54 [term 22]: Raft[2] new election
2024/08/07 15:28:54 [term 25]: Raft[2] start election
2024/08/07 15:28:54 [term 26]: Raft[1] receive vote from Raft[2]
2024/08/07 15:28:54 [term 26]: Raft[1] become leader
2024/08/07 15:28:54 [term 26]: Raft[1] send Hearbeats to all peers
2024/08/07 15:28:54 [term 26]: Raft[1] receive vote from Raft[2]
2024/08/07 15:28:54 [term 27]: Raft[1] become leader
2024/08/07 15:28:54 [term 27]: Raft[2] receive vote from Raft[1]
2024/08/07 15:28:54 [term 27]: Raft[2] become leader
2024/08/07 15:28:54 [term 27]: Raft[2] send Hearbeats to all peers
2024/08/07 15:28:54 [term 27]: Raft[1] send Hearbeats to all peers
2024/08/07 15:28:54 [term 23]: Raft[0] new election
2024/08/07 15:28:54 [term 23]: Raft[0] start election
2024/08/07 15:28:54 [term 24]: Raft[0] new election
2024/08/07 15:28:54 [term 24]: Raft[0] start election
2024/08/07 15:28:54 [term 25]: Raft[0] new election
2024/08/07 15:28:54 [term 25]: Raft[0] start election
2024/08/07 15:28:54 [term 27]: Raft[2] send Hearbeats to all peers
2024/08/07 15:28:54 [term 27]: Raft[1] send Hearbeats to all peers
2024/08/07 15:28:54 [term 23]: Raft[1] new election
2024/08/07 15:28:54 [term 23]: Raft[1] start election
2024/08/07 15:28:54 [term 26]: Raft[0] start election
2024/08/07 15:28:55 [term 27]: Raft[0] new election
2024/08/07 15:28:55 [term 27]: Raft[0] start election
2024/08/07 15:28:55 [term 27]: Raft[2] send Hearbeats to all peers
--- FAIL: TestReElection3A (3.98s)
    config.go:443: term 27 has 2 (>1) leaders
Test (3A): multiple elections ...
2024/08/07 15:28:55 [term 28]: Raft[0] new election
2024/08/07 15:28:55 [term 28]: Raft[0] start election
2024/08/07 15:28:55 [term 29]: Raft[0] new election
2024/08/07 15:28:55 [term 29]: Raft[0] start election
2024/08/07 15:28:55 [term 30]: Raft[0] new election
2024/08/07 15:28:55 [term 30]: Raft[0] start election
2024/08/07 15:28:55 [term 24]: Raft[1] new election
2024/08/07 15:28:55 [term 24]: Raft[1] start election
2024/08/07 15:28:55 [term 31]: Raft[0] new election
2024/08/07 15:28:55 [term 31]: Raft[0] start election
2024/08/07 15:28:55 [term 0]: Raft[4] start election
2024/08/07 15:28:55 [term 1]: Raft[4] receive vote from Raft[6]
2024/08/07 15:28:55 [term 1]: Raft[4] receive vote from Raft[0]
2024/08/07 15:28:55 [term 1]: Raft[4] receive vote from Raft[1]
2024/08/07 15:28:55 [term 1]: Raft[4] become leader
2024/08/07 15:28:55 [term 1]: Raft[4] send Hearbeats to all peers
2024/08/07 15:28:55 [term 32]: Raft[0] new election
2024/08/07 15:28:55 [term 32]: Raft[0] start election
2024/08/07 15:28:55 [term 1]: Raft[1] start election
2024/08/07 15:28:55 [term 2]: Raft[1] receive vote from Raft[4]
2024/08/07 15:28:55 [term 2]: Raft[1] receive vote from Raft[5]
2024/08/07 15:28:55 [term 2]: Raft[1] receive vote from Raft[3]
2024/08/07 15:28:55 [term 2]: Raft[1] become leader
2024/08/07 15:28:55 [term 2]: Raft[1] send Hearbeats to all peers
2024/08/07 15:28:55 [term 2]: Raft[2] start election
2024/08/07 15:28:55 [term 3]: Raft[2] receive vote from Raft[5]
2024/08/07 15:28:55 [term 3]: Raft[2] receive vote from Raft[6]
2024/08/07 15:28:55 [term 3]: Raft[2] receive vote from Raft[3]
2024/08/07 15:28:55 [term 3]: Raft[2] become leader
2024/08/07 15:28:55 [term 3]: Raft[2] send Hearbeats to all peers
2024/08/07 15:28:55 [term 3]: Raft[6] start election
2024/08/07 15:28:55 [term 4]: Raft[6] receive vote from Raft[5]
2024/08/07 15:28:55 [term 4]: Raft[6] receive vote from Raft[0]
2024/08/07 15:28:55 [term 4]: Raft[6] receive vote from Raft[2]
2024/08/07 15:28:55 [term 4]: Raft[6] become leader
2024/08/07 15:28:55 [term 4]: Raft[6] send Hearbeats to all peers
2024/08/07 15:28:55 [term 33]: Raft[0] new election
2024/08/07 15:28:55 [term 33]: Raft[0] start election
2024/08/07 15:28:55 [term 34]: Raft[0] new election
2024/08/07 15:28:55 [term 34]: Raft[0] start election
2024/08/07 15:28:55 [term 35]: Raft[0] new election
2024/08/07 15:28:55 [term 35]: Raft[0] start election
2024/08/07 15:28:55 [term 4]: Raft[5] start election
2024/08/07 15:28:55 [term 5]: Raft[5] receive vote from Raft[2]
2024/08/07 15:28:55 [term 5]: Raft[5] receive vote from Raft[4]
2024/08/07 15:28:55 [term 5]: Raft[5] receive vote from Raft[6]
2024/08/07 15:28:55 [term 5]: Raft[5] become leader
2024/08/07 15:28:55 [term 5]: Raft[5] send Hearbeats to all peers
2024/08/07 15:28:55 [term 5]: Raft[0] start election
2024/08/07 15:28:55 [term 6]: Raft[0] receive vote from Raft[3]
2024/08/07 15:28:55 [term 6]: Raft[0] receive vote from Raft[6]
2024/08/07 15:28:55 [term 6]: Raft[0] receive vote from Raft[4]
2024/08/07 15:28:55 [term 6]: Raft[0] become leader
2024/08/07 15:28:55 [term 6]: Raft[0] send Hearbeats to all peers
2024/08/07 15:28:55 [term 25]: Raft[1] new election
2024/08/07 15:28:55 [term 25]: Raft[1] start election
2024/08/07 15:28:55 [term 6]: Raft[0] send Hearbeats to all peers
2024/08/07 15:28:55 [term 36]: Raft[0] new election
2024/08/07 15:28:55 [term 36]: Raft[0] start election
2024/08/07 15:28:55 [term 37]: Raft[0] new election
2024/08/07 15:28:55 [term 37]: Raft[0] start election
2024/08/07 15:28:55 [term 38]: Raft[0] new election
2024/08/07 15:28:55 [term 38]: Raft[0] start election
2024/08/07 15:28:55 [term 6]: Raft[3] start election
2024/08/07 15:28:55 [term 6]: Raft[4] start election
2024/08/07 15:28:55 [term 7]: Raft[4] receive vote from Raft[1]
2024/08/07 15:28:55 [term 7]: Raft[4] receive vote from Raft[0]
2024/08/07 15:28:55 [term 7]: Raft[4] receive vote from Raft[2]
2024/08/07 15:28:55 [term 7]: Raft[4] become leader
2024/08/07 15:28:55 [term 7]: Raft[4] send Hearbeats to all peers
2024/08/07 15:28:55 [term 39]: Raft[0] new election
2024/08/07 15:28:55 [term 39]: Raft[0] start election
2024/08/07 15:28:55 [term 40]: Raft[0] new election
2024/08/07 15:28:55 [term 40]: Raft[0] start election
2024/08/07 15:28:55 [term 6]: Raft[6] start election
2024/08/07 15:28:55 [term 26]: Raft[1] new election
2024/08/07 15:28:55 [term 26]: Raft[1] start election
2024/08/07 15:28:55 [term 7]: Raft[4] send Hearbeats to all peers
2024/08/07 15:28:55 [term 6]: Raft[5] start election
2024/08/07 15:28:55 [term 41]: Raft[0] new election
2024/08/07 15:28:55 [term 41]: Raft[0] start election
2024/08/07 15:28:55 [term 42]: Raft[0] new election
2024/08/07 15:28:55 [term 42]: Raft[0] start election
2024/08/07 15:28:55 [term 43]: Raft[0] new election
2024/08/07 15:28:55 [term 43]: Raft[0] start election
2024/08/07 15:28:55 [term 7]: Raft[2] start election
2024/08/07 15:28:55 [term 8]: Raft[2] receive vote from Raft[0]
2024/08/07 15:28:55 [term 8]: Raft[2] receive vote from Raft[4]
2024/08/07 15:28:55 [term 8]: Raft[2] receive vote from Raft[1]
2024/08/07 15:28:55 [term 8]: Raft[2] become leader
2024/08/07 15:28:55 [term 8]: Raft[2] send Hearbeats to all peers
2024/08/07 15:28:56 [term 7]: Raft[3] new election
2024/08/07 15:28:56 [term 7]: Raft[3] start election
2024/08/07 15:28:56 [term 44]: Raft[0] new election
2024/08/07 15:28:56 [term 44]: Raft[0] start election
2024/08/07 15:28:56 [term 45]: Raft[0] new election
2024/08/07 15:28:56 [term 45]: Raft[0] start election
2024/08/07 15:28:56 [term 7]: Raft[6] new election
2024/08/07 15:28:56 [term 7]: Raft[6] start election
2024/08/07 15:28:56 [term 8]: Raft[0] start election
2024/08/07 15:28:56 [term 27]: Raft[1] new election
2024/08/07 15:28:56 [term 27]: Raft[1] start election
2024/08/07 15:28:56 [term 8]: Raft[2] send Hearbeats to all peers
2024/08/07 15:28:56 [term 7]: Raft[5] new election
2024/08/07 15:28:56 [term 8]: Raft[5] start election
2024/08/07 15:28:56 [term 9]: Raft[5] receive vote from Raft[3]
2024/08/07 15:28:56 [term 9]: Raft[5] receive vote from Raft[4]
2024/08/07 15:28:56 [term 9]: Raft[5] receive vote from Raft[2]
2024/08/07 15:28:56 [term 9]: Raft[5] become leader
2024/08/07 15:28:56 [term 9]: Raft[5] send Hearbeats to all peers
2024/08/07 15:28:56 [term 46]: Raft[0] new election
2024/08/07 15:28:56 [term 46]: Raft[0] start election
2024/08/07 15:28:56 [term 47]: Raft[0] new election
2024/08/07 15:28:56 [term 47]: Raft[0] start election
2024/08/07 15:28:56 [term 8]: Raft[6] start election
2024/08/07 15:28:56 [term 48]: Raft[0] new election
2024/08/07 15:28:56 [term 48]: Raft[0] start election
2024/08/07 15:28:56 [term 49]: Raft[0] new election
2024/08/07 15:28:56 [term 49]: Raft[0] start election
2024/08/07 15:28:56 [term 50]: Raft[0] new election
2024/08/07 15:28:56 [term 50]: Raft[0] start election
2024/08/07 15:28:56 [term 9]: Raft[6] new election
2024/08/07 15:28:56 [term 9]: Raft[6] start election
2024/08/07 15:28:56 [term 9]: Raft[0] new election
2024/08/07 15:28:56 [term 9]: Raft[0] start election
2024/08/07 15:28:56 [term 28]: Raft[1] new election
2024/08/07 15:28:56 [term 28]: Raft[1] start election
2024/08/07 15:28:56 [term 9]: Raft[1] start election
2024/08/07 15:28:56 [term 10]: Raft[1] receive vote from Raft[5]
2024/08/07 15:28:56 [term 10]: Raft[1] receive vote from Raft[4]
2024/08/07 15:28:56 [term 10]: Raft[1] receive vote from Raft[3]
2024/08/07 15:28:56 [term 10]: Raft[1] become leader
2024/08/07 15:28:56 [term 10]: Raft[1] send Hearbeats to all peers
2024/08/07 15:28:56 [term 51]: Raft[0] new election
2024/08/07 15:28:56 [term 51]: Raft[0] start election
2024/08/07 15:28:56 [term 10]: Raft[1] send Hearbeats to all peers
2024/08/07 15:28:56 [term 52]: Raft[0] new election
2024/08/07 15:28:56 [term 52]: Raft[0] start election
2024/08/07 15:28:56 [term 10]: Raft[6] new election
2024/08/07 15:28:56 [term 10]: Raft[6] start election
2024/08/07 15:28:56 [term 11]: Raft[6] receive vote from Raft[0]
2024/08/07 15:28:56 [term 11]: Raft[6] receive vote from Raft[2]
2024/08/07 15:28:56 [term 11]: Raft[6] receive vote from Raft[4]
2024/08/07 15:28:56 [term 11]: Raft[6] become leader
2024/08/07 15:28:56 [term 11]: Raft[6] send Hearbeats to all peers
2024/08/07 15:28:56 [term 11]: Raft[0] start election
2024/08/07 15:28:56 [term 12]: Raft[0] receive vote from Raft[2]
2024/08/07 15:28:56 [term 12]: Raft[0] receive vote from Raft[6]
2024/08/07 15:28:56 [term 12]: Raft[0] receive vote from Raft[4]
2024/08/07 15:28:56 [term 12]: Raft[0] become leader
2024/08/07 15:28:56 [term 12]: Raft[0] send Hearbeats to all peers
2024/08/07 15:28:56 [term 53]: Raft[0] new election
2024/08/07 15:28:56 [term 53]: Raft[0] start election
2024/08/07 15:28:56 [term 10]: Raft[5] start election
2024/08/07 15:28:56 [term 54]: Raft[0] new election
2024/08/07 15:28:56 [term 54]: Raft[0] start election
2024/08/07 15:28:56 [term 55]: Raft[0] new election
2024/08/07 15:28:56 [term 55]: Raft[0] start election
2024/08/07 15:28:56 [term 29]: Raft[1] new election
2024/08/07 15:28:56 [term 29]: Raft[1] start election
2024/08/07 15:28:56 [term 10]: Raft[1] start election
2024/08/07 15:28:56 [term 10]: Raft[3] start election
2024/08/07 15:28:56 [term 12]: Raft[0] send Hearbeats to all peers
2024/08/07 15:28:56 [term 56]: Raft[0] new election
2024/08/07 15:28:56 [term 56]: Raft[0] start election
2024/08/07 15:28:56 [term 57]: Raft[0] new election
2024/08/07 15:28:56 [term 57]: Raft[0] start election
2024/08/07 15:28:56 [term 12]: Raft[0] send Hearbeats to all peers
2024/08/07 15:28:56 [term 58]: Raft[0] new election
2024/08/07 15:28:56 [term 58]: Raft[0] start election
2024/08/07 15:28:56 [term 11]: Raft[5] new election
2024/08/07 15:28:56 [term 59]: Raft[0] new election
2024/08/07 15:28:56 [term 11]: Raft[5] start election
2024/08/07 15:28:56 [term 59]: Raft[0] start election
2024/08/07 15:28:56 [term 60]: Raft[0] new election
2024/08/07 15:28:56 [term 60]: Raft[0] start election
2024/08/07 15:28:56 [term 11]: Raft[1] new election
2024/08/07 15:28:56 [term 30]: Raft[1] new election
2024/08/07 15:28:56 [term 12]: Raft[6] start election
2024/08/07 15:28:56 [term 30]: Raft[1] start election
2024/08/07 15:28:56 [term 11]: Raft[1] start election
2024/08/07 15:28:56 [term 11]: Raft[3] new election
2024/08/07 15:28:56 [term 11]: Raft[3] start election
2024/08/07 15:28:57 [term 12]: Raft[2] start election
2024/08/07 15:28:57 [term 13]: Raft[2] receive vote from Raft[0]
2024/08/07 15:28:57 [term 13]: Raft[2] receive vote from Raft[3]
2024/08/07 15:28:57 [term 13]: Raft[2] receive vote from Raft[5]
2024/08/07 15:28:57 [term 13]: Raft[2] become leader
2024/08/07 15:28:57 [term 13]: Raft[2] send Hearbeats to all peers
2024/08/07 15:28:57 [term 61]: Raft[0] new election
2024/08/07 15:28:57 [term 61]: Raft[0] start election
2024/08/07 15:28:57 [term 12]: Raft[4] start election
2024/08/07 15:28:57 [term 62]: Raft[0] new election
2024/08/07 15:28:57 [term 62]: Raft[0] start election
2024/08/07 15:28:57 [term 63]: Raft[0] new election
2024/08/07 15:28:57 [term 63]: Raft[0] start election
2024/08/07 15:28:57 [term 13]: Raft[2] send Hearbeats to all peers
2024/08/07 15:28:57 [term 64]: Raft[0] new election
2024/08/07 15:28:57 [term 64]: Raft[0] start election
2024/08/07 15:28:57 [term 65]: Raft[0] new election
2024/08/07 15:28:57 [term 65]: Raft[0] start election
2024/08/07 15:28:57 [term 12]: Raft[1] new election
2024/08/07 15:28:57 [term 31]: Raft[1] new election
2024/08/07 15:28:57 [term 31]: Raft[1] start election
2024/08/07 15:28:57 [term 13]: Raft[6] new election
2024/08/07 15:28:57 [term 12]: Raft[1] start election
2024/08/07 15:28:57 [term 13]: Raft[6] start election
2024/08/07 15:28:57 [term 14]: Raft[6] start election
2024/08/07 15:28:57 [term 13]: Raft[0] start election
2024/08/07 15:28:57 [term 14]: Raft[0] receive vote from Raft[3]
2024/08/07 15:28:57 [term 14]: Raft[0] receive vote from Raft[2]
2024/08/07 15:28:57 [term 14]: Raft[0] receive vote from Raft[5]
2024/08/07 15:28:57 [term 14]: Raft[0] become leader
2024/08/07 15:28:57 [term 14]: Raft[0] send Hearbeats to all peers
2024/08/07 15:28:57 [term 13]: Raft[1] start election
2024/08/07 15:28:57 [term 66]: Raft[0] new election
2024/08/07 15:28:57 [term 66]: Raft[0] start election
2024/08/07 15:28:57 [term 13]: Raft[4] new election
2024/08/07 15:28:57 [term 13]: Raft[4] start election
2024/08/07 15:28:57 [term 67]: Raft[0] new election
2024/08/07 15:28:57 [term 67]: Raft[0] start election
2024/08/07 15:28:57 [term 68]: Raft[0] new election
2024/08/07 15:28:57 [term 68]: Raft[0] start election
2024/08/07 15:28:57 [term 14]: Raft[0] start election
2024/08/07 15:28:57 [term 69]: Raft[0] new election
2024/08/07 15:28:57 [term 69]: Raft[0] start election
2024/08/07 15:28:57 [term 14]: Raft[3] start election
2024/08/07 15:28:57 [term 70]: Raft[0] new election
2024/08/07 15:28:57 [term 70]: Raft[0] start election
2024/08/07 15:28:57 [term 15]: Raft[3] receive vote from Raft[2]
2024/08/07 15:28:57 [term 15]: Raft[3] receive vote from Raft[5]
2024/08/07 15:28:57 [term 14]: Raft[1] new election
2024/08/07 15:28:57 [term 32]: Raft[1] new election
2024/08/07 15:28:57 [term 15]: Raft[6] new election
2024/08/07 15:28:57 [term 14]: Raft[1] start election
2024/08/07 15:28:57 [term 32]: Raft[1] start election
2024/08/07 15:28:57 [term 15]: Raft[6] start election
2024/08/07 15:28:57 [term 16]: Raft[6] receive vote from Raft[2]
2024/08/07 15:28:57 [term 16]: Raft[6] receive vote from Raft[5]
2024/08/07 15:28:57 [term 16]: Raft[6] new election
2024/08/07 15:28:57 [term 16]: Raft[6] start election
2024/08/07 15:28:57 [term 17]: Raft[6] receive vote from Raft[3]
2024/08/07 15:28:57 [term 17]: Raft[6] become leader
2024/08/07 15:28:57 [term 17]: Raft[6] send Hearbeats to all peers
2024/08/07 15:28:57 [term 17]: Raft[6] receive vote from Raft[2]
2024/08/07 15:28:57 [term 17]: Raft[6] receive vote from Raft[5]
2024/08/07 15:28:57 [term 17]: Raft[6] receive vote from Raft[3]
2024/08/07 15:28:57 [term 17]: Raft[6] become leader
2024/08/07 15:28:57 [term 17]: Raft[6] send Hearbeats to all peers
2024/08/07 15:28:57 [term 15]: Raft[1] new election
2024/08/07 15:28:57 [term 15]: Raft[1] start election
2024/08/07 15:28:57 [term 71]: Raft[0] new election
2024/08/07 15:28:57 [term 71]: Raft[0] start election
2024/08/07 15:28:57 [term 14]: Raft[4] start election
2024/08/07 15:28:57 [term 15]: Raft[4] new election
2024/08/07 15:28:57 [term 15]: Raft[4] start election
2024/08/07 15:28:57 [term 72]: Raft[0] new election
2024/08/07 15:28:57 [term 72]: Raft[0] start election
2024/08/07 15:28:57 [term 73]: Raft[0] new election
2024/08/07 15:28:57 [term 73]: Raft[0] start election
2024/08/07 15:28:57 [term 15]: Raft[0] new election
2024/08/07 15:28:57 [term 15]: Raft[0] start election
2024/08/07 15:28:57 [term 74]: Raft[0] new election
2024/08/07 15:28:57 [term 74]: Raft[0] start election
2024/08/07 15:28:57 [term 75]: Raft[0] new election
2024/08/07 15:28:57 [term 17]: Raft[5] start election
2024/08/07 15:28:57 [term 75]: Raft[0] start election
2024/08/07 15:28:57 [term 18]: Raft[5] receive vote from Raft[6]
2024/08/07 15:28:57 [term 18]: Raft[5] receive vote from Raft[3]
2024/08/07 15:28:57 [term 18]: Raft[5] receive vote from Raft[2]
2024/08/07 15:28:57 [term 18]: Raft[5] become leader
2024/08/07 15:28:57 [term 18]: Raft[5] send Hearbeats to all peers
2024/08/07 15:28:57 [term 16]: Raft[1] start election
2024/08/07 15:28:57 [term 17]: Raft[1] new election
2024/08/07 15:28:57 [term 17]: Raft[1] start election
2024/08/07 15:28:57 [term 33]: Raft[1] new election
2024/08/07 15:28:57 [term 33]: Raft[1] start election
2024/08/07 15:28:57 [term 18]: Raft[1] new election
2024/08/07 15:28:57 [term 18]: Raft[1] start election
2024/08/07 15:28:57 [term 19]: Raft[1] receive vote from Raft[2]
2024/08/07 15:28:57 [term 19]: Raft[1] receive vote from Raft[0]
2024/08/07 15:28:57 [term 19]: Raft[1] receive vote from Raft[3]
2024/08/07 15:28:57 [term 19]: Raft[1] become leader
2024/08/07 15:28:57 [term 19]: Raft[1] send Hearbeats to all peers
2024/08/07 15:28:58 [term 76]: Raft[0] new election
2024/08/07 15:28:58 [term 76]: Raft[0] start election
2024/08/07 15:28:58 [term 16]: Raft[4] new election
2024/08/07 15:28:58 [term 16]: Raft[4] start election
2024/08/07 15:28:58 [term 17]: Raft[4] new election
2024/08/07 15:28:58 [term 17]: Raft[4] start election
2024/08/07 15:28:58 [term 77]: Raft[0] new election
2024/08/07 15:28:58 [term 77]: Raft[0] start election
2024/08/07 15:28:58 [term 78]: Raft[0] new election
2024/08/07 15:28:58 [term 78]: Raft[0] start election
2024/08/07 15:28:58 [term 18]: Raft[6] start election
2024/08/07 15:28:58 [term 79]: Raft[0] new election
2024/08/07 15:28:58 [term 79]: Raft[0] start election
2024/08/07 15:28:58 [term 80]: Raft[0] new election
2024/08/07 15:28:58 [term 80]: Raft[0] start election
2024/08/07 15:28:58 [term 19]: Raft[2] start election
2024/08/07 15:28:58 [term 20]: Raft[2] receive vote from Raft[3]
2024/08/07 15:28:58 [term 20]: Raft[2] receive vote from Raft[0]
2024/08/07 15:28:58 [term 18]: Raft[5] start election
2024/08/07 15:28:58 [term 20]: Raft[2] receive vote from Raft[1]
2024/08/07 15:28:58 [term 20]: Raft[2] become leader
2024/08/07 15:28:58 [term 20]: Raft[2] send Hearbeats to all peers
2024/08/07 15:28:58 [term 34]: Raft[1] new election
2024/08/07 15:28:58 [term 34]: Raft[1] start election
2024/08/07 15:28:58 [term 18]: Raft[4] start election
2024/08/07 15:28:58 [term 81]: Raft[0] new election
2024/08/07 15:28:58 [term 81]: Raft[0] start election
2024/08/07 15:28:58 [term 19]: Raft[4] new election
2024/08/07 15:28:58 [term 19]: Raft[4] start election
2024/08/07 15:28:58 [term 20]: Raft[4] new election
2024/08/07 15:28:58 [term 20]: Raft[4] start election
2024/08/07 15:28:58 [term 82]: Raft[0] new election
2024/08/07 15:28:58 [term 82]: Raft[0] start election
2024/08/07 15:28:58 [term 20]: Raft[3] start election
2024/08/07 15:28:58 [term 21]: Raft[3] receive vote from Raft[2]
2024/08/07 15:28:58 [term 21]: Raft[3] receive vote from Raft[0]
2024/08/07 15:28:58 [term 21]: Raft[3] receive vote from Raft[1]
2024/08/07 15:28:58 [term 21]: Raft[3] become leader
2024/08/07 15:28:58 [term 21]: Raft[3] send Hearbeats to all peers
2024/08/07 15:28:58 [term 83]: Raft[0] new election
2024/08/07 15:28:58 [term 83]: Raft[0] start election
2024/08/07 15:28:58 [term 19]: Raft[6] new election
2024/08/07 15:28:58 [term 19]: Raft[6] start election
2024/08/07 15:28:58 [term 84]: Raft[0] new election
2024/08/07 15:28:58 [term 84]: Raft[0] start election
2024/08/07 15:28:58 [term 85]: Raft[0] new election
2024/08/07 15:28:58 [term 85]: Raft[0] start election
2024/08/07 15:28:58 [term 21]: Raft[3] send Hearbeats to all peers
2024/08/07 15:28:58 [term 19]: Raft[5] new election
2024/08/07 15:28:58 [term 21]: Raft[5] start election
2024/08/07 15:28:58 [term 22]: Raft[5] receive vote from Raft[3]
2024/08/07 15:28:58 [term 22]: Raft[5] receive vote from Raft[2]
2024/08/07 15:28:58 [term 22]: Raft[5] receive vote from Raft[1]
2024/08/07 15:28:58 [term 22]: Raft[5] become leader
2024/08/07 15:28:58 [term 22]: Raft[5] send Hearbeats to all peers
2024/08/07 15:28:58 [term 35]: Raft[1] new election
2024/08/07 15:28:58 [term 35]: Raft[1] start election
2024/08/07 15:28:58 [term 21]: Raft[4] new election
2024/08/07 15:28:58 [term 21]: Raft[4] start election
2024/08/07 15:28:58 [term 20]: Raft[6] start election
2024/08/07 15:28:58 [term 86]: Raft[0] new election
2024/08/07 15:28:58 [term 86]: Raft[0] start election
2024/08/07 15:28:58 [term 21]: Raft[0] start election
2024/08/07 15:28:58 [term 22]: Raft[4] new election
2024/08/07 15:28:58 [term 22]: Raft[4] start election
2024/08/07 15:28:58 [term 23]: Raft[4] receive vote from Raft[2]
2024/08/07 15:28:58 [term 23]: Raft[4] receive vote from Raft[1]
2024/08/07 15:28:58 [term 23]: Raft[4] receive vote from Raft[5]
2024/08/07 15:28:58 [term 23]: Raft[4] become leader
2024/08/07 15:28:58 [term 23]: Raft[4] send Hearbeats to all peers
2024/08/07 15:28:58 [term 87]: Raft[0] new election
2024/08/07 15:28:58 [term 87]: Raft[0] start election
2024/08/07 15:28:58 [term 88]: Raft[0] new election
2024/08/07 15:28:58 [term 88]: Raft[0] start election
2024/08/07 15:28:58 [term 21]: Raft[6] new election
2024/08/07 15:28:58 [term 21]: Raft[6] start election
2024/08/07 15:28:58 [term 23]: Raft[4] send Hearbeats to all peers
2024/08/07 15:28:58 [term 89]: Raft[0] new election
2024/08/07 15:28:58 [term 89]: Raft[0] start election
2024/08/07 15:28:58 [term 90]: Raft[0] new election
2024/08/07 15:28:58 [term 90]: Raft[0] start election
2024/08/07 15:28:58 [term 36]: Raft[1] new election
2024/08/07 15:28:58 [term 36]: Raft[1] start election
2024/08/07 15:28:58 [term 22]: Raft[6] new election
2024/08/07 15:28:58 [term 22]: Raft[6] start election
2024/08/07 15:28:58 [term 23]: Raft[2] start election
2024/08/07 15:28:58 [term 24]: Raft[2] receive vote from Raft[3]
2024/08/07 15:28:58 [term 24]: Raft[2] receive vote from Raft[1]
2024/08/07 15:28:58 [term 24]: Raft[2] receive vote from Raft[5]
2024/08/07 15:28:58 [term 24]: Raft[2] become leader
2024/08/07 15:28:58 [term 24]: Raft[2] send Hearbeats to all peers
2024/08/07 15:28:58 [term 91]: Raft[0] new election
2024/08/07 15:28:58 [term 91]: Raft[0] start election
2024/08/07 15:28:58 [term 22]: Raft[0] new election
2024/08/07 15:28:58 [term 22]: Raft[0] start election
2024/08/07 15:28:58 [term 92]: Raft[0] new election
2024/08/07 15:28:58 [term 92]: Raft[0] start election
2024/08/07 15:28:58 [term 93]: Raft[0] new election
2024/08/07 15:28:58 [term 93]: Raft[0] start election
2024/08/07 15:28:59 [term 23]: Raft[6] new election
2024/08/07 15:28:59 [term 23]: Raft[6] start election
2024/08/07 15:28:59 [term 24]: Raft[6] receive vote from Raft[0]
2024/08/07 15:28:59 [term 94]: Raft[0] new election
2024/08/07 15:28:59 [term 94]: Raft[0] start election
2024/08/07 15:28:59 [term 95]: Raft[0] new election
2024/08/07 15:28:59 [term 95]: Raft[0] start election
2024/08/07 15:28:59 [term 37]: Raft[1] new election
2024/08/07 15:28:59 [term 37]: Raft[1] start election
2024/08/07 15:28:59 [term 24]: Raft[3] start election
2024/08/07 15:28:59 [term 25]: Raft[3] receive vote from Raft[6]
2024/08/07 15:28:59 [term 25]: Raft[3] receive vote from Raft[2]
2024/08/07 15:28:59 [term 25]: Raft[3] receive vote from Raft[0]
2024/08/07 15:28:59 [term 25]: Raft[3] become leader
2024/08/07 15:28:59 [term 25]: Raft[3] send Hearbeats to all peers
2024/08/07 15:28:59 [term 24]: Raft[5] start election
2024/08/07 15:28:59 [term 24]: Raft[1] start election
2024/08/07 15:28:59 [term 96]: Raft[0] new election
2024/08/07 15:28:59 [term 96]: Raft[0] start election
2024/08/07 15:28:59 [term 25]: Raft[6] start election
2024/08/07 15:28:59 [term 26]: Raft[6] receive vote from Raft[3]
2024/08/07 15:28:59 [term 26]: Raft[6] receive vote from Raft[2]
2024/08/07 15:28:59 [term 26]: Raft[6] receive vote from Raft[0]
2024/08/07 15:28:59 [term 26]: Raft[6] become leader
2024/08/07 15:28:59 [term 26]: Raft[6] send Hearbeats to all peers
2024/08/07 15:28:59 [term 24]: Raft[4] start election
2024/08/07 15:28:59 [term 97]: Raft[0] new election
2024/08/07 15:28:59 [term 97]: Raft[0] start election
2024/08/07 15:28:59 [term 98]: Raft[0] new election
2024/08/07 15:28:59 [term 98]: Raft[0] start election
2024/08/07 15:28:59 [term 99]: Raft[0] new election
2024/08/07 15:28:59 [term 99]: Raft[0] start election
2024/08/07 15:28:59 [term 100]: Raft[0] new election
2024/08/07 15:28:59 [term 100]: Raft[0] start election
2024/08/07 15:28:59 [term 26]: Raft[6] send Hearbeats to all peers
2024/08/07 15:28:59 [term 38]: Raft[1] new election
2024/08/07 15:28:59 [term 38]: Raft[1] start election
2024/08/07 15:28:59 [term 25]: Raft[5] new election
2024/08/07 15:28:59 [term 25]: Raft[5] start election
2024/08/07 15:28:59 [term 25]: Raft[1] new election
2024/08/07 15:28:59 [term 25]: Raft[1] start election
2024/08/07 15:28:59 [term 101]: Raft[0] new election
2024/08/07 15:28:59 [term 101]: Raft[0] start election
2024/08/07 15:28:59 [term 25]: Raft[4] new election
2024/08/07 15:28:59 [term 25]: Raft[4] start election
2024/08/07 15:28:59 [term 102]: Raft[0] new election
2024/08/07 15:28:59 [term 102]: Raft[0] start election
2024/08/07 15:28:59 [term 26]: Raft[2] start election
2024/08/07 15:28:59 [term 26]: Raft[6] send Hearbeats to all peers
2024/08/07 15:28:59 [term 103]: Raft[0] new election
2024/08/07 15:28:59 [term 103]: Raft[0] start election
2024/08/07 15:28:59 [term 104]: Raft[0] new election
2024/08/07 15:28:59 [term 104]: Raft[0] start election
2024/08/07 15:28:59 [term 105]: Raft[0] new election
2024/08/07 15:28:59 [term 105]: Raft[0] start election
2024/08/07 15:28:59 [term 39]: Raft[1] new election
2024/08/07 15:28:59 [term 39]: Raft[1] start election
2024/08/07 15:28:59 [term 26]: Raft[5] start election
2024/08/07 15:28:59 [term 26]: Raft[6] send Hearbeats to all peers
2024/08/07 15:28:59 [term 27]: Raft[5] new election
2024/08/07 15:28:59 [term 26]: Raft[1] new election
2024/08/07 15:28:59 [term 27]: Raft[5] start election
2024/08/07 15:28:59 [term 26]: Raft[1] start election
2024/08/07 15:28:59 [term 27]: Raft[1] receive vote from Raft[0]
2024/08/07 15:28:59 [term 27]: Raft[1] receive vote from Raft[3]
2024/08/07 15:28:59 [term 27]: Raft[1] receive vote from Raft[6]
2024/08/07 15:28:59 [term 27]: Raft[1] become leader
2024/08/07 15:28:59 [term 27]: Raft[1] send Hearbeats to all peers
2024/08/07 15:28:59 [term 26]: Raft[4] start election
2024/08/07 15:28:59 [term 106]: Raft[0] new election
2024/08/07 15:28:59 [term 106]: Raft[0] start election
2024/08/07 15:28:59 [term 27]: Raft[4] new election
2024/08/07 15:28:59 [term 27]: Raft[4] start election
2024/08/07 15:28:59 [term 107]: Raft[0] new election
2024/08/07 15:28:59 [term 107]: Raft[0] start election
2024/08/07 15:28:59 [term 27]: Raft[2] new election
2024/08/07 15:28:59 [term 27]: Raft[1] send Hearbeats to all peers
2024/08/07 15:28:59 [term 27]: Raft[2] start election
2024/08/07 15:28:59 [term 108]: Raft[0] new election
2024/08/07 15:28:59 [term 108]: Raft[0] start election
2024/08/07 15:28:59 [term 109]: Raft[0] new election
2024/08/07 15:28:59 [term 109]: Raft[0] start election
2024/08/07 15:28:59 [term 110]: Raft[0] new election
2024/08/07 15:28:59 [term 110]: Raft[0] start election
2024/08/07 15:28:59 [term 40]: Raft[1] new election
2024/08/07 15:28:59 [term 40]: Raft[1] start election
2024/08/07 15:29:00 [term 28]: Raft[5] new election
2024/08/07 15:29:00 [term 28]: Raft[5] start election
2024/08/07 15:29:00 [term 29]: Raft[5] receive vote from Raft[0]
2024/08/07 15:29:00 [term 29]: Raft[5] receive vote from Raft[1]
2024/08/07 15:29:00 [term 29]: Raft[5] receive vote from Raft[3]
2024/08/07 15:29:00 [term 29]: Raft[5] become leader
2024/08/07 15:29:00 [term 29]: Raft[5] send Hearbeats to all peers
2024/08/07 15:29:00 [term 28]: Raft[4] new election
2024/08/07 15:29:00 [term 29]: Raft[4] start election
2024/08/07 15:29:00 [term 29]: Raft[1] start election
2024/08/07 15:29:00 [term 30]: Raft[4] receive vote from Raft[2]
2024/08/07 15:29:00 [term 30]: Raft[4] receive vote from Raft[6]
2024/08/07 15:29:00 [term 30]: Raft[1] receive vote from Raft[0]
2024/08/07 15:29:00 [term 30]: Raft[4] receive vote from Raft[3]
2024/08/07 15:29:00 [term 30]: Raft[4] become leader
2024/08/07 15:29:00 [term 30]: Raft[4] send Hearbeats to all peers
2024/08/07 15:29:00 [term 111]: Raft[0] new election
2024/08/07 15:29:00 [term 111]: Raft[0] start election
2024/08/07 15:29:00 [term 112]: Raft[0] new election
2024/08/07 15:29:00 [term 112]: Raft[0] start election
2024/08/07 15:29:00 [term 30]: Raft[4] send Hearbeats to all peers
2024/08/07 15:29:00 [term 113]: Raft[0] new election
2024/08/07 15:29:00 [term 113]: Raft[0] start election
2024/08/07 15:29:00 [term 114]: Raft[0] new election
2024/08/07 15:29:00 [term 114]: Raft[0] start election
2024/08/07 15:29:00 [term 115]: Raft[0] new election
2024/08/07 15:29:00 [term 115]: Raft[0] start election
2024/08/07 15:29:00 [term 41]: Raft[1] new election
2024/08/07 15:29:00 [term 41]: Raft[1] start election
2024/08/07 15:29:00 [term 30]: Raft[1] new election
2024/08/07 15:29:00 [term 30]: Raft[1] start election
2024/08/07 15:29:00 [term 31]: Raft[1] receive vote from Raft[6]
2024/08/07 15:29:00 [term 31]: Raft[1] receive vote from Raft[3]
2024/08/07 15:29:00 [term 31]: Raft[1] receive vote from Raft[4]
2024/08/07 15:29:00 [term 31]: Raft[1] become leader
2024/08/07 15:29:00 [term 31]: Raft[1] send Hearbeats to all peers
2024/08/07 15:29:00 [term 116]: Raft[0] new election
2024/08/07 15:29:00 [term 116]: Raft[0] start election
  ... Passed --   5.4  7  829  132056    0
FAIL
exit status 1
FAIL	6.5840/raft	12.885s
