Test (3A): initial election ...
2024/08/07 15:28:20 [term 0]: Raft[0] start election
2024/08/07 15:28:20 [term 1]: Raft[0] receive vote from Raft[1]
2024/08/07 15:28:20 [term 1]: Raft[0] become leader
2024/08/07 15:28:20 [term 1]: Raft[0] send Hearbeats to all peers
2024/08/07 15:28:20 [term 1]: Raft[2] start election
2024/08/07 15:28:20 [term 2]: Raft[2] receive vote from Raft[1]
2024/08/07 15:28:20 [term 2]: Raft[2] become leader
2024/08/07 15:28:20 [term 2]: Raft[2] send Hearbeats to all peers
2024/08/07 15:28:20 [term 2]: Raft[1] start election
2024/08/07 15:28:20 [term 3]: Raft[1] receive vote from Raft[2]
2024/08/07 15:28:20 [term 3]: Raft[1] become leader
2024/08/07 15:28:20 [term 3]: Raft[1] send Hearbeats to all peers
2024/08/07 15:28:20 [term 3]: Raft[0] start election
2024/08/07 15:28:20 [term 4]: Raft[0] receive vote from Raft[1]
2024/08/07 15:28:20 [term 4]: Raft[0] become leader
2024/08/07 15:28:20 [term 4]: Raft[0] send Hearbeats to all peers
2024/08/07 15:28:20 [term 4]: Raft[0] send Hearbeats to all peers
2024/08/07 15:28:20 [term 4]: Raft[2] start election
2024/08/07 15:28:20 [term 5]: Raft[2] receive vote from Raft[1]
2024/08/07 15:28:20 [term 5]: Raft[2] become leader
2024/08/07 15:28:20 [term 5]: Raft[2] send Hearbeats to all peers
2024/08/07 15:28:21 [term 5]: Raft[2] send Hearbeats to all peers
2024/08/07 15:28:21 [term 5]: Raft[2] send Hearbeats to all peers
2024/08/07 15:28:21 [term 5]: Raft[2] send Hearbeats to all peers
2024/08/07 15:28:21 [term 5]: Raft[2] send Hearbeats to all peers
2024/08/07 15:28:21 [term 5]: Raft[2] send Hearbeats to all peers
2024/08/07 15:28:21 [term 5]: Raft[1] start election
2024/08/07 15:28:21 [term 6]: Raft[1] receive vote from Raft[2]
2024/08/07 15:28:21 [term 6]: Raft[1] become leader
2024/08/07 15:28:21 [term 6]: Raft[1] send Hearbeats to all peers
2024/08/07 15:28:22 [term 6]: Raft[2] start election
2024/08/07 15:28:22 [term 7]: Raft[2] receive vote from Raft[1]
2024/08/07 15:28:22 [term 7]: Raft[2] become leader
2024/08/07 15:28:22 [term 7]: Raft[2] send Hearbeats to all peers
2024/08/07 15:28:22 [term 7]: Raft[2] send Hearbeats to all peers
2024/08/07 15:28:22 [term 7]: Raft[2] send Hearbeats to all peers
warning: term changed even though there were no failures2024/08/07 15:28:22 [term 7]: Raft[1] start election
2024/08/07 15:28:22 [term 8]: Raft[1] receive vote from Raft[0]
2024/08/07 15:28:22 [term 8]: Raft[1] become leader
2024/08/07 15:28:22 [term 8]: Raft[1] send Hearbeats to all peers
2024/08/07 15:28:22 [term 8]: Raft[1] send Hearbeats to all peers
2024/08/07 15:28:23 [term 8]: Raft[2] start election
2024/08/07 15:28:23 [term 9]: Raft[2] receive vote from Raft[1]
2024/08/07 15:28:23 [term 9]: Raft[2] become leader
2024/08/07 15:28:23 [term 9]: Raft[2] send Hearbeats to all peers
  ... Passed --   3.1  3   72   16916    0
Test (3A): election after network failure ...
2024/08/07 15:28:23 [term 9]: Raft[0] start election
2024/08/07 15:28:23 [term 0]: Raft[1] start election
2024/08/07 15:28:23 [term 1]: Raft[1] receive vote from Raft[0]
2024/08/07 15:28:23 [term 1]: Raft[1] become leader
2024/08/07 15:28:23 [term 1]: Raft[1] send Hearbeats to all peers
2024/08/07 15:28:23 [term 1]: Raft[2] start election
2024/08/07 15:28:23 [term 2]: Raft[2] receive vote from Raft[0]
2024/08/07 15:28:23 [term 2]: Raft[2] become leader
2024/08/07 15:28:23 [term 2]: Raft[2] send Hearbeats to all peers
2024/08/07 15:28:23 [term 2]: Raft[0] start election
2024/08/07 15:28:23 [term 3]: Raft[0] receive vote from Raft[2]
2024/08/07 15:28:23 [term 3]: Raft[0] become leader
2024/08/07 15:28:23 [term 3]: Raft[0] send Hearbeats to all peers
2024/08/07 15:28:23 [term 10]: Raft[0] new election
2024/08/07 15:28:23 [term 10]: Raft[0] start election
2024/08/07 15:28:23 [term 3]: Raft[0] send Hearbeats to all peers
2024/08/07 15:28:23 [term 3]: Raft[2] start election
2024/08/07 15:28:23 [term 4]: Raft[2] receive vote from Raft[1]
2024/08/07 15:28:23 [term 4]: Raft[2] become leader
2024/08/07 15:28:23 [term 4]: Raft[2] send Hearbeats to all peers
2024/08/07 15:28:23 [term 11]: Raft[0] new election
2024/08/07 15:28:23 [term 11]: Raft[0] start election
2024/08/07 15:28:23 [term 3]: Raft[0] send Hearbeats to all peers
2024/08/07 15:28:24 [term 4]: Raft[2] send Hearbeats to all peers
2024/08/07 15:28:24 [term 4]: Raft[1] start election
2024/08/07 15:28:24 [term 5]: Raft[1] receive vote from Raft[2]
2024/08/07 15:28:24 [term 5]: Raft[1] become leader
2024/08/07 15:28:24 [term 5]: Raft[1] send Hearbeats to all peers
2024/08/07 15:28:24 [term 3]: Raft[0] send Hearbeats to all peers
2024/08/07 15:28:24 [term 12]: Raft[0] new election
2024/08/07 15:28:24 [term 12]: Raft[0] start election
2024/08/07 15:28:24 [term 5]: Raft[2] start election
2024/08/07 15:28:24 [term 6]: Raft[2] receive vote from Raft[1]
2024/08/07 15:28:24 [term 6]: Raft[2] become leader
2024/08/07 15:28:24 [term 6]: Raft[2] send Hearbeats to all peers
2024/08/07 15:28:24 [term 6]: Raft[1] start election
2024/08/07 15:28:24 [term 7]: Raft[1] receive vote from Raft[0]
2024/08/07 15:28:24 [term 7]: Raft[1] become leader
2024/08/07 15:28:24 [term 7]: Raft[1] send Hearbeats to all peers
2024/08/07 15:28:24 [term 7]: Raft[0] start election
2024/08/07 15:28:24 [term 8]: Raft[0] receive vote from Raft[1]
2024/08/07 15:28:24 [term 8]: Raft[0] become leader
2024/08/07 15:28:24 [term 8]: Raft[0] send Hearbeats to all peers
2024/08/07 15:28:24 [term 13]: Raft[0] new election
2024/08/07 15:28:24 [term 13]: Raft[0] start election
2024/08/07 15:28:24 [term 8]: Raft[0] send Hearbeats to all peers
2024/08/07 15:28:24 [term 14]: Raft[0] new election
2024/08/07 15:28:24 [term 14]: Raft[0] start election
2024/08/07 15:28:24 [term 8]: Raft[2] start election
2024/08/07 15:28:24 [term 8]: Raft[1] start election
2024/08/07 15:28:24 [term 8]: Raft[0] send Hearbeats to all peers
2024/08/07 15:28:25 [term 15]: Raft[0] new election
2024/08/07 15:28:25 [term 15]: Raft[0] start election
2024/08/07 15:28:25 [term 8]: Raft[0] start election
2024/08/07 15:28:25 [term 9]: Raft[2] new election
2024/08/07 15:28:25 [term 9]: Raft[2] start election
2024/08/07 15:28:25 [term 9]: Raft[1] new election
2024/08/07 15:28:25 [term 9]: Raft[1] start election
2024/08/07 15:28:25 [term 10]: Raft[2] start election
2024/08/07 15:28:25 [term 10]: Raft[1] start election
2024/08/07 15:28:25 [term 16]: Raft[0] new election
2024/08/07 15:28:25 [term 16]: Raft[0] start election
2024/08/07 15:28:25 [term 9]: Raft[0] new election
2024/08/07 15:28:25 [term 9]: Raft[0] start election
2024/08/07 15:28:25 [term 11]: Raft[2] new election
2024/08/07 15:28:25 [term 11]: Raft[2] start election
2024/08/07 15:28:25 [term 11]: Raft[1] new election
2024/08/07 15:28:25 [term 11]: Raft[1] start election
2024/08/07 15:28:25 [term 12]: Raft[2] new election
2024/08/07 15:28:25 [term 12]: Raft[2] start election
2024/08/07 15:28:25 [term 12]: Raft[1] new election
2024/08/07 15:28:25 [term 12]: Raft[1] start election
2024/08/07 15:28:25 [term 10]: Raft[0] start election
2024/08/07 15:28:25 [term 17]: Raft[0] new election
2024/08/07 15:28:25 [term 17]: Raft[0] start election
2024/08/07 15:28:25 [term 11]: Raft[0] new election
2024/08/07 15:28:25 [term 11]: Raft[0] start election
2024/08/07 15:28:25 [term 13]: Raft[2] new election
2024/08/07 15:28:25 [term 13]: Raft[2] start election
2024/08/07 15:28:25 [term 13]: Raft[1] new election
2024/08/07 15:28:25 [term 13]: Raft[1] start election
2024/08/07 15:28:25 [term 14]: Raft[2] start election
2024/08/07 15:28:25 [term 15]: Raft[2] new election
2024/08/07 15:28:25 [term 15]: Raft[2] start election
2024/08/07 15:28:25 [term 14]: Raft[1] new election
2024/08/07 15:28:25 [term 14]: Raft[1] start election
2024/08/07 15:28:25 [term 12]: Raft[0] new election
2024/08/07 15:28:25 [term 12]: Raft[0] start election
2024/08/07 15:28:26 [term 15]: Raft[1] start election
2024/08/07 15:28:26 [term 18]: Raft[0] new election
2024/08/07 15:28:26 [term 18]: Raft[0] start election
2024/08/07 15:28:26 [term 13]: Raft[0] new election
2024/08/07 15:28:26 [term 13]: Raft[0] start election
2024/08/07 15:28:26 [term 16]: Raft[2] new election
2024/08/07 15:28:26 [term 16]: Raft[2] start election
2024/08/07 15:28:26 [term 16]: Raft[1] new election
2024/08/07 15:28:26 [term 16]: Raft[1] start election
2024/08/07 15:28:26 [term 17]: Raft[2] new election
2024/08/07 15:28:26 [term 17]: Raft[2] start election
2024/08/07 15:28:26 [term 18]: Raft[2] new election
2024/08/07 15:28:26 [term 18]: Raft[2] start election
2024/08/07 15:28:26 [term 14]: Raft[0] start election
2024/08/07 15:28:26 [term 17]: Raft[1] new election
2024/08/07 15:28:26 [term 17]: Raft[1] start election
2024/08/07 15:28:26 [term 15]: Raft[0] new election
2024/08/07 15:28:26 [term 15]: Raft[0] start election
2024/08/07 15:28:26 [term 18]: Raft[1] new election
2024/08/07 15:28:26 [term 18]: Raft[1] start election
2024/08/07 15:28:26 [term 19]: Raft[0] new election
2024/08/07 15:28:26 [term 19]: Raft[0] start election
2024/08/07 15:28:26 [term 16]: Raft[0] new election
2024/08/07 15:28:26 [term 16]: Raft[0] start election
2024/08/07 15:28:26 [term 19]: Raft[2] new election
2024/08/07 15:28:26 [term 19]: Raft[2] start election
2024/08/07 15:28:26 [term 19]: Raft[1] new election
2024/08/07 15:28:26 [term 19]: Raft[1] start election
2024/08/07 15:28:26 [term 20]: Raft[2] start election
2024/08/07 15:28:26 [term 21]: Raft[2] new election
2024/08/07 15:28:26 [term 21]: Raft[2] start election
2024/08/07 15:28:26 [term 22]: Raft[2] new election
2024/08/07 15:28:26 [term 22]: Raft[2] start election
2024/08/07 15:28:26 [term 20]: Raft[1] start election
2024/08/07 15:28:26 [term 17]: Raft[0] new election
2024/08/07 15:28:26 [term 17]: Raft[0] start election
2024/08/07 15:28:26 [term 21]: Raft[1] new election
2024/08/07 15:28:26 [term 21]: Raft[1] start election
2024/08/07 15:28:26 [term 18]: Raft[0] new election
2024/08/07 15:28:26 [term 18]: Raft[0] start election
2024/08/07 15:28:26 [term 22]: Raft[1] new election
2024/08/07 15:28:26 [term 22]: Raft[1] start election
2024/08/07 15:28:26 [term 20]: Raft[0] new election
2024/08/07 15:28:26 [term 20]: Raft[0] start election
2024/08/07 15:28:26 [term 19]: Raft[0] new election
2024/08/07 15:28:26 [term 19]: Raft[0] start election
2024/08/07 15:28:26 [term 23]: Raft[2] new election
2024/08/07 15:28:26 [term 23]: Raft[2] start election
2024/08/07 15:28:26 [term 23]: Raft[1] new election
2024/08/07 15:28:26 [term 23]: Raft[1] start election
2024/08/07 15:28:26 [term 24]: Raft[2] new election
2024/08/07 15:28:26 [term 24]: Raft[2] start election
2024/08/07 15:28:26 [term 25]: Raft[2] new election
2024/08/07 15:28:26 [term 25]: Raft[2] start election
2024/08/07 15:28:26 [term 20]: Raft[0] start election
2024/08/07 15:28:26 [term 26]: Raft[2] new election
2024/08/07 15:28:26 [term 26]: Raft[2] start election
2024/08/07 15:28:26 [term 24]: Raft[1] new election
2024/08/07 15:28:26 [term 25]: Raft[1] start election
2024/08/07 15:28:26 [term 27]: Raft[2] receive vote from Raft[1]
2024/08/07 15:28:26 [term 28]: Raft[2] become leader
2024/08/07 15:28:26 [term 27]: Raft[2] receive vote from Raft[1]
2024/08/07 15:28:26 [term 28]: Raft[2] become leader
2024/08/07 15:28:26 [term 28]: Raft[2] send Hearbeats to all peers
2024/08/07 15:28:26 [term 27]: Raft[2] receive vote from Raft[1]
2024/08/07 15:28:26 [term 28]: Raft[2] become leader
2024/08/07 15:28:26 [term 28]: Raft[2] send Hearbeats to all peers
2024/08/07 15:28:26 [term 28]: Raft[1] receive vote from Raft[2]
2024/08/07 15:28:26 [term 28]: Raft[1] become leader
2024/08/07 15:28:26 [term 28]: Raft[1] send Hearbeats to all peers
2024/08/07 15:28:26 [term 28]: Raft[2] send Hearbeats to all peers
2024/08/07 15:28:26 [term 21]: Raft[0] new election
2024/08/07 15:28:26 [term 21]: Raft[0] start election
2024/08/07 15:28:26 [term 22]: Raft[0] new election
2024/08/07 15:28:26 [term 22]: Raft[0] start election
2024/08/07 15:28:26 [term 21]: Raft[0] new election
2024/08/07 15:28:26 [term 21]: Raft[0] start election
2024/08/07 15:28:26 [term 23]: Raft[0] new election
2024/08/07 15:28:26 [term 23]: Raft[0] start election
2024/08/07 15:28:26 [term 28]: Raft[2] send Hearbeats to all peers
2024/08/07 15:28:27 [term 24]: Raft[0] new election
2024/08/07 15:28:27 [term 24]: Raft[0] start election
2024/08/07 15:28:27 [term 25]: Raft[0] new election
2024/08/07 15:28:27 [term 25]: Raft[0] start election
2024/08/07 15:28:27 [term 28]: Raft[1] send Hearbeats to all peers
2024/08/07 15:28:27 [term 26]: Raft[0] new election
2024/08/07 15:28:27 [term 26]: Raft[0] start election
--- FAIL: TestReElection3A (3.95s)
    config.go:443: term 28 has 2 (>1) leaders
Test (3A): multiple elections ...
2024/08/07 15:28:27 [term 22]: Raft[0] new election
2024/08/07 15:28:27 [term 22]: Raft[0] start election
2024/08/07 15:28:27 [term 27]: Raft[0] new election
2024/08/07 15:28:27 [term 27]: Raft[0] start election
2024/08/07 15:28:27 [term 28]: Raft[0] new election
2024/08/07 15:28:27 [term 28]: Raft[0] start election
2024/08/07 15:28:27 [term 0]: Raft[3] start election
2024/08/07 15:28:27 [term 1]: Raft[3] receive vote from Raft[0]
2024/08/07 15:28:27 [term 1]: Raft[3] receive vote from Raft[1]
2024/08/07 15:28:27 [term 1]: Raft[3] receive vote from Raft[5]
2024/08/07 15:28:27 [term 1]: Raft[3] become leader
2024/08/07 15:28:27 [term 1]: Raft[3] send Hearbeats to all peers
2024/08/07 15:28:27 [term 1]: Raft[5] start election
2024/08/07 15:28:27 [term 2]: Raft[5] receive vote from Raft[2]
2024/08/07 15:28:27 [term 2]: Raft[5] receive vote from Raft[6]
2024/08/07 15:28:27 [term 2]: Raft[5] receive vote from Raft[0]
2024/08/07 15:28:27 [term 2]: Raft[5] become leader
2024/08/07 15:28:27 [term 2]: Raft[5] send Hearbeats to all peers
2024/08/07 15:28:27 [term 29]: Raft[0] new election
2024/08/07 15:28:27 [term 29]: Raft[0] start election
2024/08/07 15:28:27 [term 30]: Raft[0] new election
2024/08/07 15:28:27 [term 30]: Raft[0] start election
2024/08/07 15:28:27 [term 23]: Raft[0] new election
2024/08/07 15:28:27 [term 23]: Raft[0] start election
2024/08/07 15:28:27 [term 31]: Raft[0] new election
2024/08/07 15:28:27 [term 31]: Raft[0] start election
2024/08/07 15:28:27 [term 2]: Raft[1] start election
2024/08/07 15:28:27 [term 3]: Raft[1] receive vote from Raft[6]
2024/08/07 15:28:27 [term 3]: Raft[1] receive vote from Raft[0]
2024/08/07 15:28:27 [term 3]: Raft[1] receive vote from Raft[3]
2024/08/07 15:28:27 [term 3]: Raft[1] become leader
2024/08/07 15:28:27 [term 3]: Raft[1] send Hearbeats to all peers
2024/08/07 15:28:27 [term 32]: Raft[0] new election
2024/08/07 15:28:27 [term 32]: Raft[0] start election
2024/08/07 15:28:27 [term 3]: Raft[6] start election
2024/08/07 15:28:27 [term 33]: Raft[0] new election
2024/08/07 15:28:27 [term 33]: Raft[0] start election
2024/08/07 15:28:27 [term 3]: Raft[5] start election
2024/08/07 15:28:27 [term 4]: Raft[5] receive vote from Raft[1]
2024/08/07 15:28:27 [term 4]: Raft[5] receive vote from Raft[0]
2024/08/07 15:28:27 [term 4]: Raft[5] receive vote from Raft[4]
2024/08/07 15:28:27 [term 4]: Raft[5] become leader
2024/08/07 15:28:27 [term 4]: Raft[5] send Hearbeats to all peers
2024/08/07 15:28:27 [term 34]: Raft[0] new election
2024/08/07 15:28:27 [term 34]: Raft[0] start election
2024/08/07 15:28:27 [term 24]: Raft[0] new election
2024/08/07 15:28:27 [term 24]: Raft[0] start election
2024/08/07 15:28:27 [term 3]: Raft[2] start election
2024/08/07 15:28:27 [term 35]: Raft[0] new election
2024/08/07 15:28:27 [term 35]: Raft[0] start election
2024/08/07 15:28:27 [term 3]: Raft[3] start election
2024/08/07 15:28:27 [term 4]: Raft[5] send Hearbeats to all peers
2024/08/07 15:28:27 [term 36]: Raft[0] new election
2024/08/07 15:28:27 [term 36]: Raft[0] start election
2024/08/07 15:28:28 [term 4]: Raft[6] new election
2024/08/07 15:28:28 [term 4]: Raft[6] start election
2024/08/07 15:28:28 [term 37]: Raft[0] new election
2024/08/07 15:28:28 [term 37]: Raft[0] start election
2024/08/07 15:28:28 [term 38]: Raft[0] new election
2024/08/07 15:28:28 [term 38]: Raft[0] start election
2024/08/07 15:28:28 [term 4]: Raft[4] start election
2024/08/07 15:28:28 [term 5]: Raft[4] receive vote from Raft[0]
2024/08/07 15:28:28 [term 5]: Raft[4] receive vote from Raft[5]
2024/08/07 15:28:28 [term 5]: Raft[4] receive vote from Raft[1]
2024/08/07 15:28:28 [term 5]: Raft[4] become leader
2024/08/07 15:28:28 [term 5]: Raft[4] send Hearbeats to all peers
2024/08/07 15:28:28 [term 25]: Raft[0] new election
2024/08/07 15:28:28 [term 25]: Raft[0] start election
2024/08/07 15:28:28 [term 4]: Raft[2] new election
2024/08/07 15:28:28 [term 4]: Raft[2] start election
2024/08/07 15:28:28 [term 39]: Raft[0] new election
2024/08/07 15:28:28 [term 39]: Raft[0] start election
2024/08/07 15:28:28 [term 4]: Raft[3] new election
2024/08/07 15:28:28 [term 4]: Raft[3] start election
2024/08/07 15:28:28 [term 5]: Raft[4] send Hearbeats to all peers
2024/08/07 15:28:28 [term 40]: Raft[0] new election
2024/08/07 15:28:28 [term 40]: Raft[0] start election
2024/08/07 15:28:28 [term 5]: Raft[4] send Hearbeats to all peers
2024/08/07 15:28:28 [term 5]: Raft[3] start election
2024/08/07 15:28:28 [term 5]: Raft[6] start election
2024/08/07 15:28:28 [term 6]: Raft[6] receive vote from Raft[5]
2024/08/07 15:28:28 [term 6]: Raft[6] receive vote from Raft[2]
2024/08/07 15:28:28 [term 6]: Raft[6] receive vote from Raft[0]
2024/08/07 15:28:28 [term 6]: Raft[6] become leader
2024/08/07 15:28:28 [term 6]: Raft[6] send Hearbeats to all peers
2024/08/07 15:28:28 [term 41]: Raft[0] new election
2024/08/07 15:28:28 [term 41]: Raft[0] start election
2024/08/07 15:28:28 [term 42]: Raft[0] new election
2024/08/07 15:28:28 [term 42]: Raft[0] start election
2024/08/07 15:28:28 [term 26]: Raft[0] new election
2024/08/07 15:28:28 [term 26]: Raft[0] start election
2024/08/07 15:28:28 [term 43]: Raft[0] new election
2024/08/07 15:28:28 [term 43]: Raft[0] start election
2024/08/07 15:28:28 [term 6]: Raft[3] new election
2024/08/07 15:28:28 [term 6]: Raft[3] start election
2024/08/07 15:28:28 [term 6]: Raft[0] start election
2024/08/07 15:28:28 [term 7]: Raft[0] receive vote from Raft[6]
2024/08/07 15:28:28 [term 7]: Raft[0] receive vote from Raft[1]
2024/08/07 15:28:28 [term 7]: Raft[0] receive vote from Raft[2]
2024/08/07 15:28:28 [term 7]: Raft[0] become leader
2024/08/07 15:28:28 [term 7]: Raft[0] send Hearbeats to all peers
2024/08/07 15:28:28 [term 44]: Raft[0] new election
2024/08/07 15:28:28 [term 44]: Raft[0] start election
2024/08/07 15:28:28 [term 5]: Raft[4] send Hearbeats to all peers
2024/08/07 15:28:28 [term 7]: Raft[3] new election
2024/08/07 15:28:28 [term 7]: Raft[3] start election
2024/08/07 15:28:28 [term 7]: Raft[6] start election
2024/08/07 15:28:28 [term 8]: Raft[6] receive vote from Raft[5]
2024/08/07 15:28:28 [term 8]: Raft[6] receive vote from Raft[2]
2024/08/07 15:28:28 [term 8]: Raft[6] receive vote from Raft[0]
2024/08/07 15:28:28 [term 8]: Raft[6] become leader
2024/08/07 15:28:28 [term 8]: Raft[6] send Hearbeats to all peers
2024/08/07 15:28:28 [term 45]: Raft[0] new election
2024/08/07 15:28:28 [term 45]: Raft[0] start election
2024/08/07 15:28:28 [term 5]: Raft[4] start election
2024/08/07 15:28:28 [term 46]: Raft[0] new election
2024/08/07 15:28:28 [term 46]: Raft[0] start election
2024/08/07 15:28:28 [term 27]: Raft[0] new election
2024/08/07 15:28:28 [term 27]: Raft[0] start election
2024/08/07 15:28:28 [term 47]: Raft[0] new election
2024/08/07 15:28:28 [term 47]: Raft[0] start election
2024/08/07 15:28:28 [term 8]: Raft[3] new election
2024/08/07 15:28:28 [term 8]: Raft[3] start election
2024/08/07 15:28:28 [term 9]: Raft[3] receive vote from Raft[6]
2024/08/07 15:28:28 [term 9]: Raft[3] receive vote from Raft[5]
2024/08/07 15:28:28 [term 48]: Raft[0] new election
2024/08/07 15:28:28 [term 48]: Raft[0] start election
2024/08/07 15:28:28 [term 9]: Raft[3] start election
2024/08/07 15:28:28 [term 10]: Raft[3] receive vote from Raft[6]
2024/08/07 15:28:28 [term 10]: Raft[3] receive vote from Raft[5]
2024/08/07 15:28:28 [term 8]: Raft[1] start election
2024/08/07 15:28:28 [term 10]: Raft[3] new election
2024/08/07 15:28:28 [term 10]: Raft[3] start election
2024/08/07 15:28:28 [term 11]: Raft[3] receive vote from Raft[6]
2024/08/07 15:28:28 [term 11]: Raft[3] receive vote from Raft[5]
2024/08/07 15:28:28 [term 8]: Raft[2] start election
2024/08/07 15:28:28 [term 49]: Raft[0] new election
2024/08/07 15:28:28 [term 49]: Raft[0] start election
2024/08/07 15:28:28 [term 6]: Raft[4] new election
2024/08/07 15:28:28 [term 9]: Raft[4] start election
2024/08/07 15:28:28 [term 11]: Raft[3] receive vote from Raft[4]
2024/08/07 15:28:28 [term 11]: Raft[3] become leader
2024/08/07 15:28:28 [term 11]: Raft[3] send Hearbeats to all peers
2024/08/07 15:28:28 [term 11]: Raft[3] receive vote from Raft[4]
2024/08/07 15:28:28 [term 11]: Raft[3] become leader
2024/08/07 15:28:28 [term 11]: Raft[3] send Hearbeats to all peers
2024/08/07 15:28:28 [term 50]: Raft[0] new election
2024/08/07 15:28:28 [term 50]: Raft[0] start election
2024/08/07 15:28:29 [term 8]: Raft[0] start election
2024/08/07 15:28:29 [term 28]: Raft[0] new election
2024/08/07 15:28:29 [term 28]: Raft[0] start election
2024/08/07 15:28:29 [term 51]: Raft[0] new election
2024/08/07 15:28:29 [term 51]: Raft[0] start election
2024/08/07 15:28:29 [term 11]: Raft[3] send Hearbeats to all peers
2024/08/07 15:28:29 [term 52]: Raft[0] new election
2024/08/07 15:28:29 [term 52]: Raft[0] start election
2024/08/07 15:28:29 [term 9]: Raft[1] new election
2024/08/07 15:28:29 [term 9]: Raft[1] start election
2024/08/07 15:28:29 [term 9]: Raft[2] new election
2024/08/07 15:28:29 [term 9]: Raft[2] start election
2024/08/07 15:28:29 [term 53]: Raft[0] new election
2024/08/07 15:28:29 [term 53]: Raft[0] start election
2024/08/07 15:28:29 [term 11]: Raft[4] new election
2024/08/07 15:28:29 [term 11]: Raft[4] start election
2024/08/07 15:28:29 [term 54]: Raft[0] new election
2024/08/07 15:28:29 [term 54]: Raft[0] start election
2024/08/07 15:28:29 [term 9]: Raft[0] new election
2024/08/07 15:28:29 [term 10]: Raft[0] start election
2024/08/07 15:28:29 [term 11]: Raft[0] receive vote from Raft[1]
2024/08/07 15:28:29 [term 29]: Raft[0] new election
2024/08/07 15:28:29 [term 29]: Raft[0] start election
2024/08/07 15:28:29 [term 11]: Raft[5] start election
2024/08/07 15:28:29 [term 12]: Raft[5] receive vote from Raft[3]
2024/08/07 15:28:29 [term 12]: Raft[5] receive vote from Raft[1]
2024/08/07 15:28:29 [term 12]: Raft[5] receive vote from Raft[0]
2024/08/07 15:28:29 [term 12]: Raft[5] become leader
2024/08/07 15:28:29 [term 12]: Raft[5] send Hearbeats to all peers
2024/08/07 15:28:29 [term 55]: Raft[0] new election
2024/08/07 15:28:29 [term 55]: Raft[0] start election
2024/08/07 15:28:29 [term 10]: Raft[2] start election
2024/08/07 15:28:29 [term 11]: Raft[6] start election
2024/08/07 15:28:29 [term 12]: Raft[4] start election
2024/08/07 15:28:29 [term 56]: Raft[0] new election
2024/08/07 15:28:29 [term 56]: Raft[0] start election
2024/08/07 15:28:29 [term 11]: Raft[2] new election
2024/08/07 15:28:29 [term 11]: Raft[2] start election
2024/08/07 15:28:29 [term 12]: Raft[3] start election
2024/08/07 15:28:29 [term 13]: Raft[3] receive vote from Raft[0]
2024/08/07 15:28:29 [term 13]: Raft[3] receive vote from Raft[1]
2024/08/07 15:28:29 [term 13]: Raft[3] receive vote from Raft[5]
2024/08/07 15:28:29 [term 13]: Raft[3] become leader
2024/08/07 15:28:29 [term 13]: Raft[3] send Hearbeats to all peers
2024/08/07 15:28:29 [term 57]: Raft[0] new election
2024/08/07 15:28:29 [term 57]: Raft[0] start election
2024/08/07 15:28:29 [term 13]: Raft[4] new election
2024/08/07 15:28:29 [term 13]: Raft[4] start election
2024/08/07 15:28:29 [term 58]: Raft[0] new election
2024/08/07 15:28:29 [term 58]: Raft[0] start election
2024/08/07 15:28:29 [term 30]: Raft[0] new election
2024/08/07 15:28:29 [term 30]: Raft[0] start election
2024/08/07 15:28:29 [term 59]: Raft[0] new election
2024/08/07 15:28:29 [term 59]: Raft[0] start election
2024/08/07 15:28:29 [term 13]: Raft[3] send Hearbeats to all peers
2024/08/07 15:28:29 [term 13]: Raft[5] start election
2024/08/07 15:28:29 [term 12]: Raft[2] new election
2024/08/07 15:28:29 [term 12]: Raft[2] start election
2024/08/07 15:28:29 [term 14]: Raft[5] receive vote from Raft[1]
2024/08/07 15:28:29 [term 14]: Raft[5] receive vote from Raft[3]
2024/08/07 15:28:29 [term 14]: Raft[5] receive vote from Raft[0]
2024/08/07 15:28:29 [term 14]: Raft[5] become leader
2024/08/07 15:28:29 [term 14]: Raft[5] send Hearbeats to all peers
2024/08/07 15:28:29 [term 12]: Raft[6] new election
2024/08/07 15:28:29 [term 12]: Raft[6] start election
2024/08/07 15:28:29 [term 14]: Raft[4] new election
2024/08/07 15:28:29 [term 14]: Raft[4] start election
2024/08/07 15:28:29 [term 15]: Raft[4] receive vote from Raft[0]
2024/08/07 15:28:29 [term 15]: Raft[4] receive vote from Raft[3]
2024/08/07 15:28:29 [term 15]: Raft[4] receive vote from Raft[2]
2024/08/07 15:28:29 [term 15]: Raft[4] become leader
2024/08/07 15:28:29 [term 15]: Raft[4] send Hearbeats to all peers
2024/08/07 15:28:29 [term 60]: Raft[0] new election
2024/08/07 15:28:29 [term 60]: Raft[0] start election
2024/08/07 15:28:29 [term 15]: Raft[4] send Hearbeats to all peers
2024/08/07 15:28:29 [term 61]: Raft[0] new election
2024/08/07 15:28:29 [term 61]: Raft[0] start election
2024/08/07 15:28:29 [term 62]: Raft[0] new election
2024/08/07 15:28:29 [term 62]: Raft[0] start election
2024/08/07 15:28:29 [term 31]: Raft[0] new election
2024/08/07 15:28:29 [term 31]: Raft[0] start election
2024/08/07 15:28:29 [term 63]: Raft[0] new election
2024/08/07 15:28:29 [term 63]: Raft[0] start election
2024/08/07 15:28:29 [term 14]: Raft[1] start election
2024/08/07 15:28:29 [term 13]: Raft[6] start election
2024/08/07 15:28:30 [term 14]: Raft[6] new election
2024/08/07 15:28:30 [term 14]: Raft[6] start election
2024/08/07 15:28:30 [term 64]: Raft[0] new election
2024/08/07 15:28:30 [term 64]: Raft[0] start election
2024/08/07 15:28:30 [term 15]: Raft[2] start election
2024/08/07 15:28:30 [term 16]: Raft[2] receive vote from Raft[4]
2024/08/07 15:28:30 [term 16]: Raft[2] receive vote from Raft[3]
2024/08/07 15:28:30 [term 16]: Raft[2] receive vote from Raft[5]
2024/08/07 15:28:30 [term 16]: Raft[2] become leader
2024/08/07 15:28:30 [term 16]: Raft[2] send Hearbeats to all peers
2024/08/07 15:28:30 [term 16]: Raft[5] start election
2024/08/07 15:28:30 [term 17]: Raft[5] receive vote from Raft[0]
2024/08/07 15:28:30 [term 17]: Raft[5] receive vote from Raft[2]
2024/08/07 15:28:30 [term 17]: Raft[5] receive vote from Raft[3]
2024/08/07 15:28:30 [term 17]: Raft[5] become leader
2024/08/07 15:28:30 [term 17]: Raft[5] send Hearbeats to all peers
2024/08/07 15:28:30 [term 65]: Raft[0] new election
2024/08/07 15:28:30 [term 65]: Raft[0] start election
2024/08/07 15:28:30 [term 66]: Raft[0] new election
2024/08/07 15:28:30 [term 66]: Raft[0] start election
2024/08/07 15:28:30 [term 17]: Raft[4] start election
2024/08/07 15:28:30 [term 32]: Raft[0] new election
2024/08/07 15:28:30 [term 32]: Raft[0] start election
2024/08/07 15:28:30 [term 67]: Raft[0] new election
2024/08/07 15:28:30 [term 67]: Raft[0] start election
2024/08/07 15:28:30 [term 15]: Raft[1] new election
2024/08/07 15:28:30 [term 15]: Raft[1] start election
2024/08/07 15:28:30 [term 15]: Raft[6] new election
2024/08/07 15:28:30 [term 16]: Raft[6] start election
2024/08/07 15:28:30 [term 17]: Raft[6] receive vote from Raft[1]
2024/08/07 15:28:30 [term 17]: Raft[6] new election
2024/08/07 15:28:30 [term 17]: Raft[6] start election
2024/08/07 15:28:30 [term 18]: Raft[6] receive vote from Raft[5]
2024/08/07 15:28:30 [term 18]: Raft[6] receive vote from Raft[2]
2024/08/07 15:28:30 [term 18]: Raft[6] receive vote from Raft[0]
2024/08/07 15:28:30 [term 18]: Raft[6] become leader
2024/08/07 15:28:30 [term 18]: Raft[6] send Hearbeats to all peers
2024/08/07 15:28:30 [term 17]: Raft[3] start election
2024/08/07 15:28:30 [term 68]: Raft[0] new election
2024/08/07 15:28:30 [term 68]: Raft[0] start election
2024/08/07 15:28:30 [term 18]: Raft[1] start election
2024/08/07 15:28:30 [term 19]: Raft[1] receive vote from Raft[0]
2024/08/07 15:28:30 [term 19]: Raft[1] receive vote from Raft[5]
2024/08/07 15:28:30 [term 19]: Raft[1] receive vote from Raft[6]
2024/08/07 15:28:30 [term 19]: Raft[1] become leader
2024/08/07 15:28:30 [term 19]: Raft[1] send Hearbeats to all peers
2024/08/07 15:28:30 [term 69]: Raft[0] new election
2024/08/07 15:28:30 [term 69]: Raft[0] start election
2024/08/07 15:28:30 [term 70]: Raft[0] new election
2024/08/07 15:28:30 [term 70]: Raft[0] start election
2024/08/07 15:28:30 [term 18]: Raft[4] new election
2024/08/07 15:28:30 [term 18]: Raft[4] start election
2024/08/07 15:28:30 [term 33]: Raft[0] new election
2024/08/07 15:28:30 [term 33]: Raft[0] start election
2024/08/07 15:28:30 [term 71]: Raft[0] new election
2024/08/07 15:28:30 [term 71]: Raft[0] start election
2024/08/07 15:28:30 [term 19]: Raft[1] send Hearbeats to all peers
2024/08/07 15:28:30 [term 18]: Raft[3] new election
2024/08/07 15:28:30 [term 18]: Raft[3] start election
2024/08/07 15:28:30 [term 72]: Raft[0] new election
2024/08/07 15:28:30 [term 72]: Raft[0] start election
2024/08/07 15:28:30 [term 19]: Raft[1] send Hearbeats to all peers
2024/08/07 15:28:30 [term 73]: Raft[0] new election
2024/08/07 15:28:30 [term 73]: Raft[0] start election
2024/08/07 15:28:30 [term 74]: Raft[0] new election
2024/08/07 15:28:30 [term 74]: Raft[0] start election
2024/08/07 15:28:30 [term 19]: Raft[4] new election
2024/08/07 15:28:30 [term 19]: Raft[4] start election
2024/08/07 15:28:30 [term 20]: Raft[4] receive vote from Raft[2]
2024/08/07 15:28:30 [term 20]: Raft[4] receive vote from Raft[3]
2024/08/07 15:28:30 [term 20]: Raft[4] receive vote from Raft[5]
2024/08/07 15:28:30 [term 20]: Raft[4] become leader
2024/08/07 15:28:30 [term 20]: Raft[4] send Hearbeats to all peers
2024/08/07 15:28:30 [term 19]: Raft[0] start election
2024/08/07 15:28:30 [term 20]: Raft[4] send Hearbeats to all peers
2024/08/07 15:28:30 [term 34]: Raft[0] new election
2024/08/07 15:28:30 [term 34]: Raft[0] start election
2024/08/07 15:28:30 [term 75]: Raft[0] new election
2024/08/07 15:28:30 [term 75]: Raft[0] start election
2024/08/07 15:28:30 [term 19]: Raft[6] start election
2024/08/07 15:28:31 [term 76]: Raft[0] new election
2024/08/07 15:28:31 [term 76]: Raft[0] start election
2024/08/07 15:28:31 [term 20]: Raft[2] start election
2024/08/07 15:28:31 [term 21]: Raft[2] receive vote from Raft[3]
2024/08/07 15:28:31 [term 21]: Raft[2] receive vote from Raft[4]
2024/08/07 15:28:31 [term 21]: Raft[2] receive vote from Raft[5]
2024/08/07 15:28:31 [term 21]: Raft[2] become leader
2024/08/07 15:28:31 [term 21]: Raft[2] send Hearbeats to all peers
2024/08/07 15:28:31 [term 19]: Raft[1] send Hearbeats to all peers
2024/08/07 15:28:31 [term 77]: Raft[0] new election
2024/08/07 15:28:31 [term 77]: Raft[0] start election
2024/08/07 15:28:31 [term 78]: Raft[0] new election
2024/08/07 15:28:31 [term 78]: Raft[0] start election
2024/08/07 15:28:31 [term 20]: Raft[0] new election
2024/08/07 15:28:31 [term 20]: Raft[0] start election
2024/08/07 15:28:31 [term 35]: Raft[0] new election
2024/08/07 15:28:31 [term 35]: Raft[0] start election
2024/08/07 15:28:31 [term 79]: Raft[0] new election
2024/08/07 15:28:31 [term 79]: Raft[0] start election
2024/08/07 15:28:31 [term 21]: Raft[2] send Hearbeats to all peers
2024/08/07 15:28:31 [term 21]: Raft[5] start election
2024/08/07 15:28:31 [term 21]: Raft[4] start election
2024/08/07 15:28:31 [term 22]: Raft[4] receive vote from Raft[0]
2024/08/07 15:28:31 [term 22]: Raft[4] receive vote from Raft[2]
2024/08/07 15:28:31 [term 22]: Raft[4] receive vote from Raft[1]
2024/08/07 15:28:31 [term 22]: Raft[4] become leader
2024/08/07 15:28:31 [term 22]: Raft[4] send Hearbeats to all peers
2024/08/07 15:28:31 [term 20]: Raft[6] new election
2024/08/07 15:28:31 [term 20]: Raft[6] start election
2024/08/07 15:28:31 [term 22]: Raft[1] start election
2024/08/07 15:28:31 [term 23]: Raft[1] receive vote from Raft[2]
2024/08/07 15:28:31 [term 23]: Raft[1] receive vote from Raft[4]
2024/08/07 15:28:31 [term 23]: Raft[1] receive vote from Raft[0]
2024/08/07 15:28:31 [term 23]: Raft[1] become leader
2024/08/07 15:28:31 [term 23]: Raft[1] send Hearbeats to all peers
2024/08/07 15:28:31 [term 21]: Raft[3] start election
2024/08/07 15:28:31 [term 80]: Raft[0] new election
2024/08/07 15:28:31 [term 80]: Raft[0] start election
2024/08/07 15:28:31 [term 81]: Raft[0] new election
2024/08/07 15:28:31 [term 81]: Raft[0] start election
2024/08/07 15:28:31 [term 82]: Raft[0] new election
2024/08/07 15:28:31 [term 82]: Raft[0] start election
2024/08/07 15:28:31 [term 36]: Raft[0] new election
2024/08/07 15:28:31 [term 36]: Raft[0] start election
2024/08/07 15:28:31 [term 23]: Raft[2] start election
2024/08/07 15:28:31 [term 24]: Raft[2] receive vote from Raft[1]
2024/08/07 15:28:31 [term 24]: Raft[2] receive vote from Raft[0]
2024/08/07 15:28:31 [term 24]: Raft[2] receive vote from Raft[4]
2024/08/07 15:28:31 [term 24]: Raft[2] become leader
2024/08/07 15:28:31 [term 24]: Raft[2] send Hearbeats to all peers
2024/08/07 15:28:31 [term 83]: Raft[0] new election
2024/08/07 15:28:31 [term 83]: Raft[0] start election
2024/08/07 15:28:31 [term 22]: Raft[5] new election
2024/08/07 15:28:31 [term 22]: Raft[5] start election
2024/08/07 15:28:31 [term 21]: Raft[6] start election
2024/08/07 15:28:31 [term 22]: Raft[6] new election
2024/08/07 15:28:31 [term 22]: Raft[6] start election
2024/08/07 15:28:31 [term 22]: Raft[3] new election
2024/08/07 15:28:31 [term 22]: Raft[3] start election
2024/08/07 15:28:31 [term 84]: Raft[0] new election
2024/08/07 15:28:31 [term 84]: Raft[0] start election
2024/08/07 15:28:31 [term 24]: Raft[0] start election
2024/08/07 15:28:31 [term 25]: Raft[0] receive vote from Raft[4]
2024/08/07 15:28:31 [term 25]: Raft[0] receive vote from Raft[1]
2024/08/07 15:28:31 [term 25]: Raft[0] receive vote from Raft[2]
2024/08/07 15:28:31 [term 25]: Raft[0] become leader
2024/08/07 15:28:31 [term 25]: Raft[0] send Hearbeats to all peers
2024/08/07 15:28:31 [term 23]: Raft[5] start election
2024/08/07 15:28:31 [term 85]: Raft[0] new election
2024/08/07 15:28:31 [term 85]: Raft[0] start election
2024/08/07 15:28:31 [term 86]: Raft[0] new election
2024/08/07 15:28:31 [term 86]: Raft[0] start election
2024/08/07 15:28:31 [term 37]: Raft[0] new election
2024/08/07 15:28:31 [term 37]: Raft[0] start election
2024/08/07 15:28:31 [term 87]: Raft[0] new election
2024/08/07 15:28:31 [term 87]: Raft[0] start election
2024/08/07 15:28:31 [term 25]: Raft[0] send Hearbeats to all peers
2024/08/07 15:28:31 [term 23]: Raft[6] new election
2024/08/07 15:28:31 [term 24]: Raft[6] start election
2024/08/07 15:28:31 [term 26]: Raft[6] receive vote from Raft[5]
2024/08/07 15:28:31 [term 26]: Raft[6] receive vote from Raft[2]
2024/08/07 15:28:31 [term 26]: Raft[6] receive vote from Raft[0]
2024/08/07 15:28:31 [term 26]: Raft[6] become leader
2024/08/07 15:28:31 [term 26]: Raft[6] send Hearbeats to all peers
2024/08/07 15:28:31 [term 23]: Raft[3] start election
2024/08/07 15:28:31 [term 25]: Raft[1] start election
2024/08/07 15:28:31 [term 24]: Raft[3] new election
2024/08/07 15:28:31 [term 24]: Raft[3] start election
2024/08/07 15:28:31 [term 88]: Raft[0] new election
2024/08/07 15:28:31 [term 88]: Raft[0] start election
2024/08/07 15:28:31 [term 26]: Raft[4] start election
2024/08/07 15:28:31 [term 89]: Raft[0] new election
2024/08/07 15:28:31 [term 89]: Raft[0] start election
2024/08/07 15:28:31 [term 27]: Raft[4] receive vote from Raft[0]
2024/08/07 15:28:31 [term 27]: Raft[4] receive vote from Raft[2]
2024/08/07 15:28:31 [term 27]: Raft[4] receive vote from Raft[6]
2024/08/07 15:28:31 [term 27]: Raft[4] become leader
2024/08/07 15:28:31 [term 27]: Raft[4] send Hearbeats to all peers
2024/08/07 15:28:32 [term 90]: Raft[0] new election
2024/08/07 15:28:32 [term 90]: Raft[0] start election
2024/08/07 15:28:32 [term 38]: Raft[0] new election
2024/08/07 15:28:32 [term 38]: Raft[0] start election
2024/08/07 15:28:32 [term 91]: Raft[0] new election
2024/08/07 15:28:32 [term 91]: Raft[0] start election
2024/08/07 15:28:32 [term 25]: Raft[3] new election
2024/08/07 15:28:32 [term 25]: Raft[3] start election
2024/08/07 15:28:32 [term 27]: Raft[5] start election
2024/08/07 15:28:32 [term 28]: Raft[5] receive vote from Raft[2]
2024/08/07 15:28:32 [term 28]: Raft[5] receive vote from Raft[0]
2024/08/07 15:28:32 [term 28]: Raft[5] receive vote from Raft[6]
2024/08/07 15:28:32 [term 28]: Raft[5] become leader
2024/08/07 15:28:32 [term 28]: Raft[5] send Hearbeats to all peers
2024/08/07 15:28:32 [term 28]: Raft[0] start election
2024/08/07 15:28:32 [term 29]: Raft[0] receive vote from Raft[6]
2024/08/07 15:28:32 [term 29]: Raft[0] receive vote from Raft[3]
2024/08/07 15:28:32 [term 29]: Raft[0] receive vote from Raft[4]
2024/08/07 15:28:32 [term 29]: Raft[0] become leader
2024/08/07 15:28:32 [term 29]: Raft[0] send Hearbeats to all peers
2024/08/07 15:28:32 [term 26]: Raft[1] new election
2024/08/07 15:28:32 [term 28]: Raft[1] start election
2024/08/07 15:28:32 [term 30]: Raft[1] receive vote from Raft[6]
2024/08/07 15:28:32 [term 30]: Raft[1] receive vote from Raft[3]
2024/08/07 15:28:32 [term 30]: Raft[1] receive vote from Raft[4]
2024/08/07 15:28:32 [term 30]: Raft[1] become leader
2024/08/07 15:28:32 [term 30]: Raft[1] send Hearbeats to all peers
2024/08/07 15:28:32 [term 92]: Raft[0] new election
2024/08/07 15:28:32 [term 92]: Raft[0] start election
2024/08/07 15:28:32 [term 30]: Raft[1] send Hearbeats to all peers
2024/08/07 15:28:32 [term 93]: Raft[0] new election
2024/08/07 15:28:32 [term 93]: Raft[0] start election
2024/08/07 15:28:32 [term 94]: Raft[0] new election
2024/08/07 15:28:32 [term 94]: Raft[0] start election
2024/08/07 15:28:32 [term 39]: Raft[0] new election
2024/08/07 15:28:32 [term 39]: Raft[0] start election
2024/08/07 15:28:32 [term 95]: Raft[0] new election
2024/08/07 15:28:32 [term 95]: Raft[0] start election
2024/08/07 15:28:32 [term 30]: Raft[1] send Hearbeats to all peers
2024/08/07 15:28:32 [term 96]: Raft[0] new election
2024/08/07 15:28:32 [term 96]: Raft[0] start election
2024/08/07 15:28:32 [term 30]: Raft[4] start election
2024/08/07 15:28:32 [term 31]: Raft[4] receive vote from Raft[2]
2024/08/07 15:28:32 [term 31]: Raft[4] receive vote from Raft[6]
2024/08/07 15:28:32 [term 31]: Raft[4] receive vote from Raft[0]
2024/08/07 15:28:32 [term 31]: Raft[4] become leader
2024/08/07 15:28:32 [term 31]: Raft[4] send Hearbeats to all peers
2024/08/07 15:28:32 [term 97]: Raft[0] new election
2024/08/07 15:28:32 [term 97]: Raft[0] start election
2024/08/07 15:28:32 [term 98]: Raft[0] new election
2024/08/07 15:28:32 [term 98]: Raft[0] start election
2024/08/07 15:28:32 [term 40]: Raft[0] new election
2024/08/07 15:28:32 [term 40]: Raft[0] start election
2024/08/07 15:28:32 [term 99]: Raft[0] new election
  ... Passed --   5.5  7  795  130537    0
2024/08/07 15:28:32 [term 99]: Raft[0] start election
FAIL
exit status 1
FAIL	6.5840/raft	13.116s
