Test (3A): initial election ...
2024/08/07 15:30:40 [term 0]: Raft[1] start election
2024/08/07 15:30:40 [term 0]: Raft[2] start election
2024/08/07 15:30:40 [term 1]: Raft[2] receive vote from Raft[0]
2024/08/07 15:30:40 [term 1]: Raft[2] become leader
2024/08/07 15:30:40 [term 1]: Raft[2] send Hearbeats to all peers
2024/08/07 15:30:40 [term 1]: Raft[0] start election
2024/08/07 15:30:40 [term 2]: Raft[0] receive vote from Raft[2]
2024/08/07 15:30:40 [term 2]: Raft[0] become leader
2024/08/07 15:30:40 [term 2]: Raft[0] send Hearbeats to all peers
--- FAIL: TestInitialElection3A (0.54s)
    config.go:467: servers disagree on term
Test (3A): election after network failure ...
2024/08/07 15:30:40 [term 1]: Raft[1] new election
2024/08/07 15:30:40 [term 1]: Raft[1] start election
2024/08/07 15:30:41 [term 0]: Raft[1] start election
2024/08/07 15:30:41 [term 1]: Raft[1] receive vote from Raft[2]
2024/08/07 15:30:41 [term 1]: Raft[1] become leader
2024/08/07 15:30:41 [term 1]: Raft[1] send Hearbeats to all peers
2024/08/07 15:30:41 [term 2]: Raft[1] new election
2024/08/07 15:30:41 [term 2]: Raft[1] start election
2024/08/07 15:30:41 [term 1]: Raft[1] send Hearbeats to all peers
2024/08/07 15:30:41 [term 1]: Raft[0] start election
2024/08/07 15:30:41 [term 2]: Raft[0] receive vote from Raft[1]
2024/08/07 15:30:41 [term 2]: Raft[0] become leader
2024/08/07 15:30:41 [term 2]: Raft[0] send Hearbeats to all peers
2024/08/07 15:30:41 [term 2]: Raft[0] send Hearbeats to all peers
2024/08/07 15:30:41 [term 3]: Raft[1] new election
2024/08/07 15:30:41 [term 3]: Raft[1] start election
2024/08/07 15:30:41 [term 2]: Raft[2] start election
2024/08/07 15:30:41 [term 3]: Raft[2] receive vote from Raft[1]
2024/08/07 15:30:41 [term 3]: Raft[2] become leader
2024/08/07 15:30:41 [term 3]: Raft[2] send Hearbeats to all peers
2024/08/07 15:30:41 [term 2]: Raft[0] start election
2024/08/07 15:30:41 [term 3]: Raft[1] start election
2024/08/07 15:30:41 [term 4]: Raft[1] receive vote from Raft[2]
2024/08/07 15:30:41 [term 4]: Raft[1] become leader
2024/08/07 15:30:41 [term 4]: Raft[1] send Hearbeats to all peers
2024/08/07 15:30:41 [term 4]: Raft[1] new election
2024/08/07 15:30:41 [term 4]: Raft[1] start election
2024/08/07 15:30:41 [term 3]: Raft[0] new election
2024/08/07 15:30:41 [term 3]: Raft[0] start election
2024/08/07 15:30:42 [term 4]: Raft[1] start election
2024/08/07 15:30:42 [term 4]: Raft[2] start election
2024/08/07 15:30:42 [term 5]: Raft[1] receive vote from Raft[0]
2024/08/07 15:30:42 [term 5]: Raft[1] become leader
2024/08/07 15:30:42 [term 5]: Raft[1] send Hearbeats to all peers
2024/08/07 15:30:42 [term 5]: Raft[1] send Hearbeats to all peers
2024/08/07 15:30:42 [term 5]: Raft[1] new election
2024/08/07 15:30:42 [term 5]: Raft[1] start election
2024/08/07 15:30:42 [term 5]: Raft[2] new election
2024/08/07 15:30:42 [term 5]: Raft[2] start election
2024/08/07 15:30:42 [term 6]: Raft[2] receive vote from Raft[0]
2024/08/07 15:30:42 [term 6]: Raft[2] become leader
2024/08/07 15:30:42 [term 6]: Raft[2] send Hearbeats to all peers
2024/08/07 15:30:42 [term 6]: Raft[0] start election
2024/08/07 15:30:42 [term 7]: Raft[0] receive vote from Raft[2]
2024/08/07 15:30:42 [term 7]: Raft[0] become leader
2024/08/07 15:30:42 [term 7]: Raft[0] send Hearbeats to all peers
2024/08/07 15:30:42 [term 6]: Raft[1] new election
2024/08/07 15:30:42 [term 6]: Raft[1] start election
2024/08/07 15:30:42 [term 7]: Raft[0] send Hearbeats to all peers
2024/08/07 15:30:42 [term 7]: Raft[0] start election
2024/08/07 15:30:42 [term 7]: Raft[2] start election
2024/08/07 15:30:42 [term 7]: Raft[1] start election
2024/08/07 15:30:42 [term 7]: Raft[1] new election
2024/08/07 15:30:42 [term 7]: Raft[1] start election
2024/08/07 15:30:42 [term 8]: Raft[0] new election
2024/08/07 15:30:42 [term 8]: Raft[0] start election
2024/08/07 15:30:43 [term 8]: Raft[2] new election
2024/08/07 15:30:43 [term 8]: Raft[2] start election
2024/08/07 15:30:43 [term 8]: Raft[1] new election
2024/08/07 15:30:43 [term 8]: Raft[1] start election
2024/08/07 15:30:43 [term 8]: Raft[1] new election
2024/08/07 15:30:43 [term 8]: Raft[1] start election
2024/08/07 15:30:43 [term 9]: Raft[0] new election
2024/08/07 15:30:43 [term 9]: Raft[2] start election
2024/08/07 15:30:43 [term 9]: Raft[0] start election
2024/08/07 15:30:43 [term 9]: Raft[1] start election
2024/08/07 15:30:43 [term 10]: Raft[2] new election
2024/08/07 15:30:43 [term 10]: Raft[2] start election
2024/08/07 15:30:43 [term 10]: Raft[1] new election
2024/08/07 15:30:43 [term 10]: Raft[1] start election
2024/08/07 15:30:43 [term 9]: Raft[1] new election
2024/08/07 15:30:43 [term 9]: Raft[1] start election
2024/08/07 15:30:43 [term 10]: Raft[0] new election
2024/08/07 15:30:43 [term 11]: Raft[2] new election
2024/08/07 15:30:43 [term 10]: Raft[0] start election
2024/08/07 15:30:43 [term 11]: Raft[2] start election
2024/08/07 15:30:43 [term 11]: Raft[1] new election
2024/08/07 15:30:43 [term 11]: Raft[1] start election
2024/08/07 15:30:43 [term 11]: Raft[0] start election
2024/08/07 15:30:43 [term 12]: Raft[2] new election
2024/08/07 15:30:43 [term 12]: Raft[2] start election
2024/08/07 15:30:43 [term 12]: Raft[1] new election
2024/08/07 15:30:43 [term 12]: Raft[1] start election
2024/08/07 15:30:43 [term 10]: Raft[1] new election
2024/08/07 15:30:43 [term 10]: Raft[1] start election
2024/08/07 15:30:43 [term 13]: Raft[1] start election
2024/08/07 15:30:43 [term 13]: Raft[2] start election
2024/08/07 15:30:43 [term 14]: Raft[2] new election
2024/08/07 15:30:43 [term 12]: Raft[0] new election
2024/08/07 15:30:43 [term 12]: Raft[0] start election
2024/08/07 15:30:43 [term 14]: Raft[2] start election
2024/08/07 15:30:43 [term 14]: Raft[1] new election
2024/08/07 15:30:43 [term 14]: Raft[1] start election
2024/08/07 15:30:43 [term 13]: Raft[0] new election
2024/08/07 15:30:43 [term 13]: Raft[0] start election
2024/08/07 15:30:43 [term 15]: Raft[2] new election
2024/08/07 15:30:43 [term 15]: Raft[2] start election
2024/08/07 15:30:43 [term 15]: Raft[1] new election
2024/08/07 15:30:43 [term 15]: Raft[1] start election
2024/08/07 15:30:43 [term 11]: Raft[1] new election
2024/08/07 15:30:43 [term 11]: Raft[1] start election
2024/08/07 15:30:44 [term 16]: Raft[1] new election
2024/08/07 15:30:44 [term 16]: Raft[1] start election
2024/08/07 15:30:44 [term 16]: Raft[2] new election
2024/08/07 15:30:44 [term 16]: Raft[2] start election
2024/08/07 15:30:44 [term 14]: Raft[0] start election
2024/08/07 15:30:44 [term 17]: Raft[2] new election
2024/08/07 15:30:44 [term 17]: Raft[2] start election
2024/08/07 15:30:44 [term 15]: Raft[0] new election
2024/08/07 15:30:44 [term 15]: Raft[0] start election
2024/08/07 15:30:44 [term 17]: Raft[1] new election
2024/08/07 15:30:44 [term 17]: Raft[1] start election
2024/08/07 15:30:44 [term 16]: Raft[0] new election
2024/08/07 15:30:44 [term 16]: Raft[0] start election
2024/08/07 15:30:44 [term 18]: Raft[2] new election
2024/08/07 15:30:44 [term 18]: Raft[2] start election
2024/08/07 15:30:44 [term 18]: Raft[1] new election
2024/08/07 15:30:44 [term 18]: Raft[1] start election
2024/08/07 15:30:44 [term 12]: Raft[1] new election
2024/08/07 15:30:44 [term 12]: Raft[1] start election
2024/08/07 15:30:44 [term 19]: Raft[2] start election
2024/08/07 15:30:44 [term 19]: Raft[1] new election
2024/08/07 15:30:44 [term 19]: Raft[1] start election
2024/08/07 15:30:44 [term 20]: Raft[2] new election
2024/08/07 15:30:44 [term 20]: Raft[2] start election
2024/08/07 15:30:44 [term 20]: Raft[1] start election
2024/08/07 15:30:44 [term 17]: Raft[0] new election
2024/08/07 15:30:44 [term 17]: Raft[0] start election
2024/08/07 15:30:44 [term 18]: Raft[0] new election
2024/08/07 15:30:44 [term 18]: Raft[0] start election
2024/08/07 15:30:44 [term 21]: Raft[2] new election
2024/08/07 15:30:44 [term 21]: Raft[2] start election
2024/08/07 15:30:44 [term 21]: Raft[1] new election
2024/08/07 15:30:44 [term 21]: Raft[1] start election
2024/08/07 15:30:44 [term 19]: Raft[0] new election
2024/08/07 15:30:44 [term 19]: Raft[0] start election
2024/08/07 15:30:44 [term 22]: Raft[2] new election
2024/08/07 15:30:44 [term 22]: Raft[2] start election
2024/08/07 15:30:44 [term 22]: Raft[1] new election
2024/08/07 15:30:44 [term 22]: Raft[1] start election
2024/08/07 15:30:44 [term 13]: Raft[1] new election
2024/08/07 15:30:44 [term 13]: Raft[1] start election
2024/08/07 15:30:44 [term 23]: Raft[1] new election
2024/08/07 15:30:44 [term 23]: Raft[2] new election
2024/08/07 15:30:44 [term 23]: Raft[1] start election
2024/08/07 15:30:44 [term 23]: Raft[2] start election
2024/08/07 15:30:44 [term 20]: Raft[0] start election
2024/08/07 15:30:44 [term 24]: Raft[2] new election
2024/08/07 15:30:44 [term 24]: Raft[2] start election
2024/08/07 15:30:44 [term 24]: Raft[1] new election
2024/08/07 15:30:44 [term 24]: Raft[1] start election
2024/08/07 15:30:44 [term 21]: Raft[0] new election
2024/08/07 15:30:44 [term 21]: Raft[0] start election
2024/08/07 15:30:44 [term 22]: Raft[0] new election
2024/08/07 15:30:44 [term 25]: Raft[2] new election
2024/08/07 15:30:44 [term 25]: Raft[2] start election
2024/08/07 15:30:44 [term 22]: Raft[0] start election
2024/08/07 15:30:44 [term 26]: Raft[2] receive vote from Raft[1]
2024/08/07 15:30:44 [term 26]: Raft[2] become leader
2024/08/07 15:30:44 [term 26]: Raft[2] send Hearbeats to all peers
2024/08/07 15:30:44 [term 23]: Raft[0] new election
2024/08/07 15:30:44 [term 23]: Raft[0] start election
2024/08/07 15:30:44 [term 14]: Raft[1] new election
2024/08/07 15:30:44 [term 14]: Raft[1] start election
2024/08/07 15:30:44 [term 26]: Raft[1] start election
2024/08/07 15:30:44 [term 27]: Raft[1] receive vote from Raft[2]
2024/08/07 15:30:44 [term 27]: Raft[1] become leader
2024/08/07 15:30:44 [term 27]: Raft[1] send Hearbeats to all peers
2024/08/07 15:30:45 [term 24]: Raft[0] new election
2024/08/07 15:30:45 [term 24]: Raft[0] start election
2024/08/07 15:30:45 [term 27]: Raft[2] start election
2024/08/07 15:30:45 [term 28]: Raft[2] receive vote from Raft[0]
2024/08/07 15:30:45 [term 28]: Raft[2] become leader
2024/08/07 15:30:45 [term 28]: Raft[2] send Hearbeats to all peers
2024/08/07 15:30:45 [term 15]: Raft[1] new election
2024/08/07 15:30:45 [term 15]: Raft[1] start election
2024/08/07 15:30:45 [term 28]: Raft[2] send Hearbeats to all peers
2024/08/07 15:30:45 [term 28]: Raft[2] send Hearbeats to all peers
  ... Passed --   4.5  3  182   26384    0
Test (3A): multiple elections ...
2024/08/07 15:30:45 [term 16]: Raft[1] new election
2024/08/07 15:30:45 [term 16]: Raft[1] start election
2024/08/07 15:30:45 [term 28]: Raft[1] start election
2024/08/07 15:30:45 [term 28]: Raft[0] start election
2024/08/07 15:30:45 [term 0]: Raft[6] start election
2024/08/07 15:30:45 [term 1]: Raft[6] receive vote from Raft[5]
2024/08/07 15:30:45 [term 1]: Raft[6] receive vote from Raft[0]
2024/08/07 15:30:45 [term 1]: Raft[6] receive vote from Raft[3]
2024/08/07 15:30:45 [term 1]: Raft[6] become leader
2024/08/07 15:30:45 [term 1]: Raft[6] send Hearbeats to all peers
2024/08/07 15:30:45 [term 1]: Raft[2] start election
2024/08/07 15:30:45 [term 2]: Raft[2] receive vote from Raft[1]
2024/08/07 15:30:45 [term 2]: Raft[2] receive vote from Raft[0]
2024/08/07 15:30:45 [term 2]: Raft[2] receive vote from Raft[6]
2024/08/07 15:30:45 [term 2]: Raft[2] become leader
2024/08/07 15:30:45 [term 2]: Raft[2] send Hearbeats to all peers
2024/08/07 15:30:45 [term 17]: Raft[1] new election
2024/08/07 15:30:45 [term 17]: Raft[1] start election
2024/08/07 15:30:45 [term 29]: Raft[1] new election
2024/08/07 15:30:45 [term 29]: Raft[1] start election
2024/08/07 15:30:45 [term 2]: Raft[1] start election
2024/08/07 15:30:45 [term 3]: Raft[1] receive vote from Raft[4]
2024/08/07 15:30:45 [term 3]: Raft[1] receive vote from Raft[0]
2024/08/07 15:30:45 [term 3]: Raft[1] receive vote from Raft[2]
2024/08/07 15:30:45 [term 3]: Raft[1] become leader
2024/08/07 15:30:45 [term 3]: Raft[1] send Hearbeats to all peers
2024/08/07 15:30:45 [term 29]: Raft[0] new election
2024/08/07 15:30:45 [term 29]: Raft[0] start election
2024/08/07 15:30:46 [term 18]: Raft[1] new election
2024/08/07 15:30:46 [term 18]: Raft[1] start election
2024/08/07 15:30:46 [term 3]: Raft[6] start election
2024/08/07 15:30:46 [term 3]: Raft[0] start election
2024/08/07 15:30:46 [term 4]: Raft[0] receive vote from Raft[4]
2024/08/07 15:30:46 [term 4]: Raft[0] receive vote from Raft[5]
2024/08/07 15:30:46 [term 4]: Raft[0] receive vote from Raft[3]
2024/08/07 15:30:46 [term 4]: Raft[0] become leader
2024/08/07 15:30:46 [term 4]: Raft[0] send Hearbeats to all peers
2024/08/07 15:30:46 [term 4]: Raft[0] send Hearbeats to all peers
2024/08/07 15:30:46 [term 30]: Raft[1] new election
2024/08/07 15:30:46 [term 30]: Raft[1] start election
2024/08/07 15:30:46 [term 3]: Raft[1] start election
2024/08/07 15:30:46 [term 3]: Raft[2] start election
2024/08/07 15:30:46 [term 30]: Raft[0] new election
2024/08/07 15:30:46 [term 30]: Raft[0] start election
2024/08/07 15:30:46 [term 4]: Raft[3] start election
2024/08/07 15:30:46 [term 5]: Raft[3] receive vote from Raft[4]
2024/08/07 15:30:46 [term 5]: Raft[3] receive vote from Raft[0]
2024/08/07 15:30:46 [term 5]: Raft[3] receive vote from Raft[5]
2024/08/07 15:30:46 [term 5]: Raft[3] become leader
2024/08/07 15:30:46 [term 5]: Raft[3] send Hearbeats to all peers
2024/08/07 15:30:46 [term 19]: Raft[1] new election
2024/08/07 15:30:46 [term 19]: Raft[1] start election
2024/08/07 15:30:46 [term 4]: Raft[6] new election
2024/08/07 15:30:46 [term 4]: Raft[6] start election
2024/08/07 15:30:46 [term 31]: Raft[1] new election
2024/08/07 15:30:46 [term 31]: Raft[1] start election
2024/08/07 15:30:46 [term 4]: Raft[1] new election
2024/08/07 15:30:46 [term 4]: Raft[1] start election
2024/08/07 15:30:46 [term 4]: Raft[2] new election
2024/08/07 15:30:46 [term 4]: Raft[2] start election
2024/08/07 15:30:46 [term 5]: Raft[6] start election
2024/08/07 15:30:46 [term 31]: Raft[0] new election
2024/08/07 15:30:46 [term 31]: Raft[0] start election
2024/08/07 15:30:46 [term 5]: Raft[3] send Hearbeats to all peers
2024/08/07 15:30:46 [term 5]: Raft[4] start election
2024/08/07 15:30:46 [term 6]: Raft[4] receive vote from Raft[2]
2024/08/07 15:30:46 [term 6]: Raft[4] receive vote from Raft[5]
2024/08/07 15:30:46 [term 6]: Raft[4] receive vote from Raft[0]
2024/08/07 15:30:46 [term 6]: Raft[4] become leader
2024/08/07 15:30:46 [term 6]: Raft[4] send Hearbeats to all peers
2024/08/07 15:30:46 [term 20]: Raft[1] new election
2024/08/07 15:30:46 [term 20]: Raft[1] start election
2024/08/07 15:30:46 [term 6]: Raft[6] new election
2024/08/07 15:30:46 [term 6]: Raft[6] start election
2024/08/07 15:30:46 [term 6]: Raft[0] start election
2024/08/07 15:30:46 [term 7]: Raft[0] receive vote from Raft[2]
2024/08/07 15:30:46 [term 7]: Raft[0] receive vote from Raft[5]
2024/08/07 15:30:46 [term 7]: Raft[0] receive vote from Raft[4]
2024/08/07 15:30:46 [term 7]: Raft[0] become leader
2024/08/07 15:30:46 [term 7]: Raft[0] send Hearbeats to all peers
2024/08/07 15:30:46 [term 32]: Raft[1] new election
2024/08/07 15:30:46 [term 32]: Raft[1] start election
2024/08/07 15:30:46 [term 7]: Raft[0] send Hearbeats to all peers
2024/08/07 15:30:46 [term 5]: Raft[1] start election
2024/08/07 15:30:46 [term 6]: Raft[1] new election
2024/08/07 15:30:46 [term 6]: Raft[1] start election
2024/08/07 15:30:46 [term 7]: Raft[6] new election
2024/08/07 15:30:46 [term 7]: Raft[6] start election
2024/08/07 15:30:46 [term 32]: Raft[0] new election
2024/08/07 15:30:46 [term 32]: Raft[0] start election
2024/08/07 15:30:46 [term 5]: Raft[3] send Hearbeats to all peers
2024/08/07 15:30:47 [term 21]: Raft[1] new election
2024/08/07 15:30:47 [term 21]: Raft[1] start election
2024/08/07 15:30:47 [term 7]: Raft[2] start election
2024/08/07 15:30:47 [term 8]: Raft[2] receive vote from Raft[0]
2024/08/07 15:30:47 [term 8]: Raft[2] receive vote from Raft[4]
2024/08/07 15:30:47 [term 8]: Raft[6] new election
2024/08/07 15:30:47 [term 8]: Raft[6] start election
2024/08/07 15:30:47 [term 9]: Raft[6] receive vote from Raft[4]
2024/08/07 15:30:47 [term 9]: Raft[6] receive vote from Raft[0]
2024/08/07 15:30:47 [term 7]: Raft[5] start election
2024/08/07 15:30:47 [term 9]: Raft[6] start election
2024/08/07 15:30:47 [term 10]: Raft[6] receive vote from Raft[4]
2024/08/07 15:30:47 [term 10]: Raft[6] receive vote from Raft[0]
2024/08/07 15:30:47 [term 5]: Raft[3] send Hearbeats to all peers
2024/08/07 15:30:47 [term 10]: Raft[4] start election
2024/08/07 15:30:47 [term 11]: Raft[4] receive vote from Raft[0]
2024/08/07 15:30:47 [term 33]: Raft[1] new election
2024/08/07 15:30:47 [term 33]: Raft[1] start election
2024/08/07 15:30:47 [term 7]: Raft[1] new election
2024/08/07 15:30:47 [term 8]: Raft[1] start election
2024/08/07 15:30:47 [term 8]: Raft[2] receive vote from Raft[1]
2024/08/07 15:30:47 [term 8]: Raft[2] become leader
2024/08/07 15:30:47 [term 8]: Raft[2] send Hearbeats to all peers
2024/08/07 15:30:47 [term 10]: Raft[6] receive vote from Raft[1]
2024/08/07 15:30:47 [term 10]: Raft[6] become leader
2024/08/07 15:30:47 [term 10]: Raft[6] send Hearbeats to all peers
2024/08/07 15:30:47 [term 11]: Raft[4] receive vote from Raft[1]
2024/08/07 15:30:47 [term 11]: Raft[1] receive vote from Raft[2]
2024/08/07 15:30:47 [term 11]: Raft[4] receive vote from Raft[2]
2024/08/07 15:30:47 [term 11]: Raft[4] become leader
2024/08/07 15:30:47 [term 11]: Raft[4] send Hearbeats to all peers
2024/08/07 15:30:47 [term 33]: Raft[0] new election
2024/08/07 15:30:47 [term 33]: Raft[0] start election
2024/08/07 15:30:47 [term 11]: Raft[4] send Hearbeats to all peers
2024/08/07 15:30:47 [term 5]: Raft[3] start election
2024/08/07 15:30:47 [term 22]: Raft[1] new election
2024/08/07 15:30:47 [term 22]: Raft[1] start election
2024/08/07 15:30:47 [term 8]: Raft[5] new election
2024/08/07 15:30:47 [term 8]: Raft[5] start election
2024/08/07 15:30:47 [term 34]: Raft[1] new election
2024/08/07 15:30:47 [term 34]: Raft[1] start election
2024/08/07 15:30:47 [term 11]: Raft[4] send Hearbeats to all peers
2024/08/07 15:30:47 [term 34]: Raft[0] new election
2024/08/07 15:30:47 [term 34]: Raft[0] start election
2024/08/07 15:30:47 [term 11]: Raft[4] send Hearbeats to all peers
2024/08/07 15:30:47 [term 6]: Raft[3] new election
2024/08/07 15:30:47 [term 6]: Raft[3] start election
2024/08/07 15:30:47 [term 23]: Raft[1] new election
2024/08/07 15:30:47 [term 23]: Raft[1] start election
2024/08/07 15:30:47 [term 9]: Raft[5] new election
2024/08/07 15:30:47 [term 9]: Raft[5] start election
2024/08/07 15:30:47 [term 11]: Raft[2] start election
2024/08/07 15:30:47 [term 12]: Raft[2] receive vote from Raft[6]
2024/08/07 15:30:47 [term 12]: Raft[2] receive vote from Raft[3]
2024/08/07 15:30:47 [term 12]: Raft[2] receive vote from Raft[0]
2024/08/07 15:30:47 [term 12]: Raft[2] become leader
2024/08/07 15:30:47 [term 12]: Raft[2] send Hearbeats to all peers
2024/08/07 15:30:47 [term 11]: Raft[4] start election
2024/08/07 15:30:47 [term 10]: Raft[5] start election
2024/08/07 15:30:47 [term 12]: Raft[6] start election
2024/08/07 15:30:47 [term 13]: Raft[6] receive vote from Raft[2]
2024/08/07 15:30:47 [term 13]: Raft[6] receive vote from Raft[3]
2024/08/07 15:30:47 [term 13]: Raft[6] receive vote from Raft[0]
2024/08/07 15:30:47 [term 13]: Raft[6] become leader
2024/08/07 15:30:47 [term 13]: Raft[6] send Hearbeats to all peers
2024/08/07 15:30:47 [term 35]: Raft[1] new election
2024/08/07 15:30:47 [term 35]: Raft[1] start election
2024/08/07 15:30:47 [term 11]: Raft[1] start election
2024/08/07 15:30:47 [term 35]: Raft[0] new election
2024/08/07 15:30:47 [term 35]: Raft[0] start election
2024/08/07 15:30:47 [term 24]: Raft[1] new election
2024/08/07 15:30:47 [term 24]: Raft[1] start election
2024/08/07 15:30:47 [term 13]: Raft[2] start election
2024/08/07 15:30:47 [term 14]: Raft[2] receive vote from Raft[6]
2024/08/07 15:30:47 [term 14]: Raft[2] receive vote from Raft[3]
2024/08/07 15:30:47 [term 14]: Raft[2] receive vote from Raft[0]
2024/08/07 15:30:47 [term 14]: Raft[2] become leader
2024/08/07 15:30:47 [term 14]: Raft[2] send Hearbeats to all peers
2024/08/07 15:30:47 [term 11]: Raft[5] new election
2024/08/07 15:30:47 [term 11]: Raft[5] start election
2024/08/07 15:30:47 [term 12]: Raft[4] new election
2024/08/07 15:30:47 [term 12]: Raft[5] new election
2024/08/07 15:30:47 [term 12]: Raft[4] start election
2024/08/07 15:30:47 [term 12]: Raft[5] start election
2024/08/07 15:30:48 [term 36]: Raft[1] new election
2024/08/07 15:30:48 [term 36]: Raft[1] start election
2024/08/07 15:30:48 [term 12]: Raft[1] new election
2024/08/07 15:30:48 [term 14]: Raft[0] start election
2024/08/07 15:30:48 [term 12]: Raft[1] start election
2024/08/07 15:30:48 [term 36]: Raft[0] new election
2024/08/07 15:30:48 [term 36]: Raft[0] start election
2024/08/07 15:30:48 [term 14]: Raft[3] start election
2024/08/07 15:30:48 [term 25]: Raft[1] new election
2024/08/07 15:30:48 [term 25]: Raft[1] start election
2024/08/07 15:30:48 [term 13]: Raft[5] start election
2024/08/07 15:30:48 [term 14]: Raft[5] receive vote from Raft[1]
2024/08/07 15:30:48 [term 14]: Raft[5] new election
2024/08/07 15:30:48 [term 14]: Raft[5] start election
2024/08/07 15:30:48 [term 15]: Raft[5] receive vote from Raft[6]
2024/08/07 15:30:48 [term 15]: Raft[5] receive vote from Raft[2]
2024/08/07 15:30:48 [term 15]: Raft[5] receive vote from Raft[1]
2024/08/07 15:30:48 [term 15]: Raft[5] become leader
2024/08/07 15:30:48 [term 15]: Raft[5] send Hearbeats to all peers
2024/08/07 15:30:48 [term 13]: Raft[4] new election
2024/08/07 15:30:48 [term 13]: Raft[4] start election
2024/08/07 15:30:48 [term 37]: Raft[1] new election
2024/08/07 15:30:48 [term 37]: Raft[1] start election
2024/08/07 15:30:48 [term 15]: Raft[2] start election
2024/08/07 15:30:48 [term 16]: Raft[2] receive vote from Raft[6]
2024/08/07 15:30:48 [term 16]: Raft[2] receive vote from Raft[1]
2024/08/07 15:30:48 [term 14]: Raft[4] start election
2024/08/07 15:30:48 [term 16]: Raft[6] start election
2024/08/07 15:30:48 [term 17]: Raft[6] receive vote from Raft[1]
2024/08/07 15:30:48 [term 15]: Raft[0] new election
2024/08/07 15:30:48 [term 15]: Raft[0] start election
2024/08/07 15:30:48 [term 37]: Raft[0] new election
2024/08/07 15:30:48 [term 37]: Raft[0] start election
2024/08/07 15:30:48 [term 15]: Raft[3] new election
2024/08/07 15:30:48 [term 15]: Raft[3] start election
2024/08/07 15:30:48 [term 26]: Raft[1] new election
2024/08/07 15:30:48 [term 26]: Raft[1] start election
2024/08/07 15:30:48 [term 16]: Raft[2] receive vote from Raft[5]
2024/08/07 15:30:48 [term 17]: Raft[6] receive vote from Raft[5]
2024/08/07 15:30:48 [term 16]: Raft[2] become leader
2024/08/07 15:30:48 [term 16]: Raft[2] send Hearbeats to all peers
2024/08/07 15:30:48 [term 17]: Raft[6] receive vote from Raft[2]
2024/08/07 15:30:48 [term 17]: Raft[6] become leader
2024/08/07 15:30:48 [term 17]: Raft[6] send Hearbeats to all peers
2024/08/07 15:30:48 [term 15]: Raft[4] new election
2024/08/07 15:30:48 [term 15]: Raft[4] start election
2024/08/07 15:30:48 [term 38]: Raft[1] new election
2024/08/07 15:30:48 [term 38]: Raft[1] start election
2024/08/07 15:30:48 [term 17]: Raft[1] start election
2024/08/07 15:30:48 [term 16]: Raft[0] start election
2024/08/07 15:30:48 [term 17]: Raft[6] send Hearbeats to all peers
2024/08/07 15:30:48 [term 17]: Raft[0] new election
2024/08/07 15:30:48 [term 17]: Raft[0] start election
2024/08/07 15:30:48 [term 38]: Raft[0] new election
2024/08/07 15:30:48 [term 38]: Raft[0] start election
2024/08/07 15:30:48 [term 16]: Raft[3] start election
2024/08/07 15:30:48 [term 17]: Raft[3] new election
2024/08/07 15:30:48 [term 17]: Raft[3] start election
2024/08/07 15:30:48 [term 17]: Raft[6] send Hearbeats to all peers
2024/08/07 15:30:48 [term 27]: Raft[1] new election
2024/08/07 15:30:48 [term 27]: Raft[1] start election
2024/08/07 15:30:48 [term 39]: Raft[1] new election
2024/08/07 15:30:48 [term 39]: Raft[1] start election
2024/08/07 15:30:48 [term 18]: Raft[1] new election
2024/08/07 15:30:48 [term 18]: Raft[1] start election
2024/08/07 15:30:48 [term 18]: Raft[0] new election
2024/08/07 15:30:48 [term 18]: Raft[0] start election
2024/08/07 15:30:48 [term 17]: Raft[2] start election
2024/08/07 15:30:48 [term 18]: Raft[2] receive vote from Raft[4]
2024/08/07 15:30:48 [term 18]: Raft[2] receive vote from Raft[5]
2024/08/07 15:30:48 [term 19]: Raft[0] new election
2024/08/07 15:30:48 [term 19]: Raft[0] start election
2024/08/07 15:30:48 [term 17]: Raft[6] start election
2024/08/07 15:30:48 [term 18]: Raft[3] new election
2024/08/07 15:30:48 [term 39]: Raft[0] new election
2024/08/07 15:30:48 [term 18]: Raft[3] start election
2024/08/07 15:30:48 [term 39]: Raft[0] start election
2024/08/07 15:30:48 [term 19]: Raft[3] receive vote from Raft[4]
2024/08/07 15:30:48 [term 19]: Raft[3] receive vote from Raft[5]
2024/08/07 15:30:49 [term 19]: Raft[3] new election
2024/08/07 15:30:49 [term 19]: Raft[3] start election
2024/08/07 15:30:49 [term 20]: Raft[3] receive vote from Raft[4]
2024/08/07 15:30:49 [term 20]: Raft[3] receive vote from Raft[5]
2024/08/07 15:30:49 [term 28]: Raft[1] new election
2024/08/07 15:30:49 [term 28]: Raft[1] start election
2024/08/07 15:30:49 [term 19]: Raft[1] start election
2024/08/07 15:30:49 [term 20]: Raft[5] start election
2024/08/07 15:30:49 [term 21]: Raft[5] receive vote from Raft[4]
2024/08/07 15:30:49 [term 21]: Raft[5] receive vote from Raft[3]
2024/08/07 15:30:49 [term 40]: Raft[1] new election
2024/08/07 15:30:49 [term 40]: Raft[1] start election
2024/08/07 15:30:49 [term 20]: Raft[1] new election
2024/08/07 15:30:49 [term 20]: Raft[1] start election
2024/08/07 15:30:49 [term 20]: Raft[0] new election
2024/08/07 15:30:49 [term 20]: Raft[0] start election
2024/08/07 15:30:49 [term 21]: Raft[0] start election
2024/08/07 15:30:49 [term 22]: Raft[0] new election
2024/08/07 15:30:49 [term 22]: Raft[0] start election
2024/08/07 15:30:49 [term 18]: Raft[6] new election
2024/08/07 15:30:49 [term 18]: Raft[6] start election
2024/08/07 15:30:49 [term 18]: Raft[2] new election
2024/08/07 15:30:49 [term 40]: Raft[0] new election
2024/08/07 15:30:49 [term 19]: Raft[2] start election
2024/08/07 15:30:49 [term 40]: Raft[0] start election
2024/08/07 15:30:49 [term 21]: Raft[3] receive vote from Raft[2]
2024/08/07 15:30:49 [term 21]: Raft[3] become leader
2024/08/07 15:30:49 [term 21]: Raft[3] send Hearbeats to all peers
2024/08/07 15:30:49 [term 21]: Raft[3] receive vote from Raft[2]
2024/08/07 15:30:49 [term 21]: Raft[3] become leader
2024/08/07 15:30:49 [term 21]: Raft[3] send Hearbeats to all peers
2024/08/07 15:30:49 [term 21]: Raft[3] start election
2024/08/07 15:30:49 [term 22]: Raft[3] receive vote from Raft[2]
2024/08/07 15:30:49 [term 22]: Raft[3] receive vote from Raft[4]
2024/08/07 15:30:49 [term 29]: Raft[1] new election
2024/08/07 15:30:49 [term 29]: Raft[1] start election
2024/08/07 15:30:49 [term 21]: Raft[1] new election
2024/08/07 15:30:49 [term 21]: Raft[1] start election
2024/08/07 15:30:49 [term 41]: Raft[1] new election
2024/08/07 15:30:49 [term 41]: Raft[1] start election
2024/08/07 15:30:49 [term 22]: Raft[1] new election
2024/08/07 15:30:49 [term 22]: Raft[1] start election
2024/08/07 15:30:49 [term 23]: Raft[0] new election
2024/08/07 15:30:49 [term 23]: Raft[0] start election
2024/08/07 15:30:49 [term 24]: Raft[0] new election
2024/08/07 15:30:49 [term 24]: Raft[0] start election
2024/08/07 15:30:49 [term 19]: Raft[6] start election
2024/08/07 15:30:49 [term 22]: Raft[4] start election
2024/08/07 15:30:49 [term 23]: Raft[4] receive vote from Raft[2]
2024/08/07 15:30:49 [term 25]: Raft[0] new election
2024/08/07 15:30:49 [term 25]: Raft[0] start election
2024/08/07 15:30:49 [term 20]: Raft[6] new election
2024/08/07 15:30:49 [term 20]: Raft[6] start election
2024/08/07 15:30:49 [term 21]: Raft[5] new election
2024/08/07 15:30:49 [term 41]: Raft[0] new election
2024/08/07 15:30:49 [term 41]: Raft[0] start election
2024/08/07 15:30:49 [term 21]: Raft[5] start election
2024/08/07 15:30:49 [term 23]: Raft[4] receive vote from Raft[5]
2024/08/07 15:30:49 [term 30]: Raft[1] new election
2024/08/07 15:30:49 [term 30]: Raft[1] start election
2024/08/07 15:30:49 [term 23]: Raft[1] start election
2024/08/07 15:30:49 [term 24]: Raft[1] new election
2024/08/07 15:30:49 [term 24]: Raft[1] start election
2024/08/07 15:30:49 [term 42]: Raft[1] new election
2024/08/07 15:30:49 [term 42]: Raft[1] start election
2024/08/07 15:30:49 [term 26]: Raft[0] start election
2024/08/07 15:30:49 [term 25]: Raft[1] new election
2024/08/07 15:30:49 [term 25]: Raft[1] start election
2024/08/07 15:30:49 [term 27]: Raft[0] new election
2024/08/07 15:30:49 [term 27]: Raft[0] start election
2024/08/07 15:30:49 [term 28]: Raft[0] new election
2024/08/07 15:30:49 [term 28]: Raft[0] start election
2024/08/07 15:30:49 [term 23]: Raft[2] start election
2024/08/07 15:30:49 [term 24]: Raft[2] receive vote from Raft[5]
2024/08/07 15:30:49 [term 21]: Raft[6] new election
2024/08/07 15:30:49 [term 21]: Raft[6] start election
2024/08/07 15:30:49 [term 29]: Raft[0] new election
2024/08/07 15:30:49 [term 29]: Raft[0] start election
2024/08/07 15:30:49 [term 22]: Raft[6] new election
2024/08/07 15:30:49 [term 22]: Raft[6] start election
2024/08/07 15:30:49 [term 42]: Raft[0] new election
2024/08/07 15:30:49 [term 24]: Raft[2] new election
2024/08/07 15:30:49 [term 22]: Raft[3] new election
2024/08/07 15:30:49 [term 23]: Raft[3] start election
2024/08/07 15:30:49 [term 23]: Raft[4] new election
2024/08/07 15:30:49 [term 42]: Raft[0] start election
2024/08/07 15:30:49 [term 24]: Raft[2] start election
2024/08/07 15:30:49 [term 25]: Raft[2] receive vote from Raft[4]
2024/08/07 15:30:49 [term 24]: Raft[4] start election
2024/08/07 15:30:49 [term 25]: Raft[2] receive vote from Raft[3]
2024/08/07 15:30:49 [term 25]: Raft[2] receive vote from Raft[5]
2024/08/07 15:30:49 [term 25]: Raft[5] start election
2024/08/07 15:30:49 [term 26]: Raft[5] receive vote from Raft[4]
2024/08/07 15:30:49 [term 26]: Raft[5] receive vote from Raft[3]
2024/08/07 15:30:50 [term 31]: Raft[1] new election
2024/08/07 15:30:50 [term 31]: Raft[1] start election
2024/08/07 15:30:50 [term 26]: Raft[1] new election
2024/08/07 15:30:50 [term 26]: Raft[1] start election
2024/08/07 15:30:50 [term 27]: Raft[1] new election
2024/08/07 15:30:50 [term 27]: Raft[1] start election
2024/08/07 15:30:50 [term 43]: Raft[1] new election
2024/08/07 15:30:50 [term 43]: Raft[1] start election
2024/08/07 15:30:50 [term 30]: Raft[0] new election
2024/08/07 15:30:50 [term 30]: Raft[0] start election
2024/08/07 15:30:50 [term 28]: Raft[1] new election
2024/08/07 15:30:50 [term 28]: Raft[1] start election
2024/08/07 15:30:50 [term 31]: Raft[0] new election
2024/08/07 15:30:50 [term 31]: Raft[0] start election
2024/08/07 15:30:50 [term 32]: Raft[0] new election
2024/08/07 15:30:50 [term 32]: Raft[0] start election
2024/08/07 15:30:50 [term 23]: Raft[6] new election
2024/08/07 15:30:50 [term 23]: Raft[6] start election
2024/08/07 15:30:50 [term 33]: Raft[0] new election
2024/08/07 15:30:50 [term 33]: Raft[0] start election
2024/08/07 15:30:50 [term 24]: Raft[6] new election
2024/08/07 15:30:50 [term 24]: Raft[6] start election
2024/08/07 15:30:50 [term 43]: Raft[0] new election
2024/08/07 15:30:50 [term 43]: Raft[0] start election
2024/08/07 15:30:50 [term 25]: Raft[2] new election
2024/08/07 15:30:50 [term 25]: Raft[2] start election
2024/08/07 15:30:50 [term 26]: Raft[2] new election
2024/08/07 15:30:50 [term 26]: Raft[2] start election
2024/08/07 15:30:50 [term 27]: Raft[2] receive vote from Raft[3]
2024/08/07 15:30:50 [term 27]: Raft[2] receive vote from Raft[4]
2024/08/07 15:30:50 [term 25]: Raft[6] start election
2024/08/07 15:30:50 [term 32]: Raft[1] new election
2024/08/07 15:30:50 [term 32]: Raft[1] start election
2024/08/07 15:30:50 [term 29]: Raft[1] new election
2024/08/07 15:30:50 [term 29]: Raft[1] start election
2024/08/07 15:30:50 [term 30]: Raft[1] new election
2024/08/07 15:30:50 [term 30]: Raft[1] start election
2024/08/07 15:30:50 [term 31]: Raft[1] start election
2024/08/07 15:30:50 [term 27]: Raft[4] start election
2024/08/07 15:30:50 [term 28]: Raft[4] receive vote from Raft[2]
2024/08/07 15:30:50 [term 28]: Raft[4] receive vote from Raft[3]
2024/08/07 15:30:50 [term 34]: Raft[0] start election
2024/08/07 15:30:50 [term 44]: Raft[1] new election
2024/08/07 15:30:50 [term 44]: Raft[1] start election
2024/08/07 15:30:50 [term 35]: Raft[0] new election
2024/08/07 15:30:50 [term 35]: Raft[0] start election
2024/08/07 15:30:50 [term 32]: Raft[1] new election
2024/08/07 15:30:50 [term 32]: Raft[1] start election
2024/08/07 15:30:50 [term 36]: Raft[0] new election
2024/08/07 15:30:50 [term 36]: Raft[0] start election
2024/08/07 15:30:50 [term 37]: Raft[0] new election
2024/08/07 15:30:50 [term 37]: Raft[0] start election
2024/08/07 15:30:50 [term 26]: Raft[6] new election
2024/08/07 15:30:50 [term 26]: Raft[6] start election
2024/08/07 15:30:50 [term 38]: Raft[0] new election
2024/08/07 15:30:50 [term 38]: Raft[0] start election
2024/08/07 15:30:50 [term 27]: Raft[6] new election
2024/08/07 15:30:50 [term 27]: Raft[6] start election
2024/08/07 15:30:50 [term 44]: Raft[0] new election
2024/08/07 15:30:50 [term 26]: Raft[5] new election
2024/08/07 15:30:50 [term 44]: Raft[0] start election
2024/08/07 15:30:50 [term 26]: Raft[5] start election
2024/08/07 15:30:50 [term 28]: Raft[4] new election
2024/08/07 15:30:50 [term 28]: Raft[4] start election
2024/08/07 15:30:50 [term 29]: Raft[4] receive vote from Raft[5]
2024/08/07 15:30:50 [term 29]: Raft[4] become leader
2024/08/07 15:30:50 [term 29]: Raft[4] send Hearbeats to all peers
2024/08/07 15:30:50 [term 29]: Raft[4] receive vote from Raft[2]
2024/08/07 15:30:50 [term 29]: Raft[4] receive vote from Raft[3]
2024/08/07 15:30:50 [term 29]: Raft[4] receive vote from Raft[5]
2024/08/07 15:30:50 [term 29]: Raft[4] become leader
2024/08/07 15:30:50 [term 29]: Raft[4] send Hearbeats to all peers
2024/08/07 15:30:50 [term 29]: Raft[3] start election
2024/08/07 15:30:50 [term 30]: Raft[3] receive vote from Raft[2]
2024/08/07 15:30:50 [term 30]: Raft[3] receive vote from Raft[4]
2024/08/07 15:30:50 [term 30]: Raft[3] receive vote from Raft[5]
2024/08/07 15:30:50 [term 30]: Raft[3] become leader
2024/08/07 15:30:50 [term 30]: Raft[3] send Hearbeats to all peers
2024/08/07 15:30:50 [term 28]: Raft[6] new election
2024/08/07 15:30:50 [term 28]: Raft[6] start election
2024/08/07 15:30:50 [term 30]: Raft[5] start election
2024/08/07 15:30:50 [term 31]: Raft[5] receive vote from Raft[4]
2024/08/07 15:30:50 [term 31]: Raft[5] receive vote from Raft[2]
2024/08/07 15:30:50 [term 31]: Raft[5] receive vote from Raft[3]
2024/08/07 15:30:50 [term 31]: Raft[5] become leader
2024/08/07 15:30:50 [term 31]: Raft[5] send Hearbeats to all peers
2024/08/07 15:30:50 [term 33]: Raft[1] new election
2024/08/07 15:30:50 [term 33]: Raft[1] start election
2024/08/07 15:30:50 [term 33]: Raft[1] new election
2024/08/07 15:30:50 [term 33]: Raft[1] start election
2024/08/07 15:30:50 [term 34]: Raft[1] new election
2024/08/07 15:30:50 [term 34]: Raft[1] start election
2024/08/07 15:30:50 [term 35]: Raft[1] new election
2024/08/07 15:30:50 [term 35]: Raft[1] start election
2024/08/07 15:30:50 [term 39]: Raft[0] new election
2024/08/07 15:30:50 [term 39]: Raft[0] start election
2024/08/07 15:30:50 [term 45]: Raft[1] new election
2024/08/07 15:30:50 [term 45]: Raft[1] start election
2024/08/07 15:30:50 [term 40]: Raft[0] new election
2024/08/07 15:30:50 [term 40]: Raft[0] start election
2024/08/07 15:30:50 [term 36]: Raft[1] new election
2024/08/07 15:30:50 [term 36]: Raft[1] start election
2024/08/07 15:30:50 [term 41]: Raft[0] new election
2024/08/07 15:30:50 [term 41]: Raft[0] start election
2024/08/07 15:30:50 [term 42]: Raft[0] new election
2024/08/07 15:30:50 [term 42]: Raft[0] start election
2024/08/07 15:30:50 [term 31]: Raft[5] send Hearbeats to all peers
2024/08/07 15:30:50 [term 29]: Raft[6] new election
2024/08/07 15:30:50 [term 29]: Raft[6] start election
2024/08/07 15:30:50 [term 43]: Raft[0] new election
2024/08/07 15:30:50 [term 43]: Raft[0] start election
2024/08/07 15:30:50 [term 30]: Raft[6] start election
2024/08/07 15:30:50 [term 30]: Raft[6] new election
2024/08/07 15:30:50 [term 31]: Raft[6] start election
2024/08/07 15:30:50 [term 45]: Raft[0] new election
2024/08/07 15:30:50 [term 45]: Raft[0] start election
2024/08/07 15:30:50 [term 37]: Raft[1] start election
2024/08/07 15:30:50 [term 31]: Raft[5] send Hearbeats to all peers
2024/08/07 15:30:50 [term 32]: Raft[6] new election
2024/08/07 15:30:50 [term 32]: Raft[6] start election
2024/08/07 15:30:50 [term 34]: Raft[1] new election
2024/08/07 15:30:50 [term 34]: Raft[1] start election
2024/08/07 15:30:50 [term 38]: Raft[1] new election
2024/08/07 15:30:50 [term 38]: Raft[1] start election
2024/08/07 15:30:50 [term 44]: Raft[0] start election
2024/08/07 15:30:50 [term 39]: Raft[1] new election
2024/08/07 15:30:50 [term 45]: Raft[0] receive vote from Raft[3]
2024/08/07 15:30:50 [term 45]: Raft[0] receive vote from Raft[4]
2024/08/07 15:30:50 [term 39]: Raft[1] start election
2024/08/07 15:30:50 [term 40]: Raft[1] new election
2024/08/07 15:30:50 [term 40]: Raft[1] start election
2024/08/07 15:30:50 [term 45]: Raft[0] new election
2024/08/07 15:30:50 [term 45]: Raft[0] start election
2024/08/07 15:30:50 [term 46]: Raft[0] receive vote from Raft[3]
2024/08/07 15:30:50 [term 46]: Raft[0] receive vote from Raft[4]
2024/08/07 15:30:51 [term 46]: Raft[1] new election
2024/08/07 15:30:51 [term 46]: Raft[1] start election
2024/08/07 15:30:51 [term 46]: Raft[0] new election
2024/08/07 15:30:51 [term 46]: Raft[0] start election
2024/08/07 15:30:51 [term 47]: Raft[0] receive vote from Raft[3]
2024/08/07 15:30:51 [term 47]: Raft[0] receive vote from Raft[4]
2024/08/07 15:30:51 [term 31]: Raft[5] send Hearbeats to all peers
2024/08/07 15:30:51 [term 41]: Raft[1] new election
2024/08/07 15:30:51 [term 41]: Raft[1] start election
2024/08/07 15:30:51 [term 47]: Raft[0] new election
2024/08/07 15:30:51 [term 47]: Raft[0] start election
2024/08/07 15:30:51 [term 48]: Raft[0] receive vote from Raft[4]
2024/08/07 15:30:51 [term 48]: Raft[0] receive vote from Raft[3]
2024/08/07 15:30:51 [term 48]: Raft[0] new election
2024/08/07 15:30:51 [term 48]: Raft[0] start election
2024/08/07 15:30:51 [term 49]: Raft[0] receive vote from Raft[3]
2024/08/07 15:30:51 [term 49]: Raft[0] receive vote from Raft[4]
2024/08/07 15:30:51 [term 33]: Raft[6] new election
2024/08/07 15:30:51 [term 33]: Raft[6] start election
2024/08/07 15:30:51 [term 49]: Raft[0] new election
2024/08/07 15:30:51 [term 49]: Raft[0] start election
2024/08/07 15:30:51 [term 50]: Raft[0] receive vote from Raft[3]
2024/08/07 15:30:51 [term 50]: Raft[0] receive vote from Raft[4]
2024/08/07 15:30:51 [term 50]: Raft[0] receive vote from Raft[6]
2024/08/07 15:30:51 [term 50]: Raft[0] become leader
2024/08/07 15:30:51 [term 50]: Raft[0] send Hearbeats to all peers
2024/08/07 15:30:51 [term 50]: Raft[0] receive vote from Raft[6]
2024/08/07 15:30:51 [term 50]: Raft[0] become leader
2024/08/07 15:30:51 [term 50]: Raft[0] send Hearbeats to all peers
2024/08/07 15:30:51 [term 46]: Raft[0] new election
2024/08/07 15:30:51 [term 46]: Raft[0] start election
2024/08/07 15:30:51 [term 42]: Raft[1] new election
2024/08/07 15:30:51 [term 42]: Raft[1] start election
2024/08/07 15:30:51 [term 31]: Raft[2] start election
2024/08/07 15:30:51 [term 31]: Raft[5] send Hearbeats to all peers
2024/08/07 15:30:51 [term 35]: Raft[1] new election
2024/08/07 15:30:51 [term 35]: Raft[1] start election
2024/08/07 15:30:51 [term 43]: Raft[1] new election
2024/08/07 15:30:51 [term 43]: Raft[1] start election
2024/08/07 15:30:51 [term 44]: Raft[1] new election
2024/08/07 15:30:51 [term 44]: Raft[1] start election
2024/08/07 15:30:51 [term 45]: Raft[1] new election
2024/08/07 15:30:51 [term 45]: Raft[1] start election
2024/08/07 15:30:51 [term 50]: Raft[4] start election
2024/08/07 15:30:51 [term 51]: Raft[4] receive vote from Raft[3]
2024/08/07 15:30:51 [term 51]: Raft[4] receive vote from Raft[6]
2024/08/07 15:30:51 [term 47]: Raft[1] new election
2024/08/07 15:30:51 [term 47]: Raft[1] start election
2024/08/07 15:30:51 [term 46]: Raft[1] start election
2024/08/07 15:30:51 [term 47]: Raft[1] new election
2024/08/07 15:30:51 [term 47]: Raft[1] start election
2024/08/07 15:30:51 [term 51]: Raft[4] receive vote from Raft[0]
2024/08/07 15:30:51 [term 51]: Raft[4] become leader
2024/08/07 15:30:51 [term 51]: Raft[4] send Hearbeats to all peers
2024/08/07 15:30:51 [term 47]: Raft[0] new election
2024/08/07 15:30:51 [term 47]: Raft[0] start election
2024/08/07 15:30:51 [term 48]: Raft[1] new election
2024/08/07 15:30:51 [term 48]: Raft[1] start election
2024/08/07 15:30:51 [term 31]: Raft[5] send Hearbeats to all peers
2024/08/07 15:30:51 [term 32]: Raft[2] new election
2024/08/07 15:30:51 [term 32]: Raft[2] start election
2024/08/07 15:30:51 [term 36]: Raft[1] new election
2024/08/07 15:30:51 [term 36]: Raft[1] start election
2024/08/07 15:30:51 [term 49]: Raft[1] new election
2024/08/07 15:30:51 [term 49]: Raft[1] start election
2024/08/07 15:30:51 [term 31]: Raft[5] send Hearbeats to all peers
2024/08/07 15:30:51 [term 51]: Raft[6] start election
2024/08/07 15:30:51 [term 51]: Raft[3] start election
2024/08/07 15:30:51 [term 52]: Raft[3] receive vote from Raft[2]
2024/08/07 15:30:51 [term 52]: Raft[3] receive vote from Raft[0]
2024/08/07 15:30:51 [term 48]: Raft[1] new election
2024/08/07 15:30:51 [term 48]: Raft[1] start election
2024/08/07 15:30:51 [term 52]: Raft[3] receive vote from Raft[1]
2024/08/07 15:30:51 [term 52]: Raft[3] become leader
2024/08/07 15:30:51 [term 52]: Raft[3] send Hearbeats to all peers
2024/08/07 15:30:51 [term 48]: Raft[0] new election
2024/08/07 15:30:51 [term 48]: Raft[0] start election
2024/08/07 15:30:51 [term 31]: Raft[5] send Hearbeats to all peers
2024/08/07 15:30:51 [term 51]: Raft[4] start election
2024/08/07 15:30:51 [term 31]: Raft[5] start election
2024/08/07 15:30:51 [term 37]: Raft[1] new election
2024/08/07 15:30:51 [term 37]: Raft[1] start election
2024/08/07 15:30:51 [term 52]: Raft[6] new election
2024/08/07 15:30:51 [term 52]: Raft[6] start election
2024/08/07 15:30:51 [term 52]: Raft[2] start election
2024/08/07 15:30:51 [term 53]: Raft[2] receive vote from Raft[3]
2024/08/07 15:30:51 [term 53]: Raft[2] receive vote from Raft[0]
2024/08/07 15:30:51 [term 53]: Raft[2] receive vote from Raft[1]
2024/08/07 15:30:51 [term 53]: Raft[2] become leader
2024/08/07 15:30:51 [term 53]: Raft[2] send Hearbeats to all peers
2024/08/07 15:30:51 [term 49]: Raft[1] new election
2024/08/07 15:30:51 [term 49]: Raft[1] start election
2024/08/07 15:30:51 [term 53]: Raft[0] start election
2024/08/07 15:30:51 [term 54]: Raft[0] receive vote from Raft[1]
2024/08/07 15:30:51 [term 54]: Raft[0] receive vote from Raft[2]
2024/08/07 15:30:51 [term 54]: Raft[0] receive vote from Raft[6]
2024/08/07 15:30:51 [term 54]: Raft[0] become leader
2024/08/07 15:30:51 [term 54]: Raft[0] send Hearbeats to all peers
2024/08/07 15:30:51 [term 49]: Raft[0] new election
2024/08/07 15:30:51 [term 49]: Raft[0] start election
2024/08/07 15:30:52 [term 54]: Raft[3] start election
2024/08/07 15:30:52 [term 55]: Raft[3] receive vote from Raft[6]
2024/08/07 15:30:52 [term 55]: Raft[3] receive vote from Raft[2]
2024/08/07 15:30:52 [term 55]: Raft[3] receive vote from Raft[0]
2024/08/07 15:30:52 [term 55]: Raft[3] become leader
2024/08/07 15:30:52 [term 55]: Raft[3] send Hearbeats to all peers
2024/08/07 15:30:52 [term 52]: Raft[4] new election
2024/08/07 15:30:52 [term 53]: Raft[4] start election
2024/08/07 15:30:52 [term 32]: Raft[5] new election
2024/08/07 15:30:52 [term 53]: Raft[5] start election
2024/08/07 15:30:52 [term 38]: Raft[1] new election
2024/08/07 15:30:52 [term 38]: Raft[1] start election
2024/08/07 15:30:52 [term 55]: Raft[1] start election
2024/08/07 15:30:52 [term 56]: Raft[1] receive vote from Raft[6]
2024/08/07 15:30:52 [term 56]: Raft[1] receive vote from Raft[3]
2024/08/07 15:30:52 [term 56]: Raft[1] receive vote from Raft[0]
2024/08/07 15:30:52 [term 56]: Raft[1] become leader
2024/08/07 15:30:52 [term 56]: Raft[1] send Hearbeats to all peers
2024/08/07 15:30:52 [term 50]: Raft[1] new election
2024/08/07 15:30:52 [term 50]: Raft[1] start election
2024/08/07 15:30:52 [term 50]: Raft[0] new election
2024/08/07 15:30:52 [term 50]: Raft[0] start election
2024/08/07 15:30:52 [term 56]: Raft[2] start election
2024/08/07 15:30:52 [term 57]: Raft[2] receive vote from Raft[6]
2024/08/07 15:30:52 [term 57]: Raft[2] receive vote from Raft[0]
2024/08/07 15:30:52 [term 57]: Raft[2] receive vote from Raft[3]
2024/08/07 15:30:52 [term 57]: Raft[2] become leader
2024/08/07 15:30:52 [term 57]: Raft[2] send Hearbeats to all peers
  ... Passed --2024/08/07 15:30:52 [term 57]: Raft[0] start election
   6.9  7 1356  189315    0
FAIL
exit status 1
FAIL	6.5840/raft	12.508s
