Test (3A): initial election ...
2024/08/07 15:29:44 [term 0]: Raft[0] start election
2024/08/07 15:29:44 [term 1]: Raft[0] receive vote from Raft[2]
2024/08/07 15:29:44 [term 1]: Raft[0] become leader
2024/08/07 15:29:44 [term 1]: Raft[0] send Hearbeats to all peers
2024/08/07 15:29:44 [term 1]: Raft[1] start election
2024/08/07 15:29:44 [term 2]: Raft[1] receive vote from Raft[0]
2024/08/07 15:29:44 [term 2]: Raft[1] become leader
2024/08/07 15:29:44 [term 2]: Raft[1] send Hearbeats to all peers
2024/08/07 15:29:44 [term 2]: Raft[2] start election
2024/08/07 15:29:44 [term 3]: Raft[2] receive vote from Raft[0]
2024/08/07 15:29:44 [term 3]: Raft[2] become leader
2024/08/07 15:29:44 [term 3]: Raft[2] send Hearbeats to all peers
2024/08/07 15:29:44 [term 3]: Raft[0] start election
2024/08/07 15:29:44 [term 4]: Raft[0] receive vote from Raft[2]
2024/08/07 15:29:44 [term 4]: Raft[0] become leader
2024/08/07 15:29:44 [term 4]: Raft[0] send Hearbeats to all peers
2024/08/07 15:29:45 [term 4]: Raft[2] start election
2024/08/07 15:29:45 [term 5]: Raft[2] receive vote from Raft[1]
2024/08/07 15:29:45 [term 5]: Raft[2] become leader
2024/08/07 15:29:45 [term 5]: Raft[2] send Hearbeats to all peers
2024/08/07 15:29:45 [term 5]: Raft[1] start election
2024/08/07 15:29:45 [term 6]: Raft[1] receive vote from Raft[0]
2024/08/07 15:29:45 [term 6]: Raft[1] become leader
2024/08/07 15:29:45 [term 6]: Raft[1] send Hearbeats to all peers
2024/08/07 15:29:45 [term 6]: Raft[0] start election
2024/08/07 15:29:45 [term 7]: Raft[0] receive vote from Raft[1]
2024/08/07 15:29:45 [term 7]: Raft[0] become leader
2024/08/07 15:29:45 [term 7]: Raft[0] send Hearbeats to all peers
2024/08/07 15:29:45 [term 7]: Raft[2] start election
2024/08/07 15:29:45 [term 8]: Raft[2] receive vote from Raft[0]
2024/08/07 15:29:45 [term 8]: Raft[2] become leader
2024/08/07 15:29:45 [term 8]: Raft[2] send Hearbeats to all peers
2024/08/07 15:29:45 [term 8]: Raft[0] start election
2024/08/07 15:29:45 [term 9]: Raft[0] receive vote from Raft[2]
2024/08/07 15:29:45 [term 9]: Raft[0] become leader
2024/08/07 15:29:45 [term 9]: Raft[0] send Hearbeats to all peers
2024/08/07 15:29:45 [term 9]: Raft[1] start election
2024/08/07 15:29:45 [term 10]: Raft[1] receive vote from Raft[2]
2024/08/07 15:29:45 [term 10]: Raft[1] become leader
2024/08/07 15:29:45 [term 10]: Raft[1] send Hearbeats to all peers
2024/08/07 15:29:45 [term 10]: Raft[1] send Hearbeats to all peers
2024/08/07 15:29:46 [term 10]: Raft[2] start election
2024/08/07 15:29:46 [term 11]: Raft[2] receive vote from Raft[0]
2024/08/07 15:29:46 [term 11]: Raft[2] become leader
2024/08/07 15:29:46 [term 11]: Raft[2] send Hearbeats to all peers
2024/08/07 15:29:46 [term 11]: Raft[1] start election
2024/08/07 15:29:46 [term 12]: Raft[1] receive vote from Raft[0]
2024/08/07 15:29:46 [term 12]: Raft[1] become leader
2024/08/07 15:29:46 [term 12]: Raft[1] send Hearbeats to all peers
2024/08/07 15:29:46 [term 12]: Raft[0] start election
2024/08/07 15:29:46 [term 13]: Raft[0] receive vote from Raft[2]
2024/08/07 15:29:46 [term 13]: Raft[0] become leader
2024/08/07 15:29:46 [term 13]: Raft[0] send Hearbeats to all peers
2024/08/07 15:29:46 [term 13]: Raft[0] start election
2024/08/07 15:29:46 [term 14]: Raft[0] receive vote from Raft[1]
2024/08/07 15:29:46 [term 14]: Raft[0] become leader
2024/08/07 15:29:46 [term 14]: Raft[0] send Hearbeats to all peers
2024/08/07 15:29:46 [term 14]: Raft[1] start election
2024/08/07 15:29:46 [term 15]: Raft[1] receive vote from Raft[2]
2024/08/07 15:29:46 [term 15]: Raft[1] become leader
2024/08/07 15:29:46 [term 15]: Raft[1] send Hearbeats to all peers
warning: term changed even though there were no failures2024/08/07 15:29:46 [term 15]: Raft[2] start election
2024/08/07 15:29:46 [term 16]: Raft[2] receive vote from Raft[0]
2024/08/07 15:29:46 [term 16]: Raft[2] become leader
2024/08/07 15:29:46 [term 16]: Raft[2] send Hearbeats to all peers
2024/08/07 15:29:47 [term 16]: Raft[2] send Hearbeats to all peers
  ... Passed --   3.0  3   86   19228    0
Test (3A): election after network failure ...
2024/08/07 15:29:47 [term 16]: Raft[0] start election
2024/08/07 15:29:47 [term 0]: Raft[2] start election
2024/08/07 15:29:47 [term 1]: Raft[2] receive vote from Raft[0]
2024/08/07 15:29:47 [term 1]: Raft[2] become leader
2024/08/07 15:29:47 [term 1]: Raft[2] send Hearbeats to all peers
2024/08/07 15:29:47 [term 1]: Raft[0] start election
2024/08/07 15:29:47 [term 2]: Raft[0] receive vote from Raft[1]
2024/08/07 15:29:47 [term 2]: Raft[0] become leader
2024/08/07 15:29:47 [term 2]: Raft[0] send Hearbeats to all peers
2024/08/07 15:29:47 [term 2]: Raft[1] start election
2024/08/07 15:29:47 [term 3]: Raft[1] receive vote from Raft[2]
2024/08/07 15:29:47 [term 3]: Raft[1] become leader
2024/08/07 15:29:47 [term 3]: Raft[1] send Hearbeats to all peers
2024/08/07 15:29:47 [term 17]: Raft[0] new election
2024/08/07 15:29:47 [term 17]: Raft[0] start election
2024/08/07 15:29:47 [term 3]: Raft[1] send Hearbeats to all peers
2024/08/07 15:29:47 [term 3]: Raft[0] start election
2024/08/07 15:29:47 [term 4]: Raft[0] receive vote from Raft[2]
2024/08/07 15:29:47 [term 4]: Raft[0] become leader
2024/08/07 15:29:47 [term 4]: Raft[0] send Hearbeats to all peers
2024/08/07 15:29:47 [term 18]: Raft[0] new election
2024/08/07 15:29:47 [term 18]: Raft[0] start election
2024/08/07 15:29:47 [term 4]: Raft[2] start election
2024/08/07 15:29:47 [term 5]: Raft[2] receive vote from Raft[0]
2024/08/07 15:29:47 [term 5]: Raft[2] become leader
2024/08/07 15:29:47 [term 5]: Raft[2] send Hearbeats to all peers
2024/08/07 15:29:47 [term 3]: Raft[1] start election
2024/08/07 15:29:48 [term 5]: Raft[2] send Hearbeats to all peers
2024/08/07 15:29:48 [term 19]: Raft[0] new election
2024/08/07 15:29:48 [term 19]: Raft[0] start election
2024/08/07 15:29:48 [term 4]: Raft[1] new election
2024/08/07 15:29:48 [term 4]: Raft[1] start election
2024/08/07 15:29:48 [term 5]: Raft[2] send Hearbeats to all peers
2024/08/07 15:29:48 [term 5]: Raft[0] start election
2024/08/07 15:29:48 [term 6]: Raft[0] receive vote from Raft[1]
2024/08/07 15:29:48 [term 6]: Raft[0] become leader
2024/08/07 15:29:48 [term 6]: Raft[0] send Hearbeats to all peers
2024/08/07 15:29:48 [term 6]: Raft[0] send Hearbeats to all peers
2024/08/07 15:29:48 [term 20]: Raft[0] new election
2024/08/07 15:29:48 [term 20]: Raft[0] start election
2024/08/07 15:29:48 [term 6]: Raft[1] start election
2024/08/07 15:29:48 [term 7]: Raft[1] receive vote from Raft[0]
2024/08/07 15:29:48 [term 7]: Raft[1] become leader
2024/08/07 15:29:48 [term 7]: Raft[1] send Hearbeats to all peers
2024/08/07 15:29:48 [term 7]: Raft[0] start election
2024/08/07 15:29:48 [term 8]: Raft[0] receive vote from Raft[1]
2024/08/07 15:29:48 [term 8]: Raft[0] become leader
2024/08/07 15:29:48 [term 8]: Raft[0] send Hearbeats to all peers
2024/08/07 15:29:48 [term 8]: Raft[0] send Hearbeats to all peers
2024/08/07 15:29:48 [term 21]: Raft[0] new election
2024/08/07 15:29:48 [term 21]: Raft[0] start election
2024/08/07 15:29:48 [term 8]: Raft[1] start election
2024/08/07 15:29:48 [term 9]: Raft[1] receive vote from Raft[2]
2024/08/07 15:29:48 [term 9]: Raft[1] become leader
2024/08/07 15:29:48 [term 9]: Raft[1] send Hearbeats to all peers
2024/08/07 15:29:49 [term 22]: Raft[0] new election
2024/08/07 15:29:49 [term 22]: Raft[0] start election
2024/08/07 15:29:49 [term 9]: Raft[0] start election
2024/08/07 15:29:49 [term 10]: Raft[0] receive vote from Raft[2]
2024/08/07 15:29:49 [term 10]: Raft[0] become leader
2024/08/07 15:29:49 [term 10]: Raft[0] send Hearbeats to all peers
2024/08/07 15:29:49 [term 10]: Raft[0] send Hearbeats to all peers
2024/08/07 15:29:49 [term 10]: Raft[0] send Hearbeats to all peers
2024/08/07 15:29:49 [term 23]: Raft[0] new election
2024/08/07 15:29:49 [term 23]: Raft[0] start election
2024/08/07 15:29:49 [term 10]: Raft[2] start election
2024/08/07 15:29:49 [term 10]: Raft[1] start election
2024/08/07 15:29:49 [term 10]: Raft[0] start election
2024/08/07 15:29:49 [term 24]: Raft[0] new election
2024/08/07 15:29:49 [term 24]: Raft[0] start election
2024/08/07 15:29:49 [term 11]: Raft[2] new election
2024/08/07 15:29:49 [term 11]: Raft[2] start election
2024/08/07 15:29:49 [term 11]: Raft[1] new election
2024/08/07 15:29:49 [term 11]: Raft[1] start election
2024/08/07 15:29:49 [term 11]: Raft[0] new election
2024/08/07 15:29:49 [term 11]: Raft[0] start election
2024/08/07 15:29:49 [term 12]: Raft[2] start election
2024/08/07 15:29:50 [term 25]: Raft[0] new election
2024/08/07 15:29:50 [term 25]: Raft[0] start election
2024/08/07 15:29:50 [term 12]: Raft[1] start election
2024/08/07 15:29:50 [term 13]: Raft[2] new election
2024/08/07 15:29:50 [term 13]: Raft[2] start election
2024/08/07 15:29:50 [term 13]: Raft[1] new election
2024/08/07 15:29:50 [term 13]: Raft[1] start election
2024/08/07 15:29:50 [term 12]: Raft[0] start election
2024/08/07 15:29:50 [term 13]: Raft[0] new election
2024/08/07 15:29:50 [term 13]: Raft[0] start election
2024/08/07 15:29:50 [term 14]: Raft[2] new election
2024/08/07 15:29:50 [term 14]: Raft[2] start election
2024/08/07 15:29:50 [term 26]: Raft[0] new election
2024/08/07 15:29:50 [term 26]: Raft[0] start election
2024/08/07 15:29:50 [term 14]: Raft[1] new election
2024/08/07 15:29:50 [term 15]: Raft[2] new election
2024/08/07 15:29:50 [term 14]: Raft[1] start election
2024/08/07 15:29:50 [term 15]: Raft[2] start election
2024/08/07 15:29:50 [term 15]: Raft[1] new election
2024/08/07 15:29:50 [term 15]: Raft[1] start election
2024/08/07 15:29:50 [term 14]: Raft[0] new election
2024/08/07 15:29:50 [term 14]: Raft[0] start election
2024/08/07 15:29:50 [term 15]: Raft[0] new election
2024/08/07 15:29:50 [term 15]: Raft[0] start election
2024/08/07 15:29:50 [term 16]: Raft[2] new election
2024/08/07 15:29:50 [term 16]: Raft[2] start election
2024/08/07 15:29:50 [term 17]: Raft[2] start election
2024/08/07 15:29:50 [term 27]: Raft[0] new election
2024/08/07 15:29:50 [term 27]: Raft[0] start election
2024/08/07 15:29:50 [term 18]: Raft[2] new election
2024/08/07 15:29:50 [term 16]: Raft[1] new election
2024/08/07 15:29:50 [term 18]: Raft[2] start election
2024/08/07 15:29:50 [term 16]: Raft[1] start election
2024/08/07 15:29:50 [term 17]: Raft[1] start election
2024/08/07 15:29:50 [term 18]: Raft[1] new election
2024/08/07 15:29:50 [term 18]: Raft[1] start election
2024/08/07 15:29:50 [term 16]: Raft[0] new election
2024/08/07 15:29:50 [term 16]: Raft[0] start election
2024/08/07 15:29:50 [term 17]: Raft[0] start election
2024/08/07 15:29:50 [term 18]: Raft[0] new election
2024/08/07 15:29:50 [term 18]: Raft[0] start election
2024/08/07 15:29:50 [term 19]: Raft[2] new election
2024/08/07 15:29:50 [term 19]: Raft[2] start election
2024/08/07 15:29:50 [term 20]: Raft[2] new election
2024/08/07 15:29:50 [term 20]: Raft[2] start election
2024/08/07 15:29:50 [term 28]: Raft[0] new election
2024/08/07 15:29:50 [term 28]: Raft[0] start election
2024/08/07 15:29:50 [term 21]: Raft[2] new election
2024/08/07 15:29:50 [term 19]: Raft[1] new election
2024/08/07 15:29:50 [term 19]: Raft[1] start election
2024/08/07 15:29:50 [term 21]: Raft[2] start election
2024/08/07 15:29:50 [term 20]: Raft[1] new election
2024/08/07 15:29:50 [term 20]: Raft[1] start election
2024/08/07 15:29:50 [term 21]: Raft[1] new election
2024/08/07 15:29:50 [term 21]: Raft[1] start election
2024/08/07 15:29:51 [term 19]: Raft[0] new election
2024/08/07 15:29:51 [term 19]: Raft[0] start election
2024/08/07 15:29:51 [term 20]: Raft[0] new election
2024/08/07 15:29:51 [term 20]: Raft[0] new election
2024/08/07 15:29:51 [term 20]: Raft[0] start election
2024/08/07 15:29:51 [term 20]: Raft[0] start election
2024/08/07 15:29:51 [term 22]: Raft[2] start election
2024/08/07 15:29:51 [term 23]: Raft[2] new election
2024/08/07 15:29:51 [term 23]: Raft[2] start election
2024/08/07 15:29:51 [term 24]: Raft[2] new election
2024/08/07 15:29:51 [term 24]: Raft[2] start election
2024/08/07 15:29:51 [term 22]: Raft[1] start election
2024/08/07 15:29:51 [term 29]: Raft[0] new election
2024/08/07 15:29:51 [term 29]: Raft[0] start election
2024/08/07 15:29:51 [term 25]: Raft[2] new election
2024/08/07 15:29:51 [term 23]: Raft[1] new election
2024/08/07 15:29:51 [term 25]: Raft[2] start election
2024/08/07 15:29:51 [term 23]: Raft[1] start election
2024/08/07 15:29:51 [term 24]: Raft[1] new election
2024/08/07 15:29:51 [term 24]: Raft[1] start election
2024/08/07 15:29:51 [term 25]: Raft[1] new election
2024/08/07 15:29:51 [term 25]: Raft[1] start election
2024/08/07 15:29:51 [term 22]: Raft[0] new election
2024/08/07 15:29:51 [term 22]: Raft[0] start election
2024/08/07 15:29:51 [term 23]: Raft[0] start election
2024/08/07 15:29:51 [term 24]: Raft[0] new election
2024/08/07 15:29:51 [term 24]: Raft[0] new election
2024/08/07 15:29:51 [term 24]: Raft[0] start election
2024/08/07 15:29:51 [term 24]: Raft[0] start election
2024/08/07 15:29:51 [term 26]: Raft[2] new election
2024/08/07 15:29:51 [term 26]: Raft[2] start election
2024/08/07 15:29:51 [term 27]: Raft[2] new election
2024/08/07 15:29:51 [term 27]: Raft[2] start election
2024/08/07 15:29:51 [term 28]: Raft[2] new election
2024/08/07 15:29:51 [term 28]: Raft[2] start election
2024/08/07 15:29:51 [term 26]: Raft[1] new election
2024/08/07 15:29:51 [term 26]: Raft[1] start election
2024/08/07 15:29:51 [term 29]: Raft[2] receive vote from Raft[1]
2024/08/07 15:29:51 [term 29]: Raft[2] become leader
2024/08/07 15:29:51 [term 29]: Raft[2] send Hearbeats to all peers
2024/08/07 15:29:51 [term 29]: Raft[2] receive vote from Raft[1]
2024/08/07 15:29:51 [term 29]: Raft[2] become leader
2024/08/07 15:29:51 [term 29]: Raft[2] send Hearbeats to all peers
2024/08/07 15:29:51 [term 30]: Raft[0] new election
2024/08/07 15:29:51 [term 30]: Raft[0] start election
2024/08/07 15:29:51 [term 26]: Raft[0] new election
2024/08/07 15:29:51 [term 26]: Raft[0] start election
2024/08/07 15:29:51 [term 29]: Raft[2] send Hearbeats to all peers
2024/08/07 15:29:51 [term 27]: Raft[0] new election
2024/08/07 15:29:51 [term 27]: Raft[0] start election
2024/08/07 15:29:51 [term 28]: Raft[0] new election
2024/08/07 15:29:51 [term 28]: Raft[0] start election
2024/08/07 15:29:51 [term 28]: Raft[0] new election
2024/08/07 15:29:51 [term 29]: Raft[0] start election
2024/08/07 15:29:51 [term 31]: Raft[0] new election
2024/08/07 15:29:51 [term 31]: Raft[0] start election
2024/08/07 15:29:51 [term 29]: Raft[2] send Hearbeats to all peers
2024/08/07 15:29:51 [term 30]: Raft[0] start election
2024/08/07 15:29:51 [term 31]: Raft[0] receive vote from Raft[1]
2024/08/07 15:29:51 [term 31]: Raft[0] become leader
2024/08/07 15:29:51 [term 31]: Raft[0] send Hearbeats to all peers
2024/08/07 15:29:52 [term 31]: Raft[0] send Hearbeats to all peers
2024/08/07 15:29:52 [term 32]: Raft[0] new election
2024/08/07 15:29:52 [term 32]: Raft[0] start election
2024/08/07 15:29:52 [term 31]: Raft[0] send Hearbeats to all peers
2024/08/07 15:29:52 [term 31]: Raft[1] start election
2024/08/07 15:29:52 [term 32]: Raft[1] receive vote from Raft[2]
2024/08/07 15:29:52 [term 32]: Raft[1] become leader
2024/08/07 15:29:52 [term 32]: Raft[1] send Hearbeats to all peers
  ... Passed --   5.1  3  215   33655    0
Test (3A): multiple elections ...
2024/08/07 15:29:52 [term 33]: Raft[0] new election
2024/08/07 15:29:52 [term 33]: Raft[0] start election
2024/08/07 15:29:52 [term 0]: Raft[4] start election
2024/08/07 15:29:52 [term 1]: Raft[4] receive vote from Raft[6]
2024/08/07 15:29:52 [term 1]: Raft[4] receive vote from Raft[2]
2024/08/07 15:29:52 [term 1]: Raft[4] receive vote from Raft[0]
2024/08/07 15:29:52 [term 1]: Raft[4] become leader
2024/08/07 15:29:52 [term 1]: Raft[4] send Hearbeats to all peers
2024/08/07 15:29:52 [term 1]: Raft[1] start election
2024/08/07 15:29:52 [term 2]: Raft[1] receive vote from Raft[6]
2024/08/07 15:29:52 [term 2]: Raft[1] receive vote from Raft[3]
2024/08/07 15:29:52 [term 2]: Raft[1] receive vote from Raft[0]
2024/08/07 15:29:52 [term 2]: Raft[1] become leader
2024/08/07 15:29:52 [term 2]: Raft[1] send Hearbeats to all peers
2024/08/07 15:29:52 [term 2]: Raft[0] start election
2024/08/07 15:29:52 [term 2]: Raft[2] start election
2024/08/07 15:29:52 [term 3]: Raft[0] receive vote from Raft[1]
2024/08/07 15:29:52 [term 3]: Raft[0] receive vote from Raft[6]
2024/08/07 15:29:52 [term 3]: Raft[0] receive vote from Raft[4]
2024/08/07 15:29:52 [term 3]: Raft[0] become leader
2024/08/07 15:29:52 [term 3]: Raft[0] send Hearbeats to all peers
2024/08/07 15:29:52 [term 3]: Raft[6] start election
2024/08/07 15:29:52 [term 4]: Raft[6] receive vote from Raft[5]
2024/08/07 15:29:52 [term 4]: Raft[6] receive vote from Raft[0]
2024/08/07 15:29:52 [term 4]: Raft[6] receive vote from Raft[1]
2024/08/07 15:29:52 [term 4]: Raft[6] become leader
2024/08/07 15:29:52 [term 4]: Raft[6] send Hearbeats to all peers
2024/08/07 15:29:52 [term 34]: Raft[0] new election
2024/08/07 15:29:52 [term 34]: Raft[0] start election
2024/08/07 15:29:52 [term 4]: Raft[5] start election
2024/08/07 15:29:52 [term 5]: Raft[5] receive vote from Raft[6]
2024/08/07 15:29:52 [term 5]: Raft[5] receive vote from Raft[0]
2024/08/07 15:29:52 [term 5]: Raft[5] receive vote from Raft[3]
2024/08/07 15:29:52 [term 5]: Raft[5] become leader
2024/08/07 15:29:52 [term 5]: Raft[5] send Hearbeats to all peers
2024/08/07 15:29:52 [term 3]: Raft[2] new election
2024/08/07 15:29:52 [term 3]: Raft[2] start election
2024/08/07 15:29:52 [term 5]: Raft[1] start election
2024/08/07 15:29:52 [term 6]: Raft[1] receive vote from Raft[6]
2024/08/07 15:29:52 [term 6]: Raft[1] receive vote from Raft[5]
2024/08/07 15:29:52 [term 6]: Raft[1] receive vote from Raft[0]
2024/08/07 15:29:52 [term 6]: Raft[1] become leader
2024/08/07 15:29:52 [term 6]: Raft[1] send Hearbeats to all peers
2024/08/07 15:29:52 [term 6]: Raft[6] start election
2024/08/07 15:29:52 [term 7]: Raft[6] receive vote from Raft[5]
2024/08/07 15:29:52 [term 7]: Raft[6] receive vote from Raft[4]
2024/08/07 15:29:52 [term 7]: Raft[6] receive vote from Raft[1]
2024/08/07 15:29:52 [term 7]: Raft[6] become leader
2024/08/07 15:29:52 [term 7]: Raft[6] send Hearbeats to all peers
2024/08/07 15:29:53 [term 7]: Raft[6] send Hearbeats to all peers
2024/08/07 15:29:53 [term 35]: Raft[0] new election
2024/08/07 15:29:53 [term 35]: Raft[0] start election
2024/08/07 15:29:53 [term 5]: Raft[3] start election
2024/08/07 15:29:53 [term 7]: Raft[6] send Hearbeats to all peers
2024/08/07 15:29:53 [term 5]: Raft[2] start election
2024/08/07 15:29:53 [term 7]: Raft[6] send Hearbeats to all peers
2024/08/07 15:29:53 [term 36]: Raft[0] new election
2024/08/07 15:29:53 [term 36]: Raft[0] start election
2024/08/07 15:29:53 [term 6]: Raft[3] new election
2024/08/07 15:29:53 [term 6]: Raft[3] start election
2024/08/07 15:29:53 [term 7]: Raft[6] send Hearbeats to all peers
2024/08/07 15:29:53 [term 7]: Raft[4] start election
2024/08/07 15:29:53 [term 8]: Raft[4] receive vote from Raft[3]
2024/08/07 15:29:53 [term 8]: Raft[4] receive vote from Raft[0]
2024/08/07 15:29:53 [term 8]: Raft[4] receive vote from Raft[1]
2024/08/07 15:29:53 [term 8]: Raft[4] become leader
2024/08/07 15:29:53 [term 8]: Raft[4] send Hearbeats to all peers
2024/08/07 15:29:53 [term 7]: Raft[5] start election
2024/08/07 15:29:53 [term 6]: Raft[2] new election
2024/08/07 15:29:53 [term 7]: Raft[2] start election
2024/08/07 15:29:53 [term 8]: Raft[3] receive vote from Raft[2]
2024/08/07 15:29:53 [term 7]: Raft[6] send Hearbeats to all peers
2024/08/07 15:29:53 [term 8]: Raft[4] send Hearbeats to all peers
2024/08/07 15:29:53 [term 37]: Raft[0] new election
2024/08/07 15:29:53 [term 37]: Raft[0] start election
2024/08/07 15:29:53 [term 8]: Raft[5] new election
2024/08/07 15:29:53 [term 8]: Raft[5] start election
2024/08/07 15:29:53 [term 9]: Raft[5] receive vote from Raft[3]
2024/08/07 15:29:53 [term 9]: Raft[5] receive vote from Raft[0]
2024/08/07 15:29:53 [term 9]: Raft[5] receive vote from Raft[6]
2024/08/07 15:29:53 [term 9]: Raft[5] become leader
2024/08/07 15:29:53 [term 9]: Raft[5] send Hearbeats to all peers
2024/08/07 15:29:53 [term 8]: Raft[2] new election
2024/08/07 15:29:53 [term 8]: Raft[2] start election
2024/08/07 15:29:53 [term 8]: Raft[4] start election
2024/08/07 15:29:53 [term 9]: Raft[2] start election
2024/08/07 15:29:53 [term 9]: Raft[5] send Hearbeats to all peers
2024/08/07 15:29:53 [term 38]: Raft[0] new election
2024/08/07 15:29:53 [term 38]: Raft[0] start election
2024/08/07 15:29:53 [term 9]: Raft[6] start election
2024/08/07 15:29:53 [term 10]: Raft[6] receive vote from Raft[5]
2024/08/07 15:29:53 [term 10]: Raft[6] receive vote from Raft[0]
2024/08/07 15:29:53 [term 10]: Raft[6] receive vote from Raft[1]
2024/08/07 15:29:53 [term 10]: Raft[6] become leader
2024/08/07 15:29:53 [term 10]: Raft[6] send Hearbeats to all peers
2024/08/07 15:29:54 [term 10]: Raft[2] new election
2024/08/07 15:29:54 [term 10]: Raft[2] start election
2024/08/07 15:29:54 [term 9]: Raft[4] new election
2024/08/07 15:29:54 [term 9]: Raft[4] start election
2024/08/07 15:29:54 [term 10]: Raft[0] start election
2024/08/07 15:29:54 [term 11]: Raft[0] receive vote from Raft[3]
2024/08/07 15:29:54 [term 11]: Raft[0] receive vote from Raft[6]
2024/08/07 15:29:54 [term 11]: Raft[0] receive vote from Raft[1]
2024/08/07 15:29:54 [term 11]: Raft[0] become leader
2024/08/07 15:29:54 [term 11]: Raft[0] send Hearbeats to all peers
2024/08/07 15:29:54 [term 11]: Raft[2] new election
2024/08/07 15:29:54 [term 11]: Raft[2] start election
2024/08/07 15:29:54 [term 39]: Raft[0] new election
2024/08/07 15:29:54 [term 39]: Raft[0] start election
2024/08/07 15:29:54 [term 11]: Raft[0] send Hearbeats to all peers
2024/08/07 15:29:54 [term 12]: Raft[2] start election
2024/08/07 15:29:54 [term 13]: Raft[2] new election
2024/08/07 15:29:54 [term 13]: Raft[2] start election
2024/08/07 15:29:54 [term 11]: Raft[1] start election
2024/08/07 15:29:54 [term 12]: Raft[1] receive vote from Raft[3]
2024/08/07 15:29:54 [term 12]: Raft[1] receive vote from Raft[0]
2024/08/07 15:29:54 [term 12]: Raft[1] receive vote from Raft[5]
2024/08/07 15:29:54 [term 12]: Raft[1] become leader
2024/08/07 15:29:54 [term 12]: Raft[1] send Hearbeats to all peers
2024/08/07 15:29:54 [term 10]: Raft[4] new election
2024/08/07 15:29:54 [term 10]: Raft[4] start election
2024/08/07 15:29:54 [term 14]: Raft[2] new election
2024/08/07 15:29:54 [term 14]: Raft[2] start election
2024/08/07 15:29:54 [term 11]: Raft[6] start election
2024/08/07 15:29:54 [term 40]: Raft[0] new election
2024/08/07 15:29:54 [term 40]: Raft[0] start election
2024/08/07 15:29:54 [term 12]: Raft[3] start election
2024/08/07 15:29:54 [term 11]: Raft[4] start election
2024/08/07 15:29:54 [term 13]: Raft[3] receive vote from Raft[1]
2024/08/07 15:29:54 [term 13]: Raft[3] receive vote from Raft[5]
2024/08/07 15:29:54 [term 13]: Raft[3] receive vote from Raft[0]
2024/08/07 15:29:54 [term 13]: Raft[3] become leader
2024/08/07 15:29:54 [term 13]: Raft[3] send Hearbeats to all peers
2024/08/07 15:29:54 [term 15]: Raft[2] new election
2024/08/07 15:29:54 [term 15]: Raft[2] start election
2024/08/07 15:29:54 [term 16]: Raft[2] new election
2024/08/07 15:29:54 [term 16]: Raft[2] start election
2024/08/07 15:29:54 [term 12]: Raft[4] new election
2024/08/07 15:29:54 [term 12]: Raft[4] start election
2024/08/07 15:29:54 [term 17]: Raft[2] new election
2024/08/07 15:29:54 [term 17]: Raft[2] start election
2024/08/07 15:29:54 [term 12]: Raft[6] new election
2024/08/07 15:29:54 [term 13]: Raft[0] start election
2024/08/07 15:29:54 [term 12]: Raft[6] start election
2024/08/07 15:29:54 [term 14]: Raft[0] receive vote from Raft[3]
2024/08/07 15:29:54 [term 14]: Raft[0] receive vote from Raft[1]
2024/08/07 15:29:54 [term 14]: Raft[0] receive vote from Raft[5]
2024/08/07 15:29:54 [term 14]: Raft[0] become leader
2024/08/07 15:29:54 [term 14]: Raft[0] send Hearbeats to all peers
2024/08/07 15:29:54 [term 41]: Raft[0] new election
2024/08/07 15:29:54 [term 41]: Raft[0] start election
2024/08/07 15:29:54 [term 13]: Raft[4] new election
2024/08/07 15:29:54 [term 13]: Raft[4] start election
2024/08/07 15:29:54 [term 14]: Raft[4] receive vote from Raft[6]
2024/08/07 15:29:54 [term 14]: Raft[5] start election
2024/08/07 15:29:54 [term 18]: Raft[2] start election
2024/08/07 15:29:55 [term 19]: Raft[2] new election
2024/08/07 15:29:55 [term 19]: Raft[2] start election
2024/08/07 15:29:55 [term 20]: Raft[2] new election
2024/08/07 15:29:55 [term 20]: Raft[2] start election
2024/08/07 15:29:55 [term 14]: Raft[0] send Hearbeats to all peers
2024/08/07 15:29:55 [term 14]: Raft[4] new election
2024/08/07 15:29:55 [term 14]: Raft[4] start election
2024/08/07 15:29:55 [term 15]: Raft[4] receive vote from Raft[6]
2024/08/07 15:29:55 [term 15]: Raft[4] receive vote from Raft[0]
2024/08/07 15:29:55 [term 15]: Raft[4] receive vote from Raft[3]
2024/08/07 15:29:55 [term 15]: Raft[4] become leader
2024/08/07 15:29:55 [term 15]: Raft[4] send Hearbeats to all peers
2024/08/07 15:29:55 [term 21]: Raft[2] new election
2024/08/07 15:29:55 [term 21]: Raft[2] start election
2024/08/07 15:29:55 [term 14]: Raft[1] start election
2024/08/07 15:29:55 [term 42]: Raft[0] new election
2024/08/07 15:29:55 [term 42]: Raft[0] start election
2024/08/07 15:29:55 [term 15]: Raft[4] send Hearbeats to all peers
2024/08/07 15:29:55 [term 15]: Raft[5] new election
2024/08/07 15:29:55 [term 15]: Raft[5] start election
2024/08/07 15:29:55 [term 22]: Raft[2] new election
2024/08/07 15:29:55 [term 22]: Raft[2] start election
2024/08/07 15:29:55 [term 23]: Raft[2] new election
2024/08/07 15:29:55 [term 23]: Raft[2] start election
2024/08/07 15:29:55 [term 24]: Raft[2] new election
2024/08/07 15:29:55 [term 24]: Raft[2] start election
2024/08/07 15:29:55 [term 25]: Raft[2] new election
2024/08/07 15:29:55 [term 25]: Raft[2] start election
2024/08/07 15:29:55 [term 26]: Raft[2] receive vote from Raft[3]
2024/08/07 15:29:55 [term 26]: Raft[2] receive vote from Raft[5]
2024/08/07 15:29:55 [term 15]: Raft[1] new election
2024/08/07 15:29:55 [term 26]: Raft[1] start election
2024/08/07 15:29:55 [term 26]: Raft[2] receive vote from Raft[1]
2024/08/07 15:29:55 [term 26]: Raft[2] become leader
2024/08/07 15:29:55 [term 26]: Raft[2] send Hearbeats to all peers
2024/08/07 15:29:55 [term 27]: Raft[1] receive vote from Raft[5]
2024/08/07 15:29:55 [term 27]: Raft[1] receive vote from Raft[3]
2024/08/07 15:29:55 [term 27]: Raft[1] receive vote from Raft[2]
2024/08/07 15:29:55 [term 27]: Raft[1] become leader
2024/08/07 15:29:55 [term 27]: Raft[1] send Hearbeats to all peers
2024/08/07 15:29:55 [term 15]: Raft[6] start election
2024/08/07 15:29:55 [term 43]: Raft[0] new election
2024/08/07 15:29:55 [term 43]: Raft[0] start election
2024/08/07 15:29:55 [term 15]: Raft[4] start election
2024/08/07 15:29:55 [term 27]: Raft[2] start election
2024/08/07 15:29:55 [term 28]: Raft[2] receive vote from Raft[5]
2024/08/07 15:29:55 [term 28]: Raft[2] receive vote from Raft[3]
2024/08/07 15:29:55 [term 28]: Raft[2] receive vote from Raft[1]
2024/08/07 15:29:55 [term 28]: Raft[2] become leader
2024/08/07 15:29:55 [term 28]: Raft[2] send Hearbeats to all peers
2024/08/07 15:29:55 [term 15]: Raft[0] start election
2024/08/07 15:29:55 [term 16]: Raft[6] new election
2024/08/07 15:29:55 [term 16]: Raft[6] start election
2024/08/07 15:29:55 [term 44]: Raft[0] new election
2024/08/07 15:29:55 [term 44]: Raft[0] start election
2024/08/07 15:29:55 [term 28]: Raft[1] start election
2024/08/07 15:29:55 [term 29]: Raft[1] receive vote from Raft[3]
2024/08/07 15:29:55 [term 29]: Raft[1] receive vote from Raft[2]
2024/08/07 15:29:55 [term 29]: Raft[1] receive vote from Raft[5]
2024/08/07 15:29:55 [term 29]: Raft[1] become leader
2024/08/07 15:29:55 [term 29]: Raft[1] send Hearbeats to all peers
2024/08/07 15:29:55 [term 16]: Raft[4] new election
2024/08/07 15:29:55 [term 16]: Raft[4] start election
2024/08/07 15:29:55 [term 29]: Raft[1] send Hearbeats to all peers
2024/08/07 15:29:55 [term 16]: Raft[0] new election
2024/08/07 15:29:55 [term 16]: Raft[0] start election
2024/08/07 15:29:56 [term 45]: Raft[0] new election
2024/08/07 15:29:56 [term 45]: Raft[0] start election
2024/08/07 15:29:56 [term 29]: Raft[2] start election
2024/08/07 15:29:56 [term 29]: Raft[5] start election
2024/08/07 15:29:56 [term 30]: Raft[5] receive vote from Raft[6]
2024/08/07 15:29:56 [term 30]: Raft[5] receive vote from Raft[3]
2024/08/07 15:29:56 [term 30]: Raft[5] receive vote from Raft[1]
2024/08/07 15:29:56 [term 30]: Raft[5] become leader
2024/08/07 15:29:56 [term 30]: Raft[5] send Hearbeats to all peers
2024/08/07 15:29:56 [term 17]: Raft[4] new election
2024/08/07 15:29:56 [term 17]: Raft[4] start election
2024/08/07 15:29:56 [term 30]: Raft[1] start election
2024/08/07 15:29:56 [term 31]: Raft[1] receive vote from Raft[6]
2024/08/07 15:29:56 [term 31]: Raft[1] receive vote from Raft[3]
2024/08/07 15:29:56 [term 31]: Raft[1] receive vote from Raft[5]
2024/08/07 15:29:56 [term 31]: Raft[1] become leader
2024/08/07 15:29:56 [term 31]: Raft[1] send Hearbeats to all peers
2024/08/07 15:29:56 [term 17]: Raft[0] start election
2024/08/07 15:29:56 [term 18]: Raft[0] new election
2024/08/07 15:29:56 [term 18]: Raft[0] start election
2024/08/07 15:29:56 [term 31]: Raft[1] send Hearbeats to all peers
2024/08/07 15:29:56 [term 18]: Raft[4] start election
2024/08/07 15:29:56 [term 46]: Raft[0] new election
2024/08/07 15:29:56 [term 46]: Raft[0] start election
2024/08/07 15:29:56 [term 31]: Raft[6] start election
2024/08/07 15:29:56 [term 30]: Raft[2] new election
2024/08/07 15:29:56 [term 31]: Raft[3] start election
2024/08/07 15:29:56 [term 31]: Raft[2] start election
2024/08/07 15:29:56 [term 32]: Raft[2] receive vote from Raft[1]
2024/08/07 15:29:56 [term 32]: Raft[2] receive vote from Raft[5]
2024/08/07 15:29:56 [term 19]: Raft[4] new election
2024/08/07 15:29:56 [term 19]: Raft[4] start election
2024/08/07 15:29:56 [term 19]: Raft[0] new election
2024/08/07 15:29:56 [term 32]: Raft[0] start election
2024/08/07 15:29:56 [term 32]: Raft[2] receive vote from Raft[0]
2024/08/07 15:29:56 [term 32]: Raft[2] become leader
2024/08/07 15:29:56 [term 33]: Raft[2] send Hearbeats to all peers
2024/08/07 15:29:56 [term 33]: Raft[0] receive vote from Raft[1]
2024/08/07 15:29:56 [term 33]: Raft[0] receive vote from Raft[5]
2024/08/07 15:29:56 [term 33]: Raft[0] receive vote from Raft[2]
2024/08/07 15:29:56 [term 33]: Raft[0] become leader
2024/08/07 15:29:56 [term 33]: Raft[0] send Hearbeats to all peers
2024/08/07 15:29:56 [term 20]: Raft[4] new election
2024/08/07 15:29:56 [term 20]: Raft[4] start election
2024/08/07 15:29:56 [term 33]: Raft[2] send Hearbeats to all peers
2024/08/07 15:29:56 [term 47]: Raft[0] new election
2024/08/07 15:29:56 [term 47]: Raft[0] start election
2024/08/07 15:29:56 [term 32]: Raft[6] new election
2024/08/07 15:29:56 [term 32]: Raft[6] start election
2024/08/07 15:29:56 [term 32]: Raft[3] new election
2024/08/07 15:29:56 [term 32]: Raft[3] start election
2024/08/07 15:29:56 [term 33]: Raft[0] send Hearbeats to all peers
2024/08/07 15:29:56 [term 21]: Raft[4] new election
2024/08/07 15:29:56 [term 21]: Raft[4] start election
--- FAIL: TestManyElections3A (4.55s)
    config.go:443: term 33 has 2 (>1) leaders
FAIL
exit status 1
FAIL	6.5840/raft	13.248s
