Test (3A): initial election ...
2024/08/07 15:31:50 [term 0]: Raft[1] start election
2024/08/07 15:31:50 [term 1]: Raft[1] receive vote from Raft[0]
2024/08/07 15:31:50 [term 1]: Raft[1] become leader
2024/08/07 15:31:50 [term 1]: Raft[1] send Hearbeats to all peers
2024/08/07 15:31:50 [term 1]: Raft[0] start election
2024/08/07 15:31:50 [term 2]: Raft[0] receive vote from Raft[1]
2024/08/07 15:31:50 [term 2]: Raft[0] become leader
2024/08/07 15:31:50 [term 2]: Raft[0] send Hearbeats to all peers
2024/08/07 15:31:50 [term 2]: Raft[0] start election
2024/08/07 15:31:50 [term 3]: Raft[0] receive vote from Raft[2]
2024/08/07 15:31:50 [term 3]: Raft[0] become leader
2024/08/07 15:31:50 [term 3]: Raft[0] send Hearbeats to all peers
2024/08/07 15:31:50 [term 3]: Raft[0] send Hearbeats to all peers
2024/08/07 15:31:50 [term 3]: Raft[0] send Hearbeats to all peers
2024/08/07 15:31:51 [term 3]: Raft[2] start election
2024/08/07 15:31:51 [term 4]: Raft[2] receive vote from Raft[0]
2024/08/07 15:31:51 [term 4]: Raft[2] become leader
2024/08/07 15:31:51 [term 4]: Raft[2] send Hearbeats to all peers
2024/08/07 15:31:51 [term 4]: Raft[2] send Hearbeats to all peers
2024/08/07 15:31:51 [term 4]: Raft[2] send Hearbeats to all peers
2024/08/07 15:31:51 [term 4]: Raft[1] start election
2024/08/07 15:31:51 [term 5]: Raft[1] receive vote from Raft[0]
2024/08/07 15:31:51 [term 5]: Raft[1] become leader
2024/08/07 15:31:51 [term 5]: Raft[1] send Hearbeats to all peers
2024/08/07 15:31:51 [term 5]: Raft[2] start election
2024/08/07 15:31:51 [term 6]: Raft[2] receive vote from Raft[0]
2024/08/07 15:31:51 [term 6]: Raft[2] become leader
2024/08/07 15:31:51 [term 6]: Raft[2] send Hearbeats to all peers
2024/08/07 15:31:52 [term 6]: Raft[0] start election
2024/08/07 15:31:52 [term 7]: Raft[0] receive vote from Raft[1]
2024/08/07 15:31:52 [term 7]: Raft[0] become leader
2024/08/07 15:31:52 [term 7]: Raft[0] send Hearbeats to all peers
2024/08/07 15:31:52 [term 7]: Raft[0] send Hearbeats to all peers
2024/08/07 15:31:52 [term 7]: Raft[0] send Hearbeats to all peers
2024/08/07 15:31:52 [term 7]: Raft[1] start election
2024/08/07 15:31:52 [term 8]: Raft[1] receive vote from Raft[0]
2024/08/07 15:31:52 [term 8]: Raft[1] become leader
2024/08/07 15:31:52 [term 8]: Raft[1] send Hearbeats to all peers
2024/08/07 15:31:52 [term 8]: Raft[2] start election
2024/08/07 15:31:52 [term 9]: Raft[2] receive vote from Raft[0]
2024/08/07 15:31:52 [term 9]: Raft[2] become leader
2024/08/07 15:31:52 [term 9]: Raft[2] send Hearbeats to all peers
2024/08/07 15:31:52 [term 9]: Raft[2] send Hearbeats to all peers
warning: term changed even though there were no failures2024/08/07 15:31:52 [term 9]: Raft[1] start election
2024/08/07 15:31:52 [term 10]: Raft[1] receive vote from Raft[2]
2024/08/07 15:31:52 [term 10]: Raft[1] become leader
2024/08/07 15:31:52 [term 10]: Raft[1] send Hearbeats to all peers
2024/08/07 15:31:52 [term 10]: Raft[0] start election
2024/08/07 15:31:52 [term 11]: Raft[0] receive vote from Raft[1]
2024/08/07 15:31:52 [term 11]: Raft[0] become leader
2024/08/07 15:31:52 [term 11]: Raft[0] send Hearbeats to all peers
2024/08/07 15:31:52 [term 11]: Raft[2] start election
2024/08/07 15:31:52 [term 12]: Raft[2] receive vote from Raft[0]
2024/08/07 15:31:52 [term 12]: Raft[2] become leader
2024/08/07 15:31:52 [term 12]: Raft[2] send Hearbeats to all peers
2024/08/07 15:31:53 [term 12]: Raft[0] start election
2024/08/07 15:31:53 [term 13]: Raft[0] receive vote from Raft[1]
2024/08/07 15:31:53 [term 13]: Raft[0] become leader
2024/08/07 15:31:53 [term 13]: Raft[0] send Hearbeats to all peers
  ... Passed --   3.1  3   86   19758    0
Test (3A): election after network failure ...
2024/08/07 15:31:53 [term 0]: Raft[0] start election
2024/08/07 15:31:53 [term 1]: Raft[0] receive vote from Raft[1]
2024/08/07 15:31:53 [term 1]: Raft[0] become leader
2024/08/07 15:31:53 [term 1]: Raft[0] send Hearbeats to all peers
2024/08/07 15:31:53 [term 1]: Raft[1] start election
2024/08/07 15:31:53 [term 2]: Raft[1] receive vote from Raft[2]
2024/08/07 15:31:53 [term 2]: Raft[1] become leader
2024/08/07 15:31:53 [term 2]: Raft[1] send Hearbeats to all peers
2024/08/07 15:31:53 [term 2]: Raft[2] start election
2024/08/07 15:31:53 [term 3]: Raft[2] receive vote from Raft[0]
2024/08/07 15:31:53 [term 3]: Raft[2] become leader
2024/08/07 15:31:53 [term 3]: Raft[2] send Hearbeats to all peers
2024/08/07 15:31:53 [term 3]: Raft[2] send Hearbeats to all peers
2024/08/07 15:31:53 [term 3]: Raft[0] start election
2024/08/07 15:31:53 [term 4]: Raft[0] receive vote from Raft[1]
2024/08/07 15:31:53 [term 4]: Raft[0] become leader
2024/08/07 15:31:53 [term 4]: Raft[0] send Hearbeats to all peers
2024/08/07 15:31:53 [term 3]: Raft[2] send Hearbeats to all peers
2024/08/07 15:31:53 [term 4]: Raft[0] send Hearbeats to all peers
2024/08/07 15:31:54 [term 4]: Raft[0] send Hearbeats to all peers
2024/08/07 15:31:54 [term 3]: Raft[2] start election
2024/08/07 15:31:54 [term 4]: Raft[1] start election
2024/08/07 15:31:54 [term 5]: Raft[1] receive vote from Raft[0]
2024/08/07 15:31:54 [term 5]: Raft[1] become leader
2024/08/07 15:31:54 [term 5]: Raft[1] send Hearbeats to all peers
2024/08/07 15:31:54 [term 5]: Raft[1] start election
2024/08/07 15:31:54 [term 6]: Raft[1] receive vote from Raft[0]
2024/08/07 15:31:54 [term 6]: Raft[1] become leader
2024/08/07 15:31:54 [term 6]: Raft[1] send Hearbeats to all peers
2024/08/07 15:31:54 [term 4]: Raft[2] new election
2024/08/07 15:31:54 [term 4]: Raft[2] start election
2024/08/07 15:31:54 [term 7]: Raft[2] receive vote from Raft[1]
2024/08/07 15:31:54 [term 7]: Raft[2] become leader
2024/08/07 15:31:54 [term 7]: Raft[2] send Hearbeats to all peers
2024/08/07 15:31:54 [term 7]: Raft[2] send Hearbeats to all peers
2024/08/07 15:31:54 [term 7]: Raft[0] start election
2024/08/07 15:31:54 [term 7]: Raft[2] send Hearbeats to all peers
2024/08/07 15:31:54 [term 7]: Raft[1] start election
2024/08/07 15:31:55 [term 8]: Raft[0] new election
2024/08/07 15:31:55 [term 8]: Raft[0] start election
2024/08/07 15:31:55 [term 7]: Raft[2] start election
2024/08/07 15:31:55 [term 8]: Raft[1] new election
2024/08/07 15:31:55 [term 8]: Raft[1] start election
2024/08/07 15:31:55 [term 9]: Raft[0] start election
2024/08/07 15:31:55 [term 10]: Raft[0] new election
2024/08/07 15:31:55 [term 10]: Raft[0] start election
2024/08/07 15:31:55 [term 8]: Raft[2] new election
2024/08/07 15:31:55 [term 8]: Raft[2] start election
2024/08/07 15:31:55 [term 9]: Raft[1] start election
2024/08/07 15:31:55 [term 10]: Raft[1] new election
2024/08/07 15:31:55 [term 10]: Raft[1] start election
2024/08/07 15:31:55 [term 11]: Raft[0] new election
2024/08/07 15:31:55 [term 11]: Raft[0] start election
2024/08/07 15:31:55 [term 12]: Raft[0] new election
2024/08/07 15:31:55 [term 12]: Raft[0] start election
2024/08/07 15:31:55 [term 9]: Raft[2] start election
2024/08/07 15:31:55 [term 10]: Raft[2] new election
2024/08/07 15:31:55 [term 10]: Raft[2] start election
2024/08/07 15:31:55 [term 11]: Raft[1] new election
2024/08/07 15:31:55 [term 11]: Raft[1] start election
2024/08/07 15:31:55 [term 12]: Raft[1] new election
2024/08/07 15:31:55 [term 12]: Raft[1] start election
2024/08/07 15:31:55 [term 13]: Raft[0] start election
2024/08/07 15:31:55 [term 14]: Raft[0] new election
2024/08/07 15:31:55 [term 14]: Raft[0] start election
2024/08/07 15:31:55 [term 15]: Raft[0] new election
2024/08/07 15:31:55 [term 15]: Raft[0] start election
2024/08/07 15:31:56 [term 11]: Raft[2] new election
2024/08/07 15:31:56 [term 11]: Raft[2] start election
2024/08/07 15:31:56 [term 13]: Raft[1] start election
2024/08/07 15:31:56 [term 12]: Raft[2] new election
2024/08/07 15:31:56 [term 12]: Raft[2] start election
2024/08/07 15:31:56 [term 14]: Raft[1] new election
2024/08/07 15:31:56 [term 14]: Raft[1] start election
2024/08/07 15:31:56 [term 15]: Raft[1] new election
2024/08/07 15:31:56 [term 15]: Raft[1] start election
2024/08/07 15:31:56 [term 16]: Raft[0] new election
2024/08/07 15:31:56 [term 16]: Raft[0] start election
2024/08/07 15:31:56 [term 17]: Raft[0] new election
2024/08/07 15:31:56 [term 17]: Raft[0] start election
2024/08/07 15:31:56 [term 13]: Raft[2] start election
2024/08/07 15:31:56 [term 18]: Raft[0] new election
2024/08/07 15:31:56 [term 18]: Raft[0] start election
2024/08/07 15:31:56 [term 14]: Raft[2] new election
2024/08/07 15:31:56 [term 14]: Raft[2] start election
2024/08/07 15:31:56 [term 16]: Raft[1] new election
2024/08/07 15:31:56 [term 16]: Raft[1] start election
2024/08/07 15:31:56 [term 15]: Raft[2] new election
2024/08/07 15:31:56 [term 15]: Raft[2] start election
2024/08/07 15:31:56 [term 17]: Raft[1] new election
2024/08/07 15:31:56 [term 17]: Raft[1] start election
2024/08/07 15:31:56 [term 19]: Raft[0] start election
2024/08/07 15:31:56 [term 18]: Raft[1] new election
2024/08/07 15:31:56 [term 18]: Raft[1] start election
2024/08/07 15:31:56 [term 20]: Raft[0] new election
2024/08/07 15:31:56 [term 20]: Raft[0] start election
2024/08/07 15:31:56 [term 21]: Raft[0] new election
2024/08/07 15:31:56 [term 21]: Raft[0] start election
2024/08/07 15:31:56 [term 19]: Raft[1] start election
2024/08/07 15:31:56 [term 16]: Raft[2] new election
2024/08/07 15:31:56 [term 16]: Raft[2] start election
2024/08/07 15:31:56 [term 22]: Raft[0] new election
2024/08/07 15:31:56 [term 22]: Raft[0] start election
2024/08/07 15:31:56 [term 17]: Raft[2] new election
2024/08/07 15:31:56 [term 17]: Raft[2] start election
2024/08/07 15:31:56 [term 20]: Raft[1] new election
2024/08/07 15:31:56 [term 20]: Raft[1] start election
2024/08/07 15:31:56 [term 18]: Raft[2] new election
2024/08/07 15:31:56 [term 18]: Raft[2] start election
2024/08/07 15:31:56 [term 21]: Raft[1] new election
2024/08/07 15:31:56 [term 21]: Raft[1] start election
2024/08/07 15:31:56 [term 23]: Raft[0] new election
2024/08/07 15:31:56 [term 23]: Raft[0] start election
2024/08/07 15:31:56 [term 22]: Raft[1] new election
2024/08/07 15:31:56 [term 22]: Raft[1] start election
2024/08/07 15:31:56 [term 24]: Raft[0] new election
2024/08/07 15:31:56 [term 24]: Raft[0] start election
2024/08/07 15:31:56 [term 25]: Raft[0] new election
2024/08/07 15:31:56 [term 25]: Raft[0] start election
2024/08/07 15:31:56 [term 23]: Raft[1] new election
2024/08/07 15:31:56 [term 25]: Raft[1] start election
2024/08/07 15:31:56 [term 26]: Raft[0] receive vote from Raft[1]
2024/08/07 15:31:56 [term 26]: Raft[0] become leader
2024/08/07 15:31:56 [term 26]: Raft[0] send Hearbeats to all peers
2024/08/07 15:31:56 [term 19]: Raft[2] start election
2024/08/07 15:31:56 [term 20]: Raft[2] new election
2024/08/07 15:31:56 [term 20]: Raft[2] start election
2024/08/07 15:31:56 [term 21]: Raft[2] new election
2024/08/07 15:31:56 [term 21]: Raft[2] start election
2024/08/07 15:31:56 [term 26]: Raft[0] send Hearbeats to all peers
2024/08/07 15:31:56 [term 26]: Raft[1] new election
2024/08/07 15:31:56 [term 26]: Raft[1] start election
2024/08/07 15:31:56 [term 27]: Raft[1] receive vote from Raft[0]
2024/08/07 15:31:56 [term 27]: Raft[1] become leader
2024/08/07 15:31:56 [term 27]: Raft[1] send Hearbeats to all peers
2024/08/07 15:31:56 [term 22]: Raft[2] new election
2024/08/07 15:31:56 [term 22]: Raft[2] start election
2024/08/07 15:31:57 [term 27]: Raft[1] send Hearbeats to all peers
2024/08/07 15:31:57 [term 23]: Raft[2] new election
2024/08/07 15:31:57 [term 23]: Raft[2] start election
2024/08/07 15:31:57 [term 24]: Raft[2] new election
2024/08/07 15:31:57 [term 24]: Raft[2] start election
2024/08/07 15:31:57 [term 25]: Raft[2] new election
2024/08/07 15:31:57 [term 25]: Raft[2] start election
2024/08/07 15:31:57 [term 27]: Raft[1] send Hearbeats to all peers
2024/08/07 15:31:57 [term 26]: Raft[2] new election
2024/08/07 15:31:57 [term 26]: Raft[2] start election
2024/08/07 15:31:57 [term 27]: Raft[1] send Hearbeats to all peers
2024/08/07 15:31:57 [term 27]: Raft[2] new election
2024/08/07 15:31:57 [term 27]: Raft[2] start election
2024/08/07 15:31:57 [term 28]: Raft[2] receive vote from Raft[0]
2024/08/07 15:31:57 [term 28]: Raft[2] become leader
2024/08/07 15:31:57 [term 28]: Raft[2] send Hearbeats to all peers
2024/08/07 15:31:57 [term 28]: Raft[2] start election
2024/08/07 15:31:57 [term 29]: Raft[2] receive vote from Raft[0]
2024/08/07 15:31:57 [term 29]: Raft[2] become leader
2024/08/07 15:31:57 [term 29]: Raft[2] send Hearbeats to all peers
2024/08/07 15:31:57 [term 29]: Raft[1] start election
2024/08/07 15:31:57 [term 30]: Raft[1] receive vote from Raft[2]
2024/08/07 15:31:57 [term 30]: Raft[1] become leader
2024/08/07 15:31:57 [term 30]: Raft[1] send Hearbeats to all peers
2024/08/07 15:31:57 [term 30]: Raft[1] send Hearbeats to all peers
  ... Passed --   4.6  3  205   31280    0
Test (3A): multiple elections ...
2024/08/07 15:31:57 [term 30]: Raft[0] start election
2024/08/07 15:31:58 [term 0]: Raft[3] start election
2024/08/07 15:31:58 [term 1]: Raft[3] receive vote from Raft[2]
2024/08/07 15:31:58 [term 1]: Raft[3] receive vote from Raft[4]
2024/08/07 15:31:58 [term 1]: Raft[3] receive vote from Raft[6]
2024/08/07 15:31:58 [term 1]: Raft[3] become leader
2024/08/07 15:31:58 [term 1]: Raft[3] send Hearbeats to all peers
2024/08/07 15:31:58 [term 1]: Raft[2] start election
2024/08/07 15:31:58 [term 2]: Raft[2] receive vote from Raft[4]
2024/08/07 15:31:58 [term 2]: Raft[2] receive vote from Raft[3]
2024/08/07 15:31:58 [term 2]: Raft[2] receive vote from Raft[6]
2024/08/07 15:31:58 [term 2]: Raft[2] become leader
2024/08/07 15:31:58 [term 2]: Raft[2] send Hearbeats to all peers
2024/08/07 15:31:58 [term 2]: Raft[4] start election
2024/08/07 15:31:58 [term 3]: Raft[4] receive vote from Raft[6]
2024/08/07 15:31:58 [term 3]: Raft[4] receive vote from Raft[5]
2024/08/07 15:31:58 [term 3]: Raft[4] receive vote from Raft[3]
2024/08/07 15:31:58 [term 3]: Raft[4] become leader
2024/08/07 15:31:58 [term 3]: Raft[4] send Hearbeats to all peers
2024/08/07 15:31:58 [term 3]: Raft[5] start election
2024/08/07 15:31:58 [term 3]: Raft[4] send Hearbeats to all peers
2024/08/07 15:31:58 [term 4]: Raft[5] receive vote from Raft[0]
2024/08/07 15:31:58 [term 4]: Raft[5] receive vote from Raft[1]
2024/08/07 15:31:58 [term 4]: Raft[5] receive vote from Raft[2]
2024/08/07 15:31:58 [term 4]: Raft[5] become leader
2024/08/07 15:31:58 [term 4]: Raft[5] send Hearbeats to all peers
2024/08/07 15:31:58 [term 4]: Raft[6] start election
2024/08/07 15:31:58 [term 5]: Raft[6] receive vote from Raft[5]
2024/08/07 15:31:58 [term 5]: Raft[6] receive vote from Raft[1]
2024/08/07 15:31:58 [term 5]: Raft[6] receive vote from Raft[0]
2024/08/07 15:31:58 [term 5]: Raft[6] become leader
2024/08/07 15:31:58 [term 5]: Raft[6] send Hearbeats to all peers
2024/08/07 15:31:58 [term 31]: Raft[0] new election
2024/08/07 15:31:58 [term 31]: Raft[0] start election
2024/08/07 15:31:58 [term 5]: Raft[2] start election
2024/08/07 15:31:58 [term 6]: Raft[2] receive vote from Raft[0]
2024/08/07 15:31:58 [term 6]: Raft[2] receive vote from Raft[1]
2024/08/07 15:31:58 [term 6]: Raft[2] receive vote from Raft[4]
2024/08/07 15:31:58 [term 6]: Raft[2] become leader
2024/08/07 15:31:58 [term 6]: Raft[2] send Hearbeats to all peers
2024/08/07 15:31:58 [term 5]: Raft[6] start election
2024/08/07 15:31:58 [term 32]: Raft[0] new election
2024/08/07 15:31:58 [term 32]: Raft[0] start election
2024/08/07 15:31:58 [term 6]: Raft[4] start election
2024/08/07 15:31:58 [term 7]: Raft[4] receive vote from Raft[0]
2024/08/07 15:31:58 [term 7]: Raft[4] receive vote from Raft[2]
2024/08/07 15:31:58 [term 7]: Raft[4] receive vote from Raft[1]
2024/08/07 15:31:58 [term 7]: Raft[4] become leader
2024/08/07 15:31:58 [term 7]: Raft[4] send Hearbeats to all peers
2024/08/07 15:31:58 [term 7]: Raft[4] send Hearbeats to all peers
2024/08/07 15:31:58 [term 5]: Raft[3] start election
2024/08/07 15:31:58 [term 6]: Raft[6] new election
2024/08/07 15:31:58 [term 6]: Raft[6] start election
2024/08/07 15:31:58 [term 5]: Raft[5] start election
2024/08/07 15:31:58 [term 33]: Raft[0] new election
2024/08/07 15:31:58 [term 33]: Raft[0] start election
2024/08/07 15:31:58 [term 7]: Raft[4] send Hearbeats to all peers
2024/08/07 15:31:58 [term 7]: Raft[2] start election
2024/08/07 15:31:58 [term 8]: Raft[2] receive vote from Raft[0]
2024/08/07 15:31:58 [term 7]: Raft[1] start election
2024/08/07 15:31:58 [term 7]: Raft[6] start election
2024/08/07 15:31:58 [term 6]: Raft[3] new election
2024/08/07 15:31:58 [term 6]: Raft[3] start election
2024/08/07 15:31:58 [term 8]: Raft[2] receive vote from Raft[3]
2024/08/07 15:31:58 [term 9]: Raft[3] receive vote from Raft[0]
2024/08/07 15:31:59 [term 8]: Raft[6] new election
2024/08/07 15:31:59 [term 8]: Raft[6] start election
2024/08/07 15:31:59 [term 6]: Raft[5] new election
2024/08/07 15:31:59 [term 8]: Raft[5] start election
2024/08/07 15:31:59 [term 8]: Raft[2] receive vote from Raft[5]
2024/08/07 15:31:59 [term 8]: Raft[2] become leader
2024/08/07 15:31:59 [term 8]: Raft[2] send Hearbeats to all peers
2024/08/07 15:31:59 [term 9]: Raft[3] receive vote from Raft[5]
2024/08/07 15:31:59 [term 9]: Raft[3] receive vote from Raft[2]
2024/08/07 15:31:59 [term 9]: Raft[3] become leader
2024/08/07 15:31:59 [term 9]: Raft[3] send Hearbeats to all peers
2024/08/07 15:31:59 [term 10]: Raft[5] receive vote from Raft[0]
2024/08/07 15:31:59 [term 10]: Raft[5] receive vote from Raft[3]
2024/08/07 15:31:59 [term 10]: Raft[5] receive vote from Raft[2]
2024/08/07 15:31:59 [term 10]: Raft[5] become leader
2024/08/07 15:31:59 [term 10]: Raft[5] send Hearbeats to all peers
2024/08/07 15:31:59 [term 34]: Raft[0] new election
2024/08/07 15:31:59 [term 34]: Raft[0] start election
2024/08/07 15:31:59 [term 7]: Raft[4] start election
2024/08/07 15:31:59 [term 10]: Raft[3] start election
2024/08/07 15:31:59 [term 11]: Raft[3] receive vote from Raft[2]
2024/08/07 15:31:59 [term 11]: Raft[3] receive vote from Raft[0]
2024/08/07 15:31:59 [term 11]: Raft[3] receive vote from Raft[5]
2024/08/07 15:31:59 [term 11]: Raft[3] become leader
2024/08/07 15:31:59 [term 11]: Raft[3] send Hearbeats to all peers
2024/08/07 15:31:59 [term 8]: Raft[1] new election
2024/08/07 15:31:59 [term 8]: Raft[1] start election
2024/08/07 15:31:59 [term 9]: Raft[6] new election
2024/08/07 15:31:59 [term 9]: Raft[6] start election
2024/08/07 15:31:59 [term 10]: Raft[6] new election
2024/08/07 15:31:59 [term 10]: Raft[6] start election
2024/08/07 15:31:59 [term 11]: Raft[0] start election
2024/08/07 15:31:59 [term 12]: Raft[0] receive vote from Raft[3]
2024/08/07 15:31:59 [term 12]: Raft[0] receive vote from Raft[2]
2024/08/07 15:31:59 [term 12]: Raft[0] receive vote from Raft[5]
2024/08/07 15:31:59 [term 12]: Raft[0] become leader
2024/08/07 15:31:59 [term 12]: Raft[0] send Hearbeats to all peers
2024/08/07 15:31:59 [term 35]: Raft[0] new election
2024/08/07 15:31:59 [term 35]: Raft[0] start election
2024/08/07 15:31:59 [term 8]: Raft[4] new election
2024/08/07 15:31:59 [term 8]: Raft[4] start election
2024/08/07 15:31:59 [term 12]: Raft[3] start election
2024/08/07 15:31:59 [term 9]: Raft[1] new election
2024/08/07 15:31:59 [term 9]: Raft[1] start election
2024/08/07 15:31:59 [term 11]: Raft[6] start election
2024/08/07 15:31:59 [term 12]: Raft[6] receive vote from Raft[1]
2024/08/07 15:31:59 [term 12]: Raft[1] start election
2024/08/07 15:31:59 [term 13]: Raft[1] receive vote from Raft[5]
2024/08/07 15:31:59 [term 13]: Raft[1] receive vote from Raft[0]
2024/08/07 15:31:59 [term 12]: Raft[6] new election
2024/08/07 15:31:59 [term 12]: Raft[6] start election
2024/08/07 15:31:59 [term 13]: Raft[6] new election
2024/08/07 15:31:59 [term 13]: Raft[6] start election
2024/08/07 15:31:59 [term 14]: Raft[6] receive vote from Raft[5]
2024/08/07 15:31:59 [term 14]: Raft[6] receive vote from Raft[0]
2024/08/07 15:31:59 [term 12]: Raft[2] start election
2024/08/07 15:31:59 [term 36]: Raft[0] new election
2024/08/07 15:31:59 [term 36]: Raft[0] start election
2024/08/07 15:31:59 [term 9]: Raft[4] new election
2024/08/07 15:31:59 [term 9]: Raft[4] start election
2024/08/07 15:31:59 [term 13]: Raft[3] new election
2024/08/07 15:31:59 [term 13]: Raft[3] start election
2024/08/07 15:31:59 [term 14]: Raft[5] start election
2024/08/07 15:31:59 [term 15]: Raft[5] receive vote from Raft[0]
2024/08/07 15:31:59 [term 14]: Raft[6] new election
2024/08/07 15:31:59 [term 14]: Raft[6] start election
2024/08/07 15:31:59 [term 15]: Raft[6] receive vote from Raft[1]
2024/08/07 15:31:59 [term 15]: Raft[6] receive vote from Raft[1]
2024/08/07 15:31:59 [term 15]: Raft[6] become leader
2024/08/07 15:31:59 [term 15]: Raft[6] send Hearbeats to all peers
2024/08/07 15:31:59 [term 13]: Raft[2] new election
2024/08/07 15:31:59 [term 13]: Raft[2] start election
2024/08/07 15:31:59 [term 15]: Raft[6] send Hearbeats to all peers
2024/08/07 15:31:59 [term 37]: Raft[0] new election
2024/08/07 15:31:59 [term 37]: Raft[0] start election
2024/08/07 15:32:00 [term 15]: Raft[4] start election
2024/08/07 15:32:00 [term 16]: Raft[4] receive vote from Raft[0]
2024/08/07 15:32:00 [term 16]: Raft[4] receive vote from Raft[6]
2024/08/07 15:32:00 [term 16]: Raft[4] receive vote from Raft[1]
2024/08/07 15:32:00 [term 16]: Raft[4] become leader
2024/08/07 15:32:00 [term 16]: Raft[4] send Hearbeats to all peers
2024/08/07 15:32:00 [term 16]: Raft[1] start election
2024/08/07 15:32:00 [term 17]: Raft[1] receive vote from Raft[4]
2024/08/07 15:32:00 [term 17]: Raft[1] receive vote from Raft[0]
2024/08/07 15:32:00 [term 17]: Raft[1] receive vote from Raft[6]
2024/08/07 15:32:00 [term 17]: Raft[1] become leader
2024/08/07 15:32:00 [term 17]: Raft[1] send Hearbeats to all peers
2024/08/07 15:32:00 [term 14]: Raft[3] start election
2024/08/07 15:32:00 [term 15]: Raft[3] new election
2024/08/07 15:32:00 [term 15]: Raft[3] start election
2024/08/07 15:32:00 [term 15]: Raft[5] new election
2024/08/07 15:32:00 [term 15]: Raft[5] start election
2024/08/07 15:32:00 [term 14]: Raft[2] start election
2024/08/07 15:32:00 [term 15]: Raft[2] new election
2024/08/07 15:32:00 [term 15]: Raft[2] start election
2024/08/07 15:32:00 [term 17]: Raft[0] start election
2024/08/07 15:32:00 [term 18]: Raft[0] receive vote from Raft[1]
2024/08/07 15:32:00 [term 18]: Raft[0] receive vote from Raft[5]
2024/08/07 15:32:00 [term 18]: Raft[0] receive vote from Raft[6]
2024/08/07 15:32:00 [term 18]: Raft[0] become leader
2024/08/07 15:32:00 [term 18]: Raft[0] send Hearbeats to all peers
2024/08/07 15:32:00 [term 38]: Raft[0] new election
2024/08/07 15:32:00 [term 38]: Raft[0] start election
2024/08/07 15:32:00 [term 16]: Raft[3] new election
2024/08/07 15:32:00 [term 16]: Raft[3] start election
2024/08/07 15:32:00 [term 17]: Raft[3] new election
2024/08/07 15:32:00 [term 17]: Raft[3] start election
2024/08/07 15:32:00 [term 16]: Raft[2] new election
2024/08/07 15:32:00 [term 18]: Raft[6] start election
2024/08/07 15:32:00 [term 16]: Raft[2] start election
2024/08/07 15:32:00 [term 18]: Raft[5] start election
2024/08/07 15:32:00 [term 19]: Raft[5] receive vote from Raft[4]
2024/08/07 15:32:00 [term 19]: Raft[5] receive vote from Raft[0]
2024/08/07 15:32:00 [term 19]: Raft[5] receive vote from Raft[1]
2024/08/07 15:32:00 [term 19]: Raft[5] become leader
2024/08/07 15:32:00 [term 19]: Raft[5] send Hearbeats to all peers
2024/08/07 15:32:00 [term 17]: Raft[2] new election
2024/08/07 15:32:00 [term 17]: Raft[2] start election
2024/08/07 15:32:00 [term 19]: Raft[1] start election
2024/08/07 15:32:00 [term 20]: Raft[1] receive vote from Raft[5]
2024/08/07 15:32:00 [term 20]: Raft[1] receive vote from Raft[4]
2024/08/07 15:32:00 [term 20]: Raft[1] receive vote from Raft[0]
2024/08/07 15:32:00 [term 20]: Raft[1] become leader
2024/08/07 15:32:00 [term 20]: Raft[1] send Hearbeats to all peers
2024/08/07 15:32:00 [term 39]: Raft[0] new election
2024/08/07 15:32:00 [term 39]: Raft[0] start election
2024/08/07 15:32:00 [term 18]: Raft[3] start election
2024/08/07 15:32:00 [term 20]: Raft[1] send Hearbeats to all peers
2024/08/07 15:32:00 [term 19]: Raft[3] new election
2024/08/07 15:32:00 [term 19]: Raft[3] start election
2024/08/07 15:32:00 [term 20]: Raft[3] new election
2024/08/07 15:32:00 [term 20]: Raft[3] start election
2024/08/07 15:32:00 [term 18]: Raft[2] start election
2024/08/07 15:32:00 [term 20]: Raft[1] send Hearbeats to all peers
2024/08/07 15:32:00 [term 19]: Raft[2] new election
2024/08/07 15:32:00 [term 19]: Raft[6] new election
2024/08/07 15:32:00 [term 19]: Raft[2] start election
2024/08/07 15:32:00 [term 19]: Raft[6] start election
2024/08/07 15:32:00 [term 20]: Raft[2] new election
2024/08/07 15:32:00 [term 20]: Raft[2] start election
2024/08/07 15:32:00 [term 40]: Raft[0] new election
2024/08/07 15:32:00 [term 40]: Raft[0] start election
2024/08/07 15:32:00 [term 21]: Raft[3] new election
2024/08/07 15:32:00 [term 21]: Raft[3] start election
2024/08/07 15:32:00 [term 22]: Raft[3] receive vote from Raft[5]
2024/08/07 15:32:00 [term 22]: Raft[3] receive vote from Raft[6]
2024/08/07 15:32:00 [term 22]: Raft[3] receive vote from Raft[4]
2024/08/07 15:32:00 [term 22]: Raft[3] become leader
2024/08/07 15:32:00 [term 22]: Raft[3] send Hearbeats to all peers
2024/08/07 15:32:00 [term 20]: Raft[1] start election
2024/08/07 15:32:00 [term 21]: Raft[2] new election
2024/08/07 15:32:00 [term 21]: Raft[2] start election
2024/08/07 15:32:01 [term 22]: Raft[2] new election
2024/08/07 15:32:01 [term 22]: Raft[2] start election
2024/08/07 15:32:01 [term 22]: Raft[6] start election
2024/08/07 15:32:01 [term 23]: Raft[6] receive vote from Raft[4]
2024/08/07 15:32:01 [term 23]: Raft[6] receive vote from Raft[0]
2024/08/07 15:32:01 [term 23]: Raft[6] receive vote from Raft[3]
2024/08/07 15:32:01 [term 23]: Raft[6] become leader
2024/08/07 15:32:01 [term 23]: Raft[6] send Hearbeats to all peers
2024/08/07 15:32:01 [term 23]: Raft[2] new election
2024/08/07 15:32:01 [term 23]: Raft[2] start election
2024/08/07 15:32:01 [term 23]: Raft[6] send Hearbeats to all peers
2024/08/07 15:32:01 [term 41]: Raft[0] new election
2024/08/07 15:32:01 [term 41]: Raft[0] start election
2024/08/07 15:32:01 [term 21]: Raft[1] new election
2024/08/07 15:32:01 [term 21]: Raft[1] start election
2024/08/07 15:32:01 [term 24]: Raft[2] start election
2024/08/07 15:32:01 [term 25]: Raft[2] new election
2024/08/07 15:32:01 [term 25]: Raft[2] start election
2024/08/07 15:32:01 [term 23]: Raft[6] send Hearbeats to all peers
2024/08/07 15:32:01 [term 26]: Raft[2] new election
2024/08/07 15:32:01 [term 26]: Raft[2] start election
2024/08/07 15:32:01 [term 27]: Raft[2] new election
2024/08/07 15:32:01 [term 27]: Raft[2] start election
2024/08/07 15:32:01 [term 23]: Raft[6] send Hearbeats to all peers
2024/08/07 15:32:01 [term 42]: Raft[0] new election
2024/08/07 15:32:01 [term 42]: Raft[0] start election
2024/08/07 15:32:01 [term 22]: Raft[1] new election
2024/08/07 15:32:01 [term 22]: Raft[1] start election
2024/08/07 15:32:01 [term 23]: Raft[4] start election
2024/08/07 15:32:01 [term 24]: Raft[4] receive vote from Raft[6]
2024/08/07 15:32:01 [term 24]: Raft[4] receive vote from Raft[3]
2024/08/07 15:32:01 [term 24]: Raft[4] receive vote from Raft[0]
2024/08/07 15:32:01 [term 24]: Raft[4] become leader
2024/08/07 15:32:01 [term 24]: Raft[4] send Hearbeats to all peers
2024/08/07 15:32:01 [term 28]: Raft[2] new election
2024/08/07 15:32:01 [term 28]: Raft[2] start election
2024/08/07 15:32:01 [term 29]: Raft[2] new election
2024/08/07 15:32:01 [term 29]: Raft[2] start election
2024/08/07 15:32:01 [term 23]: Raft[1] start election
2024/08/07 15:32:01 [term 30]: Raft[2] new election
2024/08/07 15:32:01 [term 30]: Raft[2] start election
2024/08/07 15:32:01 [term 24]: Raft[4] send Hearbeats to all peers
2024/08/07 15:32:01 [term 24]: Raft[6] start election
2024/08/07 15:32:01 [term 25]: Raft[6] receive vote from Raft[0]
2024/08/07 15:32:01 [term 25]: Raft[6] receive vote from Raft[3]
2024/08/07 15:32:01 [term 25]: Raft[6] receive vote from Raft[5]
2024/08/07 15:32:01 [term 25]: Raft[6] become leader
2024/08/07 15:32:01 [term 25]: Raft[6] send Hearbeats to all peers
2024/08/07 15:32:01 [term 31]: Raft[2] new election
2024/08/07 15:32:01 [term 31]: Raft[2] start election
2024/08/07 15:32:01 [term 43]: Raft[0] new election
2024/08/07 15:32:01 [term 43]: Raft[0] start election
2024/08/07 15:32:01 [term 32]: Raft[2] start election
2024/08/07 15:32:01 [term 24]: Raft[1] new election
2024/08/07 15:32:01 [term 24]: Raft[1] start election
2024/08/07 15:32:01 [term 25]: Raft[5] start election
2024/08/07 15:32:01 [term 26]: Raft[5] receive vote from Raft[6]
2024/08/07 15:32:01 [term 26]: Raft[5] receive vote from Raft[3]
2024/08/07 15:32:01 [term 26]: Raft[5] receive vote from Raft[0]
2024/08/07 15:32:01 [term 26]: Raft[5] become leader
2024/08/07 15:32:01 [term 26]: Raft[5] send Hearbeats to all peers
2024/08/07 15:32:01 [term 33]: Raft[2] new election
2024/08/07 15:32:01 [term 33]: Raft[2] start election
2024/08/07 15:32:01 [term 34]: Raft[2] new election
2024/08/07 15:32:01 [term 34]: Raft[2] start election
2024/08/07 15:32:01 [term 25]: Raft[1] new election
2024/08/07 15:32:01 [term 25]: Raft[1] start election
2024/08/07 15:32:01 [term 35]: Raft[2] new election
2024/08/07 15:32:01 [term 35]: Raft[2] start election
2024/08/07 15:32:02 [term 36]: Raft[2] new election
2024/08/07 15:32:02 [term 36]: Raft[2] start election
2024/08/07 15:32:02 [term 26]: Raft[5] send Hearbeats to all peers
2024/08/07 15:32:02 [term 44]: Raft[0] new election
2024/08/07 15:32:02 [term 44]: Raft[0] start election
2024/08/07 15:32:02 [term 26]: Raft[1] start election
2024/08/07 15:32:02 [term 37]: Raft[2] new election
2024/08/07 15:32:02 [term 37]: Raft[2] start election
2024/08/07 15:32:02 [term 26]: Raft[6] start election
2024/08/07 15:32:02 [term 27]: Raft[6] receive vote from Raft[5]
2024/08/07 15:32:02 [term 27]: Raft[6] receive vote from Raft[0]
2024/08/07 15:32:02 [term 27]: Raft[6] receive vote from Raft[3]
2024/08/07 15:32:02 [term 27]: Raft[6] become leader
2024/08/07 15:32:02 [term 27]: Raft[6] send Hearbeats to all peers
2024/08/07 15:32:02 [term 27]: Raft[1] new election
2024/08/07 15:32:02 [term 27]: Raft[1] start election
2024/08/07 15:32:02 [term 25]: Raft[4] start election
2024/08/07 15:32:02 [term 38]: Raft[2] new election
2024/08/07 15:32:02 [term 38]: Raft[2] start election
2024/08/07 15:32:02 [term 39]: Raft[2] new election
2024/08/07 15:32:02 [term 39]: Raft[2] start election
2024/08/07 15:32:02 [term 28]: Raft[1] new election
2024/08/07 15:32:02 [term 28]: Raft[1] start election
2024/08/07 15:32:02 [term 40]: Raft[2] new election
2024/08/07 15:32:02 [term 40]: Raft[2] start election
2024/08/07 15:32:02 [term 27]: Raft[6] send Hearbeats to all peers
2024/08/07 15:32:02 [term 41]: Raft[2] new election
2024/08/07 15:32:02 [term 41]: Raft[2] start election
2024/08/07 15:32:02 [term 45]: Raft[0] new election
2024/08/07 15:32:02 [term 45]: Raft[0] start election
2024/08/07 15:32:02 [term 42]: Raft[2] start election
2024/08/07 15:32:02 [term 43]: Raft[2] receive vote from Raft[3]
2024/08/07 15:32:02 [term 29]: Raft[1] new election
2024/08/07 15:32:02 [term 29]: Raft[1] start election
2024/08/07 15:32:02 [term 43]: Raft[2] receive vote from Raft[6]
2024/08/07 15:32:02 [term 43]: Raft[2] new election
2024/08/07 15:32:02 [term 43]: Raft[2] start election
2024/08/07 15:32:02 [term 44]: Raft[2] receive vote from Raft[6]
2024/08/07 15:32:02 [term 44]: Raft[2] receive vote from Raft[3]
2024/08/07 15:32:02 [term 30]: Raft[1] new election
2024/08/07 15:32:02 [term 26]: Raft[4] new election
2024/08/07 15:32:02 [term 30]: Raft[1] start election
2024/08/07 15:32:02 [term 43]: Raft[4] start election
2024/08/07 15:32:02 [term 44]: Raft[2] receive vote from Raft[4]
2024/08/07 15:32:02 [term 44]: Raft[2] become leader
2024/08/07 15:32:02 [term 44]: Raft[2] send Hearbeats to all peers
2024/08/07 15:32:02 [term 45]: Raft[4] receive vote from Raft[6]
2024/08/07 15:32:02 [term 45]: Raft[4] receive vote from Raft[3]
2024/08/07 15:32:02 [term 45]: Raft[4] receive vote from Raft[2]
2024/08/07 15:32:02 [term 45]: Raft[4] become leader
2024/08/07 15:32:02 [term 45]: Raft[4] send Hearbeats to all peers
2024/08/07 15:32:02 [term 44]: Raft[2] receive vote from Raft[4]
2024/08/07 15:32:02 [term 45]: Raft[2] become leader
2024/08/07 15:32:02 [term 45]: Raft[2] send Hearbeats to all peers
2024/08/07 15:32:02 [term 27]: Raft[0] start election
2024/08/07 15:32:02 [term 31]: Raft[1] new election
2024/08/07 15:32:02 [term 31]: Raft[1] start election
2024/08/07 15:32:02 [term 27]: Raft[5] start election
2024/08/07 15:32:02 [term 45]: Raft[4] send Hearbeats to all peers
2024/08/07 15:32:02 [term 46]: Raft[0] new election
2024/08/07 15:32:02 [term 46]: Raft[0] start election
2024/08/07 15:32:02 [term 32]: Raft[1] new election
2024/08/07 15:32:02 [term 32]: Raft[1] start election
2024/08/07 15:32:02 [term 33]: Raft[1] start election
2024/08/07 15:32:02 [term 34]: Raft[1] new election
2024/08/07 15:32:02 [term 34]: Raft[1] start election
2024/08/07 15:32:02 [term 28]: Raft[0] new election
2024/08/07 15:32:02 [term 28]: Raft[0] start election
2024/08/07 15:32:02 [term 45]: Raft[4] send Hearbeats to all peers
2024/08/07 15:32:02 [term 35]: Raft[1] new election
2024/08/07 15:32:02 [term 35]: Raft[1] start election
2024/08/07 15:32:02 [term 28]: Raft[5] new election
2024/08/07 15:32:02 [term 28]: Raft[5] start election
2024/08/07 15:32:02 [term 45]: Raft[2] send Hearbeats to all peers
--- FAIL: TestManyElections3A (5.07s)
    config.go:443: term 45 has 2 (>1) leaders
FAIL
exit status 1
FAIL	6.5840/raft	13.300s
