Test (3A): initial election ...
2024/08/06 15:17:06 [term 1]: Raft[1] start election
2024/08/06 15:17:06 [term 0]: Raft[0] state[0] receive requestVote from Raft[1]
2024/08/06 15:17:06 [term 0]: Raft[2] state[0] receive requestVote from Raft[1]
2024/08/06 15:17:06 [term 1]: Raft[1] receive vote from Raft[0]
2024/08/06 15:17:06 [term 1]: Raft[1] become leader
2024/08/06 15:17:06 [term 1]: Raft[1] send Hearbeats to all peers
2024/08/06 15:17:06 [term 2]: Raft[2] start election
2024/08/06 15:17:06 [term 1]: Raft[0] state[0] receive requestVote from Raft[2]
2024/08/06 15:17:06 [term 2]: Raft[2] receive vote from Raft[0]
2024/08/06 15:17:06 [term 2]: Raft[2] become leader
2024/08/06 15:17:06 [term 2]: Raft[2] send Hearbeats to all peers
2024/08/06 15:17:06 [term 1]: Raft[1] state[2] receive requestVote from Raft[2]
panic: reflect: Call using raft.AppendEntriesArgs as type *raft.AppendEntriesArgs

goroutine 51 [running]:
reflect.Value.call({0xc0000745a0?, 0xc0000524a8?, 0xc000027b18?}, {0xe7f0446, 0x4}, {0xc000027d20, 0x3, 0xc000027b48?})
	/usr/local/Cellar/go/1.22.5/libexec/src/reflect/value.go:452 +0x1b7f
reflect.Value.Call({0xc0000745a0?, 0xc0000524a8?, 0xc00015ec00?}, {0xc000027d20?, 0x0?, 0x0?})
	/usr/local/Cellar/go/1.22.5/libexec/src/reflect/value.go:380 +0xb9
6.5840/labrpc.(*Service).dispatch(0xc0000155c0, {0xe7f3a8d, 0xd}, {{0xe85d7a0, 0xc0000234e0}, {0xe7f3a88, 0x12}, {0xe8acc38, 0xe892fe0}, {0xc000170000, ...}, ...})
	/Users/jinheng/Downloads/6.5840/src/labrpc/labrpc.go:506 +0x36e
6.5840/labrpc.(*Server).dispatch(0xc0000107b0, {{0xe85d7a0, 0xc0000234e0}, {0xe7f3a88, 0x12}, {0xe8acc38, 0xe892fe0}, {0xc000170000, 0xc6, 0x100}, ...})
	/Users/jinheng/Downloads/6.5840/src/labrpc/labrpc.go:430 +0x1e5
6.5840/labrpc.(*Network).processReq.func1()
	/Users/jinheng/Downloads/6.5840/src/labrpc/labrpc.go:240 +0x3f
created by 6.5840/labrpc.(*Network).processReq in goroutine 50
	/Users/jinheng/Downloads/6.5840/src/labrpc/labrpc.go:239 +0x1d0
exit status 2
FAIL	6.5840/raft	1.901s
