Test (3A): initial election ...
2024/08/07 16:06:03 [term 1]: Raft[2] start election
2024/08/07 16:06:03 [term 1]: Raft[2] receive vote from Raft[1]
2024/08/07 16:06:03 [term 1]: Raft[2] become leader
2024/08/07 16:06:03 [term 1]: Raft[2] send Hearbeats to all peers
2024/08/07 16:06:03 [term 1]: Raft[2] send Hearbeats to all peers
2024/08/07 16:06:03 [term 2]: Raft[1] start election
2024/08/07 16:06:03 [term 2]: Raft[1] receive vote from Raft[2]
2024/08/07 16:06:03 [term 2]: Raft[1] become leader
2024/08/07 16:06:03 [term 2]: Raft[1] send Hearbeats to all peers
2024/08/07 16:06:03 [term 3]: Raft[0] start election
2024/08/07 16:06:03 [term 3]: Raft[0] receive vote from Raft[1]
2024/08/07 16:06:03 [term 3]: Raft[0] become leader
2024/08/07 16:06:03 [term 3]: Raft[0] send Hearbeats to all peers
2024/08/07 16:06:03 [term 4]: Raft[0] start election
2024/08/07 16:06:03 [term 4]: Raft[0] receive vote from Raft[2]
2024/08/07 16:06:03 [term 4]: Raft[0] become leader
2024/08/07 16:06:03 [term 4]: Raft[0] send Hearbeats to all peers
2024/08/07 16:06:03 [term 5]: Raft[2] start election
2024/08/07 16:06:03 [term 5]: Raft[2] receive vote from Raft[1]
2024/08/07 16:06:03 [term 5]: Raft[2] become leader
2024/08/07 16:06:03 [term 5]: Raft[2] send Hearbeats to all peers
2024/08/07 16:06:04 [term 6]: Raft[1] start election
2024/08/07 16:06:04 [term 6]: Raft[1] receive vote from Raft[0]
2024/08/07 16:06:04 [term 6]: Raft[1] become leader
2024/08/07 16:06:04 [term 6]: Raft[1] send Hearbeats to all peers
2024/08/07 16:06:04 [term 7]: Raft[1] start election
2024/08/07 16:06:04 [term 7]: Raft[1] receive vote from Raft[0]
2024/08/07 16:06:04 [term 7]: Raft[1] become leader
2024/08/07 16:06:04 [term 7]: Raft[1] send Hearbeats to all peers
2024/08/07 16:06:04 [term 8]: Raft[0] start election
2024/08/07 16:06:04 [term 8]: Raft[0] receive vote from Raft[2]
2024/08/07 16:06:04 [term 8]: Raft[0] become leader
2024/08/07 16:06:04 [term 8]: Raft[0] send Hearbeats to all peers
2024/08/07 16:06:04 [term 9]: Raft[1] start election
2024/08/07 16:06:04 [term 9]: Raft[1] receive vote from Raft[2]
2024/08/07 16:06:04 [term 9]: Raft[1] become leader
2024/08/07 16:06:04 [term 9]: Raft[1] send Hearbeats to all peers
2024/08/07 16:06:04 [term 9]: Raft[1] send Hearbeats to all peers
2024/08/07 16:06:04 [term 10]: Raft[2] start election
2024/08/07 16:06:04 [term 10]: Raft[2] receive vote from Raft[1]
2024/08/07 16:06:04 [term 10]: Raft[2] become leader
2024/08/07 16:06:04 [term 10]: Raft[2] send Hearbeats to all peers
2024/08/07 16:06:04 [term 11]: Raft[0] start election
2024/08/07 16:06:04 [term 11]: Raft[0] receive vote from Raft[1]
2024/08/07 16:06:04 [term 11]: Raft[0] become leader
2024/08/07 16:06:04 [term 11]: Raft[0] send Hearbeats to all peers
2024/08/07 16:06:05 [term 11]: Raft[0] send Hearbeats to all peers
2024/08/07 16:06:05 [term 12]: Raft[1] start election
2024/08/07 16:06:05 [term 12]: Raft[1] receive vote from Raft[2]
2024/08/07 16:06:05 [term 12]: Raft[1] become leader
2024/08/07 16:06:05 [term 12]: Raft[1] send Hearbeats to all peers
2024/08/07 16:06:05 [term 13]: Raft[0] start election
2024/08/07 16:06:05 [term 13]: Raft[0] receive vote from Raft[2]
2024/08/07 16:06:05 [term 13]: Raft[0] become leader
2024/08/07 16:06:05 [term 13]: Raft[0] send Hearbeats to all peers
2024/08/07 16:06:05 [term 14]: Raft[2] start election
--- FAIL: TestInitialElection3A (2.53s)
    config.go:467: servers disagree on term
2024/08/07 16:06:05 [term 14]: Raft[2] receive vote from Raft[1]
2024/08/07 16:06:05 [term 14]: Raft[2] become leader
Test (3A): election after network failure ...
2024/08/07 16:06:05 [term 14]: Raft[2] send Hearbeats to all peers
2024/08/07 16:06:05 [term 1]: Raft[2] start election
2024/08/07 16:06:05 [term 1]: Raft[2] receive vote from Raft[0]
2024/08/07 16:06:05 [term 1]: Raft[2] become leader
2024/08/07 16:06:05 [term 1]: Raft[2] send Hearbeats to all peers
2024/08/07 16:06:05 [term 2]: Raft[0] start election
2024/08/07 16:06:05 [term 2]: Raft[0] receive vote from Raft[1]
2024/08/07 16:06:05 [term 2]: Raft[0] become leader
2024/08/07 16:06:05 [term 2]: Raft[0] send Hearbeats to all peers
2024/08/07 16:06:05 [term 3]: Raft[1] start election
2024/08/07 16:06:05 [term 3]: Raft[1] receive vote from Raft[2]
2024/08/07 16:06:05 [term 3]: Raft[1] become leader
2024/08/07 16:06:05 [term 3]: Raft[1] send Hearbeats to all peers
2024/08/07 16:06:05 [term 4]: Raft[0] start election
2024/08/07 16:06:05 [term 4]: Raft[0] receive vote from Raft[2]
2024/08/07 16:06:05 [term 4]: Raft[0] become leader
2024/08/07 16:06:05 [term 4]: Raft[0] send Hearbeats to all peers
2024/08/07 16:06:06 [term 5]: Raft[2] start election
2024/08/07 16:06:06 [term 5]: Raft[2] receive vote from Raft[0]
2024/08/07 16:06:06 [term 5]: Raft[2] become leader
2024/08/07 16:06:06 [term 5]: Raft[2] send Hearbeats to all peers
2024/08/07 16:06:06 [term 4]: Raft[1] start election
2024/08/07 16:06:06 [term 5]: Raft[2] send Hearbeats to all peers
2024/08/07 16:06:06 [term 6]: Raft[0] start election
2024/08/07 16:06:06 [term 6]: Raft[0] receive vote from Raft[2]
2024/08/07 16:06:06 [term 6]: Raft[0] become leader
2024/08/07 16:06:06 [term 6]: Raft[0] send Hearbeats to all peers
2024/08/07 16:06:06 [term 4]: Raft[1] new election
2024/08/07 16:06:06 [term 4]: Raft[1] start election
2024/08/07 16:06:06 [term 6]: Raft[0] send Hearbeats to all peers
2024/08/07 16:06:06 [term 6]: Raft[0] send Hearbeats to all peers
2024/08/07 16:06:06 [term 6]: Raft[0] send Hearbeats to all peers
2024/08/07 16:06:06 [term 7]: Raft[1] start election
2024/08/07 16:06:06 [term 6]: Raft[0] send Hearbeats to all peers
2024/08/07 16:06:07 [term 7]: Raft[2] start election
2024/08/07 16:06:07 [term 6]: Raft[0] send Hearbeats to all peers
2024/08/07 16:06:07 [term 7]: Raft[1] new election
2024/08/07 16:06:07 [term 7]: Raft[1] start election
2024/08/07 16:06:07 [term 7]: Raft[2] new election
2024/08/07 16:06:07 [term 7]: Raft[2] start election
2024/08/07 16:06:07 [term 8]: Raft[1] start election
2024/08/07 16:06:07 [term 7]: Raft[0] start election
2024/08/07 16:06:07 [term 8]: Raft[1] new election
2024/08/07 16:06:07 [term 8]: Raft[1] start election
2024/08/07 16:06:07 [term 7]: Raft[2] new election
2024/08/07 16:06:07 [term 7]: Raft[2] start election
2024/08/07 16:06:07 [term 8]: Raft[2] start election
2024/08/07 16:06:07 [term 8]: Raft[1] new election
2024/08/07 16:06:07 [term 8]: Raft[1] start election
2024/08/07 16:06:07 [term 7]: Raft[0] new election
2024/08/07 16:06:07 [term 7]: Raft[0] start election
2024/08/07 16:06:07 [term 8]: Raft[1] new election
2024/08/07 16:06:07 [term 8]: Raft[1] start election
2024/08/07 16:06:07 [term 8]: Raft[2] new election
2024/08/07 16:06:07 [term 8]: Raft[2] start election
2024/08/07 16:06:07 [term 8]: Raft[2] new election
2024/08/07 16:06:07 [term 8]: Raft[2] start election
2024/08/07 16:06:08 [term 8]: Raft[0] start election
2024/08/07 16:06:08 [term 8]: Raft[1] new election
2024/08/07 16:06:08 [term 8]: Raft[1] start election
2024/08/07 16:06:08 [term 9]: Raft[1] start election
2024/08/07 16:06:08 [term 8]: Raft[0] new election
2024/08/07 16:06:08 [term 8]: Raft[0] start election
2024/08/07 16:06:08 [term 9]: Raft[1] new election
2024/08/07 16:06:08 [term 9]: Raft[1] start election
2024/08/07 16:06:08 [term 9]: Raft[2] start election
2024/08/07 16:06:08 [term 9]: Raft[2] new election
2024/08/07 16:06:08 [term 9]: Raft[2] start election
2024/08/07 16:06:08 [term 9]: Raft[2] new election
2024/08/07 16:06:08 [term 9]: Raft[2] start election
2024/08/07 16:06:08 [term 8]: Raft[0] new election
2024/08/07 16:06:08 [term 8]: Raft[0] start election
2024/08/07 16:06:08 [term 9]: Raft[1] new election
2024/08/07 16:06:08 [term 9]: Raft[1] start election
2024/08/07 16:06:08 [term 9]: Raft[1] new election
2024/08/07 16:06:08 [term 9]: Raft[1] start election
2024/08/07 16:06:08 [term 8]: Raft[0] new election
2024/08/07 16:06:08 [term 8]: Raft[0] start election
2024/08/07 16:06:08 [term 9]: Raft[1] new election
2024/08/07 16:06:08 [term 9]: Raft[1] start election
2024/08/07 16:06:08 [term 9]: Raft[2] new election
2024/08/07 16:06:08 [term 9]: Raft[2] start election
2024/08/07 16:06:08 [term 9]: Raft[2] new election
2024/08/07 16:06:08 [term 9]: Raft[2] start election
2024/08/07 16:06:08 [term 9]: Raft[2] new election
2024/08/07 16:06:08 [term 9]: Raft[2] start election
2024/08/07 16:06:08 [term 10]: Raft[1] start election
2024/08/07 16:06:08 [term 8]: Raft[0] new election
2024/08/07 16:06:08 [term 8]: Raft[0] start election
2024/08/07 16:06:08 [term 10]: Raft[1] new election
2024/08/07 16:06:08 [term 10]: Raft[1] start election
2024/08/07 16:06:08 [term 10]: Raft[1] new election
2024/08/07 16:06:08 [term 10]: Raft[1] start election
2024/08/07 16:06:08 [term 8]: Raft[0] new election
2024/08/07 16:06:08 [term 8]: Raft[0] start election
2024/08/07 16:06:08 [term 10]: Raft[1] new election
2024/08/07 16:06:08 [term 10]: Raft[1] start election
2024/08/07 16:06:08 [term 10]: Raft[2] start election
2024/08/07 16:06:08 [term 10]: Raft[2] new election
2024/08/07 16:06:08 [term 10]: Raft[2] start election
2024/08/07 16:06:08 [term 10]: Raft[2] new election
2024/08/07 16:06:08 [term 10]: Raft[2] start election
2024/08/07 16:06:08 [term 9]: Raft[0] start election
2024/08/07 16:06:08 [term 10]: Raft[2] new election
2024/08/07 16:06:08 [term 10]: Raft[2] start election
2024/08/07 16:06:08 [term 10]: Raft[1] new election
2024/08/07 16:06:08 [term 10]: Raft[1] start election
2024/08/07 16:06:08 [term 9]: Raft[0] new election
2024/08/07 16:06:08 [term 9]: Raft[0] start election
2024/08/07 16:06:08 [term 10]: Raft[1] new election
2024/08/07 16:06:08 [term 10]: Raft[1] start election
2024/08/07 16:06:08 [term 10]: Raft[1] new election
2024/08/07 16:06:08 [term 10]: Raft[1] start election
2024/08/07 16:06:09 [term 9]: Raft[0] new election
2024/08/07 16:06:09 [term 9]: Raft[0] start election
2024/08/07 16:06:09 [term 10]: Raft[1] new election
2024/08/07 16:06:09 [term 10]: Raft[1] start election
2024/08/07 16:06:09 [term 10]: Raft[2] new election
2024/08/07 16:06:09 [term 10]: Raft[2] new election
2024/08/07 16:06:09 [term 10]: Raft[2] start election
2024/08/07 16:06:09 [term 10]: Raft[2] start election
2024/08/07 16:06:09 [term 11]: Raft[1] start election
2024/08/07 16:06:09 [term 11]: Raft[1] receive vote from Raft[2]
2024/08/07 16:06:09 [term 11]: Raft[1] become leader
2024/08/07 16:06:09 [term 11]: Raft[1] send Hearbeats to all peers
2024/08/07 16:06:09 [term 9]: Raft[0] new election
2024/08/07 16:06:09 [term 9]: Raft[0] start election
2024/08/07 16:06:09 [term 9]: Raft[0] new election
2024/08/07 16:06:09 [term 9]: Raft[0] start election
2024/08/07 16:06:09 [term 9]: Raft[0] new election
2024/08/07 16:06:09 [term 9]: Raft[0] start election
2024/08/07 16:06:09 [term 12]: Raft[2] start election
2024/08/07 16:06:09 [term 12]: Raft[2] receive vote from Raft[1]
2024/08/07 16:06:09 [term 12]: Raft[2] become leader
2024/08/07 16:06:09 [term 12]: Raft[2] send Hearbeats to all peers
2024/08/07 16:06:09 [term 13]: Raft[0] start election
2024/08/07 16:06:09 [term 13]: Raft[0] receive vote from Raft[1]
2024/08/07 16:06:09 [term 13]: Raft[0] become leader
2024/08/07 16:06:09 [term 13]: Raft[0] send Hearbeats to all peers
2024/08/07 16:06:09 [term 14]: Raft[1] start election
2024/08/07 16:06:09 [term 14]: Raft[1] receive vote from Raft[0]
2024/08/07 16:06:09 [term 14]: Raft[1] become leader
2024/08/07 16:06:09 [term 14]: Raft[1] send Hearbeats to all peers
  ... Passed --   4.3  3  176   25744    0
Test (3A): multiple elections ...
2024/08/07 16:06:10 [term 1]: Raft[3] start election
2024/08/07 16:06:10 [term 1]: Raft[6] start election
2024/08/07 16:06:10 [term 1]: Raft[3] receive vote from Raft[1]
2024/08/07 16:06:10 [term 1]: Raft[3] receive vote from Raft[2]
2024/08/07 16:06:10 [term 1]: Raft[6] receive vote from Raft[5]
2024/08/07 16:06:10 [term 1]: Raft[6] receive vote from Raft[0]
2024/08/07 16:06:10 [term 1]: Raft[3] receive vote from Raft[4]
2024/08/07 16:06:10 [term 1]: Raft[3] become leader
2024/08/07 16:06:10 [term 1]: Raft[3] send Hearbeats to all peers
2024/08/07 16:06:10 [term 2]: Raft[4] start election
2024/08/07 16:06:10 [term 2]: Raft[4] receive vote from Raft[1]
2024/08/07 16:06:10 [term 2]: Raft[4] receive vote from Raft[3]
2024/08/07 16:06:10 [term 2]: Raft[4] receive vote from Raft[2]
2024/08/07 16:06:10 [term 2]: Raft[4] become leader
2024/08/07 16:06:10 [term 2]: Raft[4] send Hearbeats to all peers
2024/08/07 16:06:10 [term 3]: Raft[0] start election
2024/08/07 16:06:10 [term 3]: Raft[0] receive vote from Raft[3]
2024/08/07 16:06:10 [term 3]: Raft[0] receive vote from Raft[4]
2024/08/07 16:06:10 [term 3]: Raft[0] receive vote from Raft[1]
2024/08/07 16:06:10 [term 3]: Raft[0] become leader
2024/08/07 16:06:10 [term 3]: Raft[0] send Hearbeats to all peers
2024/08/07 16:06:10 [term 4]: Raft[1] start election
2024/08/07 16:06:10 [term 4]: Raft[1] receive vote from Raft[0]
2024/08/07 16:06:10 [term 4]: Raft[1] receive vote from Raft[3]
2024/08/07 16:06:10 [term 4]: Raft[1] receive vote from Raft[4]
2024/08/07 16:06:10 [term 4]: Raft[1] become leader
2024/08/07 16:06:10 [term 4]: Raft[1] send Hearbeats to all peers
2024/08/07 16:06:10 [term 1]: Raft[6] new election
2024/08/07 16:06:10 [term 1]: Raft[6] start election
2024/08/07 16:06:10 [term 5]: Raft[5] start election
2024/08/07 16:06:10 [term 5]: Raft[5] receive vote from Raft[6]
2024/08/07 16:06:10 [term 5]: Raft[5] receive vote from Raft[0]
2024/08/07 16:06:10 [term 5]: Raft[5] receive vote from Raft[4]
2024/08/07 16:06:10 [term 5]: Raft[5] become leader
2024/08/07 16:06:10 [term 5]: Raft[5] send Hearbeats to all peers
2024/08/07 16:06:10 [term 5]: Raft[3] start election
2024/08/07 16:06:10 [term 5]: Raft[2] start election
2024/08/07 16:06:10 [term 5]: Raft[5] send Hearbeats to all peers
2024/08/07 16:06:10 [term 5]: Raft[1] start election
2024/08/07 16:06:10 [term 6]: Raft[0] start election
2024/08/07 16:06:10 [term 6]: Raft[0] receive vote from Raft[4]
2024/08/07 16:06:10 [term 6]: Raft[0] receive vote from Raft[6]
2024/08/07 16:06:10 [term 6]: Raft[0] receive vote from Raft[5]
2024/08/07 16:06:10 [term 6]: Raft[0] become leader
2024/08/07 16:06:10 [term 6]: Raft[0] send Hearbeats to all peers
2024/08/07 16:06:10 [term 5]: Raft[3] new election
2024/08/07 16:06:10 [term 5]: Raft[3] start election
2024/08/07 16:06:10 [term 5]: Raft[2] new election
2024/08/07 16:06:10 [term 5]: Raft[2] start election
2024/08/07 16:06:10 [term 7]: Raft[4] start election
2024/08/07 16:06:10 [term 7]: Raft[4] receive vote from Raft[6]
2024/08/07 16:06:10 [term 7]: Raft[4] receive vote from Raft[0]
2024/08/07 16:06:10 [term 7]: Raft[4] receive vote from Raft[5]
2024/08/07 16:06:10 [term 7]: Raft[4] become leader
2024/08/07 16:06:10 [term 7]: Raft[4] send Hearbeats to all peers
2024/08/07 16:06:10 [term 5]: Raft[1] new election
2024/08/07 16:06:10 [term 5]: Raft[1] start election
2024/08/07 16:06:10 [term 8]: Raft[0] start election
2024/08/07 16:06:10 [term 8]: Raft[0] receive vote from Raft[6]
2024/08/07 16:06:10 [term 8]: Raft[0] receive vote from Raft[3]
2024/08/07 16:06:10 [term 8]: Raft[0] receive vote from Raft[1]
2024/08/07 16:06:10 [term 8]: Raft[0] become leader
2024/08/07 16:06:10 [term 8]: Raft[0] send Hearbeats to all peers
2024/08/07 16:06:10 [term 7]: Raft[4] send Hearbeats to all peers
2024/08/07 16:06:10 [term 6]: Raft[2] start election
2024/08/07 16:06:11 [term 8]: Raft[0] send Hearbeats to all peers
2024/08/07 16:06:11 [term 8]: Raft[4] start election
2024/08/07 16:06:11 [term 6]: Raft[2] new election
2024/08/07 16:06:11 [term 6]: Raft[2] start election
2024/08/07 16:06:11 [term 9]: Raft[3] start election
2024/08/07 16:06:11 [term 9]: Raft[3] receive vote from Raft[0]
2024/08/07 16:06:11 [term 9]: Raft[3] receive vote from Raft[6]
2024/08/07 16:06:11 [term 9]: Raft[3] receive vote from Raft[5]
2024/08/07 16:06:11 [term 9]: Raft[3] become leader
2024/08/07 16:06:11 [term 9]: Raft[3] send Hearbeats to all peers
2024/08/07 16:06:11 [term 6]: Raft[2] new election
2024/08/07 16:06:11 [term 6]: Raft[2] start election
2024/08/07 16:06:11 [term 8]: Raft[4] new election
2024/08/07 16:06:11 [term 8]: Raft[4] start election
2024/08/07 16:06:11 [term 6]: Raft[2] new election
2024/08/07 16:06:11 [term 6]: Raft[2] start election
2024/08/07 16:06:11 [term 10]: Raft[1] start election
2024/08/07 16:06:11 [term 10]: Raft[1] receive vote from Raft[3]
2024/08/07 16:06:11 [term 10]: Raft[1] receive vote from Raft[2]
2024/08/07 16:06:11 [term 10]: Raft[1] receive vote from Raft[5]
2024/08/07 16:06:11 [term 10]: Raft[1] become leader
2024/08/07 16:06:11 [term 10]: Raft[1] send Hearbeats to all peers
2024/08/07 16:06:11 [term 10]: Raft[6] start election
2024/08/07 16:06:11 [term 10]: Raft[1] send Hearbeats to all peers
2024/08/07 16:06:11 [term 10]: Raft[0] start election
2024/08/07 16:06:11 [term 8]: Raft[4] new election
2024/08/07 16:06:11 [term 8]: Raft[4] start election
2024/08/07 16:06:11 [term 10]: Raft[1] send Hearbeats to all peers
2024/08/07 16:06:11 [term 9]: Raft[4] start election
2024/08/07 16:06:11 [term 10]: Raft[6] new election
2024/08/07 16:06:11 [term 10]: Raft[6] start election
2024/08/07 16:06:11 [term 10]: Raft[1] send Hearbeats to all peers
2024/08/07 16:06:11 [term 10]: Raft[0] new election
2024/08/07 16:06:11 [term 10]: Raft[0] start election
2024/08/07 16:06:11 [term 11]: Raft[2] start election
2024/08/07 16:06:11 [term 9]: Raft[4] new election
2024/08/07 16:06:11 [term 9]: Raft[4] start election
2024/08/07 16:06:11 [term 11]: Raft[3] start election
2024/08/07 16:06:11 [term 11]: Raft[3] receive vote from Raft[0]
2024/08/07 16:06:11 [term 11]: Raft[3] receive vote from Raft[5]
2024/08/07 16:06:12 [term 11]: Raft[6] start election
2024/08/07 16:06:12 [term 11]: Raft[1] start election
2024/08/07 16:06:12 [term 11]: Raft[0] receive vote from Raft[4]
2024/08/07 16:06:12 [term 11]: Raft[3] receive vote from Raft[4]
2024/08/07 16:06:12 [term 11]: Raft[3] become leader
2024/08/07 16:06:12 [term 11]: Raft[3] send Hearbeats to all peers
2024/08/07 16:06:12 [term 11]: Raft[6] new election
2024/08/07 16:06:12 [term 11]: Raft[6] start election
2024/08/07 16:06:12 [term 11]: Raft[2] new election
2024/08/07 16:06:12 [term 11]: Raft[2] start election
2024/08/07 16:06:12 [term 11]: Raft[6] new election
2024/08/07 16:06:12 [term 11]: Raft[6] start election
2024/08/07 16:06:12 [term 12]: Raft[0] start election
2024/08/07 16:06:12 [term 12]: Raft[0] receive vote from Raft[4]
2024/08/07 16:06:12 [term 12]: Raft[0] receive vote from Raft[3]
2024/08/07 16:06:12 [term 12]: Raft[0] receive vote from Raft[5]
2024/08/07 16:06:12 [term 12]: Raft[0] become leader
2024/08/07 16:06:12 [term 12]: Raft[0] send Hearbeats to all peers
2024/08/07 16:06:12 [term 11]: Raft[1] new election
2024/08/07 16:06:12 [term 11]: Raft[1] start election
2024/08/07 16:06:12 [term 13]: Raft[3] start election
2024/08/07 16:06:12 [term 13]: Raft[3] receive vote from Raft[4]
2024/08/07 16:06:12 [term 13]: Raft[3] receive vote from Raft[0]
2024/08/07 16:06:12 [term 13]: Raft[3] receive vote from Raft[2]
2024/08/07 16:06:12 [term 13]: Raft[3] become leader
2024/08/07 16:06:12 [term 13]: Raft[3] send Hearbeats to all peers
2024/08/07 16:06:12 [term 14]: Raft[4] start election
2024/08/07 16:06:12 [term 14]: Raft[4] receive vote from Raft[0]
2024/08/07 16:06:12 [term 14]: Raft[4] receive vote from Raft[2]
2024/08/07 16:06:12 [term 14]: Raft[4] receive vote from Raft[3]
2024/08/07 16:06:12 [term 14]: Raft[4] become leader
2024/08/07 16:06:12 [term 14]: Raft[4] send Hearbeats to all peers
2024/08/07 16:06:12 [term 11]: Raft[6] new election
2024/08/07 16:06:12 [term 11]: Raft[6] start election
2024/08/07 16:06:12 [term 12]: Raft[6] start election
2024/08/07 16:06:12 [term 15]: Raft[2] start election
2024/08/07 16:06:12 [term 15]: Raft[2] receive vote from Raft[0]
2024/08/07 16:06:12 [term 15]: Raft[2] receive vote from Raft[3]
2024/08/07 16:06:12 [term 15]: Raft[2] receive vote from Raft[5]
2024/08/07 16:06:12 [term 15]: Raft[2] become leader
2024/08/07 16:06:12 [term 15]: Raft[2] send Hearbeats to all peers
2024/08/07 16:06:12 [term 12]: Raft[6] new election
2024/08/07 16:06:12 [term 12]: Raft[6] start election
2024/08/07 16:06:12 [term 11]: Raft[1] new election
2024/08/07 16:06:12 [term 11]: Raft[1] start election
2024/08/07 16:06:12 [term 12]: Raft[6] new election
2024/08/07 16:06:12 [term 12]: Raft[6] start election
2024/08/07 16:06:12 [term 12]: Raft[1] start election
2024/08/07 16:06:12 [term 12]: Raft[6] new election
2024/08/07 16:06:12 [term 12]: Raft[6] start election
2024/08/07 16:06:12 [term 16]: Raft[5] start election
2024/08/07 16:06:12 [term 16]: Raft[0] start election
2024/08/07 16:06:12 [term 16]: Raft[0] receive vote from Raft[3]
2024/08/07 16:06:12 [term 16]: Raft[0] receive vote from Raft[4]
2024/08/07 16:06:12 [term 16]: Raft[0] receive vote from Raft[2]
2024/08/07 16:06:12 [term 16]: Raft[0] become leader
2024/08/07 16:06:12 [term 16]: Raft[0] send Hearbeats to all peers
2024/08/07 16:06:12 [term 12]: Raft[6] new election
2024/08/07 16:06:12 [term 12]: Raft[6] start election
2024/08/07 16:06:12 [term 12]: Raft[1] new election
2024/08/07 16:06:12 [term 12]: Raft[1] start election
2024/08/07 16:06:13 [term 17]: Raft[3] start election
2024/08/07 16:06:13 [term 17]: Raft[3] receive vote from Raft[2]
2024/08/07 16:06:13 [term 17]: Raft[3] receive vote from Raft[4]
2024/08/07 16:06:13 [term 17]: Raft[3] receive vote from Raft[0]
2024/08/07 16:06:13 [term 17]: Raft[3] become leader
2024/08/07 16:06:13 [term 17]: Raft[3] send Hearbeats to all peers
2024/08/07 16:06:13 [term 12]: Raft[6] new election
2024/08/07 16:06:13 [term 12]: Raft[6] start election
2024/08/07 16:06:13 [term 12]: Raft[6] new election
2024/08/07 16:06:13 [term 12]: Raft[6] start election
2024/08/07 16:06:13 [term 16]: Raft[5] new election
2024/08/07 16:06:13 [term 16]: Raft[5] start election
2024/08/07 16:06:13 [term 13]: Raft[6] start election
2024/08/07 16:06:13 [term 18]: Raft[4] start election
2024/08/07 16:06:13 [term 18]: Raft[4] receive vote from Raft[2]
2024/08/07 16:06:13 [term 18]: Raft[4] receive vote from Raft[3]
2024/08/07 16:06:13 [term 18]: Raft[4] receive vote from Raft[0]
2024/08/07 16:06:13 [term 18]: Raft[4] become leader
2024/08/07 16:06:13 [term 18]: Raft[4] send Hearbeats to all peers
2024/08/07 16:06:13 [term 13]: Raft[6] new election
2024/08/07 16:06:13 [term 13]: Raft[6] start election
2024/08/07 16:06:13 [term 13]: Raft[6] new election
2024/08/07 16:06:13 [term 13]: Raft[6] start election
2024/08/07 16:06:13 [term 13]: Raft[6] new election
2024/08/07 16:06:13 [term 13]: Raft[6] start election
2024/08/07 16:06:13 [term 19]: Raft[1] start election
2024/08/07 16:06:13 [term 19]: Raft[0] start election
2024/08/07 16:06:13 [term 19]: Raft[0] receive vote from Raft[2]
2024/08/07 16:06:13 [term 19]: Raft[0] receive vote from Raft[4]
2024/08/07 16:06:13 [term 19]: Raft[0] receive vote from Raft[3]
2024/08/07 16:06:13 [term 19]: Raft[0] become leader
2024/08/07 16:06:13 [term 19]: Raft[0] send Hearbeats to all peers
2024/08/07 16:06:13 [term 20]: Raft[3] start election
2024/08/07 16:06:13 [term 20]: Raft[3] receive vote from Raft[2]
2024/08/07 16:06:13 [term 20]: Raft[3] receive vote from Raft[4]
2024/08/07 16:06:13 [term 20]: Raft[3] receive vote from Raft[0]
2024/08/07 16:06:13 [term 20]: Raft[3] become leader
2024/08/07 16:06:13 [term 20]: Raft[3] send Hearbeats to all peers
2024/08/07 16:06:13 [term 16]: Raft[5] new election
2024/08/07 16:06:13 [term 16]: Raft[5] start election
2024/08/07 16:06:13 [term 17]: Raft[5] start election
2024/08/07 16:06:13 [term 21]: Raft[2] start election
2024/08/07 16:06:13 [term 21]: Raft[2] receive vote from Raft[3]
2024/08/07 16:06:13 [term 21]: Raft[2] receive vote from Raft[6]
2024/08/07 16:06:13 [term 21]: Raft[2] receive vote from Raft[0]
2024/08/07 16:06:13 [term 21]: Raft[2] become leader
2024/08/07 16:06:13 [term 21]: Raft[2] send Hearbeats to all peers
2024/08/07 16:06:13 [term 19]: Raft[1] new election
2024/08/07 16:06:13 [term 19]: Raft[1] start election
2024/08/07 16:06:13 [term 17]: Raft[5] new election
2024/08/07 16:06:13 [term 17]: Raft[5] start election
2024/08/07 16:06:13 [term 22]: Raft[6] start election
2024/08/07 16:06:13 [term 22]: Raft[6] receive vote from Raft[3]
2024/08/07 16:06:13 [term 22]: Raft[6] receive vote from Raft[2]
2024/08/07 16:06:13 [term 22]: Raft[6] receive vote from Raft[4]
2024/08/07 16:06:13 [term 22]: Raft[6] become leader
2024/08/07 16:06:13 [term 22]: Raft[6] send Hearbeats to all peers
2024/08/07 16:06:13 [term 17]: Raft[5] new election
2024/08/07 16:06:13 [term 17]: Raft[5] start election
2024/08/07 16:06:13 [term 23]: Raft[4] start election
2024/08/07 16:06:13 [term 23]: Raft[0] start election
2024/08/07 16:06:13 [term 23]: Raft[0] receive vote from Raft[1]
2024/08/07 16:06:13 [term 23]: Raft[0] receive vote from Raft[5]
2024/08/07 16:06:13 [term 23]: Raft[0] receive vote from Raft[2]
2024/08/07 16:06:13 [term 23]: Raft[0] become leader
2024/08/07 16:06:13 [term 23]: Raft[0] send Hearbeats to all peers
2024/08/07 16:06:13 [term 23]: Raft[3] start election
2024/08/07 16:06:14 [term 23]: Raft[6] start election
2024/08/07 16:06:14 [term 24]: Raft[5] start election
2024/08/07 16:06:14 [term 24]: Raft[5] receive vote from Raft[2]
2024/08/07 16:06:14 [term 24]: Raft[5] receive vote from Raft[0]
2024/08/07 16:06:14 [term 24]: Raft[5] receive vote from Raft[1]
2024/08/07 16:06:14 [term 24]: Raft[5] become leader
2024/08/07 16:06:14 [term 24]: Raft[5] send Hearbeats to all peers
2024/08/07 16:06:14 [term 23]: Raft[4] new election
2024/08/07 16:06:14 [term 23]: Raft[4] start election
2024/08/07 16:06:14 [term 23]: Raft[3] new election
2024/08/07 16:06:14 [term 23]: Raft[3] start election
2024/08/07 16:06:14 [term 25]: Raft[1] start election
2024/08/07 16:06:14 [term 25]: Raft[1] receive vote from Raft[0]
2024/08/07 16:06:14 [term 25]: Raft[1] receive vote from Raft[5]
2024/08/07 16:06:14 [term 25]: Raft[1] receive vote from Raft[2]
2024/08/07 16:06:14 [term 25]: Raft[1] become leader
2024/08/07 16:06:14 [term 25]: Raft[1] send Hearbeats to all peers
2024/08/07 16:06:14 [term 26]: Raft[5] start election
2024/08/07 16:06:14 [term 26]: Raft[5] receive vote from Raft[1]
2024/08/07 16:06:14 [term 26]: Raft[5] receive vote from Raft[2]
2024/08/07 16:06:14 [term 26]: Raft[5] receive vote from Raft[0]
2024/08/07 16:06:14 [term 26]: Raft[5] become leader
2024/08/07 16:06:14 [term 26]: Raft[5] send Hearbeats to all peers
2024/08/07 16:06:14 [term 23]: Raft[6] new election
2024/08/07 16:06:14 [term 23]: Raft[6] start election
2024/08/07 16:06:14 [term 26]: Raft[5] send Hearbeats to all peers
2024/08/07 16:06:14 [term 27]: Raft[0] start election
2024/08/07 16:06:14 [term 27]: Raft[0] receive vote from Raft[4]
2024/08/07 16:06:14 [term 27]: Raft[0] receive vote from Raft[3]
2024/08/07 16:06:14 [term 27]: Raft[0] receive vote from Raft[5]
2024/08/07 16:06:14 [term 27]: Raft[0] become leader
2024/08/07 16:06:14 [term 27]: Raft[0] send Hearbeats to all peers
2024/08/07 16:06:14 [term 27]: Raft[2] start election
2024/08/07 16:06:14 [term 23]: Raft[6] new election
2024/08/07 16:06:14 [term 23]: Raft[6] start election
2024/08/07 16:06:14 [term 28]: Raft[4] start election
2024/08/07 16:06:14 [term 28]: Raft[4] receive vote from Raft[3]
2024/08/07 16:06:14 [term 28]: Raft[4] receive vote from Raft[5]
2024/08/07 16:06:14 [term 28]: Raft[4] receive vote from Raft[0]
2024/08/07 16:06:14 [term 28]: Raft[4] become leader
2024/08/07 16:06:14 [term 28]: Raft[4] send Hearbeats to all peers
2024/08/07 16:06:14 [term 24]: Raft[6] start election
2024/08/07 16:06:14 [term 27]: Raft[1] start election
2024/08/07 16:06:14 [term 28]: Raft[4] send Hearbeats to all peers
2024/08/07 16:06:14 [term 28]: Raft[4] send Hearbeats to all peers
2024/08/07 16:06:14 [term 27]: Raft[2] new election
2024/08/07 16:06:14 [term 28]: Raft[2] start election
2024/08/07 16:06:14 [term 24]: Raft[6] new election
2024/08/07 16:06:14 [term 24]: Raft[6] start election
2024/08/07 16:06:15 [term 28]: Raft[2] receive vote from Raft[6]
2024/08/07 16:06:15 [term 29]: Raft[0] start election
2024/08/07 16:06:15 [term 29]: Raft[0] receive vote from Raft[3]
2024/08/07 16:06:15 [term 29]: Raft[0] receive vote from Raft[6]
2024/08/07 16:06:15 [term 29]: Raft[0] receive vote from Raft[4]
2024/08/07 16:06:15 [term 29]: Raft[0] become leader
2024/08/07 16:06:15 [term 29]: Raft[0] send Hearbeats to all peers
2024/08/07 16:06:15 [term 27]: Raft[1] new election
2024/08/07 16:06:15 [term 28]: Raft[1] start election
2024/08/07 16:06:15 [term 29]: Raft[0] send Hearbeats to all peers
2024/08/07 16:06:15 [term 29]: Raft[0] send Hearbeats to all peers
  ... Passed --   5.6  7  838  130820    0
FAIL
exit status 1
FAIL	6.5840/raft	13.026s
